/home/vysoforlife/miniconda3/envs/habitat/lib/python3.9/site-packages/scipy/__init__.py:146: UserWarning: A NumPy version >=1.17.3 and <1.25.0 is required for this version of SciPy (detected version 1.26.4
  warnings.warn(f"A NumPy version >={np_minversion} and <{np_maxversion}"

============================================================
Running: M6_stp_OFF
============================================================
[M6_stp_OFF] seed=1
  [M6_stp_OFF|seed=1] checkpoint seg=0 ...
  [M6_stp_OFF|seed=1] checkpoint seg=10 ...
  [M6_stp_OFF|seed=1] checkpoint seg=20 ...
  [M6_stp_OFF|seed=1] checkpoint seg=30 ...
  [M6_stp_OFF|seed=1] checkpoint seg=40 ...
  [M6_stp_OFF|seed=1] checkpoint seg=50 ...
  [M6_stp_OFF|seed=1] checkpoint seg=60 ...
  [M6_stp_OFF|seed=1] checkpoint seg=70 ...
  [M6_stp_OFF|seed=1] checkpoint seg=80 ...
  [M6_stp_OFF|seed=1] checkpoint seg=90 ...
  [M6_stp_OFF|seed=1] checkpoint seg=100 ...
  [M6_stp_OFF|seed=1] checkpoint seg=110 ...
  [M6_stp_OFF|seed=1] checkpoint seg=120 ...
  [M6_stp_OFF|seed=1] checkpoint seg=130 ...
  [M6_stp_OFF|seed=1] checkpoint seg=140 ...
  [M6_stp_OFF|seed=1] checkpoint seg=150 ...
  [M6_stp_OFF|seed=1] checkpoint seg=160 ...
  [M6_stp_OFF|seed=1] checkpoint seg=170 ...
  [M6_stp_OFF|seed=1] checkpoint seg=180 ...
  [M6_stp_OFF|seed=1] checkpoint seg=190 ...
  [M6_stp_OFF|seed=1] checkpoint seg=200 ...
  [M6_stp_OFF|seed=1] checkpoint seg=210 ...
  [M6_stp_OFF|seed=1] checkpoint seg=220 ...
  [M6_stp_OFF|seed=1] checkpoint seg=230 ...
  [M6_stp_OFF|seed=1] checkpoint seg=240 ...
  [M6_stp_OFF|seed=1] checkpoint seg=250 ...
  [M6_stp_OFF|seed=1] checkpoint seg=260 ...
  [M6_stp_OFF|seed=1] checkpoint seg=270 ...
  [M6_stp_OFF|seed=1] checkpoint seg=280 ...
  [M6_stp_OFF|seed=1] checkpoint seg=290 ...
  [M6_stp_OFF|seed=1] checkpoint seg=300 ...
  [M6_stp_OFF|seed=1] done in 2869.5s  final_mean_osi=0.855
[M6_stp_OFF] seed=42
  [M6_stp_OFF|seed=42] checkpoint seg=0 ...
  [M6_stp_OFF|seed=42] checkpoint seg=10 ...
  [M6_stp_OFF|seed=42] checkpoint seg=20 ...
  [M6_stp_OFF|seed=42] checkpoint seg=30 ...
  [M6_stp_OFF|seed=42] checkpoint seg=40 ...
  [M6_stp_OFF|seed=42] checkpoint seg=50 ...
  [M6_stp_OFF|seed=42] checkpoint seg=60 ...
  [M6_stp_OFF|seed=42] checkpoint seg=70 ...
  [M6_stp_OFF|seed=42] checkpoint seg=80 ...
  [M6_stp_OFF|seed=42] checkpoint seg=90 ...
  [M6_stp_OFF|seed=42] checkpoint seg=100 ...
  [M6_stp_OFF|seed=42] checkpoint seg=110 ...
  [M6_stp_OFF|seed=42] checkpoint seg=120 ...
  [M6_stp_OFF|seed=42] checkpoint seg=130 ...
  [M6_stp_OFF|seed=42] checkpoint seg=140 ...
  [M6_stp_OFF|seed=42] checkpoint seg=150 ...
  [M6_stp_OFF|seed=42] checkpoint seg=160 ...
  [M6_stp_OFF|seed=42] checkpoint seg=170 ...
  [M6_stp_OFF|seed=42] checkpoint seg=180 ...
  [M6_stp_OFF|seed=42] checkpoint seg=190 ...
  [M6_stp_OFF|seed=42] checkpoint seg=200 ...
  [M6_stp_OFF|seed=42] checkpoint seg=210 ...
  [M6_stp_OFF|seed=42] checkpoint seg=220 ...
  [M6_stp_OFF|seed=42] checkpoint seg=230 ...
  [M6_stp_OFF|seed=42] checkpoint seg=240 ...
  [M6_stp_OFF|seed=42] checkpoint seg=250 ...
  [M6_stp_OFF|seed=42] checkpoint seg=260 ...
  [M6_stp_OFF|seed=42] checkpoint seg=270 ...
  [M6_stp_OFF|seed=42] checkpoint seg=280 ...
  [M6_stp_OFF|seed=42] checkpoint seg=290 ...
  [M6_stp_OFF|seed=42] checkpoint seg=300 ...
  [M6_stp_OFF|seed=42] done in 2847.7s  final_mean_osi=0.844
[M6_stp_OFF] seed=137
  [M6_stp_OFF|seed=137] checkpoint seg=0 ...
  [M6_stp_OFF|seed=137] checkpoint seg=10 ...
  [M6_stp_OFF|seed=137] checkpoint seg=20 ...
  [M6_stp_OFF|seed=137] checkpoint seg=30 ...
  [M6_stp_OFF|seed=137] checkpoint seg=40 ...
  [M6_stp_OFF|seed=137] checkpoint seg=50 ...
  [M6_stp_OFF|seed=137] checkpoint seg=60 ...
  [M6_stp_OFF|seed=137] checkpoint seg=70 ...
  [M6_stp_OFF|seed=137] checkpoint seg=80 ...
  [M6_stp_OFF|seed=137] checkpoint seg=90 ...
  [M6_stp_OFF|seed=137] checkpoint seg=100 ...
  [M6_stp_OFF|seed=137] checkpoint seg=110 ...
  [M6_stp_OFF|seed=137] checkpoint seg=120 ...
  [M6_stp_OFF|seed=137] checkpoint seg=130 ...
  [M6_stp_OFF|seed=137] checkpoint seg=140 ...
  [M6_stp_OFF|seed=137] checkpoint seg=150 ...
  [M6_stp_OFF|seed=137] checkpoint seg=160 ...
  [M6_stp_OFF|seed=137] checkpoint seg=170 ...
  [M6_stp_OFF|seed=137] checkpoint seg=180 ...
  [M6_stp_OFF|seed=137] checkpoint seg=190 ...
  [M6_stp_OFF|seed=137] checkpoint seg=200 ...
  [M6_stp_OFF|seed=137] checkpoint seg=210 ...
  [M6_stp_OFF|seed=137] checkpoint seg=220 ...
  [M6_stp_OFF|seed=137] checkpoint seg=230 ...
  [M6_stp_OFF|seed=137] checkpoint seg=240 ...
  [M6_stp_OFF|seed=137] checkpoint seg=250 ...
  [M6_stp_OFF|seed=137] checkpoint seg=260 ...
  [M6_stp_OFF|seed=137] checkpoint seg=270 ...
  [M6_stp_OFF|seed=137] checkpoint seg=280 ...
  [M6_stp_OFF|seed=137] checkpoint seg=290 ...
  [M6_stp_OFF|seed=137] checkpoint seg=300 ...
  [M6_stp_OFF|seed=137] done in 3246.0s  final_mean_osi=0.835
[M6_stp_OFF] SUMMARY: mean_osi=0.844 +/- 0.005

============================================================
Running: M6_stp_E_only
============================================================
[M6_stp_E_only] seed=1
  [M6_stp_E_only|seed=1] checkpoint seg=0 ...
  [M6_stp_E_only|seed=1] checkpoint seg=10 ...
  [M6_stp_E_only|seed=1] checkpoint seg=20 ...
  [M6_stp_E_only|seed=1] checkpoint seg=30 ...
  [M6_stp_E_only|seed=1] checkpoint seg=40 ...
  [M6_stp_E_only|seed=1] checkpoint seg=50 ...
  [M6_stp_E_only|seed=1] checkpoint seg=60 ...
  [M6_stp_E_only|seed=1] checkpoint seg=70 ...
  [M6_stp_E_only|seed=1] checkpoint seg=80 ...
  [M6_stp_E_only|seed=1] checkpoint seg=90 ...
  [M6_stp_E_only|seed=1] checkpoint seg=100 ...
  [M6_stp_E_only|seed=1] checkpoint seg=110 ...
  [M6_stp_E_only|seed=1] checkpoint seg=120 ...
  [M6_stp_E_only|seed=1] checkpoint seg=130 ...
  [M6_stp_E_only|seed=1] checkpoint seg=140 ...
  [M6_stp_E_only|seed=1] checkpoint seg=150 ...
  [M6_stp_E_only|seed=1] checkpoint seg=160 ...
  [M6_stp_E_only|seed=1] checkpoint seg=170 ...
  [M6_stp_E_only|seed=1] checkpoint seg=180 ...
  [M6_stp_E_only|seed=1] checkpoint seg=190 ...
  [M6_stp_E_only|seed=1] checkpoint seg=200 ...
  [M6_stp_E_only|seed=1] checkpoint seg=210 ...
  [M6_stp_E_only|seed=1] checkpoint seg=220 ...
  [M6_stp_E_only|seed=1] checkpoint seg=230 ...
  [M6_stp_E_only|seed=1] checkpoint seg=240 ...
  [M6_stp_E_only|seed=1] checkpoint seg=250 ...
  [M6_stp_E_only|seed=1] checkpoint seg=260 ...
  [M6_stp_E_only|seed=1] checkpoint seg=270 ...
  [M6_stp_E_only|seed=1] checkpoint seg=280 ...
  [M6_stp_E_only|seed=1] checkpoint seg=290 ...
  [M6_stp_E_only|seed=1] checkpoint seg=300 ...
  [M6_stp_E_only|seed=1] done in 3452.1s  final_mean_osi=0.776
[M6_stp_E_only] seed=42
  [M6_stp_E_only|seed=42] checkpoint seg=0 ...
  [M6_stp_E_only|seed=42] checkpoint seg=10 ...
  [M6_stp_E_only|seed=42] checkpoint seg=20 ...
  [M6_stp_E_only|seed=42] checkpoint seg=30 ...
  [M6_stp_E_only|seed=42] checkpoint seg=40 ...
  [M6_stp_E_only|seed=42] checkpoint seg=50 ...
  [M6_stp_E_only|seed=42] checkpoint seg=60 ...
  [M6_stp_E_only|seed=42] checkpoint seg=70 ...
  [M6_stp_E_only|seed=42] checkpoint seg=80 ...
  [M6_stp_E_only|seed=42] checkpoint seg=90 ...
  [M6_stp_E_only|seed=42] checkpoint seg=100 ...
  [M6_stp_E_only|seed=42] checkpoint seg=110 ...
  [M6_stp_E_only|seed=42] checkpoint seg=120 ...
  [M6_stp_E_only|seed=42] checkpoint seg=130 ...
  [M6_stp_E_only|seed=42] checkpoint seg=140 ...
  [M6_stp_E_only|seed=42] checkpoint seg=150 ...
  [M6_stp_E_only|seed=42] checkpoint seg=160 ...
  [M6_stp_E_only|seed=42] checkpoint seg=170 ...
  [M6_stp_E_only|seed=42] checkpoint seg=180 ...
  [M6_stp_E_only|seed=42] checkpoint seg=190 ...
  [M6_stp_E_only|seed=42] checkpoint seg=200 ...
  [M6_stp_E_only|seed=42] checkpoint seg=210 ...
  [M6_stp_E_only|seed=42] checkpoint seg=220 ...
  [M6_stp_E_only|seed=42] checkpoint seg=230 ...
  [M6_stp_E_only|seed=42] checkpoint seg=240 ...
  [M6_stp_E_only|seed=42] checkpoint seg=250 ...
  [M6_stp_E_only|seed=42] checkpoint seg=260 ...
  [M6_stp_E_only|seed=42] checkpoint seg=270 ...
  [M6_stp_E_only|seed=42] checkpoint seg=280 ...
  [M6_stp_E_only|seed=42] checkpoint seg=290 ...
  [M6_stp_E_only|seed=42] checkpoint seg=300 ...
  [M6_stp_E_only|seed=42] done in 2984.9s  final_mean_osi=0.833
[M6_stp_E_only] seed=137
  [M6_stp_E_only|seed=137] checkpoint seg=0 ...
  [M6_stp_E_only|seed=137] checkpoint seg=10 ...
  [M6_stp_E_only|seed=137] checkpoint seg=20 ...
  [M6_stp_E_only|seed=137] checkpoint seg=30 ...
  [M6_stp_E_only|seed=137] checkpoint seg=40 ...
  [M6_stp_E_only|seed=137] checkpoint seg=50 ...
  [M6_stp_E_only|seed=137] checkpoint seg=60 ...
  [M6_stp_E_only|seed=137] checkpoint seg=70 ...
  [M6_stp_E_only|seed=137] checkpoint seg=80 ...
  [M6_stp_E_only|seed=137] checkpoint seg=90 ...
  [M6_stp_E_only|seed=137] checkpoint seg=100 ...
  [M6_stp_E_only|seed=137] checkpoint seg=110 ...
  [M6_stp_E_only|seed=137] checkpoint seg=120 ...
  [M6_stp_E_only|seed=137] checkpoint seg=130 ...
  [M6_stp_E_only|seed=137] checkpoint seg=140 ...
  [M6_stp_E_only|seed=137] checkpoint seg=150 ...
  [M6_stp_E_only|seed=137] checkpoint seg=160 ...
  [M6_stp_E_only|seed=137] checkpoint seg=170 ...
  [M6_stp_E_only|seed=137] checkpoint seg=180 ...
  [M6_stp_E_only|seed=137] checkpoint seg=190 ...
  [M6_stp_E_only|seed=137] checkpoint seg=200 ...
  [M6_stp_E_only|seed=137] checkpoint seg=210 ...
  [M6_stp_E_only|seed=137] checkpoint seg=220 ...
  [M6_stp_E_only|seed=137] checkpoint seg=230 ...
  [M6_stp_E_only|seed=137] checkpoint seg=240 ...
  [M6_stp_E_only|seed=137] checkpoint seg=250 ...
  [M6_stp_E_only|seed=137] checkpoint seg=260 ...
  [M6_stp_E_only|seed=137] checkpoint seg=270 ...
  [M6_stp_E_only|seed=137] checkpoint seg=280 ...
  [M6_stp_E_only|seed=137] checkpoint seg=290 ...
  [M6_stp_E_only|seed=137] checkpoint seg=300 ...
  [M6_stp_E_only|seed=137] done in 2654.2s  final_mean_osi=0.818
[M6_stp_E_only] SUMMARY: mean_osi=0.809 +/- 0.014

============================================================
Running: M6_stp_PV_only
============================================================
[M6_stp_PV_only] seed=1
  [M6_stp_PV_only|seed=1] checkpoint seg=0 ...
  [M6_stp_PV_only|seed=1] checkpoint seg=10 ...
  [M6_stp_PV_only|seed=1] checkpoint seg=20 ...
  [M6_stp_PV_only|seed=1] checkpoint seg=30 ...
  [M6_stp_PV_only|seed=1] checkpoint seg=40 ...
  [M6_stp_PV_only|seed=1] checkpoint seg=50 ...
  [M6_stp_PV_only|seed=1] checkpoint seg=60 ...
  [M6_stp_PV_only|seed=1] checkpoint seg=70 ...
  [M6_stp_PV_only|seed=1] checkpoint seg=80 ...
  [M6_stp_PV_only|seed=1] checkpoint seg=90 ...
  [M6_stp_PV_only|seed=1] checkpoint seg=100 ...
  [M6_stp_PV_only|seed=1] checkpoint seg=110 ...
  [M6_stp_PV_only|seed=1] checkpoint seg=120 ...
  [M6_stp_PV_only|seed=1] checkpoint seg=130 ...
  [M6_stp_PV_only|seed=1] checkpoint seg=140 ...
  [M6_stp_PV_only|seed=1] checkpoint seg=150 ...
  [M6_stp_PV_only|seed=1] checkpoint seg=160 ...
  [M6_stp_PV_only|seed=1] checkpoint seg=170 ...
  [M6_stp_PV_only|seed=1] checkpoint seg=180 ...
  [M6_stp_PV_only|seed=1] checkpoint seg=190 ...
  [M6_stp_PV_only|seed=1] checkpoint seg=200 ...
  [M6_stp_PV_only|seed=1] checkpoint seg=210 ...
  [M6_stp_PV_only|seed=1] checkpoint seg=220 ...
  [M6_stp_PV_only|seed=1] checkpoint seg=230 ...
  [M6_stp_PV_only|seed=1] checkpoint seg=240 ...
  [M6_stp_PV_only|seed=1] checkpoint seg=250 ...
  [M6_stp_PV_only|seed=1] checkpoint seg=260 ...
  [M6_stp_PV_only|seed=1] checkpoint seg=270 ...
  [M6_stp_PV_only|seed=1] checkpoint seg=280 ...
  [M6_stp_PV_only|seed=1] checkpoint seg=290 ...
  [M6_stp_PV_only|seed=1] checkpoint seg=300 ...
  [M6_stp_PV_only|seed=1] done in 2721.7s  final_mean_osi=0.854
[M6_stp_PV_only] seed=42
  [M6_stp_PV_only|seed=42] checkpoint seg=0 ...
  [M6_stp_PV_only|seed=42] checkpoint seg=10 ...
  [M6_stp_PV_only|seed=42] checkpoint seg=20 ...
  [M6_stp_PV_only|seed=42] checkpoint seg=30 ...
  [M6_stp_PV_only|seed=42] checkpoint seg=40 ...
  [M6_stp_PV_only|seed=42] checkpoint seg=50 ...
  [M6_stp_PV_only|seed=42] checkpoint seg=60 ...
  [M6_stp_PV_only|seed=42] checkpoint seg=70 ...
  [M6_stp_PV_only|seed=42] checkpoint seg=80 ...
  [M6_stp_PV_only|seed=42] checkpoint seg=90 ...
  [M6_stp_PV_only|seed=42] checkpoint seg=100 ...
  [M6_stp_PV_only|seed=42] checkpoint seg=110 ...
  [M6_stp_PV_only|seed=42] checkpoint seg=120 ...
  [M6_stp_PV_only|seed=42] checkpoint seg=130 ...
  [M6_stp_PV_only|seed=42] checkpoint seg=140 ...
  [M6_stp_PV_only|seed=42] checkpoint seg=150 ...
  [M6_stp_PV_only|seed=42] checkpoint seg=160 ...
  [M6_stp_PV_only|seed=42] checkpoint seg=170 ...
  [M6_stp_PV_only|seed=42] checkpoint seg=180 ...
  [M6_stp_PV_only|seed=42] checkpoint seg=190 ...
  [M6_stp_PV_only|seed=42] checkpoint seg=200 ...
  [M6_stp_PV_only|seed=42] checkpoint seg=210 ...
  [M6_stp_PV_only|seed=42] checkpoint seg=220 ...
  [M6_stp_PV_only|seed=42] checkpoint seg=230 ...
  [M6_stp_PV_only|seed=42] checkpoint seg=240 ...
  [M6_stp_PV_only|seed=42] checkpoint seg=250 ...
  [M6_stp_PV_only|seed=42] checkpoint seg=260 ...
  [M6_stp_PV_only|seed=42] checkpoint seg=270 ...
  [M6_stp_PV_only|seed=42] checkpoint seg=280 ...
  [M6_stp_PV_only|seed=42] checkpoint seg=290 ...
  [M6_stp_PV_only|seed=42] checkpoint seg=300 ...
  [M6_stp_PV_only|seed=42] done in 2316.1s  final_mean_osi=0.851
[M6_stp_PV_only] seed=137
  [M6_stp_PV_only|seed=137] checkpoint seg=0 ...
  [M6_stp_PV_only|seed=137] checkpoint seg=10 ...
  [M6_stp_PV_only|seed=137] checkpoint seg=20 ...
  [M6_stp_PV_only|seed=137] checkpoint seg=30 ...
  [M6_stp_PV_only|seed=137] checkpoint seg=40 ...
  [M6_stp_PV_only|seed=137] checkpoint seg=50 ...
  [M6_stp_PV_only|seed=137] checkpoint seg=60 ...
  [M6_stp_PV_only|seed=137] checkpoint seg=70 ...
  [M6_stp_PV_only|seed=137] checkpoint seg=80 ...
  [M6_stp_PV_only|seed=137] checkpoint seg=90 ...
  [M6_stp_PV_only|seed=137] checkpoint seg=100 ...
  [M6_stp_PV_only|seed=137] checkpoint seg=110 ...
  [M6_stp_PV_only|seed=137] checkpoint seg=120 ...
  [M6_stp_PV_only|seed=137] checkpoint seg=130 ...
  [M6_stp_PV_only|seed=137] checkpoint seg=140 ...
  [M6_stp_PV_only|seed=137] checkpoint seg=150 ...
  [M6_stp_PV_only|seed=137] checkpoint seg=160 ...
  [M6_stp_PV_only|seed=137] checkpoint seg=170 ...
  [M6_stp_PV_only|seed=137] checkpoint seg=180 ...
  [M6_stp_PV_only|seed=137] checkpoint seg=190 ...
  [M6_stp_PV_only|seed=137] checkpoint seg=200 ...
  [M6_stp_PV_only|seed=137] checkpoint seg=210 ...
  [M6_stp_PV_only|seed=137] checkpoint seg=220 ...
  [M6_stp_PV_only|seed=137] checkpoint seg=230 ...
  [M6_stp_PV_only|seed=137] checkpoint seg=240 ...
  [M6_stp_PV_only|seed=137] checkpoint seg=250 ...
  [M6_stp_PV_only|seed=137] checkpoint seg=260 ...
  [M6_stp_PV_only|seed=137] checkpoint seg=270 ...
  [M6_stp_PV_only|seed=137] checkpoint seg=280 ...
  [M6_stp_PV_only|seed=137] checkpoint seg=290 ...
  [M6_stp_PV_only|seed=137] checkpoint seg=300 ...
  [M6_stp_PV_only|seed=137] done in 2090.5s  final_mean_osi=0.838
[M6_stp_PV_only] SUMMARY: mean_osi=0.848 +/- 0.004

============================================================
Running: M6_stpu_0.00
============================================================
[M6_stpu_0.00] seed=1
  [M6_stpu_0.00|seed=1] checkpoint seg=0 ...
  [M6_stpu_0.00|seed=1] checkpoint seg=10 ...
  [M6_stpu_0.00|seed=1] checkpoint seg=20 ...
  [M6_stpu_0.00|seed=1] checkpoint seg=30 ...
  [M6_stpu_0.00|seed=1] checkpoint seg=40 ...
  [M6_stpu_0.00|seed=1] checkpoint seg=50 ...
  [M6_stpu_0.00|seed=1] checkpoint seg=60 ...
  [M6_stpu_0.00|seed=1] checkpoint seg=70 ...
  [M6_stpu_0.00|seed=1] checkpoint seg=80 ...
  [M6_stpu_0.00|seed=1] checkpoint seg=90 ...
  [M6_stpu_0.00|seed=1] checkpoint seg=100 ...
  [M6_stpu_0.00|seed=1] checkpoint seg=110 ...
  [M6_stpu_0.00|seed=1] checkpoint seg=120 ...
  [M6_stpu_0.00|seed=1] checkpoint seg=130 ...
  [M6_stpu_0.00|seed=1] checkpoint seg=140 ...
  [M6_stpu_0.00|seed=1] checkpoint seg=150 ...
  [M6_stpu_0.00|seed=1] checkpoint seg=160 ...
  [M6_stpu_0.00|seed=1] checkpoint seg=170 ...
  [M6_stpu_0.00|seed=1] checkpoint seg=180 ...
  [M6_stpu_0.00|seed=1] checkpoint seg=190 ...
  [M6_stpu_0.00|seed=1] checkpoint seg=200 ...
  [M6_stpu_0.00|seed=1] checkpoint seg=210 ...
  [M6_stpu_0.00|seed=1] checkpoint seg=220 ...
  [M6_stpu_0.00|seed=1] checkpoint seg=230 ...
  [M6_stpu_0.00|seed=1] checkpoint seg=240 ...
  [M6_stpu_0.00|seed=1] checkpoint seg=250 ...
  [M6_stpu_0.00|seed=1] checkpoint seg=260 ...
  [M6_stpu_0.00|seed=1] checkpoint seg=270 ...
  [M6_stpu_0.00|seed=1] checkpoint seg=280 ...
  [M6_stpu_0.00|seed=1] checkpoint seg=290 ...
  [M6_stpu_0.00|seed=1] checkpoint seg=300 ...
  [M6_stpu_0.00|seed=1] done in 2202.0s  final_mean_osi=0.855
[M6_stpu_0.00] seed=42
  [M6_stpu_0.00|seed=42] checkpoint seg=0 ...
  [M6_stpu_0.00|seed=42] checkpoint seg=10 ...
  [M6_stpu_0.00|seed=42] checkpoint seg=20 ...
  [M6_stpu_0.00|seed=42] checkpoint seg=30 ...
  [M6_stpu_0.00|seed=42] checkpoint seg=40 ...
  [M6_stpu_0.00|seed=42] checkpoint seg=50 ...
  [M6_stpu_0.00|seed=42] checkpoint seg=60 ...
  [M6_stpu_0.00|seed=42] checkpoint seg=70 ...
  [M6_stpu_0.00|seed=42] checkpoint seg=80 ...
  [M6_stpu_0.00|seed=42] checkpoint seg=90 ...
  [M6_stpu_0.00|seed=42] checkpoint seg=100 ...
  [M6_stpu_0.00|seed=42] checkpoint seg=110 ...
  [M6_stpu_0.00|seed=42] checkpoint seg=120 ...
  [M6_stpu_0.00|seed=42] checkpoint seg=130 ...
  [M6_stpu_0.00|seed=42] checkpoint seg=140 ...
  [M6_stpu_0.00|seed=42] checkpoint seg=150 ...
  [M6_stpu_0.00|seed=42] checkpoint seg=160 ...
  [M6_stpu_0.00|seed=42] checkpoint seg=170 ...
  [M6_stpu_0.00|seed=42] checkpoint seg=180 ...
  [M6_stpu_0.00|seed=42] checkpoint seg=190 ...
  [M6_stpu_0.00|seed=42] checkpoint seg=200 ...
  [M6_stpu_0.00|seed=42] checkpoint seg=210 ...
  [M6_stpu_0.00|seed=42] checkpoint seg=220 ...
  [M6_stpu_0.00|seed=42] checkpoint seg=230 ...
  [M6_stpu_0.00|seed=42] checkpoint seg=240 ...
  [M6_stpu_0.00|seed=42] checkpoint seg=250 ...
  [M6_stpu_0.00|seed=42] checkpoint seg=260 ...
  [M6_stpu_0.00|seed=42] checkpoint seg=270 ...
  [M6_stpu_0.00|seed=42] checkpoint seg=280 ...
  [M6_stpu_0.00|seed=42] checkpoint seg=290 ...
  [M6_stpu_0.00|seed=42] checkpoint seg=300 ...
  [M6_stpu_0.00|seed=42] done in 2218.9s  final_mean_osi=0.844
[M6_stpu_0.00] seed=137
  [M6_stpu_0.00|seed=137] checkpoint seg=0 ...
  [M6_stpu_0.00|seed=137] checkpoint seg=10 ...
  [M6_stpu_0.00|seed=137] checkpoint seg=20 ...
  [M6_stpu_0.00|seed=137] checkpoint seg=30 ...
  [M6_stpu_0.00|seed=137] checkpoint seg=40 ...
  [M6_stpu_0.00|seed=137] checkpoint seg=50 ...
  [M6_stpu_0.00|seed=137] checkpoint seg=60 ...
  [M6_stpu_0.00|seed=137] checkpoint seg=70 ...
  [M6_stpu_0.00|seed=137] checkpoint seg=80 ...
  [M6_stpu_0.00|seed=137] checkpoint seg=90 ...
  [M6_stpu_0.00|seed=137] checkpoint seg=100 ...
  [M6_stpu_0.00|seed=137] checkpoint seg=110 ...
  [M6_stpu_0.00|seed=137] checkpoint seg=120 ...
  [M6_stpu_0.00|seed=137] checkpoint seg=130 ...
  [M6_stpu_0.00|seed=137] checkpoint seg=140 ...
  [M6_stpu_0.00|seed=137] checkpoint seg=150 ...
  [M6_stpu_0.00|seed=137] checkpoint seg=160 ...
  [M6_stpu_0.00|seed=137] checkpoint seg=170 ...
  [M6_stpu_0.00|seed=137] checkpoint seg=180 ...
  [M6_stpu_0.00|seed=137] checkpoint seg=190 ...
  [M6_stpu_0.00|seed=137] checkpoint seg=200 ...
  [M6_stpu_0.00|seed=137] checkpoint seg=210 ...
  [M6_stpu_0.00|seed=137] checkpoint seg=220 ...
  [M6_stpu_0.00|seed=137] checkpoint seg=230 ...
  [M6_stpu_0.00|seed=137] checkpoint seg=240 ...
  [M6_stpu_0.00|seed=137] checkpoint seg=250 ...
  [M6_stpu_0.00|seed=137] checkpoint seg=260 ...
  [M6_stpu_0.00|seed=137] checkpoint seg=270 ...
  [M6_stpu_0.00|seed=137] checkpoint seg=280 ...
  [M6_stpu_0.00|seed=137] checkpoint seg=290 ...
  [M6_stpu_0.00|seed=137] checkpoint seg=300 ...
  [M6_stpu_0.00|seed=137] done in 2346.5s  final_mean_osi=0.835
[M6_stpu_0.00] SUMMARY: mean_osi=0.844 +/- 0.005

============================================================
Running: M6_stpu_0.02
============================================================
[M6_stpu_0.02] seed=1
  [M6_stpu_0.02|seed=1] checkpoint seg=0 ...
  [M6_stpu_0.02|seed=1] checkpoint seg=10 ...
  [M6_stpu_0.02|seed=1] checkpoint seg=20 ...
  [M6_stpu_0.02|seed=1] checkpoint seg=30 ...
  [M6_stpu_0.02|seed=1] checkpoint seg=40 ...
  [M6_stpu_0.02|seed=1] checkpoint seg=50 ...
  [M6_stpu_0.02|seed=1] checkpoint seg=60 ...
  [M6_stpu_0.02|seed=1] checkpoint seg=70 ...
  [M6_stpu_0.02|seed=1] checkpoint seg=80 ...
  [M6_stpu_0.02|seed=1] checkpoint seg=90 ...
  [M6_stpu_0.02|seed=1] checkpoint seg=100 ...
  [M6_stpu_0.02|seed=1] checkpoint seg=110 ...
  [M6_stpu_0.02|seed=1] checkpoint seg=120 ...
  [M6_stpu_0.02|seed=1] checkpoint seg=130 ...
  [M6_stpu_0.02|seed=1] checkpoint seg=140 ...
  [M6_stpu_0.02|seed=1] checkpoint seg=150 ...
  [M6_stpu_0.02|seed=1] checkpoint seg=160 ...
  [M6_stpu_0.02|seed=1] checkpoint seg=170 ...
  [M6_stpu_0.02|seed=1] checkpoint seg=180 ...
  [M6_stpu_0.02|seed=1] checkpoint seg=190 ...
  [M6_stpu_0.02|seed=1] checkpoint seg=200 ...
  [M6_stpu_0.02|seed=1] checkpoint seg=210 ...
  [M6_stpu_0.02|seed=1] checkpoint seg=220 ...
  [M6_stpu_0.02|seed=1] checkpoint seg=230 ...
  [M6_stpu_0.02|seed=1] checkpoint seg=240 ...
  [M6_stpu_0.02|seed=1] checkpoint seg=250 ...
  [M6_stpu_0.02|seed=1] checkpoint seg=260 ...
  [M6_stpu_0.02|seed=1] checkpoint seg=270 ...
  [M6_stpu_0.02|seed=1] checkpoint seg=280 ...
  [M6_stpu_0.02|seed=1] checkpoint seg=290 ...
  [M6_stpu_0.02|seed=1] checkpoint seg=300 ...
  [M6_stpu_0.02|seed=1] done in 2860.2s  final_mean_osi=0.846
[M6_stpu_0.02] seed=42
  [M6_stpu_0.02|seed=42] checkpoint seg=0 ...
  [M6_stpu_0.02|seed=42] checkpoint seg=10 ...
  [M6_stpu_0.02|seed=42] checkpoint seg=20 ...
  [M6_stpu_0.02|seed=42] checkpoint seg=30 ...
  [M6_stpu_0.02|seed=42] checkpoint seg=40 ...
  [M6_stpu_0.02|seed=42] checkpoint seg=50 ...
  [M6_stpu_0.02|seed=42] checkpoint seg=60 ...
  [M6_stpu_0.02|seed=42] checkpoint seg=70 ...
  [M6_stpu_0.02|seed=42] checkpoint seg=80 ...
  [M6_stpu_0.02|seed=42] checkpoint seg=90 ...
  [M6_stpu_0.02|seed=42] checkpoint seg=100 ...
  [M6_stpu_0.02|seed=42] checkpoint seg=110 ...
  [M6_stpu_0.02|seed=42] checkpoint seg=120 ...
  [M6_stpu_0.02|seed=42] checkpoint seg=130 ...
  [M6_stpu_0.02|seed=42] checkpoint seg=140 ...
  [M6_stpu_0.02|seed=42] checkpoint seg=150 ...
  [M6_stpu_0.02|seed=42] checkpoint seg=160 ...
  [M6_stpu_0.02|seed=42] checkpoint seg=170 ...
  [M6_stpu_0.02|seed=42] checkpoint seg=180 ...
  [M6_stpu_0.02|seed=42] checkpoint seg=190 ...
  [M6_stpu_0.02|seed=42] checkpoint seg=200 ...
  [M6_stpu_0.02|seed=42] checkpoint seg=210 ...
  [M6_stpu_0.02|seed=42] checkpoint seg=220 ...
  [M6_stpu_0.02|seed=42] checkpoint seg=230 ...
  [M6_stpu_0.02|seed=42] checkpoint seg=240 ...
  [M6_stpu_0.02|seed=42] checkpoint seg=250 ...
  [M6_stpu_0.02|seed=42] checkpoint seg=260 ...
  [M6_stpu_0.02|seed=42] checkpoint seg=270 ...
  [M6_stpu_0.02|seed=42] checkpoint seg=280 ...
  [M6_stpu_0.02|seed=42] checkpoint seg=290 ...
  [M6_stpu_0.02|seed=42] checkpoint seg=300 ...
  [M6_stpu_0.02|seed=42] done in 2594.3s  final_mean_osi=0.846
[M6_stpu_0.02] seed=137
  [M6_stpu_0.02|seed=137] checkpoint seg=0 ...
  [M6_stpu_0.02|seed=137] checkpoint seg=10 ...
  [M6_stpu_0.02|seed=137] checkpoint seg=20 ...
  [M6_stpu_0.02|seed=137] checkpoint seg=30 ...
  [M6_stpu_0.02|seed=137] checkpoint seg=40 ...
  [M6_stpu_0.02|seed=137] checkpoint seg=50 ...
  [M6_stpu_0.02|seed=137] checkpoint seg=60 ...
  [M6_stpu_0.02|seed=137] checkpoint seg=70 ...
  [M6_stpu_0.02|seed=137] checkpoint seg=80 ...
  [M6_stpu_0.02|seed=137] checkpoint seg=90 ...
  [M6_stpu_0.02|seed=137] checkpoint seg=100 ...
  [M6_stpu_0.02|seed=137] checkpoint seg=110 ...
  [M6_stpu_0.02|seed=137] checkpoint seg=120 ...
  [M6_stpu_0.02|seed=137] checkpoint seg=130 ...
  [M6_stpu_0.02|seed=137] checkpoint seg=140 ...
  [M6_stpu_0.02|seed=137] checkpoint seg=150 ...
  [M6_stpu_0.02|seed=137] checkpoint seg=160 ...
  [M6_stpu_0.02|seed=137] checkpoint seg=170 ...
  [M6_stpu_0.02|seed=137] checkpoint seg=180 ...
  [M6_stpu_0.02|seed=137] checkpoint seg=190 ...
  [M6_stpu_0.02|seed=137] checkpoint seg=200 ...
  [M6_stpu_0.02|seed=137] checkpoint seg=210 ...
  [M6_stpu_0.02|seed=137] checkpoint seg=220 ...
  [M6_stpu_0.02|seed=137] checkpoint seg=230 ...
  [M6_stpu_0.02|seed=137] checkpoint seg=240 ...
  [M6_stpu_0.02|seed=137] checkpoint seg=250 ...
  [M6_stpu_0.02|seed=137] checkpoint seg=260 ...
  [M6_stpu_0.02|seed=137] checkpoint seg=270 ...
  [M6_stpu_0.02|seed=137] checkpoint seg=280 ...
  [M6_stpu_0.02|seed=137] checkpoint seg=290 ...
  [M6_stpu_0.02|seed=137] checkpoint seg=300 ...
  [M6_stpu_0.02|seed=137] done in 2651.3s  final_mean_osi=0.816
[M6_stpu_0.02] SUMMARY: mean_osi=0.836 +/- 0.008

============================================================
Running: M6_stpu_0.05
============================================================
[M6_stpu_0.05] seed=1
  [M6_stpu_0.05|seed=1] checkpoint seg=0 ...
  [M6_stpu_0.05|seed=1] checkpoint seg=10 ...
  [M6_stpu_0.05|seed=1] checkpoint seg=20 ...
  [M6_stpu_0.05|seed=1] checkpoint seg=30 ...
  [M6_stpu_0.05|seed=1] checkpoint seg=40 ...
  [M6_stpu_0.05|seed=1] checkpoint seg=50 ...
  [M6_stpu_0.05|seed=1] checkpoint seg=60 ...
  [M6_stpu_0.05|seed=1] checkpoint seg=70 ...
  [M6_stpu_0.05|seed=1] checkpoint seg=80 ...
  [M6_stpu_0.05|seed=1] checkpoint seg=90 ...
  [M6_stpu_0.05|seed=1] checkpoint seg=100 ...
  [M6_stpu_0.05|seed=1] checkpoint seg=110 ...
  [M6_stpu_0.05|seed=1] checkpoint seg=120 ...
  [M6_stpu_0.05|seed=1] checkpoint seg=130 ...
  [M6_stpu_0.05|seed=1] checkpoint seg=140 ...
  [M6_stpu_0.05|seed=1] checkpoint seg=150 ...
  [M6_stpu_0.05|seed=1] checkpoint seg=160 ...
  [M6_stpu_0.05|seed=1] checkpoint seg=170 ...
  [M6_stpu_0.05|seed=1] checkpoint seg=180 ...
  [M6_stpu_0.05|seed=1] checkpoint seg=190 ...
  [M6_stpu_0.05|seed=1] checkpoint seg=200 ...
  [M6_stpu_0.05|seed=1] checkpoint seg=210 ...
  [M6_stpu_0.05|seed=1] checkpoint seg=220 ...
  [M6_stpu_0.05|seed=1] checkpoint seg=230 ...
  [M6_stpu_0.05|seed=1] checkpoint seg=240 ...
  [M6_stpu_0.05|seed=1] checkpoint seg=250 ...
  [M6_stpu_0.05|seed=1] checkpoint seg=260 ...
  [M6_stpu_0.05|seed=1] checkpoint seg=270 ...
  [M6_stpu_0.05|seed=1] checkpoint seg=280 ...
  [M6_stpu_0.05|seed=1] checkpoint seg=290 ...
  [M6_stpu_0.05|seed=1] checkpoint seg=300 ...
  [M6_stpu_0.05|seed=1] done in 2857.1s  final_mean_osi=0.845
[M6_stpu_0.05] seed=42
  [M6_stpu_0.05|seed=42] checkpoint seg=0 ...
  [M6_stpu_0.05|seed=42] checkpoint seg=10 ...
  [M6_stpu_0.05|seed=42] checkpoint seg=20 ...
  [M6_stpu_0.05|seed=42] checkpoint seg=30 ...
  [M6_stpu_0.05|seed=42] checkpoint seg=40 ...
  [M6_stpu_0.05|seed=42] checkpoint seg=50 ...
  [M6_stpu_0.05|seed=42] checkpoint seg=60 ...
  [M6_stpu_0.05|seed=42] checkpoint seg=70 ...
  [M6_stpu_0.05|seed=42] checkpoint seg=80 ...
  [M6_stpu_0.05|seed=42] checkpoint seg=90 ...
  [M6_stpu_0.05|seed=42] checkpoint seg=100 ...
  [M6_stpu_0.05|seed=42] checkpoint seg=110 ...
  [M6_stpu_0.05|seed=42] checkpoint seg=120 ...
  [M6_stpu_0.05|seed=42] checkpoint seg=130 ...
  [M6_stpu_0.05|seed=42] checkpoint seg=140 ...
  [M6_stpu_0.05|seed=42] checkpoint seg=150 ...
  [M6_stpu_0.05|seed=42] checkpoint seg=160 ...
  [M6_stpu_0.05|seed=42] checkpoint seg=170 ...
  [M6_stpu_0.05|seed=42] checkpoint seg=180 ...
  [M6_stpu_0.05|seed=42] checkpoint seg=190 ...
  [M6_stpu_0.05|seed=42] checkpoint seg=200 ...
  [M6_stpu_0.05|seed=42] checkpoint seg=210 ...
  [M6_stpu_0.05|seed=42] checkpoint seg=220 ...
  [M6_stpu_0.05|seed=42] checkpoint seg=230 ...
  [M6_stpu_0.05|seed=42] checkpoint seg=240 ...
  [M6_stpu_0.05|seed=42] checkpoint seg=250 ...
  [M6_stpu_0.05|seed=42] checkpoint seg=260 ...
  [M6_stpu_0.05|seed=42] checkpoint seg=270 ...
  [M6_stpu_0.05|seed=42] checkpoint seg=280 ...
  [M6_stpu_0.05|seed=42] checkpoint seg=290 ...
  [M6_stpu_0.05|seed=42] checkpoint seg=300 ...
  [M6_stpu_0.05|seed=42] done in 2969.6s  final_mean_osi=0.830
[M6_stpu_0.05] seed=137
  [M6_stpu_0.05|seed=137] checkpoint seg=0 ...
  [M6_stpu_0.05|seed=137] checkpoint seg=10 ...
  [M6_stpu_0.05|seed=137] checkpoint seg=20 ...
  [M6_stpu_0.05|seed=137] checkpoint seg=30 ...
  [M6_stpu_0.05|seed=137] checkpoint seg=40 ...
  [M6_stpu_0.05|seed=137] checkpoint seg=50 ...
  [M6_stpu_0.05|seed=137] checkpoint seg=60 ...
  [M6_stpu_0.05|seed=137] checkpoint seg=70 ...
  [M6_stpu_0.05|seed=137] checkpoint seg=80 ...
  [M6_stpu_0.05|seed=137] checkpoint seg=90 ...
  [M6_stpu_0.05|seed=137] checkpoint seg=100 ...
  [M6_stpu_0.05|seed=137] checkpoint seg=110 ...
  [M6_stpu_0.05|seed=137] checkpoint seg=120 ...
  [M6_stpu_0.05|seed=137] checkpoint seg=130 ...
  [M6_stpu_0.05|seed=137] checkpoint seg=140 ...
  [M6_stpu_0.05|seed=137] checkpoint seg=150 ...
  [M6_stpu_0.05|seed=137] checkpoint seg=160 ...
  [M6_stpu_0.05|seed=137] checkpoint seg=170 ...
  [M6_stpu_0.05|seed=137] checkpoint seg=180 ...
  [M6_stpu_0.05|seed=137] checkpoint seg=190 ...
  [M6_stpu_0.05|seed=137] checkpoint seg=200 ...
  [M6_stpu_0.05|seed=137] checkpoint seg=210 ...
  [M6_stpu_0.05|seed=137] checkpoint seg=220 ...
  [M6_stpu_0.05|seed=137] checkpoint seg=230 ...
  [M6_stpu_0.05|seed=137] checkpoint seg=240 ...
  [M6_stpu_0.05|seed=137] checkpoint seg=250 ...
  [M6_stpu_0.05|seed=137] checkpoint seg=260 ...
  [M6_stpu_0.05|seed=137] checkpoint seg=270 ...
  [M6_stpu_0.05|seed=137] checkpoint seg=280 ...
  [M6_stpu_0.05|seed=137] checkpoint seg=290 ...
  [M6_stpu_0.05|seed=137] checkpoint seg=300 ...
  [M6_stpu_0.05|seed=137] done in 3067.5s  final_mean_osi=0.864
[M6_stpu_0.05] SUMMARY: mean_osi=0.846 +/- 0.008

============================================================
Running: M6_stpu_0.10
============================================================
[M6_stpu_0.10] seed=1
  [M6_stpu_0.10|seed=1] checkpoint seg=0 ...
  [M6_stpu_0.10|seed=1] checkpoint seg=10 ...
  [M6_stpu_0.10|seed=1] checkpoint seg=20 ...
  [M6_stpu_0.10|seed=1] checkpoint seg=30 ...
  [M6_stpu_0.10|seed=1] checkpoint seg=40 ...
  [M6_stpu_0.10|seed=1] checkpoint seg=50 ...
  [M6_stpu_0.10|seed=1] checkpoint seg=60 ...
  [M6_stpu_0.10|seed=1] checkpoint seg=70 ...
  [M6_stpu_0.10|seed=1] checkpoint seg=80 ...
  [M6_stpu_0.10|seed=1] checkpoint seg=90 ...
  [M6_stpu_0.10|seed=1] checkpoint seg=100 ...
  [M6_stpu_0.10|seed=1] checkpoint seg=110 ...
  [M6_stpu_0.10|seed=1] checkpoint seg=120 ...
  [M6_stpu_0.10|seed=1] checkpoint seg=130 ...
  [M6_stpu_0.10|seed=1] checkpoint seg=140 ...
  [M6_stpu_0.10|seed=1] checkpoint seg=150 ...
  [M6_stpu_0.10|seed=1] checkpoint seg=160 ...
  [M6_stpu_0.10|seed=1] checkpoint seg=170 ...
  [M6_stpu_0.10|seed=1] checkpoint seg=180 ...
  [M6_stpu_0.10|seed=1] checkpoint seg=190 ...
  [M6_stpu_0.10|seed=1] checkpoint seg=200 ...
  [M6_stpu_0.10|seed=1] checkpoint seg=210 ...
  [M6_stpu_0.10|seed=1] checkpoint seg=220 ...
  [M6_stpu_0.10|seed=1] checkpoint seg=230 ...
  [M6_stpu_0.10|seed=1] checkpoint seg=240 ...
  [M6_stpu_0.10|seed=1] checkpoint seg=250 ...
  [M6_stpu_0.10|seed=1] checkpoint seg=260 ...
  [M6_stpu_0.10|seed=1] checkpoint seg=270 ...
  [M6_stpu_0.10|seed=1] checkpoint seg=280 ...
  [M6_stpu_0.10|seed=1] checkpoint seg=290 ...
  [M6_stpu_0.10|seed=1] checkpoint seg=300 ...
  [M6_stpu_0.10|seed=1] done in 3416.3s  final_mean_osi=0.861
[M6_stpu_0.10] seed=42
  [M6_stpu_0.10|seed=42] checkpoint seg=0 ...
  [M6_stpu_0.10|seed=42] checkpoint seg=10 ...
  [M6_stpu_0.10|seed=42] checkpoint seg=20 ...
  [M6_stpu_0.10|seed=42] checkpoint seg=30 ...
  [M6_stpu_0.10|seed=42] checkpoint seg=40 ...
  [M6_stpu_0.10|seed=42] checkpoint seg=50 ...
  [M6_stpu_0.10|seed=42] checkpoint seg=60 ...
  [M6_stpu_0.10|seed=42] checkpoint seg=70 ...
  [M6_stpu_0.10|seed=42] checkpoint seg=80 ...
  [M6_stpu_0.10|seed=42] checkpoint seg=90 ...
  [M6_stpu_0.10|seed=42] checkpoint seg=100 ...
  [M6_stpu_0.10|seed=42] checkpoint seg=110 ...
  [M6_stpu_0.10|seed=42] checkpoint seg=120 ...
  [M6_stpu_0.10|seed=42] checkpoint seg=130 ...
  [M6_stpu_0.10|seed=42] checkpoint seg=140 ...
  [M6_stpu_0.10|seed=42] checkpoint seg=150 ...
  [M6_stpu_0.10|seed=42] checkpoint seg=160 ...
  [M6_stpu_0.10|seed=42] checkpoint seg=170 ...
  [M6_stpu_0.10|seed=42] checkpoint seg=180 ...
  [M6_stpu_0.10|seed=42] checkpoint seg=190 ...
  [M6_stpu_0.10|seed=42] checkpoint seg=200 ...
  [M6_stpu_0.10|seed=42] checkpoint seg=210 ...
  [M6_stpu_0.10|seed=42] checkpoint seg=220 ...
  [M6_stpu_0.10|seed=42] checkpoint seg=230 ...
  [M6_stpu_0.10|seed=42] checkpoint seg=240 ...
  [M6_stpu_0.10|seed=42] checkpoint seg=250 ...
  [M6_stpu_0.10|seed=42] checkpoint seg=260 ...
  [M6_stpu_0.10|seed=42] checkpoint seg=270 ...
  [M6_stpu_0.10|seed=42] checkpoint seg=280 ...
  [M6_stpu_0.10|seed=42] checkpoint seg=290 ...
  [M6_stpu_0.10|seed=42] checkpoint seg=300 ...
  [M6_stpu_0.10|seed=42] done in 3301.4s  final_mean_osi=0.822
[M6_stpu_0.10] seed=137
  [M6_stpu_0.10|seed=137] checkpoint seg=0 ...
  [M6_stpu_0.10|seed=137] checkpoint seg=10 ...
  [M6_stpu_0.10|seed=137] checkpoint seg=20 ...
  [M6_stpu_0.10|seed=137] checkpoint seg=30 ...
  [M6_stpu_0.10|seed=137] checkpoint seg=40 ...
  [M6_stpu_0.10|seed=137] checkpoint seg=50 ...
  [M6_stpu_0.10|seed=137] checkpoint seg=60 ...
  [M6_stpu_0.10|seed=137] checkpoint seg=70 ...
  [M6_stpu_0.10|seed=137] checkpoint seg=80 ...
  [M6_stpu_0.10|seed=137] checkpoint seg=90 ...
  [M6_stpu_0.10|seed=137] checkpoint seg=100 ...
  [M6_stpu_0.10|seed=137] checkpoint seg=110 ...
  [M6_stpu_0.10|seed=137] checkpoint seg=120 ...
  [M6_stpu_0.10|seed=137] checkpoint seg=130 ...
  [M6_stpu_0.10|seed=137] checkpoint seg=140 ...
  [M6_stpu_0.10|seed=137] checkpoint seg=150 ...
  [M6_stpu_0.10|seed=137] checkpoint seg=160 ...
  [M6_stpu_0.10|seed=137] checkpoint seg=170 ...
  [M6_stpu_0.10|seed=137] checkpoint seg=180 ...
  [M6_stpu_0.10|seed=137] checkpoint seg=190 ...
  [M6_stpu_0.10|seed=137] checkpoint seg=200 ...
  [M6_stpu_0.10|seed=137] checkpoint seg=210 ...
  [M6_stpu_0.10|seed=137] checkpoint seg=220 ...
  [M6_stpu_0.10|seed=137] checkpoint seg=230 ...
  [M6_stpu_0.10|seed=137] checkpoint seg=240 ...
  [M6_stpu_0.10|seed=137] checkpoint seg=250 ...
  [M6_stpu_0.10|seed=137] checkpoint seg=260 ...
  [M6_stpu_0.10|seed=137] checkpoint seg=270 ...
  [M6_stpu_0.10|seed=137] checkpoint seg=280 ...
  [M6_stpu_0.10|seed=137] checkpoint seg=290 ...
  [M6_stpu_0.10|seed=137] checkpoint seg=300 ...
  [M6_stpu_0.10|seed=137] done in 3376.4s  final_mean_osi=0.855
[M6_stpu_0.10] SUMMARY: mean_osi=0.846 +/- 0.010

============================================================
Running: M6_stpu_0.20
============================================================
[M6_stpu_0.20] seed=1
  [M6_stpu_0.20|seed=1] checkpoint seg=0 ...
  [M6_stpu_0.20|seed=1] checkpoint seg=10 ...
  [M6_stpu_0.20|seed=1] checkpoint seg=20 ...
  [M6_stpu_0.20|seed=1] checkpoint seg=30 ...
  [M6_stpu_0.20|seed=1] checkpoint seg=40 ...
  [M6_stpu_0.20|seed=1] checkpoint seg=50 ...
  [M6_stpu_0.20|seed=1] checkpoint seg=60 ...
  [M6_stpu_0.20|seed=1] checkpoint seg=70 ...
  [M6_stpu_0.20|seed=1] checkpoint seg=80 ...
  [M6_stpu_0.20|seed=1] checkpoint seg=90 ...
  [M6_stpu_0.20|seed=1] checkpoint seg=100 ...
  [M6_stpu_0.20|seed=1] checkpoint seg=110 ...
  [M6_stpu_0.20|seed=1] checkpoint seg=120 ...
  [M6_stpu_0.20|seed=1] checkpoint seg=130 ...
  [M6_stpu_0.20|seed=1] checkpoint seg=140 ...
  [M6_stpu_0.20|seed=1] checkpoint seg=150 ...
  [M6_stpu_0.20|seed=1] checkpoint seg=160 ...
  [M6_stpu_0.20|seed=1] checkpoint seg=170 ...
  [M6_stpu_0.20|seed=1] checkpoint seg=180 ...
  [M6_stpu_0.20|seed=1] checkpoint seg=190 ...
  [M6_stpu_0.20|seed=1] checkpoint seg=200 ...
  [M6_stpu_0.20|seed=1] checkpoint seg=210 ...
  [M6_stpu_0.20|seed=1] checkpoint seg=220 ...
  [M6_stpu_0.20|seed=1] checkpoint seg=230 ...
  [M6_stpu_0.20|seed=1] checkpoint seg=240 ...
  [M6_stpu_0.20|seed=1] checkpoint seg=250 ...
  [M6_stpu_0.20|seed=1] checkpoint seg=260 ...
  [M6_stpu_0.20|seed=1] checkpoint seg=270 ...
  [M6_stpu_0.20|seed=1] checkpoint seg=280 ...
  [M6_stpu_0.20|seed=1] checkpoint seg=290 ...
  [M6_stpu_0.20|seed=1] checkpoint seg=300 ...
  [M6_stpu_0.20|seed=1] done in 3124.4s  final_mean_osi=0.884
[M6_stpu_0.20] seed=42
  [M6_stpu_0.20|seed=42] checkpoint seg=0 ...
  [M6_stpu_0.20|seed=42] checkpoint seg=10 ...
  [M6_stpu_0.20|seed=42] checkpoint seg=20 ...
  [M6_stpu_0.20|seed=42] checkpoint seg=30 ...
  [M6_stpu_0.20|seed=42] checkpoint seg=40 ...
  [M6_stpu_0.20|seed=42] checkpoint seg=50 ...
  [M6_stpu_0.20|seed=42] checkpoint seg=60 ...
  [M6_stpu_0.20|seed=42] checkpoint seg=70 ...
  [M6_stpu_0.20|seed=42] checkpoint seg=80 ...
  [M6_stpu_0.20|seed=42] checkpoint seg=90 ...
  [M6_stpu_0.20|seed=42] checkpoint seg=100 ...
  [M6_stpu_0.20|seed=42] checkpoint seg=110 ...
  [M6_stpu_0.20|seed=42] checkpoint seg=120 ...
  [M6_stpu_0.20|seed=42] checkpoint seg=130 ...
  [M6_stpu_0.20|seed=42] checkpoint seg=140 ...
  [M6_stpu_0.20|seed=42] checkpoint seg=150 ...
  [M6_stpu_0.20|seed=42] checkpoint seg=160 ...
  [M6_stpu_0.20|seed=42] checkpoint seg=170 ...
  [M6_stpu_0.20|seed=42] checkpoint seg=180 ...
  [M6_stpu_0.20|seed=42] checkpoint seg=190 ...
  [M6_stpu_0.20|seed=42] checkpoint seg=200 ...
  [M6_stpu_0.20|seed=42] checkpoint seg=210 ...
  [M6_stpu_0.20|seed=42] checkpoint seg=220 ...
  [M6_stpu_0.20|seed=42] checkpoint seg=230 ...
  [M6_stpu_0.20|seed=42] checkpoint seg=240 ...
  [M6_stpu_0.20|seed=42] checkpoint seg=250 ...
  [M6_stpu_0.20|seed=42] checkpoint seg=260 ...
  [M6_stpu_0.20|seed=42] checkpoint seg=270 ...
  [M6_stpu_0.20|seed=42] checkpoint seg=280 ...
  [M6_stpu_0.20|seed=42] checkpoint seg=290 ...
  [M6_stpu_0.20|seed=42] checkpoint seg=300 ...
  [M6_stpu_0.20|seed=42] done in 3831.1s  final_mean_osi=0.734
[M6_stpu_0.20] seed=137
  [M6_stpu_0.20|seed=137] checkpoint seg=0 ...
  [M6_stpu_0.20|seed=137] checkpoint seg=10 ...
  [M6_stpu_0.20|seed=137] checkpoint seg=20 ...
  [M6_stpu_0.20|seed=137] checkpoint seg=30 ...
  [M6_stpu_0.20|seed=137] checkpoint seg=40 ...
  [M6_stpu_0.20|seed=137] checkpoint seg=50 ...
  [M6_stpu_0.20|seed=137] checkpoint seg=60 ...
  [M6_stpu_0.20|seed=137] checkpoint seg=70 ...
  [M6_stpu_0.20|seed=137] checkpoint seg=80 ...
  [M6_stpu_0.20|seed=137] checkpoint seg=90 ...
  [M6_stpu_0.20|seed=137] checkpoint seg=100 ...
  [M6_stpu_0.20|seed=137] checkpoint seg=110 ...
  [M6_stpu_0.20|seed=137] checkpoint seg=120 ...
  [M6_stpu_0.20|seed=137] checkpoint seg=130 ...
  [M6_stpu_0.20|seed=137] checkpoint seg=140 ...
  [M6_stpu_0.20|seed=137] checkpoint seg=150 ...
  [M6_stpu_0.20|seed=137] checkpoint seg=160 ...
  [M6_stpu_0.20|seed=137] checkpoint seg=170 ...
  [M6_stpu_0.20|seed=137] checkpoint seg=180 ...
  [M6_stpu_0.20|seed=137] checkpoint seg=190 ...
  [M6_stpu_0.20|seed=137] checkpoint seg=200 ...
  [M6_stpu_0.20|seed=137] checkpoint seg=210 ...
  [M6_stpu_0.20|seed=137] checkpoint seg=220 ...
  [M6_stpu_0.20|seed=137] checkpoint seg=230 ...
  [M6_stpu_0.20|seed=137] checkpoint seg=240 ...
  [M6_stpu_0.20|seed=137] checkpoint seg=250 ...
  [M6_stpu_0.20|seed=137] checkpoint seg=260 ...
  [M6_stpu_0.20|seed=137] checkpoint seg=270 ...
  [M6_stpu_0.20|seed=137] checkpoint seg=280 ...
  [M6_stpu_0.20|seed=137] checkpoint seg=290 ...
  [M6_stpu_0.20|seed=137] checkpoint seg=300 ...
  [M6_stpu_0.20|seed=137] done in 2523.5s  final_mean_osi=0.802
[M6_stpu_0.20] SUMMARY: mean_osi=0.807 +/- 0.035

============================================================
Running: M6_stpu_0.50
============================================================
[M6_stpu_0.50] seed=1
  [M6_stpu_0.50|seed=1] checkpoint seg=0 ...
  [M6_stpu_0.50|seed=1] checkpoint seg=10 ...
  [M6_stpu_0.50|seed=1] checkpoint seg=20 ...
  [M6_stpu_0.50|seed=1] checkpoint seg=30 ...
  [M6_stpu_0.50|seed=1] checkpoint seg=40 ...
  [M6_stpu_0.50|seed=1] checkpoint seg=50 ...
  [M6_stpu_0.50|seed=1] checkpoint seg=60 ...
  [M6_stpu_0.50|seed=1] checkpoint seg=70 ...
  [M6_stpu_0.50|seed=1] checkpoint seg=80 ...
  [M6_stpu_0.50|seed=1] checkpoint seg=90 ...
  [M6_stpu_0.50|seed=1] checkpoint seg=100 ...
  [M6_stpu_0.50|seed=1] checkpoint seg=110 ...
  [M6_stpu_0.50|seed=1] checkpoint seg=120 ...
  [M6_stpu_0.50|seed=1] checkpoint seg=130 ...
  [M6_stpu_0.50|seed=1] checkpoint seg=140 ...
  [M6_stpu_0.50|seed=1] checkpoint seg=150 ...
  [M6_stpu_0.50|seed=1] checkpoint seg=160 ...
  [M6_stpu_0.50|seed=1] checkpoint seg=170 ...
  [M6_stpu_0.50|seed=1] checkpoint seg=180 ...
  [M6_stpu_0.50|seed=1] checkpoint seg=190 ...
  [M6_stpu_0.50|seed=1] checkpoint seg=200 ...
  [M6_stpu_0.50|seed=1] checkpoint seg=210 ...
  [M6_stpu_0.50|seed=1] checkpoint seg=220 ...
  [M6_stpu_0.50|seed=1] checkpoint seg=230 ...
  [M6_stpu_0.50|seed=1] checkpoint seg=240 ...
  [M6_stpu_0.50|seed=1] checkpoint seg=250 ...
  [M6_stpu_0.50|seed=1] checkpoint seg=260 ...
  [M6_stpu_0.50|seed=1] checkpoint seg=270 ...
  [M6_stpu_0.50|seed=1] checkpoint seg=280 ...
  [M6_stpu_0.50|seed=1] checkpoint seg=290 ...
  [M6_stpu_0.50|seed=1] checkpoint seg=300 ...
  [M6_stpu_0.50|seed=1] done in 3602.1s  final_mean_osi=0.000
[M6_stpu_0.50] seed=42
  [M6_stpu_0.50|seed=42] checkpoint seg=0 ...
  [M6_stpu_0.50|seed=42] checkpoint seg=10 ...
  [M6_stpu_0.50|seed=42] checkpoint seg=20 ...
  [M6_stpu_0.50|seed=42] checkpoint seg=30 ...
  [M6_stpu_0.50|seed=42] checkpoint seg=40 ...
  [M6_stpu_0.50|seed=42] checkpoint seg=50 ...
  [M6_stpu_0.50|seed=42] checkpoint seg=60 ...
  [M6_stpu_0.50|seed=42] checkpoint seg=70 ...
  [M6_stpu_0.50|seed=42] checkpoint seg=80 ...
  [M6_stpu_0.50|seed=42] checkpoint seg=90 ...
  [M6_stpu_0.50|seed=42] checkpoint seg=100 ...
  [M6_stpu_0.50|seed=42] checkpoint seg=110 ...
  [M6_stpu_0.50|seed=42] checkpoint seg=120 ...
  [M6_stpu_0.50|seed=42] checkpoint seg=130 ...
  [M6_stpu_0.50|seed=42] checkpoint seg=140 ...
  [M6_stpu_0.50|seed=42] checkpoint seg=150 ...
  [M6_stpu_0.50|seed=42] checkpoint seg=160 ...
  [M6_stpu_0.50|seed=42] checkpoint seg=170 ...
  [M6_stpu_0.50|seed=42] checkpoint seg=180 ...
  [M6_stpu_0.50|seed=42] checkpoint seg=190 ...
  [M6_stpu_0.50|seed=42] checkpoint seg=200 ...
  [M6_stpu_0.50|seed=42] checkpoint seg=210 ...
  [M6_stpu_0.50|seed=42] checkpoint seg=220 ...
  [M6_stpu_0.50|seed=42] checkpoint seg=230 ...
  [M6_stpu_0.50|seed=42] checkpoint seg=240 ...
  [M6_stpu_0.50|seed=42] checkpoint seg=250 ...
  [M6_stpu_0.50|seed=42] checkpoint seg=260 ...
  [M6_stpu_0.50|seed=42] checkpoint seg=270 ...
  [M6_stpu_0.50|seed=42] checkpoint seg=280 ...
  [M6_stpu_0.50|seed=42] checkpoint seg=290 ...
  [M6_stpu_0.50|seed=42] checkpoint seg=300 ...
  [M6_stpu_0.50|seed=42] done in 3285.2s  final_mean_osi=0.000
[M6_stpu_0.50] seed=137
  [M6_stpu_0.50|seed=137] checkpoint seg=0 ...
  [M6_stpu_0.50|seed=137] checkpoint seg=10 ...
  [M6_stpu_0.50|seed=137] checkpoint seg=20 ...
  [M6_stpu_0.50|seed=137] checkpoint seg=30 ...
  [M6_stpu_0.50|seed=137] checkpoint seg=40 ...
  [M6_stpu_0.50|seed=137] checkpoint seg=50 ...
  [M6_stpu_0.50|seed=137] checkpoint seg=60 ...
  [M6_stpu_0.50|seed=137] checkpoint seg=70 ...
  [M6_stpu_0.50|seed=137] checkpoint seg=80 ...
  [M6_stpu_0.50|seed=137] checkpoint seg=90 ...
  [M6_stpu_0.50|seed=137] checkpoint seg=100 ...
  [M6_stpu_0.50|seed=137] checkpoint seg=110 ...
  [M6_stpu_0.50|seed=137] checkpoint seg=120 ...
  [M6_stpu_0.50|seed=137] checkpoint seg=130 ...
  [M6_stpu_0.50|seed=137] checkpoint seg=140 ...
  [M6_stpu_0.50|seed=137] checkpoint seg=150 ...
  [M6_stpu_0.50|seed=137] checkpoint seg=160 ...
  [M6_stpu_0.50|seed=137] checkpoint seg=170 ...
  [M6_stpu_0.50|seed=137] checkpoint seg=180 ...
  [M6_stpu_0.50|seed=137] checkpoint seg=190 ...
  [M6_stpu_0.50|seed=137] checkpoint seg=200 ...
  [M6_stpu_0.50|seed=137] checkpoint seg=210 ...
  [M6_stpu_0.50|seed=137] checkpoint seg=220 ...
  [M6_stpu_0.50|seed=137] checkpoint seg=230 ...
  [M6_stpu_0.50|seed=137] checkpoint seg=240 ...
  [M6_stpu_0.50|seed=137] checkpoint seg=250 ...
  [M6_stpu_0.50|seed=137] checkpoint seg=260 ...
  [M6_stpu_0.50|seed=137] checkpoint seg=270 ...
  [M6_stpu_0.50|seed=137] checkpoint seg=280 ...
  [M6_stpu_0.50|seed=137] checkpoint seg=290 ...
  [M6_stpu_0.50|seed=137] checkpoint seg=300 ...
  [M6_stpu_0.50|seed=137] done in 1672.5s  final_mean_osi=0.000
[M6_stpu_0.50] SUMMARY: mean_osi=0.000 +/- 0.000

============================================================
M6 SUMMARY
============================================================
  M6_stp_OFF                 OSI = 0.844 +/- 0.005
  M6_stp_E_only              OSI = 0.809 +/- 0.014
  M6_stp_PV_only             OSI = 0.848 +/- 0.004
  M6_stpu_0.00               OSI = 0.844 +/- 0.005
  M6_stpu_0.02               OSI = 0.836 +/- 0.008
  M6_stpu_0.05               OSI = 0.846 +/- 0.008
  M6_stpu_0.10               OSI = 0.846 +/- 0.010
  M6_stpu_0.20               OSI = 0.807 +/- 0.035
  M6_stpu_0.50               OSI = 0.000 +/- 0.000

Results saved to investigation_results/M6_tc_stp/
