/home/vysoforlife/miniconda3/envs/habitat/lib/python3.9/site-packages/scipy/__init__.py:146: UserWarning: A NumPy version >=1.17.3 and <1.25.0 is required for this version of SciPy (detected version 1.26.4
  warnings.warn(f"A NumPy version >={np_minversion} and <{np_maxversion}"

============================================================
Running: M3_split_OFF
============================================================
[M3_split_OFF] seed=1
  [M3_split_OFF|seed=1] checkpoint seg=0 ...
  [M3_split_OFF|seed=1] checkpoint seg=10 ...
  [M3_split_OFF|seed=1] checkpoint seg=20 ...
  [M3_split_OFF|seed=1] checkpoint seg=30 ...
  [M3_split_OFF|seed=1] checkpoint seg=40 ...
  [M3_split_OFF|seed=1] checkpoint seg=50 ...
  [M3_split_OFF|seed=1] checkpoint seg=60 ...
  [M3_split_OFF|seed=1] checkpoint seg=70 ...
  [M3_split_OFF|seed=1] checkpoint seg=80 ...
  [M3_split_OFF|seed=1] checkpoint seg=90 ...
  [M3_split_OFF|seed=1] checkpoint seg=100 ...
  [M3_split_OFF|seed=1] checkpoint seg=110 ...
  [M3_split_OFF|seed=1] checkpoint seg=120 ...
  [M3_split_OFF|seed=1] checkpoint seg=130 ...
  [M3_split_OFF|seed=1] checkpoint seg=140 ...
  [M3_split_OFF|seed=1] checkpoint seg=150 ...
  [M3_split_OFF|seed=1] checkpoint seg=160 ...
  [M3_split_OFF|seed=1] checkpoint seg=170 ...
  [M3_split_OFF|seed=1] checkpoint seg=180 ...
  [M3_split_OFF|seed=1] checkpoint seg=190 ...
  [M3_split_OFF|seed=1] checkpoint seg=200 ...
  [M3_split_OFF|seed=1] checkpoint seg=210 ...
  [M3_split_OFF|seed=1] checkpoint seg=220 ...
  [M3_split_OFF|seed=1] checkpoint seg=230 ...
  [M3_split_OFF|seed=1] checkpoint seg=240 ...
  [M3_split_OFF|seed=1] checkpoint seg=250 ...
  [M3_split_OFF|seed=1] checkpoint seg=260 ...
  [M3_split_OFF|seed=1] checkpoint seg=270 ...
  [M3_split_OFF|seed=1] checkpoint seg=280 ...
  [M3_split_OFF|seed=1] checkpoint seg=290 ...
  [M3_split_OFF|seed=1] checkpoint seg=300 ...
  [M3_split_OFF|seed=1] done in 3436.3s  final_mean_osi=0.250
[M3_split_OFF] seed=42
  [M3_split_OFF|seed=42] checkpoint seg=0 ...
  [M3_split_OFF|seed=42] checkpoint seg=10 ...
  [M3_split_OFF|seed=42] checkpoint seg=20 ...
  [M3_split_OFF|seed=42] checkpoint seg=30 ...
  [M3_split_OFF|seed=42] checkpoint seg=40 ...
  [M3_split_OFF|seed=42] checkpoint seg=50 ...
  [M3_split_OFF|seed=42] checkpoint seg=60 ...
  [M3_split_OFF|seed=42] checkpoint seg=70 ...
  [M3_split_OFF|seed=42] checkpoint seg=80 ...
  [M3_split_OFF|seed=42] checkpoint seg=90 ...
  [M3_split_OFF|seed=42] checkpoint seg=100 ...
  [M3_split_OFF|seed=42] checkpoint seg=110 ...
  [M3_split_OFF|seed=42] checkpoint seg=120 ...
  [M3_split_OFF|seed=42] checkpoint seg=130 ...
  [M3_split_OFF|seed=42] checkpoint seg=140 ...
  [M3_split_OFF|seed=42] checkpoint seg=150 ...
  [M3_split_OFF|seed=42] checkpoint seg=160 ...
  [M3_split_OFF|seed=42] checkpoint seg=170 ...
  [M3_split_OFF|seed=42] checkpoint seg=180 ...
  [M3_split_OFF|seed=42] checkpoint seg=190 ...
  [M3_split_OFF|seed=42] checkpoint seg=200 ...
  [M3_split_OFF|seed=42] checkpoint seg=210 ...
  [M3_split_OFF|seed=42] checkpoint seg=220 ...
  [M3_split_OFF|seed=42] checkpoint seg=230 ...
  [M3_split_OFF|seed=42] checkpoint seg=240 ...
  [M3_split_OFF|seed=42] checkpoint seg=250 ...
  [M3_split_OFF|seed=42] checkpoint seg=260 ...
  [M3_split_OFF|seed=42] checkpoint seg=270 ...
  [M3_split_OFF|seed=42] checkpoint seg=280 ...
  [M3_split_OFF|seed=42] checkpoint seg=290 ...
  [M3_split_OFF|seed=42] checkpoint seg=300 ...
  [M3_split_OFF|seed=42] done in 3470.2s  final_mean_osi=0.696
[M3_split_OFF] seed=137
  [M3_split_OFF|seed=137] checkpoint seg=0 ...
  [M3_split_OFF|seed=137] checkpoint seg=10 ...
  [M3_split_OFF|seed=137] checkpoint seg=20 ...
  [M3_split_OFF|seed=137] checkpoint seg=30 ...
  [M3_split_OFF|seed=137] checkpoint seg=40 ...
  [M3_split_OFF|seed=137] checkpoint seg=50 ...
  [M3_split_OFF|seed=137] checkpoint seg=60 ...
  [M3_split_OFF|seed=137] checkpoint seg=70 ...
  [M3_split_OFF|seed=137] checkpoint seg=80 ...
  [M3_split_OFF|seed=137] checkpoint seg=90 ...
  [M3_split_OFF|seed=137] checkpoint seg=100 ...
  [M3_split_OFF|seed=137] checkpoint seg=110 ...
  [M3_split_OFF|seed=137] checkpoint seg=120 ...
  [M3_split_OFF|seed=137] checkpoint seg=130 ...
  [M3_split_OFF|seed=137] checkpoint seg=140 ...
  [M3_split_OFF|seed=137] checkpoint seg=150 ...
  [M3_split_OFF|seed=137] checkpoint seg=160 ...
  [M3_split_OFF|seed=137] checkpoint seg=170 ...
  [M3_split_OFF|seed=137] checkpoint seg=180 ...
  [M3_split_OFF|seed=137] checkpoint seg=190 ...
  [M3_split_OFF|seed=137] checkpoint seg=200 ...
  [M3_split_OFF|seed=137] checkpoint seg=210 ...
  [M3_split_OFF|seed=137] checkpoint seg=220 ...
  [M3_split_OFF|seed=137] checkpoint seg=230 ...
  [M3_split_OFF|seed=137] checkpoint seg=240 ...
  [M3_split_OFF|seed=137] checkpoint seg=250 ...
  [M3_split_OFF|seed=137] checkpoint seg=260 ...
  [M3_split_OFF|seed=137] checkpoint seg=270 ...
  [M3_split_OFF|seed=137] checkpoint seg=280 ...
  [M3_split_OFF|seed=137] checkpoint seg=290 ...
  [M3_split_OFF|seed=137] checkpoint seg=300 ...
  [M3_split_OFF|seed=137] done in 3357.7s  final_mean_osi=0.621
[M3_split_OFF] SUMMARY: mean_osi=0.522 +/- 0.113

============================================================
Running: M3_stdp_split_only
============================================================
[M3_stdp_split_only] seed=1
  [M3_stdp_split_only|seed=1] checkpoint seg=0 ...
  [M3_stdp_split_only|seed=1] checkpoint seg=10 ...
  [M3_stdp_split_only|seed=1] checkpoint seg=20 ...
  [M3_stdp_split_only|seed=1] checkpoint seg=30 ...
  [M3_stdp_split_only|seed=1] checkpoint seg=40 ...
  [M3_stdp_split_only|seed=1] checkpoint seg=50 ...
  [M3_stdp_split_only|seed=1] checkpoint seg=60 ...
  [M3_stdp_split_only|seed=1] checkpoint seg=70 ...
  [M3_stdp_split_only|seed=1] checkpoint seg=80 ...
  [M3_stdp_split_only|seed=1] checkpoint seg=90 ...
  [M3_stdp_split_only|seed=1] checkpoint seg=100 ...
  [M3_stdp_split_only|seed=1] checkpoint seg=110 ...
  [M3_stdp_split_only|seed=1] checkpoint seg=120 ...
  [M3_stdp_split_only|seed=1] checkpoint seg=130 ...
  [M3_stdp_split_only|seed=1] checkpoint seg=140 ...
  [M3_stdp_split_only|seed=1] checkpoint seg=150 ...
  [M3_stdp_split_only|seed=1] checkpoint seg=160 ...
  [M3_stdp_split_only|seed=1] checkpoint seg=170 ...
  [M3_stdp_split_only|seed=1] checkpoint seg=180 ...
  [M3_stdp_split_only|seed=1] checkpoint seg=190 ...
  [M3_stdp_split_only|seed=1] checkpoint seg=200 ...
  [M3_stdp_split_only|seed=1] checkpoint seg=210 ...
  [M3_stdp_split_only|seed=1] checkpoint seg=220 ...
  [M3_stdp_split_only|seed=1] checkpoint seg=230 ...
  [M3_stdp_split_only|seed=1] checkpoint seg=240 ...
  [M3_stdp_split_only|seed=1] checkpoint seg=250 ...
  [M3_stdp_split_only|seed=1] checkpoint seg=260 ...
  [M3_stdp_split_only|seed=1] checkpoint seg=270 ...
  [M3_stdp_split_only|seed=1] checkpoint seg=280 ...
  [M3_stdp_split_only|seed=1] checkpoint seg=290 ...
  [M3_stdp_split_only|seed=1] checkpoint seg=300 ...
  [M3_stdp_split_only|seed=1] done in 2177.9s  final_mean_osi=0.000
[M3_stdp_split_only] seed=42
  [M3_stdp_split_only|seed=42] checkpoint seg=0 ...
  [M3_stdp_split_only|seed=42] checkpoint seg=10 ...
  [M3_stdp_split_only|seed=42] checkpoint seg=20 ...
  [M3_stdp_split_only|seed=42] checkpoint seg=30 ...
  [M3_stdp_split_only|seed=42] checkpoint seg=40 ...
  [M3_stdp_split_only|seed=42] checkpoint seg=50 ...
  [M3_stdp_split_only|seed=42] checkpoint seg=60 ...
  [M3_stdp_split_only|seed=42] checkpoint seg=70 ...
  [M3_stdp_split_only|seed=42] checkpoint seg=80 ...
  [M3_stdp_split_only|seed=42] checkpoint seg=90 ...
  [M3_stdp_split_only|seed=42] checkpoint seg=100 ...
  [M3_stdp_split_only|seed=42] checkpoint seg=110 ...
  [M3_stdp_split_only|seed=42] checkpoint seg=120 ...
  [M3_stdp_split_only|seed=42] checkpoint seg=130 ...
  [M3_stdp_split_only|seed=42] checkpoint seg=140 ...
  [M3_stdp_split_only|seed=42] checkpoint seg=150 ...
  [M3_stdp_split_only|seed=42] checkpoint seg=160 ...
  [M3_stdp_split_only|seed=42] checkpoint seg=170 ...
  [M3_stdp_split_only|seed=42] checkpoint seg=180 ...
  [M3_stdp_split_only|seed=42] checkpoint seg=190 ...
  [M3_stdp_split_only|seed=42] checkpoint seg=200 ...
  [M3_stdp_split_only|seed=42] checkpoint seg=210 ...
  [M3_stdp_split_only|seed=42] checkpoint seg=220 ...
  [M3_stdp_split_only|seed=42] checkpoint seg=230 ...
  [M3_stdp_split_only|seed=42] checkpoint seg=240 ...
  [M3_stdp_split_only|seed=42] checkpoint seg=250 ...
  [M3_stdp_split_only|seed=42] checkpoint seg=260 ...
  [M3_stdp_split_only|seed=42] checkpoint seg=270 ...
  [M3_stdp_split_only|seed=42] checkpoint seg=280 ...
  [M3_stdp_split_only|seed=42] checkpoint seg=290 ...
  [M3_stdp_split_only|seed=42] checkpoint seg=300 ...
  [M3_stdp_split_only|seed=42] done in 2160.2s  final_mean_osi=0.125
[M3_stdp_split_only] seed=137
  [M3_stdp_split_only|seed=137] checkpoint seg=0 ...
  [M3_stdp_split_only|seed=137] checkpoint seg=10 ...
  [M3_stdp_split_only|seed=137] checkpoint seg=20 ...
  [M3_stdp_split_only|seed=137] checkpoint seg=30 ...
  [M3_stdp_split_only|seed=137] checkpoint seg=40 ...
  [M3_stdp_split_only|seed=137] checkpoint seg=50 ...
  [M3_stdp_split_only|seed=137] checkpoint seg=60 ...
  [M3_stdp_split_only|seed=137] checkpoint seg=70 ...
  [M3_stdp_split_only|seed=137] checkpoint seg=80 ...
  [M3_stdp_split_only|seed=137] checkpoint seg=90 ...
  [M3_stdp_split_only|seed=137] checkpoint seg=100 ...
  [M3_stdp_split_only|seed=137] checkpoint seg=110 ...
  [M3_stdp_split_only|seed=137] checkpoint seg=120 ...
  [M3_stdp_split_only|seed=137] checkpoint seg=130 ...
  [M3_stdp_split_only|seed=137] checkpoint seg=140 ...
  [M3_stdp_split_only|seed=137] checkpoint seg=150 ...
  [M3_stdp_split_only|seed=137] checkpoint seg=160 ...
  [M3_stdp_split_only|seed=137] checkpoint seg=170 ...
  [M3_stdp_split_only|seed=137] checkpoint seg=180 ...
  [M3_stdp_split_only|seed=137] checkpoint seg=190 ...
  [M3_stdp_split_only|seed=137] checkpoint seg=200 ...
  [M3_stdp_split_only|seed=137] checkpoint seg=210 ...
  [M3_stdp_split_only|seed=137] checkpoint seg=220 ...
  [M3_stdp_split_only|seed=137] checkpoint seg=230 ...
  [M3_stdp_split_only|seed=137] checkpoint seg=240 ...
  [M3_stdp_split_only|seed=137] checkpoint seg=250 ...
  [M3_stdp_split_only|seed=137] checkpoint seg=260 ...
  [M3_stdp_split_only|seed=137] checkpoint seg=270 ...
  [M3_stdp_split_only|seed=137] checkpoint seg=280 ...
  [M3_stdp_split_only|seed=137] checkpoint seg=290 ...
  [M3_stdp_split_only|seed=137] checkpoint seg=300 ...
  [M3_stdp_split_only|seed=137] done in 2356.4s  final_mean_osi=0.062
[M3_stdp_split_only] SUMMARY: mean_osi=0.062 +/- 0.029

============================================================
Running: M3_constraint_only
============================================================
[M3_constraint_only] seed=1
  [M3_constraint_only|seed=1] checkpoint seg=0 ...
  [M3_constraint_only|seed=1] checkpoint seg=10 ...
  [M3_constraint_only|seed=1] checkpoint seg=20 ...
  [M3_constraint_only|seed=1] checkpoint seg=30 ...
  [M3_constraint_only|seed=1] checkpoint seg=40 ...
  [M3_constraint_only|seed=1] checkpoint seg=50 ...
  [M3_constraint_only|seed=1] checkpoint seg=60 ...
  [M3_constraint_only|seed=1] checkpoint seg=70 ...
  [M3_constraint_only|seed=1] checkpoint seg=80 ...
  [M3_constraint_only|seed=1] checkpoint seg=90 ...
  [M3_constraint_only|seed=1] checkpoint seg=100 ...
  [M3_constraint_only|seed=1] checkpoint seg=110 ...
  [M3_constraint_only|seed=1] checkpoint seg=120 ...
  [M3_constraint_only|seed=1] checkpoint seg=130 ...
  [M3_constraint_only|seed=1] checkpoint seg=140 ...
  [M3_constraint_only|seed=1] checkpoint seg=150 ...
  [M3_constraint_only|seed=1] checkpoint seg=160 ...
  [M3_constraint_only|seed=1] checkpoint seg=170 ...
  [M3_constraint_only|seed=1] checkpoint seg=180 ...
  [M3_constraint_only|seed=1] checkpoint seg=190 ...
  [M3_constraint_only|seed=1] checkpoint seg=200 ...
  [M3_constraint_only|seed=1] checkpoint seg=210 ...
  [M3_constraint_only|seed=1] checkpoint seg=220 ...
  [M3_constraint_only|seed=1] checkpoint seg=230 ...
  [M3_constraint_only|seed=1] checkpoint seg=240 ...
  [M3_constraint_only|seed=1] checkpoint seg=250 ...
  [M3_constraint_only|seed=1] checkpoint seg=260 ...
  [M3_constraint_only|seed=1] checkpoint seg=270 ...
  [M3_constraint_only|seed=1] checkpoint seg=280 ...
  [M3_constraint_only|seed=1] checkpoint seg=290 ...
  [M3_constraint_only|seed=1] checkpoint seg=300 ...
  [M3_constraint_only|seed=1] done in 2389.6s  final_mean_osi=0.307
[M3_constraint_only] seed=42
  [M3_constraint_only|seed=42] checkpoint seg=0 ...
  [M3_constraint_only|seed=42] checkpoint seg=10 ...
  [M3_constraint_only|seed=42] checkpoint seg=20 ...
  [M3_constraint_only|seed=42] checkpoint seg=30 ...
  [M3_constraint_only|seed=42] checkpoint seg=40 ...
  [M3_constraint_only|seed=42] checkpoint seg=50 ...
  [M3_constraint_only|seed=42] checkpoint seg=60 ...
  [M3_constraint_only|seed=42] checkpoint seg=70 ...
  [M3_constraint_only|seed=42] checkpoint seg=80 ...
  [M3_constraint_only|seed=42] checkpoint seg=90 ...
  [M3_constraint_only|seed=42] checkpoint seg=100 ...
  [M3_constraint_only|seed=42] checkpoint seg=110 ...
  [M3_constraint_only|seed=42] checkpoint seg=120 ...
  [M3_constraint_only|seed=42] checkpoint seg=130 ...
  [M3_constraint_only|seed=42] checkpoint seg=140 ...
  [M3_constraint_only|seed=42] checkpoint seg=150 ...
  [M3_constraint_only|seed=42] checkpoint seg=160 ...
  [M3_constraint_only|seed=42] checkpoint seg=170 ...
  [M3_constraint_only|seed=42] checkpoint seg=180 ...
  [M3_constraint_only|seed=42] checkpoint seg=190 ...
  [M3_constraint_only|seed=42] checkpoint seg=200 ...
  [M3_constraint_only|seed=42] checkpoint seg=210 ...
  [M3_constraint_only|seed=42] checkpoint seg=220 ...
  [M3_constraint_only|seed=42] checkpoint seg=230 ...
  [M3_constraint_only|seed=42] checkpoint seg=240 ...
  [M3_constraint_only|seed=42] checkpoint seg=250 ...
  [M3_constraint_only|seed=42] checkpoint seg=260 ...
  [M3_constraint_only|seed=42] checkpoint seg=270 ...
  [M3_constraint_only|seed=42] checkpoint seg=280 ...
  [M3_constraint_only|seed=42] checkpoint seg=290 ...
  [M3_constraint_only|seed=42] checkpoint seg=300 ...
  [M3_constraint_only|seed=42] done in 2850.1s  final_mean_osi=0.345
[M3_constraint_only] seed=137
  [M3_constraint_only|seed=137] checkpoint seg=0 ...
  [M3_constraint_only|seed=137] checkpoint seg=10 ...
  [M3_constraint_only|seed=137] checkpoint seg=20 ...
  [M3_constraint_only|seed=137] checkpoint seg=30 ...
  [M3_constraint_only|seed=137] checkpoint seg=40 ...
  [M3_constraint_only|seed=137] checkpoint seg=50 ...
  [M3_constraint_only|seed=137] checkpoint seg=60 ...
  [M3_constraint_only|seed=137] checkpoint seg=70 ...
  [M3_constraint_only|seed=137] checkpoint seg=80 ...
  [M3_constraint_only|seed=137] checkpoint seg=90 ...
  [M3_constraint_only|seed=137] checkpoint seg=100 ...
  [M3_constraint_only|seed=137] checkpoint seg=110 ...
  [M3_constraint_only|seed=137] checkpoint seg=120 ...
  [M3_constraint_only|seed=137] checkpoint seg=130 ...
  [M3_constraint_only|seed=137] checkpoint seg=140 ...
  [M3_constraint_only|seed=137] checkpoint seg=150 ...
  [M3_constraint_only|seed=137] checkpoint seg=160 ...
  [M3_constraint_only|seed=137] checkpoint seg=170 ...
  [M3_constraint_only|seed=137] checkpoint seg=180 ...
  [M3_constraint_only|seed=137] checkpoint seg=190 ...
  [M3_constraint_only|seed=137] checkpoint seg=200 ...
  [M3_constraint_only|seed=137] checkpoint seg=210 ...
  [M3_constraint_only|seed=137] checkpoint seg=220 ...
  [M3_constraint_only|seed=137] checkpoint seg=230 ...
  [M3_constraint_only|seed=137] checkpoint seg=240 ...
  [M3_constraint_only|seed=137] checkpoint seg=250 ...
  [M3_constraint_only|seed=137] checkpoint seg=260 ...
  [M3_constraint_only|seed=137] checkpoint seg=270 ...
  [M3_constraint_only|seed=137] checkpoint seg=280 ...
  [M3_constraint_only|seed=137] checkpoint seg=290 ...
  [M3_constraint_only|seed=137] checkpoint seg=300 ...
  [M3_constraint_only|seed=137] done in 2778.6s  final_mean_osi=0.405
[M3_constraint_only] SUMMARY: mean_osi=0.352 +/- 0.023

============================================================
Running: M3_Asplit_0.00
============================================================
[M3_Asplit_0.00] seed=1
  [M3_Asplit_0.00|seed=1] checkpoint seg=0 ...
  [M3_Asplit_0.00|seed=1] checkpoint seg=10 ...
  [M3_Asplit_0.00|seed=1] checkpoint seg=20 ...
  [M3_Asplit_0.00|seed=1] checkpoint seg=30 ...
  [M3_Asplit_0.00|seed=1] checkpoint seg=40 ...
  [M3_Asplit_0.00|seed=1] checkpoint seg=50 ...
  [M3_Asplit_0.00|seed=1] checkpoint seg=60 ...
  [M3_Asplit_0.00|seed=1] checkpoint seg=70 ...
  [M3_Asplit_0.00|seed=1] checkpoint seg=80 ...
  [M3_Asplit_0.00|seed=1] checkpoint seg=90 ...
  [M3_Asplit_0.00|seed=1] checkpoint seg=100 ...
  [M3_Asplit_0.00|seed=1] checkpoint seg=110 ...
  [M3_Asplit_0.00|seed=1] checkpoint seg=120 ...
  [M3_Asplit_0.00|seed=1] checkpoint seg=130 ...
  [M3_Asplit_0.00|seed=1] checkpoint seg=140 ...
  [M3_Asplit_0.00|seed=1] checkpoint seg=150 ...
  [M3_Asplit_0.00|seed=1] checkpoint seg=160 ...
  [M3_Asplit_0.00|seed=1] checkpoint seg=170 ...
  [M3_Asplit_0.00|seed=1] checkpoint seg=180 ...
  [M3_Asplit_0.00|seed=1] checkpoint seg=190 ...
  [M3_Asplit_0.00|seed=1] checkpoint seg=200 ...
  [M3_Asplit_0.00|seed=1] checkpoint seg=210 ...
  [M3_Asplit_0.00|seed=1] checkpoint seg=220 ...
  [M3_Asplit_0.00|seed=1] checkpoint seg=230 ...
  [M3_Asplit_0.00|seed=1] checkpoint seg=240 ...
  [M3_Asplit_0.00|seed=1] checkpoint seg=250 ...
  [M3_Asplit_0.00|seed=1] checkpoint seg=260 ...
  [M3_Asplit_0.00|seed=1] checkpoint seg=270 ...
  [M3_Asplit_0.00|seed=1] checkpoint seg=280 ...
  [M3_Asplit_0.00|seed=1] checkpoint seg=290 ...
  [M3_Asplit_0.00|seed=1] checkpoint seg=300 ...
  [M3_Asplit_0.00|seed=1] done in 2145.3s  final_mean_osi=0.307
[M3_Asplit_0.00] seed=42
  [M3_Asplit_0.00|seed=42] checkpoint seg=0 ...
  [M3_Asplit_0.00|seed=42] checkpoint seg=10 ...
  [M3_Asplit_0.00|seed=42] checkpoint seg=20 ...
  [M3_Asplit_0.00|seed=42] checkpoint seg=30 ...
  [M3_Asplit_0.00|seed=42] checkpoint seg=40 ...
  [M3_Asplit_0.00|seed=42] checkpoint seg=50 ...
  [M3_Asplit_0.00|seed=42] checkpoint seg=60 ...
  [M3_Asplit_0.00|seed=42] checkpoint seg=70 ...
  [M3_Asplit_0.00|seed=42] checkpoint seg=80 ...
  [M3_Asplit_0.00|seed=42] checkpoint seg=90 ...
  [M3_Asplit_0.00|seed=42] checkpoint seg=100 ...
  [M3_Asplit_0.00|seed=42] checkpoint seg=110 ...
  [M3_Asplit_0.00|seed=42] checkpoint seg=120 ...
  [M3_Asplit_0.00|seed=42] checkpoint seg=130 ...
  [M3_Asplit_0.00|seed=42] checkpoint seg=140 ...
  [M3_Asplit_0.00|seed=42] checkpoint seg=150 ...
  [M3_Asplit_0.00|seed=42] checkpoint seg=160 ...
  [M3_Asplit_0.00|seed=42] checkpoint seg=170 ...
  [M3_Asplit_0.00|seed=42] checkpoint seg=180 ...
  [M3_Asplit_0.00|seed=42] checkpoint seg=190 ...
  [M3_Asplit_0.00|seed=42] checkpoint seg=200 ...
  [M3_Asplit_0.00|seed=42] checkpoint seg=210 ...
  [M3_Asplit_0.00|seed=42] checkpoint seg=220 ...
  [M3_Asplit_0.00|seed=42] checkpoint seg=230 ...
  [M3_Asplit_0.00|seed=42] checkpoint seg=240 ...
  [M3_Asplit_0.00|seed=42] checkpoint seg=250 ...
  [M3_Asplit_0.00|seed=42] checkpoint seg=260 ...
  [M3_Asplit_0.00|seed=42] checkpoint seg=270 ...
  [M3_Asplit_0.00|seed=42] checkpoint seg=280 ...
  [M3_Asplit_0.00|seed=42] checkpoint seg=290 ...
  [M3_Asplit_0.00|seed=42] checkpoint seg=300 ...
  [M3_Asplit_0.00|seed=42] done in 2420.4s  final_mean_osi=0.345
[M3_Asplit_0.00] seed=137
  [M3_Asplit_0.00|seed=137] checkpoint seg=0 ...
  [M3_Asplit_0.00|seed=137] checkpoint seg=10 ...
  [M3_Asplit_0.00|seed=137] checkpoint seg=20 ...
  [M3_Asplit_0.00|seed=137] checkpoint seg=30 ...
  [M3_Asplit_0.00|seed=137] checkpoint seg=40 ...
  [M3_Asplit_0.00|seed=137] checkpoint seg=50 ...
  [M3_Asplit_0.00|seed=137] checkpoint seg=60 ...
  [M3_Asplit_0.00|seed=137] checkpoint seg=70 ...
  [M3_Asplit_0.00|seed=137] checkpoint seg=80 ...
  [M3_Asplit_0.00|seed=137] checkpoint seg=90 ...
  [M3_Asplit_0.00|seed=137] checkpoint seg=100 ...
  [M3_Asplit_0.00|seed=137] checkpoint seg=110 ...
  [M3_Asplit_0.00|seed=137] checkpoint seg=120 ...
  [M3_Asplit_0.00|seed=137] checkpoint seg=130 ...
  [M3_Asplit_0.00|seed=137] checkpoint seg=140 ...
  [M3_Asplit_0.00|seed=137] checkpoint seg=150 ...
  [M3_Asplit_0.00|seed=137] checkpoint seg=160 ...
  [M3_Asplit_0.00|seed=137] checkpoint seg=170 ...
  [M3_Asplit_0.00|seed=137] checkpoint seg=180 ...
  [M3_Asplit_0.00|seed=137] checkpoint seg=190 ...
  [M3_Asplit_0.00|seed=137] checkpoint seg=200 ...
  [M3_Asplit_0.00|seed=137] checkpoint seg=210 ...
  [M3_Asplit_0.00|seed=137] checkpoint seg=220 ...
  [M3_Asplit_0.00|seed=137] checkpoint seg=230 ...
  [M3_Asplit_0.00|seed=137] checkpoint seg=240 ...
  [M3_Asplit_0.00|seed=137] checkpoint seg=250 ...
  [M3_Asplit_0.00|seed=137] checkpoint seg=260 ...
  [M3_Asplit_0.00|seed=137] checkpoint seg=270 ...
  [M3_Asplit_0.00|seed=137] checkpoint seg=280 ...
  [M3_Asplit_0.00|seed=137] checkpoint seg=290 ...
  [M3_Asplit_0.00|seed=137] checkpoint seg=300 ...
  [M3_Asplit_0.00|seed=137] done in 2380.6s  final_mean_osi=0.405
[M3_Asplit_0.00] SUMMARY: mean_osi=0.352 +/- 0.023

============================================================
Running: M3_Asplit_0.05
============================================================
[M3_Asplit_0.05] seed=1
  [M3_Asplit_0.05|seed=1] checkpoint seg=0 ...
  [M3_Asplit_0.05|seed=1] checkpoint seg=10 ...
  [M3_Asplit_0.05|seed=1] checkpoint seg=20 ...
  [M3_Asplit_0.05|seed=1] checkpoint seg=30 ...
  [M3_Asplit_0.05|seed=1] checkpoint seg=40 ...
  [M3_Asplit_0.05|seed=1] checkpoint seg=50 ...
  [M3_Asplit_0.05|seed=1] checkpoint seg=60 ...
  [M3_Asplit_0.05|seed=1] checkpoint seg=70 ...
  [M3_Asplit_0.05|seed=1] checkpoint seg=80 ...
  [M3_Asplit_0.05|seed=1] checkpoint seg=90 ...
  [M3_Asplit_0.05|seed=1] checkpoint seg=100 ...
  [M3_Asplit_0.05|seed=1] checkpoint seg=110 ...
  [M3_Asplit_0.05|seed=1] checkpoint seg=120 ...
  [M3_Asplit_0.05|seed=1] checkpoint seg=130 ...
  [M3_Asplit_0.05|seed=1] checkpoint seg=140 ...
  [M3_Asplit_0.05|seed=1] checkpoint seg=150 ...
  [M3_Asplit_0.05|seed=1] checkpoint seg=160 ...
  [M3_Asplit_0.05|seed=1] checkpoint seg=170 ...
  [M3_Asplit_0.05|seed=1] checkpoint seg=180 ...
  [M3_Asplit_0.05|seed=1] checkpoint seg=190 ...
  [M3_Asplit_0.05|seed=1] checkpoint seg=200 ...
  [M3_Asplit_0.05|seed=1] checkpoint seg=210 ...
  [M3_Asplit_0.05|seed=1] checkpoint seg=220 ...
  [M3_Asplit_0.05|seed=1] checkpoint seg=230 ...
  [M3_Asplit_0.05|seed=1] checkpoint seg=240 ...
  [M3_Asplit_0.05|seed=1] checkpoint seg=250 ...
  [M3_Asplit_0.05|seed=1] checkpoint seg=260 ...
  [M3_Asplit_0.05|seed=1] checkpoint seg=270 ...
  [M3_Asplit_0.05|seed=1] checkpoint seg=280 ...
  [M3_Asplit_0.05|seed=1] checkpoint seg=290 ...
  [M3_Asplit_0.05|seed=1] checkpoint seg=300 ...
  [M3_Asplit_0.05|seed=1] done in 3084.1s  final_mean_osi=0.680
[M3_Asplit_0.05] seed=42
  [M3_Asplit_0.05|seed=42] checkpoint seg=0 ...
  [M3_Asplit_0.05|seed=42] checkpoint seg=10 ...
  [M3_Asplit_0.05|seed=42] checkpoint seg=20 ...
  [M3_Asplit_0.05|seed=42] checkpoint seg=30 ...
  [M3_Asplit_0.05|seed=42] checkpoint seg=40 ...
  [M3_Asplit_0.05|seed=42] checkpoint seg=50 ...
  [M3_Asplit_0.05|seed=42] checkpoint seg=60 ...
  [M3_Asplit_0.05|seed=42] checkpoint seg=70 ...
  [M3_Asplit_0.05|seed=42] checkpoint seg=80 ...
  [M3_Asplit_0.05|seed=42] checkpoint seg=90 ...
  [M3_Asplit_0.05|seed=42] checkpoint seg=100 ...
  [M3_Asplit_0.05|seed=42] checkpoint seg=110 ...
  [M3_Asplit_0.05|seed=42] checkpoint seg=120 ...
  [M3_Asplit_0.05|seed=42] checkpoint seg=130 ...
  [M3_Asplit_0.05|seed=42] checkpoint seg=140 ...
  [M3_Asplit_0.05|seed=42] checkpoint seg=150 ...
  [M3_Asplit_0.05|seed=42] checkpoint seg=160 ...
  [M3_Asplit_0.05|seed=42] checkpoint seg=170 ...
  [M3_Asplit_0.05|seed=42] checkpoint seg=180 ...
  [M3_Asplit_0.05|seed=42] checkpoint seg=190 ...
  [M3_Asplit_0.05|seed=42] checkpoint seg=200 ...
  [M3_Asplit_0.05|seed=42] checkpoint seg=210 ...
  [M3_Asplit_0.05|seed=42] checkpoint seg=220 ...
  [M3_Asplit_0.05|seed=42] checkpoint seg=230 ...
  [M3_Asplit_0.05|seed=42] checkpoint seg=240 ...
  [M3_Asplit_0.05|seed=42] checkpoint seg=250 ...
  [M3_Asplit_0.05|seed=42] checkpoint seg=260 ...
  [M3_Asplit_0.05|seed=42] checkpoint seg=270 ...
  [M3_Asplit_0.05|seed=42] checkpoint seg=280 ...
  [M3_Asplit_0.05|seed=42] checkpoint seg=290 ...
  [M3_Asplit_0.05|seed=42] checkpoint seg=300 ...
  [M3_Asplit_0.05|seed=42] done in 2507.4s  final_mean_osi=0.619
[M3_Asplit_0.05] seed=137
  [M3_Asplit_0.05|seed=137] checkpoint seg=0 ...
  [M3_Asplit_0.05|seed=137] checkpoint seg=10 ...
  [M3_Asplit_0.05|seed=137] checkpoint seg=20 ...
  [M3_Asplit_0.05|seed=137] checkpoint seg=30 ...
  [M3_Asplit_0.05|seed=137] checkpoint seg=40 ...
  [M3_Asplit_0.05|seed=137] checkpoint seg=50 ...
  [M3_Asplit_0.05|seed=137] checkpoint seg=60 ...
  [M3_Asplit_0.05|seed=137] checkpoint seg=70 ...
  [M3_Asplit_0.05|seed=137] checkpoint seg=80 ...
  [M3_Asplit_0.05|seed=137] checkpoint seg=90 ...
  [M3_Asplit_0.05|seed=137] checkpoint seg=100 ...
  [M3_Asplit_0.05|seed=137] checkpoint seg=110 ...
  [M3_Asplit_0.05|seed=137] checkpoint seg=120 ...
  [M3_Asplit_0.05|seed=137] checkpoint seg=130 ...
  [M3_Asplit_0.05|seed=137] checkpoint seg=140 ...
  [M3_Asplit_0.05|seed=137] checkpoint seg=150 ...
  [M3_Asplit_0.05|seed=137] checkpoint seg=160 ...
  [M3_Asplit_0.05|seed=137] checkpoint seg=170 ...
  [M3_Asplit_0.05|seed=137] checkpoint seg=180 ...
  [M3_Asplit_0.05|seed=137] checkpoint seg=190 ...
  [M3_Asplit_0.05|seed=137] checkpoint seg=200 ...
  [M3_Asplit_0.05|seed=137] checkpoint seg=210 ...
  [M3_Asplit_0.05|seed=137] checkpoint seg=220 ...
  [M3_Asplit_0.05|seed=137] checkpoint seg=230 ...
  [M3_Asplit_0.05|seed=137] checkpoint seg=240 ...
  [M3_Asplit_0.05|seed=137] checkpoint seg=250 ...
  [M3_Asplit_0.05|seed=137] checkpoint seg=260 ...
  [M3_Asplit_0.05|seed=137] checkpoint seg=270 ...
  [M3_Asplit_0.05|seed=137] checkpoint seg=280 ...
  [M3_Asplit_0.05|seed=137] checkpoint seg=290 ...
  [M3_Asplit_0.05|seed=137] checkpoint seg=300 ...
  [M3_Asplit_0.05|seed=137] done in 2939.0s  final_mean_osi=0.648
[M3_Asplit_0.05] SUMMARY: mean_osi=0.649 +/- 0.014

============================================================
Running: M3_Asplit_0.10
============================================================
[M3_Asplit_0.10] seed=1
  [M3_Asplit_0.10|seed=1] checkpoint seg=0 ...
  [M3_Asplit_0.10|seed=1] checkpoint seg=10 ...
  [M3_Asplit_0.10|seed=1] checkpoint seg=20 ...
  [M3_Asplit_0.10|seed=1] checkpoint seg=30 ...
  [M3_Asplit_0.10|seed=1] checkpoint seg=40 ...
  [M3_Asplit_0.10|seed=1] checkpoint seg=50 ...
  [M3_Asplit_0.10|seed=1] checkpoint seg=60 ...
  [M3_Asplit_0.10|seed=1] checkpoint seg=70 ...
  [M3_Asplit_0.10|seed=1] checkpoint seg=80 ...
  [M3_Asplit_0.10|seed=1] checkpoint seg=90 ...
  [M3_Asplit_0.10|seed=1] checkpoint seg=100 ...
  [M3_Asplit_0.10|seed=1] checkpoint seg=110 ...
  [M3_Asplit_0.10|seed=1] checkpoint seg=120 ...
  [M3_Asplit_0.10|seed=1] checkpoint seg=130 ...
  [M3_Asplit_0.10|seed=1] checkpoint seg=140 ...
  [M3_Asplit_0.10|seed=1] checkpoint seg=150 ...
  [M3_Asplit_0.10|seed=1] checkpoint seg=160 ...
  [M3_Asplit_0.10|seed=1] checkpoint seg=170 ...
  [M3_Asplit_0.10|seed=1] checkpoint seg=180 ...
  [M3_Asplit_0.10|seed=1] checkpoint seg=190 ...
  [M3_Asplit_0.10|seed=1] checkpoint seg=200 ...
  [M3_Asplit_0.10|seed=1] checkpoint seg=210 ...
  [M3_Asplit_0.10|seed=1] checkpoint seg=220 ...
  [M3_Asplit_0.10|seed=1] checkpoint seg=230 ...
  [M3_Asplit_0.10|seed=1] checkpoint seg=240 ...
  [M3_Asplit_0.10|seed=1] checkpoint seg=250 ...
  [M3_Asplit_0.10|seed=1] checkpoint seg=260 ...
  [M3_Asplit_0.10|seed=1] checkpoint seg=270 ...
  [M3_Asplit_0.10|seed=1] checkpoint seg=280 ...
  [M3_Asplit_0.10|seed=1] checkpoint seg=290 ...
  [M3_Asplit_0.10|seed=1] checkpoint seg=300 ...
  [M3_Asplit_0.10|seed=1] done in 2086.7s  final_mean_osi=0.757
[M3_Asplit_0.10] seed=42
  [M3_Asplit_0.10|seed=42] checkpoint seg=0 ...
  [M3_Asplit_0.10|seed=42] checkpoint seg=10 ...
  [M3_Asplit_0.10|seed=42] checkpoint seg=20 ...
  [M3_Asplit_0.10|seed=42] checkpoint seg=30 ...
  [M3_Asplit_0.10|seed=42] checkpoint seg=40 ...
  [M3_Asplit_0.10|seed=42] checkpoint seg=50 ...
  [M3_Asplit_0.10|seed=42] checkpoint seg=60 ...
  [M3_Asplit_0.10|seed=42] checkpoint seg=70 ...
  [M3_Asplit_0.10|seed=42] checkpoint seg=80 ...
  [M3_Asplit_0.10|seed=42] checkpoint seg=90 ...
  [M3_Asplit_0.10|seed=42] checkpoint seg=100 ...
  [M3_Asplit_0.10|seed=42] checkpoint seg=110 ...
  [M3_Asplit_0.10|seed=42] checkpoint seg=120 ...
  [M3_Asplit_0.10|seed=42] checkpoint seg=130 ...
  [M3_Asplit_0.10|seed=42] checkpoint seg=140 ...
  [M3_Asplit_0.10|seed=42] checkpoint seg=150 ...
  [M3_Asplit_0.10|seed=42] checkpoint seg=160 ...
  [M3_Asplit_0.10|seed=42] checkpoint seg=170 ...
  [M3_Asplit_0.10|seed=42] checkpoint seg=180 ...
  [M3_Asplit_0.10|seed=42] checkpoint seg=190 ...
  [M3_Asplit_0.10|seed=42] checkpoint seg=200 ...
  [M3_Asplit_0.10|seed=42] checkpoint seg=210 ...
  [M3_Asplit_0.10|seed=42] checkpoint seg=220 ...
  [M3_Asplit_0.10|seed=42] checkpoint seg=230 ...
  [M3_Asplit_0.10|seed=42] checkpoint seg=240 ...
  [M3_Asplit_0.10|seed=42] checkpoint seg=250 ...
  [M3_Asplit_0.10|seed=42] checkpoint seg=260 ...
  [M3_Asplit_0.10|seed=42] checkpoint seg=270 ...
  [M3_Asplit_0.10|seed=42] checkpoint seg=280 ...
  [M3_Asplit_0.10|seed=42] checkpoint seg=290 ...
  [M3_Asplit_0.10|seed=42] checkpoint seg=300 ...
  [M3_Asplit_0.10|seed=42] done in 3143.6s  final_mean_osi=0.762
[M3_Asplit_0.10] seed=137
  [M3_Asplit_0.10|seed=137] checkpoint seg=0 ...
  [M3_Asplit_0.10|seed=137] checkpoint seg=10 ...
  [M3_Asplit_0.10|seed=137] checkpoint seg=20 ...
  [M3_Asplit_0.10|seed=137] checkpoint seg=30 ...
  [M3_Asplit_0.10|seed=137] checkpoint seg=40 ...
  [M3_Asplit_0.10|seed=137] checkpoint seg=50 ...
  [M3_Asplit_0.10|seed=137] checkpoint seg=60 ...
  [M3_Asplit_0.10|seed=137] checkpoint seg=70 ...
  [M3_Asplit_0.10|seed=137] checkpoint seg=80 ...
  [M3_Asplit_0.10|seed=137] checkpoint seg=90 ...
  [M3_Asplit_0.10|seed=137] checkpoint seg=100 ...
  [M3_Asplit_0.10|seed=137] checkpoint seg=110 ...
  [M3_Asplit_0.10|seed=137] checkpoint seg=120 ...
  [M3_Asplit_0.10|seed=137] checkpoint seg=130 ...
  [M3_Asplit_0.10|seed=137] checkpoint seg=140 ...
  [M3_Asplit_0.10|seed=137] checkpoint seg=150 ...
  [M3_Asplit_0.10|seed=137] checkpoint seg=160 ...
  [M3_Asplit_0.10|seed=137] checkpoint seg=170 ...
  [M3_Asplit_0.10|seed=137] checkpoint seg=180 ...
  [M3_Asplit_0.10|seed=137] checkpoint seg=190 ...
  [M3_Asplit_0.10|seed=137] checkpoint seg=200 ...
  [M3_Asplit_0.10|seed=137] checkpoint seg=210 ...
  [M3_Asplit_0.10|seed=137] checkpoint seg=220 ...
  [M3_Asplit_0.10|seed=137] checkpoint seg=230 ...
  [M3_Asplit_0.10|seed=137] checkpoint seg=240 ...
  [M3_Asplit_0.10|seed=137] checkpoint seg=250 ...
  [M3_Asplit_0.10|seed=137] checkpoint seg=260 ...
  [M3_Asplit_0.10|seed=137] checkpoint seg=270 ...
  [M3_Asplit_0.10|seed=137] checkpoint seg=280 ...
  [M3_Asplit_0.10|seed=137] checkpoint seg=290 ...
  [M3_Asplit_0.10|seed=137] checkpoint seg=300 ...
  [M3_Asplit_0.10|seed=137] done in 3297.5s  final_mean_osi=0.738
[M3_Asplit_0.10] SUMMARY: mean_osi=0.753 +/- 0.006

============================================================
Running: M3_Asplit_0.20
============================================================
[M3_Asplit_0.20] seed=1
  [M3_Asplit_0.20|seed=1] checkpoint seg=0 ...
  [M3_Asplit_0.20|seed=1] checkpoint seg=10 ...
  [M3_Asplit_0.20|seed=1] checkpoint seg=20 ...
  [M3_Asplit_0.20|seed=1] checkpoint seg=30 ...
  [M3_Asplit_0.20|seed=1] checkpoint seg=40 ...
  [M3_Asplit_0.20|seed=1] checkpoint seg=50 ...
  [M3_Asplit_0.20|seed=1] checkpoint seg=60 ...
  [M3_Asplit_0.20|seed=1] checkpoint seg=70 ...
  [M3_Asplit_0.20|seed=1] checkpoint seg=80 ...
  [M3_Asplit_0.20|seed=1] checkpoint seg=90 ...
  [M3_Asplit_0.20|seed=1] checkpoint seg=100 ...
  [M3_Asplit_0.20|seed=1] checkpoint seg=110 ...
  [M3_Asplit_0.20|seed=1] checkpoint seg=120 ...
  [M3_Asplit_0.20|seed=1] checkpoint seg=130 ...
  [M3_Asplit_0.20|seed=1] checkpoint seg=140 ...
  [M3_Asplit_0.20|seed=1] checkpoint seg=150 ...
  [M3_Asplit_0.20|seed=1] checkpoint seg=160 ...
  [M3_Asplit_0.20|seed=1] checkpoint seg=170 ...
  [M3_Asplit_0.20|seed=1] checkpoint seg=180 ...
  [M3_Asplit_0.20|seed=1] checkpoint seg=190 ...
  [M3_Asplit_0.20|seed=1] checkpoint seg=200 ...
  [M3_Asplit_0.20|seed=1] checkpoint seg=210 ...
  [M3_Asplit_0.20|seed=1] checkpoint seg=220 ...
  [M3_Asplit_0.20|seed=1] checkpoint seg=230 ...
  [M3_Asplit_0.20|seed=1] checkpoint seg=240 ...
  [M3_Asplit_0.20|seed=1] checkpoint seg=250 ...
  [M3_Asplit_0.20|seed=1] checkpoint seg=260 ...
  [M3_Asplit_0.20|seed=1] checkpoint seg=270 ...
  [M3_Asplit_0.20|seed=1] checkpoint seg=280 ...
  [M3_Asplit_0.20|seed=1] checkpoint seg=290 ...
  [M3_Asplit_0.20|seed=1] checkpoint seg=300 ...
  [M3_Asplit_0.20|seed=1] done in 2818.5s  final_mean_osi=0.845
[M3_Asplit_0.20] seed=42
  [M3_Asplit_0.20|seed=42] checkpoint seg=0 ...
  [M3_Asplit_0.20|seed=42] checkpoint seg=10 ...
  [M3_Asplit_0.20|seed=42] checkpoint seg=20 ...
  [M3_Asplit_0.20|seed=42] checkpoint seg=30 ...
  [M3_Asplit_0.20|seed=42] checkpoint seg=40 ...
  [M3_Asplit_0.20|seed=42] checkpoint seg=50 ...
  [M3_Asplit_0.20|seed=42] checkpoint seg=60 ...
  [M3_Asplit_0.20|seed=42] checkpoint seg=70 ...
  [M3_Asplit_0.20|seed=42] checkpoint seg=80 ...
  [M3_Asplit_0.20|seed=42] checkpoint seg=90 ...
  [M3_Asplit_0.20|seed=42] checkpoint seg=100 ...
  [M3_Asplit_0.20|seed=42] checkpoint seg=110 ...
  [M3_Asplit_0.20|seed=42] checkpoint seg=120 ...
  [M3_Asplit_0.20|seed=42] checkpoint seg=130 ...
  [M3_Asplit_0.20|seed=42] checkpoint seg=140 ...
  [M3_Asplit_0.20|seed=42] checkpoint seg=150 ...
  [M3_Asplit_0.20|seed=42] checkpoint seg=160 ...
  [M3_Asplit_0.20|seed=42] checkpoint seg=170 ...
  [M3_Asplit_0.20|seed=42] checkpoint seg=180 ...
  [M3_Asplit_0.20|seed=42] checkpoint seg=190 ...
  [M3_Asplit_0.20|seed=42] checkpoint seg=200 ...
  [M3_Asplit_0.20|seed=42] checkpoint seg=210 ...
  [M3_Asplit_0.20|seed=42] checkpoint seg=220 ...
  [M3_Asplit_0.20|seed=42] checkpoint seg=230 ...
  [M3_Asplit_0.20|seed=42] checkpoint seg=240 ...
  [M3_Asplit_0.20|seed=42] checkpoint seg=250 ...
  [M3_Asplit_0.20|seed=42] checkpoint seg=260 ...
  [M3_Asplit_0.20|seed=42] checkpoint seg=270 ...
  [M3_Asplit_0.20|seed=42] checkpoint seg=280 ...
  [M3_Asplit_0.20|seed=42] checkpoint seg=290 ...
  [M3_Asplit_0.20|seed=42] checkpoint seg=300 ...
  [M3_Asplit_0.20|seed=42] done in 2728.4s  final_mean_osi=0.830
[M3_Asplit_0.20] seed=137
  [M3_Asplit_0.20|seed=137] checkpoint seg=0 ...
  [M3_Asplit_0.20|seed=137] checkpoint seg=10 ...
  [M3_Asplit_0.20|seed=137] checkpoint seg=20 ...
  [M3_Asplit_0.20|seed=137] checkpoint seg=30 ...
  [M3_Asplit_0.20|seed=137] checkpoint seg=40 ...
  [M3_Asplit_0.20|seed=137] checkpoint seg=50 ...
  [M3_Asplit_0.20|seed=137] checkpoint seg=60 ...
  [M3_Asplit_0.20|seed=137] checkpoint seg=70 ...
  [M3_Asplit_0.20|seed=137] checkpoint seg=80 ...
  [M3_Asplit_0.20|seed=137] checkpoint seg=90 ...
  [M3_Asplit_0.20|seed=137] checkpoint seg=100 ...
  [M3_Asplit_0.20|seed=137] checkpoint seg=110 ...
  [M3_Asplit_0.20|seed=137] checkpoint seg=120 ...
  [M3_Asplit_0.20|seed=137] checkpoint seg=130 ...
  [M3_Asplit_0.20|seed=137] checkpoint seg=140 ...
  [M3_Asplit_0.20|seed=137] checkpoint seg=150 ...
  [M3_Asplit_0.20|seed=137] checkpoint seg=160 ...
  [M3_Asplit_0.20|seed=137] checkpoint seg=170 ...
  [M3_Asplit_0.20|seed=137] checkpoint seg=180 ...
  [M3_Asplit_0.20|seed=137] checkpoint seg=190 ...
  [M3_Asplit_0.20|seed=137] checkpoint seg=200 ...
  [M3_Asplit_0.20|seed=137] checkpoint seg=210 ...
  [M3_Asplit_0.20|seed=137] checkpoint seg=220 ...
  [M3_Asplit_0.20|seed=137] checkpoint seg=230 ...
  [M3_Asplit_0.20|seed=137] checkpoint seg=240 ...
  [M3_Asplit_0.20|seed=137] checkpoint seg=250 ...
  [M3_Asplit_0.20|seed=137] checkpoint seg=260 ...
  [M3_Asplit_0.20|seed=137] checkpoint seg=270 ...
  [M3_Asplit_0.20|seed=137] checkpoint seg=280 ...
  [M3_Asplit_0.20|seed=137] checkpoint seg=290 ...
  [M3_Asplit_0.20|seed=137] checkpoint seg=300 ...
  [M3_Asplit_0.20|seed=137] done in 2719.7s  final_mean_osi=0.864
[M3_Asplit_0.20] SUMMARY: mean_osi=0.846 +/- 0.008

============================================================
Running: M3_Asplit_0.40
============================================================
[M3_Asplit_0.40] seed=1
  [M3_Asplit_0.40|seed=1] checkpoint seg=0 ...
  [M3_Asplit_0.40|seed=1] checkpoint seg=10 ...
  [M3_Asplit_0.40|seed=1] checkpoint seg=20 ...
  [M3_Asplit_0.40|seed=1] checkpoint seg=30 ...
  [M3_Asplit_0.40|seed=1] checkpoint seg=40 ...
  [M3_Asplit_0.40|seed=1] checkpoint seg=50 ...
  [M3_Asplit_0.40|seed=1] checkpoint seg=60 ...
  [M3_Asplit_0.40|seed=1] checkpoint seg=70 ...
  [M3_Asplit_0.40|seed=1] checkpoint seg=80 ...
  [M3_Asplit_0.40|seed=1] checkpoint seg=90 ...
  [M3_Asplit_0.40|seed=1] checkpoint seg=100 ...
  [M3_Asplit_0.40|seed=1] checkpoint seg=110 ...
  [M3_Asplit_0.40|seed=1] checkpoint seg=120 ...
  [M3_Asplit_0.40|seed=1] checkpoint seg=130 ...
  [M3_Asplit_0.40|seed=1] checkpoint seg=140 ...
  [M3_Asplit_0.40|seed=1] checkpoint seg=150 ...
  [M3_Asplit_0.40|seed=1] checkpoint seg=160 ...
  [M3_Asplit_0.40|seed=1] checkpoint seg=170 ...
  [M3_Asplit_0.40|seed=1] checkpoint seg=180 ...
  [M3_Asplit_0.40|seed=1] checkpoint seg=190 ...
  [M3_Asplit_0.40|seed=1] checkpoint seg=200 ...
  [M3_Asplit_0.40|seed=1] checkpoint seg=210 ...
  [M3_Asplit_0.40|seed=1] checkpoint seg=220 ...
  [M3_Asplit_0.40|seed=1] checkpoint seg=230 ...
  [M3_Asplit_0.40|seed=1] checkpoint seg=240 ...
  [M3_Asplit_0.40|seed=1] checkpoint seg=250 ...
  [M3_Asplit_0.40|seed=1] checkpoint seg=260 ...
  [M3_Asplit_0.40|seed=1] checkpoint seg=270 ...
  [M3_Asplit_0.40|seed=1] checkpoint seg=280 ...
  [M3_Asplit_0.40|seed=1] checkpoint seg=290 ...
  [M3_Asplit_0.40|seed=1] checkpoint seg=300 ...
  [M3_Asplit_0.40|seed=1] done in 2604.1s  final_mean_osi=0.877
[M3_Asplit_0.40] seed=42
  [M3_Asplit_0.40|seed=42] checkpoint seg=0 ...
  [M3_Asplit_0.40|seed=42] checkpoint seg=10 ...
  [M3_Asplit_0.40|seed=42] checkpoint seg=20 ...
  [M3_Asplit_0.40|seed=42] checkpoint seg=30 ...
  [M3_Asplit_0.40|seed=42] checkpoint seg=40 ...
  [M3_Asplit_0.40|seed=42] checkpoint seg=50 ...
  [M3_Asplit_0.40|seed=42] checkpoint seg=60 ...
  [M3_Asplit_0.40|seed=42] checkpoint seg=70 ...
  [M3_Asplit_0.40|seed=42] checkpoint seg=80 ...
  [M3_Asplit_0.40|seed=42] checkpoint seg=90 ...
  [M3_Asplit_0.40|seed=42] checkpoint seg=100 ...
  [M3_Asplit_0.40|seed=42] checkpoint seg=110 ...
  [M3_Asplit_0.40|seed=42] checkpoint seg=120 ...
  [M3_Asplit_0.40|seed=42] checkpoint seg=130 ...
  [M3_Asplit_0.40|seed=42] checkpoint seg=140 ...
  [M3_Asplit_0.40|seed=42] checkpoint seg=150 ...
  [M3_Asplit_0.40|seed=42] checkpoint seg=160 ...
  [M3_Asplit_0.40|seed=42] checkpoint seg=170 ...
  [M3_Asplit_0.40|seed=42] checkpoint seg=180 ...
  [M3_Asplit_0.40|seed=42] checkpoint seg=190 ...
  [M3_Asplit_0.40|seed=42] checkpoint seg=200 ...
  [M3_Asplit_0.40|seed=42] checkpoint seg=210 ...
  [M3_Asplit_0.40|seed=42] checkpoint seg=220 ...
  [M3_Asplit_0.40|seed=42] checkpoint seg=230 ...
  [M3_Asplit_0.40|seed=42] checkpoint seg=240 ...
  [M3_Asplit_0.40|seed=42] checkpoint seg=250 ...
  [M3_Asplit_0.40|seed=42] checkpoint seg=260 ...
  [M3_Asplit_0.40|seed=42] checkpoint seg=270 ...
  [M3_Asplit_0.40|seed=42] checkpoint seg=280 ...
  [M3_Asplit_0.40|seed=42] checkpoint seg=290 ...
  [M3_Asplit_0.40|seed=42] checkpoint seg=300 ...
  [M3_Asplit_0.40|seed=42] done in 2823.9s  final_mean_osi=0.873
[M3_Asplit_0.40] seed=137
  [M3_Asplit_0.40|seed=137] checkpoint seg=0 ...
  [M3_Asplit_0.40|seed=137] checkpoint seg=10 ...
  [M3_Asplit_0.40|seed=137] checkpoint seg=20 ...
  [M3_Asplit_0.40|seed=137] checkpoint seg=30 ...
  [M3_Asplit_0.40|seed=137] checkpoint seg=40 ...
  [M3_Asplit_0.40|seed=137] checkpoint seg=50 ...
  [M3_Asplit_0.40|seed=137] checkpoint seg=60 ...
  [M3_Asplit_0.40|seed=137] checkpoint seg=70 ...
  [M3_Asplit_0.40|seed=137] checkpoint seg=80 ...
  [M3_Asplit_0.40|seed=137] checkpoint seg=90 ...
  [M3_Asplit_0.40|seed=137] checkpoint seg=100 ...
  [M3_Asplit_0.40|seed=137] checkpoint seg=110 ...
  [M3_Asplit_0.40|seed=137] checkpoint seg=120 ...
  [M3_Asplit_0.40|seed=137] checkpoint seg=130 ...
  [M3_Asplit_0.40|seed=137] checkpoint seg=140 ...
  [M3_Asplit_0.40|seed=137] checkpoint seg=150 ...
  [M3_Asplit_0.40|seed=137] checkpoint seg=160 ...
  [M3_Asplit_0.40|seed=137] checkpoint seg=170 ...
  [M3_Asplit_0.40|seed=137] checkpoint seg=180 ...
  [M3_Asplit_0.40|seed=137] checkpoint seg=190 ...
  [M3_Asplit_0.40|seed=137] checkpoint seg=200 ...
  [M3_Asplit_0.40|seed=137] checkpoint seg=210 ...
  [M3_Asplit_0.40|seed=137] checkpoint seg=220 ...
  [M3_Asplit_0.40|seed=137] checkpoint seg=230 ...
  [M3_Asplit_0.40|seed=137] checkpoint seg=240 ...
  [M3_Asplit_0.40|seed=137] checkpoint seg=250 ...
  [M3_Asplit_0.40|seed=137] checkpoint seg=260 ...
  [M3_Asplit_0.40|seed=137] checkpoint seg=270 ...
  [M3_Asplit_0.40|seed=137] checkpoint seg=280 ...
  [M3_Asplit_0.40|seed=137] checkpoint seg=290 ...
  [M3_Asplit_0.40|seed=137] checkpoint seg=300 ...
  [M3_Asplit_0.40|seed=137] done in 2802.5s  final_mean_osi=0.822
[M3_Asplit_0.40] SUMMARY: mean_osi=0.857 +/- 0.015

============================================================
Running: M3_Asplit_0.80
============================================================
[M3_Asplit_0.80] seed=1
  [M3_Asplit_0.80|seed=1] checkpoint seg=0 ...
  [M3_Asplit_0.80|seed=1] checkpoint seg=10 ...
  [M3_Asplit_0.80|seed=1] checkpoint seg=20 ...
  [M3_Asplit_0.80|seed=1] checkpoint seg=30 ...
  [M3_Asplit_0.80|seed=1] checkpoint seg=40 ...
  [M3_Asplit_0.80|seed=1] checkpoint seg=50 ...
  [M3_Asplit_0.80|seed=1] checkpoint seg=60 ...
  [M3_Asplit_0.80|seed=1] checkpoint seg=70 ...
  [M3_Asplit_0.80|seed=1] checkpoint seg=80 ...
  [M3_Asplit_0.80|seed=1] checkpoint seg=90 ...
  [M3_Asplit_0.80|seed=1] checkpoint seg=100 ...
  [M3_Asplit_0.80|seed=1] checkpoint seg=110 ...
  [M3_Asplit_0.80|seed=1] checkpoint seg=120 ...
  [M3_Asplit_0.80|seed=1] checkpoint seg=130 ...
  [M3_Asplit_0.80|seed=1] checkpoint seg=140 ...
  [M3_Asplit_0.80|seed=1] checkpoint seg=150 ...
  [M3_Asplit_0.80|seed=1] checkpoint seg=160 ...
  [M3_Asplit_0.80|seed=1] checkpoint seg=170 ...
  [M3_Asplit_0.80|seed=1] checkpoint seg=180 ...
  [M3_Asplit_0.80|seed=1] checkpoint seg=190 ...
  [M3_Asplit_0.80|seed=1] checkpoint seg=200 ...
  [M3_Asplit_0.80|seed=1] checkpoint seg=210 ...
  [M3_Asplit_0.80|seed=1] checkpoint seg=220 ...
  [M3_Asplit_0.80|seed=1] checkpoint seg=230 ...
  [M3_Asplit_0.80|seed=1] checkpoint seg=240 ...
  [M3_Asplit_0.80|seed=1] checkpoint seg=250 ...
  [M3_Asplit_0.80|seed=1] checkpoint seg=260 ...
  [M3_Asplit_0.80|seed=1] checkpoint seg=270 ...
  [M3_Asplit_0.80|seed=1] checkpoint seg=280 ...
  [M3_Asplit_0.80|seed=1] checkpoint seg=290 ...
  [M3_Asplit_0.80|seed=1] checkpoint seg=300 ...
  [M3_Asplit_0.80|seed=1] done in 3292.3s  final_mean_osi=0.753
[M3_Asplit_0.80] seed=42
  [M3_Asplit_0.80|seed=42] checkpoint seg=0 ...
  [M3_Asplit_0.80|seed=42] checkpoint seg=10 ...
  [M3_Asplit_0.80|seed=42] checkpoint seg=20 ...
  [M3_Asplit_0.80|seed=42] checkpoint seg=30 ...
  [M3_Asplit_0.80|seed=42] checkpoint seg=40 ...
  [M3_Asplit_0.80|seed=42] checkpoint seg=50 ...
  [M3_Asplit_0.80|seed=42] checkpoint seg=60 ...
  [M3_Asplit_0.80|seed=42] checkpoint seg=70 ...
  [M3_Asplit_0.80|seed=42] checkpoint seg=80 ...
  [M3_Asplit_0.80|seed=42] checkpoint seg=90 ...
  [M3_Asplit_0.80|seed=42] checkpoint seg=100 ...
  [M3_Asplit_0.80|seed=42] checkpoint seg=110 ...
  [M3_Asplit_0.80|seed=42] checkpoint seg=120 ...
  [M3_Asplit_0.80|seed=42] checkpoint seg=130 ...
  [M3_Asplit_0.80|seed=42] checkpoint seg=140 ...
  [M3_Asplit_0.80|seed=42] checkpoint seg=150 ...
  [M3_Asplit_0.80|seed=42] checkpoint seg=160 ...
  [M3_Asplit_0.80|seed=42] checkpoint seg=170 ...
  [M3_Asplit_0.80|seed=42] checkpoint seg=180 ...
  [M3_Asplit_0.80|seed=42] checkpoint seg=190 ...
  [M3_Asplit_0.80|seed=42] checkpoint seg=200 ...
  [M3_Asplit_0.80|seed=42] checkpoint seg=210 ...
  [M3_Asplit_0.80|seed=42] checkpoint seg=220 ...
  [M3_Asplit_0.80|seed=42] checkpoint seg=230 ...
  [M3_Asplit_0.80|seed=42] checkpoint seg=240 ...
  [M3_Asplit_0.80|seed=42] checkpoint seg=250 ...
  [M3_Asplit_0.80|seed=42] checkpoint seg=260 ...
  [M3_Asplit_0.80|seed=42] checkpoint seg=270 ...
  [M3_Asplit_0.80|seed=42] checkpoint seg=280 ...
  [M3_Asplit_0.80|seed=42] checkpoint seg=290 ...
  [M3_Asplit_0.80|seed=42] checkpoint seg=300 ...
  [M3_Asplit_0.80|seed=42] done in 3250.7s  final_mean_osi=0.814
[M3_Asplit_0.80] seed=137
  [M3_Asplit_0.80|seed=137] checkpoint seg=0 ...
  [M3_Asplit_0.80|seed=137] checkpoint seg=10 ...
  [M3_Asplit_0.80|seed=137] checkpoint seg=20 ...
  [M3_Asplit_0.80|seed=137] checkpoint seg=30 ...
  [M3_Asplit_0.80|seed=137] checkpoint seg=40 ...
  [M3_Asplit_0.80|seed=137] checkpoint seg=50 ...
  [M3_Asplit_0.80|seed=137] checkpoint seg=60 ...
  [M3_Asplit_0.80|seed=137] checkpoint seg=70 ...
  [M3_Asplit_0.80|seed=137] checkpoint seg=80 ...
  [M3_Asplit_0.80|seed=137] checkpoint seg=90 ...
  [M3_Asplit_0.80|seed=137] checkpoint seg=100 ...
  [M3_Asplit_0.80|seed=137] checkpoint seg=110 ...
  [M3_Asplit_0.80|seed=137] checkpoint seg=120 ...
  [M3_Asplit_0.80|seed=137] checkpoint seg=130 ...
  [M3_Asplit_0.80|seed=137] checkpoint seg=140 ...
  [M3_Asplit_0.80|seed=137] checkpoint seg=150 ...
  [M3_Asplit_0.80|seed=137] checkpoint seg=160 ...
  [M3_Asplit_0.80|seed=137] checkpoint seg=170 ...
  [M3_Asplit_0.80|seed=137] checkpoint seg=180 ...
  [M3_Asplit_0.80|seed=137] checkpoint seg=190 ...
  [M3_Asplit_0.80|seed=137] checkpoint seg=200 ...
  [M3_Asplit_0.80|seed=137] checkpoint seg=210 ...
  [M3_Asplit_0.80|seed=137] checkpoint seg=220 ...
  [M3_Asplit_0.80|seed=137] checkpoint seg=230 ...
  [M3_Asplit_0.80|seed=137] checkpoint seg=240 ...
  [M3_Asplit_0.80|seed=137] checkpoint seg=250 ...
  [M3_Asplit_0.80|seed=137] checkpoint seg=260 ...
  [M3_Asplit_0.80|seed=137] checkpoint seg=270 ...
  [M3_Asplit_0.80|seed=137] checkpoint seg=280 ...
  [M3_Asplit_0.80|seed=137] checkpoint seg=290 ...
  [M3_Asplit_0.80|seed=137] checkpoint seg=300 ...
  [M3_Asplit_0.80|seed=137] done in 2908.7s  final_mean_osi=0.826
[M3_Asplit_0.80] SUMMARY: mean_osi=0.798 +/- 0.019

============================================================
M3 SUMMARY
============================================================
  M3_split_OFF                    OSI = 0.522 +/- 0.113
  M3_stdp_split_only              OSI = 0.062 +/- 0.029
  M3_constraint_only              OSI = 0.352 +/- 0.023
  M3_Asplit_0.00                  OSI = 0.352 +/- 0.023
  M3_Asplit_0.05                  OSI = 0.649 +/- 0.014
  M3_Asplit_0.10                  OSI = 0.753 +/- 0.006
  M3_Asplit_0.20                  OSI = 0.846 +/- 0.008
  M3_Asplit_0.40                  OSI = 0.857 +/- 0.015
  M3_Asplit_0.80                  OSI = 0.798 +/- 0.019

Results saved to investigation_results/M3_onoff_split/
