/home/vysoforlife/miniconda3/envs/habitat/lib/python3.9/site-packages/scipy/__init__.py:146: UserWarning: A NumPy version >=1.17.3 and <1.25.0 is required for this version of SciPy (detected version 1.26.4
  warnings.warn(f"A NumPy version >={np_minversion} and <{np_maxversion}"

============================================================
Running condition 1/8: M2_Ahet_OFF
============================================================
[M2_Ahet_OFF] seed=1
  [M2_Ahet_OFF|seed=1] checkpoint seg=0 ...
  [M2_Ahet_OFF|seed=1] checkpoint seg=10 ...
  [M2_Ahet_OFF|seed=1] checkpoint seg=20 ...
  [M2_Ahet_OFF|seed=1] checkpoint seg=30 ...
  [M2_Ahet_OFF|seed=1] checkpoint seg=40 ...
  [M2_Ahet_OFF|seed=1] checkpoint seg=50 ...
  [M2_Ahet_OFF|seed=1] checkpoint seg=60 ...
  [M2_Ahet_OFF|seed=1] checkpoint seg=70 ...
  [M2_Ahet_OFF|seed=1] checkpoint seg=80 ...
  [M2_Ahet_OFF|seed=1] checkpoint seg=90 ...
  [M2_Ahet_OFF|seed=1] checkpoint seg=100 ...
  [M2_Ahet_OFF|seed=1] checkpoint seg=110 ...
  [M2_Ahet_OFF|seed=1] checkpoint seg=120 ...
  [M2_Ahet_OFF|seed=1] checkpoint seg=130 ...
  [M2_Ahet_OFF|seed=1] checkpoint seg=140 ...
  [M2_Ahet_OFF|seed=1] checkpoint seg=150 ...
  [M2_Ahet_OFF|seed=1] checkpoint seg=160 ...
  [M2_Ahet_OFF|seed=1] checkpoint seg=170 ...
  [M2_Ahet_OFF|seed=1] checkpoint seg=180 ...
  [M2_Ahet_OFF|seed=1] checkpoint seg=190 ...
  [M2_Ahet_OFF|seed=1] checkpoint seg=200 ...
  [M2_Ahet_OFF|seed=1] checkpoint seg=210 ...
  [M2_Ahet_OFF|seed=1] checkpoint seg=220 ...
  [M2_Ahet_OFF|seed=1] checkpoint seg=230 ...
  [M2_Ahet_OFF|seed=1] checkpoint seg=240 ...
  [M2_Ahet_OFF|seed=1] checkpoint seg=250 ...
  [M2_Ahet_OFF|seed=1] checkpoint seg=260 ...
  [M2_Ahet_OFF|seed=1] checkpoint seg=270 ...
  [M2_Ahet_OFF|seed=1] checkpoint seg=280 ...
  [M2_Ahet_OFF|seed=1] checkpoint seg=290 ...
  [M2_Ahet_OFF|seed=1] checkpoint seg=300 ...
  [M2_Ahet_OFF|seed=1] done in 3378.8s  final_mean_osi=0.748
[M2_Ahet_OFF] seed=42
  [M2_Ahet_OFF|seed=42] checkpoint seg=0 ...
  [M2_Ahet_OFF|seed=42] checkpoint seg=10 ...
  [M2_Ahet_OFF|seed=42] checkpoint seg=20 ...
  [M2_Ahet_OFF|seed=42] checkpoint seg=30 ...
  [M2_Ahet_OFF|seed=42] checkpoint seg=40 ...
  [M2_Ahet_OFF|seed=42] checkpoint seg=50 ...
  [M2_Ahet_OFF|seed=42] checkpoint seg=60 ...
  [M2_Ahet_OFF|seed=42] checkpoint seg=70 ...
  [M2_Ahet_OFF|seed=42] checkpoint seg=80 ...
  [M2_Ahet_OFF|seed=42] checkpoint seg=90 ...
  [M2_Ahet_OFF|seed=42] checkpoint seg=100 ...
  [M2_Ahet_OFF|seed=42] checkpoint seg=110 ...
  [M2_Ahet_OFF|seed=42] checkpoint seg=120 ...
  [M2_Ahet_OFF|seed=42] checkpoint seg=130 ...
  [M2_Ahet_OFF|seed=42] checkpoint seg=140 ...
  [M2_Ahet_OFF|seed=42] checkpoint seg=150 ...
  [M2_Ahet_OFF|seed=42] checkpoint seg=160 ...
  [M2_Ahet_OFF|seed=42] checkpoint seg=170 ...
  [M2_Ahet_OFF|seed=42] checkpoint seg=180 ...
  [M2_Ahet_OFF|seed=42] checkpoint seg=190 ...
  [M2_Ahet_OFF|seed=42] checkpoint seg=200 ...
  [M2_Ahet_OFF|seed=42] checkpoint seg=210 ...
  [M2_Ahet_OFF|seed=42] checkpoint seg=220 ...
  [M2_Ahet_OFF|seed=42] checkpoint seg=230 ...
  [M2_Ahet_OFF|seed=42] checkpoint seg=240 ...
  [M2_Ahet_OFF|seed=42] checkpoint seg=250 ...
  [M2_Ahet_OFF|seed=42] checkpoint seg=260 ...
  [M2_Ahet_OFF|seed=42] checkpoint seg=270 ...
  [M2_Ahet_OFF|seed=42] checkpoint seg=280 ...
  [M2_Ahet_OFF|seed=42] checkpoint seg=290 ...
  [M2_Ahet_OFF|seed=42] checkpoint seg=300 ...
  [M2_Ahet_OFF|seed=42] done in 3670.8s  final_mean_osi=0.772
[M2_Ahet_OFF] seed=137
  [M2_Ahet_OFF|seed=137] checkpoint seg=0 ...
  [M2_Ahet_OFF|seed=137] checkpoint seg=10 ...
  [M2_Ahet_OFF|seed=137] checkpoint seg=20 ...
  [M2_Ahet_OFF|seed=137] checkpoint seg=30 ...
  [M2_Ahet_OFF|seed=137] checkpoint seg=40 ...
  [M2_Ahet_OFF|seed=137] checkpoint seg=50 ...
  [M2_Ahet_OFF|seed=137] checkpoint seg=60 ...
  [M2_Ahet_OFF|seed=137] checkpoint seg=70 ...
  [M2_Ahet_OFF|seed=137] checkpoint seg=80 ...
  [M2_Ahet_OFF|seed=137] checkpoint seg=90 ...
  [M2_Ahet_OFF|seed=137] checkpoint seg=100 ...
  [M2_Ahet_OFF|seed=137] checkpoint seg=110 ...
  [M2_Ahet_OFF|seed=137] checkpoint seg=120 ...
  [M2_Ahet_OFF|seed=137] checkpoint seg=130 ...
  [M2_Ahet_OFF|seed=137] checkpoint seg=140 ...
  [M2_Ahet_OFF|seed=137] checkpoint seg=150 ...
  [M2_Ahet_OFF|seed=137] checkpoint seg=160 ...
  [M2_Ahet_OFF|seed=137] checkpoint seg=170 ...
  [M2_Ahet_OFF|seed=137] checkpoint seg=180 ...
  [M2_Ahet_OFF|seed=137] checkpoint seg=190 ...
  [M2_Ahet_OFF|seed=137] checkpoint seg=200 ...
  [M2_Ahet_OFF|seed=137] checkpoint seg=210 ...
  [M2_Ahet_OFF|seed=137] checkpoint seg=220 ...
  [M2_Ahet_OFF|seed=137] checkpoint seg=230 ...
  [M2_Ahet_OFF|seed=137] checkpoint seg=240 ...
  [M2_Ahet_OFF|seed=137] checkpoint seg=250 ...
  [M2_Ahet_OFF|seed=137] checkpoint seg=260 ...
  [M2_Ahet_OFF|seed=137] checkpoint seg=270 ...
  [M2_Ahet_OFF|seed=137] checkpoint seg=280 ...
  [M2_Ahet_OFF|seed=137] checkpoint seg=290 ...
  [M2_Ahet_OFF|seed=137] checkpoint seg=300 ...
  [M2_Ahet_OFF|seed=137] done in 2931.9s  final_mean_osi=0.715
[M2_Ahet_OFF] SUMMARY: mean_osi=0.745 +/- 0.013
  [Elapsed: 166.4 min]

============================================================
Running condition 2/8: M2_Ahet_0.008
============================================================
[M2_Ahet_0.008] seed=1
  [M2_Ahet_0.008|seed=1] checkpoint seg=0 ...
  [M2_Ahet_0.008|seed=1] checkpoint seg=10 ...
  [M2_Ahet_0.008|seed=1] checkpoint seg=20 ...
  [M2_Ahet_0.008|seed=1] checkpoint seg=30 ...
  [M2_Ahet_0.008|seed=1] checkpoint seg=40 ...
  [M2_Ahet_0.008|seed=1] checkpoint seg=50 ...
  [M2_Ahet_0.008|seed=1] checkpoint seg=60 ...
  [M2_Ahet_0.008|seed=1] checkpoint seg=70 ...
  [M2_Ahet_0.008|seed=1] checkpoint seg=80 ...
  [M2_Ahet_0.008|seed=1] checkpoint seg=90 ...
  [M2_Ahet_0.008|seed=1] checkpoint seg=100 ...
  [M2_Ahet_0.008|seed=1] checkpoint seg=110 ...
  [M2_Ahet_0.008|seed=1] checkpoint seg=120 ...
  [M2_Ahet_0.008|seed=1] checkpoint seg=130 ...
  [M2_Ahet_0.008|seed=1] checkpoint seg=140 ...
  [M2_Ahet_0.008|seed=1] checkpoint seg=150 ...
  [M2_Ahet_0.008|seed=1] checkpoint seg=160 ...
  [M2_Ahet_0.008|seed=1] checkpoint seg=170 ...
  [M2_Ahet_0.008|seed=1] checkpoint seg=180 ...
  [M2_Ahet_0.008|seed=1] checkpoint seg=190 ...
  [M2_Ahet_0.008|seed=1] checkpoint seg=200 ...
  [M2_Ahet_0.008|seed=1] checkpoint seg=210 ...
  [M2_Ahet_0.008|seed=1] checkpoint seg=220 ...
  [M2_Ahet_0.008|seed=1] checkpoint seg=230 ...
  [M2_Ahet_0.008|seed=1] checkpoint seg=240 ...
  [M2_Ahet_0.008|seed=1] checkpoint seg=250 ...
  [M2_Ahet_0.008|seed=1] checkpoint seg=260 ...
  [M2_Ahet_0.008|seed=1] checkpoint seg=270 ...
  [M2_Ahet_0.008|seed=1] checkpoint seg=280 ...
  [M2_Ahet_0.008|seed=1] checkpoint seg=290 ...
  [M2_Ahet_0.008|seed=1] checkpoint seg=300 ...
  [M2_Ahet_0.008|seed=1] done in 2770.8s  final_mean_osi=0.740
[M2_Ahet_0.008] seed=42
  [M2_Ahet_0.008|seed=42] checkpoint seg=0 ...
  [M2_Ahet_0.008|seed=42] checkpoint seg=10 ...
  [M2_Ahet_0.008|seed=42] checkpoint seg=20 ...
  [M2_Ahet_0.008|seed=42] checkpoint seg=30 ...
  [M2_Ahet_0.008|seed=42] checkpoint seg=40 ...
  [M2_Ahet_0.008|seed=42] checkpoint seg=50 ...
  [M2_Ahet_0.008|seed=42] checkpoint seg=60 ...
  [M2_Ahet_0.008|seed=42] checkpoint seg=70 ...
  [M2_Ahet_0.008|seed=42] checkpoint seg=80 ...
  [M2_Ahet_0.008|seed=42] checkpoint seg=90 ...
  [M2_Ahet_0.008|seed=42] checkpoint seg=100 ...
  [M2_Ahet_0.008|seed=42] checkpoint seg=110 ...
  [M2_Ahet_0.008|seed=42] checkpoint seg=120 ...
  [M2_Ahet_0.008|seed=42] checkpoint seg=130 ...
  [M2_Ahet_0.008|seed=42] checkpoint seg=140 ...
  [M2_Ahet_0.008|seed=42] checkpoint seg=150 ...
  [M2_Ahet_0.008|seed=42] checkpoint seg=160 ...
  [M2_Ahet_0.008|seed=42] checkpoint seg=170 ...
  [M2_Ahet_0.008|seed=42] checkpoint seg=180 ...
  [M2_Ahet_0.008|seed=42] checkpoint seg=190 ...
  [M2_Ahet_0.008|seed=42] checkpoint seg=200 ...
  [M2_Ahet_0.008|seed=42] checkpoint seg=210 ...
  [M2_Ahet_0.008|seed=42] checkpoint seg=220 ...
  [M2_Ahet_0.008|seed=42] checkpoint seg=230 ...
  [M2_Ahet_0.008|seed=42] checkpoint seg=240 ...
  [M2_Ahet_0.008|seed=42] checkpoint seg=250 ...
  [M2_Ahet_0.008|seed=42] checkpoint seg=260 ...
  [M2_Ahet_0.008|seed=42] checkpoint seg=270 ...
  [M2_Ahet_0.008|seed=42] checkpoint seg=280 ...
  [M2_Ahet_0.008|seed=42] checkpoint seg=290 ...
  [M2_Ahet_0.008|seed=42] checkpoint seg=300 ...
  [M2_Ahet_0.008|seed=42] done in 2705.6s  final_mean_osi=0.751
[M2_Ahet_0.008] seed=137
  [M2_Ahet_0.008|seed=137] checkpoint seg=0 ...
  [M2_Ahet_0.008|seed=137] checkpoint seg=10 ...
  [M2_Ahet_0.008|seed=137] checkpoint seg=20 ...
  [M2_Ahet_0.008|seed=137] checkpoint seg=30 ...
  [M2_Ahet_0.008|seed=137] checkpoint seg=40 ...
  [M2_Ahet_0.008|seed=137] checkpoint seg=50 ...
  [M2_Ahet_0.008|seed=137] checkpoint seg=60 ...
  [M2_Ahet_0.008|seed=137] checkpoint seg=70 ...
  [M2_Ahet_0.008|seed=137] checkpoint seg=80 ...
  [M2_Ahet_0.008|seed=137] checkpoint seg=90 ...
  [M2_Ahet_0.008|seed=137] checkpoint seg=100 ...
  [M2_Ahet_0.008|seed=137] checkpoint seg=110 ...
  [M2_Ahet_0.008|seed=137] checkpoint seg=120 ...
  [M2_Ahet_0.008|seed=137] checkpoint seg=130 ...
  [M2_Ahet_0.008|seed=137] checkpoint seg=140 ...
  [M2_Ahet_0.008|seed=137] checkpoint seg=150 ...
  [M2_Ahet_0.008|seed=137] checkpoint seg=160 ...
  [M2_Ahet_0.008|seed=137] checkpoint seg=170 ...
  [M2_Ahet_0.008|seed=137] checkpoint seg=180 ...
  [M2_Ahet_0.008|seed=137] checkpoint seg=190 ...
  [M2_Ahet_0.008|seed=137] checkpoint seg=200 ...
  [M2_Ahet_0.008|seed=137] checkpoint seg=210 ...
  [M2_Ahet_0.008|seed=137] checkpoint seg=220 ...
  [M2_Ahet_0.008|seed=137] checkpoint seg=230 ...
  [M2_Ahet_0.008|seed=137] checkpoint seg=240 ...
  [M2_Ahet_0.008|seed=137] checkpoint seg=250 ...
  [M2_Ahet_0.008|seed=137] checkpoint seg=260 ...
  [M2_Ahet_0.008|seed=137] checkpoint seg=270 ...
  [M2_Ahet_0.008|seed=137] checkpoint seg=280 ...
  [M2_Ahet_0.008|seed=137] checkpoint seg=290 ...
  [M2_Ahet_0.008|seed=137] checkpoint seg=300 ...
  [M2_Ahet_0.008|seed=137] done in 2538.0s  final_mean_osi=0.794
[M2_Ahet_0.008] SUMMARY: mean_osi=0.762 +/- 0.013
  [Elapsed: 299.9 min]

============================================================
Running condition 3/8: M2_Ahet_0.016
============================================================
[M2_Ahet_0.016] seed=1
  [M2_Ahet_0.016|seed=1] checkpoint seg=0 ...
  [M2_Ahet_0.016|seed=1] checkpoint seg=10 ...
  [M2_Ahet_0.016|seed=1] checkpoint seg=20 ...
  [M2_Ahet_0.016|seed=1] checkpoint seg=30 ...
  [M2_Ahet_0.016|seed=1] checkpoint seg=40 ...
  [M2_Ahet_0.016|seed=1] checkpoint seg=50 ...
  [M2_Ahet_0.016|seed=1] checkpoint seg=60 ...
  [M2_Ahet_0.016|seed=1] checkpoint seg=70 ...
  [M2_Ahet_0.016|seed=1] checkpoint seg=80 ...
  [M2_Ahet_0.016|seed=1] checkpoint seg=90 ...
  [M2_Ahet_0.016|seed=1] checkpoint seg=100 ...
  [M2_Ahet_0.016|seed=1] checkpoint seg=110 ...
  [M2_Ahet_0.016|seed=1] checkpoint seg=120 ...
  [M2_Ahet_0.016|seed=1] checkpoint seg=130 ...
  [M2_Ahet_0.016|seed=1] checkpoint seg=140 ...
  [M2_Ahet_0.016|seed=1] checkpoint seg=150 ...
  [M2_Ahet_0.016|seed=1] checkpoint seg=160 ...
  [M2_Ahet_0.016|seed=1] checkpoint seg=170 ...
  [M2_Ahet_0.016|seed=1] checkpoint seg=180 ...
  [M2_Ahet_0.016|seed=1] checkpoint seg=190 ...
  [M2_Ahet_0.016|seed=1] checkpoint seg=200 ...
  [M2_Ahet_0.016|seed=1] checkpoint seg=210 ...
  [M2_Ahet_0.016|seed=1] checkpoint seg=220 ...
  [M2_Ahet_0.016|seed=1] checkpoint seg=230 ...
  [M2_Ahet_0.016|seed=1] checkpoint seg=240 ...
  [M2_Ahet_0.016|seed=1] checkpoint seg=250 ...
  [M2_Ahet_0.016|seed=1] checkpoint seg=260 ...
  [M2_Ahet_0.016|seed=1] checkpoint seg=270 ...
  [M2_Ahet_0.016|seed=1] checkpoint seg=280 ...
  [M2_Ahet_0.016|seed=1] checkpoint seg=290 ...
  [M2_Ahet_0.016|seed=1] checkpoint seg=300 ...
  [M2_Ahet_0.016|seed=1] done in 2381.6s  final_mean_osi=0.798
[M2_Ahet_0.016] seed=42
  [M2_Ahet_0.016|seed=42] checkpoint seg=0 ...
  [M2_Ahet_0.016|seed=42] checkpoint seg=10 ...
  [M2_Ahet_0.016|seed=42] checkpoint seg=20 ...
  [M2_Ahet_0.016|seed=42] checkpoint seg=30 ...
  [M2_Ahet_0.016|seed=42] checkpoint seg=40 ...
  [M2_Ahet_0.016|seed=42] checkpoint seg=50 ...
  [M2_Ahet_0.016|seed=42] checkpoint seg=60 ...
  [M2_Ahet_0.016|seed=42] checkpoint seg=70 ...
  [M2_Ahet_0.016|seed=42] checkpoint seg=80 ...
  [M2_Ahet_0.016|seed=42] checkpoint seg=90 ...
  [M2_Ahet_0.016|seed=42] checkpoint seg=100 ...
  [M2_Ahet_0.016|seed=42] checkpoint seg=110 ...
  [M2_Ahet_0.016|seed=42] checkpoint seg=120 ...
  [M2_Ahet_0.016|seed=42] checkpoint seg=130 ...
  [M2_Ahet_0.016|seed=42] checkpoint seg=140 ...
  [M2_Ahet_0.016|seed=42] checkpoint seg=150 ...
  [M2_Ahet_0.016|seed=42] checkpoint seg=160 ...
  [M2_Ahet_0.016|seed=42] checkpoint seg=170 ...
  [M2_Ahet_0.016|seed=42] checkpoint seg=180 ...
  [M2_Ahet_0.016|seed=42] checkpoint seg=190 ...
  [M2_Ahet_0.016|seed=42] checkpoint seg=200 ...
  [M2_Ahet_0.016|seed=42] checkpoint seg=210 ...
  [M2_Ahet_0.016|seed=42] checkpoint seg=220 ...
  [M2_Ahet_0.016|seed=42] checkpoint seg=230 ...
  [M2_Ahet_0.016|seed=42] checkpoint seg=240 ...
  [M2_Ahet_0.016|seed=42] checkpoint seg=250 ...
  [M2_Ahet_0.016|seed=42] checkpoint seg=260 ...
  [M2_Ahet_0.016|seed=42] checkpoint seg=270 ...
  [M2_Ahet_0.016|seed=42] checkpoint seg=280 ...
  [M2_Ahet_0.016|seed=42] checkpoint seg=290 ...
  [M2_Ahet_0.016|seed=42] checkpoint seg=300 ...
  [M2_Ahet_0.016|seed=42] done in 2466.7s  final_mean_osi=0.785
[M2_Ahet_0.016] seed=137
  [M2_Ahet_0.016|seed=137] checkpoint seg=0 ...
  [M2_Ahet_0.016|seed=137] checkpoint seg=10 ...
  [M2_Ahet_0.016|seed=137] checkpoint seg=20 ...
  [M2_Ahet_0.016|seed=137] checkpoint seg=30 ...
  [M2_Ahet_0.016|seed=137] checkpoint seg=40 ...
  [M2_Ahet_0.016|seed=137] checkpoint seg=50 ...
  [M2_Ahet_0.016|seed=137] checkpoint seg=60 ...
  [M2_Ahet_0.016|seed=137] checkpoint seg=70 ...
  [M2_Ahet_0.016|seed=137] checkpoint seg=80 ...
  [M2_Ahet_0.016|seed=137] checkpoint seg=90 ...
  [M2_Ahet_0.016|seed=137] checkpoint seg=100 ...
  [M2_Ahet_0.016|seed=137] checkpoint seg=110 ...
  [M2_Ahet_0.016|seed=137] checkpoint seg=120 ...
  [M2_Ahet_0.016|seed=137] checkpoint seg=130 ...
  [M2_Ahet_0.016|seed=137] checkpoint seg=140 ...
  [M2_Ahet_0.016|seed=137] checkpoint seg=150 ...
  [M2_Ahet_0.016|seed=137] checkpoint seg=160 ...
  [M2_Ahet_0.016|seed=137] checkpoint seg=170 ...
  [M2_Ahet_0.016|seed=137] checkpoint seg=180 ...
  [M2_Ahet_0.016|seed=137] checkpoint seg=190 ...
  [M2_Ahet_0.016|seed=137] checkpoint seg=200 ...
  [M2_Ahet_0.016|seed=137] checkpoint seg=210 ...
  [M2_Ahet_0.016|seed=137] checkpoint seg=220 ...
  [M2_Ahet_0.016|seed=137] checkpoint seg=230 ...
  [M2_Ahet_0.016|seed=137] checkpoint seg=240 ...
  [M2_Ahet_0.016|seed=137] checkpoint seg=250 ...
  [M2_Ahet_0.016|seed=137] checkpoint seg=260 ...
  [M2_Ahet_0.016|seed=137] checkpoint seg=270 ...
  [M2_Ahet_0.016|seed=137] checkpoint seg=280 ...
  [M2_Ahet_0.016|seed=137] checkpoint seg=290 ...
  [M2_Ahet_0.016|seed=137] checkpoint seg=300 ...
  [M2_Ahet_0.016|seed=137] done in 2630.2s  final_mean_osi=0.805
[M2_Ahet_0.016] SUMMARY: mean_osi=0.796 +/- 0.005
  [Elapsed: 424.6 min]

============================================================
Running condition 4/8: M2_Ahet_0.032
============================================================
[M2_Ahet_0.032] seed=1
  [M2_Ahet_0.032|seed=1] checkpoint seg=0 ...
  [M2_Ahet_0.032|seed=1] checkpoint seg=10 ...
  [M2_Ahet_0.032|seed=1] checkpoint seg=20 ...
  [M2_Ahet_0.032|seed=1] checkpoint seg=30 ...
  [M2_Ahet_0.032|seed=1] checkpoint seg=40 ...
  [M2_Ahet_0.032|seed=1] checkpoint seg=50 ...
  [M2_Ahet_0.032|seed=1] checkpoint seg=60 ...
  [M2_Ahet_0.032|seed=1] checkpoint seg=70 ...
  [M2_Ahet_0.032|seed=1] checkpoint seg=80 ...
  [M2_Ahet_0.032|seed=1] checkpoint seg=90 ...
  [M2_Ahet_0.032|seed=1] checkpoint seg=100 ...
  [M2_Ahet_0.032|seed=1] checkpoint seg=110 ...
  [M2_Ahet_0.032|seed=1] checkpoint seg=120 ...
  [M2_Ahet_0.032|seed=1] checkpoint seg=130 ...
  [M2_Ahet_0.032|seed=1] checkpoint seg=140 ...
  [M2_Ahet_0.032|seed=1] checkpoint seg=150 ...
  [M2_Ahet_0.032|seed=1] checkpoint seg=160 ...
  [M2_Ahet_0.032|seed=1] checkpoint seg=170 ...
  [M2_Ahet_0.032|seed=1] checkpoint seg=180 ...
  [M2_Ahet_0.032|seed=1] checkpoint seg=190 ...
  [M2_Ahet_0.032|seed=1] checkpoint seg=200 ...
  [M2_Ahet_0.032|seed=1] checkpoint seg=210 ...
  [M2_Ahet_0.032|seed=1] checkpoint seg=220 ...
  [M2_Ahet_0.032|seed=1] checkpoint seg=230 ...
  [M2_Ahet_0.032|seed=1] checkpoint seg=240 ...
  [M2_Ahet_0.032|seed=1] checkpoint seg=250 ...
  [M2_Ahet_0.032|seed=1] checkpoint seg=260 ...
  [M2_Ahet_0.032|seed=1] checkpoint seg=270 ...
  [M2_Ahet_0.032|seed=1] checkpoint seg=280 ...
  [M2_Ahet_0.032|seed=1] checkpoint seg=290 ...
  [M2_Ahet_0.032|seed=1] checkpoint seg=300 ...
  [M2_Ahet_0.032|seed=1] done in 3475.5s  final_mean_osi=0.845
[M2_Ahet_0.032] seed=42
  [M2_Ahet_0.032|seed=42] checkpoint seg=0 ...
  [M2_Ahet_0.032|seed=42] checkpoint seg=10 ...
  [M2_Ahet_0.032|seed=42] checkpoint seg=20 ...
  [M2_Ahet_0.032|seed=42] checkpoint seg=30 ...
  [M2_Ahet_0.032|seed=42] checkpoint seg=40 ...
  [M2_Ahet_0.032|seed=42] checkpoint seg=50 ...
  [M2_Ahet_0.032|seed=42] checkpoint seg=60 ...
  [M2_Ahet_0.032|seed=42] checkpoint seg=70 ...
  [M2_Ahet_0.032|seed=42] checkpoint seg=80 ...
  [M2_Ahet_0.032|seed=42] checkpoint seg=90 ...
  [M2_Ahet_0.032|seed=42] checkpoint seg=100 ...
  [M2_Ahet_0.032|seed=42] checkpoint seg=110 ...
  [M2_Ahet_0.032|seed=42] checkpoint seg=120 ...
  [M2_Ahet_0.032|seed=42] checkpoint seg=130 ...
  [M2_Ahet_0.032|seed=42] checkpoint seg=140 ...
  [M2_Ahet_0.032|seed=42] checkpoint seg=150 ...
  [M2_Ahet_0.032|seed=42] checkpoint seg=160 ...
  [M2_Ahet_0.032|seed=42] checkpoint seg=170 ...
  [M2_Ahet_0.032|seed=42] checkpoint seg=180 ...
  [M2_Ahet_0.032|seed=42] checkpoint seg=190 ...
  [M2_Ahet_0.032|seed=42] checkpoint seg=200 ...
  [M2_Ahet_0.032|seed=42] checkpoint seg=210 ...
  [M2_Ahet_0.032|seed=42] checkpoint seg=220 ...
  [M2_Ahet_0.032|seed=42] checkpoint seg=230 ...
  [M2_Ahet_0.032|seed=42] checkpoint seg=240 ...
  [M2_Ahet_0.032|seed=42] checkpoint seg=250 ...
  [M2_Ahet_0.032|seed=42] checkpoint seg=260 ...
  [M2_Ahet_0.032|seed=42] checkpoint seg=270 ...
  [M2_Ahet_0.032|seed=42] checkpoint seg=280 ...
  [M2_Ahet_0.032|seed=42] checkpoint seg=290 ...
  [M2_Ahet_0.032|seed=42] checkpoint seg=300 ...
  [M2_Ahet_0.032|seed=42] done in 3153.8s  final_mean_osi=0.830
[M2_Ahet_0.032] seed=137
  [M2_Ahet_0.032|seed=137] checkpoint seg=0 ...
  [M2_Ahet_0.032|seed=137] checkpoint seg=10 ...
  [M2_Ahet_0.032|seed=137] checkpoint seg=20 ...
  [M2_Ahet_0.032|seed=137] checkpoint seg=30 ...
  [M2_Ahet_0.032|seed=137] checkpoint seg=40 ...
  [M2_Ahet_0.032|seed=137] checkpoint seg=50 ...
  [M2_Ahet_0.032|seed=137] checkpoint seg=60 ...
  [M2_Ahet_0.032|seed=137] checkpoint seg=70 ...
  [M2_Ahet_0.032|seed=137] checkpoint seg=80 ...
  [M2_Ahet_0.032|seed=137] checkpoint seg=90 ...
  [M2_Ahet_0.032|seed=137] checkpoint seg=100 ...
  [M2_Ahet_0.032|seed=137] checkpoint seg=110 ...
  [M2_Ahet_0.032|seed=137] checkpoint seg=120 ...
  [M2_Ahet_0.032|seed=137] checkpoint seg=130 ...
  [M2_Ahet_0.032|seed=137] checkpoint seg=140 ...
  [M2_Ahet_0.032|seed=137] checkpoint seg=150 ...
  [M2_Ahet_0.032|seed=137] checkpoint seg=160 ...
  [M2_Ahet_0.032|seed=137] checkpoint seg=170 ...
  [M2_Ahet_0.032|seed=137] checkpoint seg=180 ...
  [M2_Ahet_0.032|seed=137] checkpoint seg=190 ...
  [M2_Ahet_0.032|seed=137] checkpoint seg=200 ...
  [M2_Ahet_0.032|seed=137] checkpoint seg=210 ...
  [M2_Ahet_0.032|seed=137] checkpoint seg=220 ...
  [M2_Ahet_0.032|seed=137] checkpoint seg=230 ...
  [M2_Ahet_0.032|seed=137] checkpoint seg=240 ...
  [M2_Ahet_0.032|seed=137] checkpoint seg=250 ...
  [M2_Ahet_0.032|seed=137] checkpoint seg=260 ...
  [M2_Ahet_0.032|seed=137] checkpoint seg=270 ...
  [M2_Ahet_0.032|seed=137] checkpoint seg=280 ...
  [M2_Ahet_0.032|seed=137] checkpoint seg=290 ...
  [M2_Ahet_0.032|seed=137] checkpoint seg=300 ...
  [M2_Ahet_0.032|seed=137] done in 3161.9s  final_mean_osi=0.864
[M2_Ahet_0.032] SUMMARY: mean_osi=0.846 +/- 0.008
  [Elapsed: 587.8 min]

============================================================
Running condition 5/8: M2_Ahet_0.048
============================================================
[M2_Ahet_0.048] seed=1
  [M2_Ahet_0.048|seed=1] checkpoint seg=0 ...
  [M2_Ahet_0.048|seed=1] checkpoint seg=10 ...
  [M2_Ahet_0.048|seed=1] checkpoint seg=20 ...
  [M2_Ahet_0.048|seed=1] checkpoint seg=30 ...
  [M2_Ahet_0.048|seed=1] checkpoint seg=40 ...
  [M2_Ahet_0.048|seed=1] checkpoint seg=50 ...
  [M2_Ahet_0.048|seed=1] checkpoint seg=60 ...
  [M2_Ahet_0.048|seed=1] checkpoint seg=70 ...
  [M2_Ahet_0.048|seed=1] checkpoint seg=80 ...
  [M2_Ahet_0.048|seed=1] checkpoint seg=90 ...
  [M2_Ahet_0.048|seed=1] checkpoint seg=100 ...
  [M2_Ahet_0.048|seed=1] checkpoint seg=110 ...
  [M2_Ahet_0.048|seed=1] checkpoint seg=120 ...
  [M2_Ahet_0.048|seed=1] checkpoint seg=130 ...
  [M2_Ahet_0.048|seed=1] checkpoint seg=140 ...
  [M2_Ahet_0.048|seed=1] checkpoint seg=150 ...
  [M2_Ahet_0.048|seed=1] checkpoint seg=160 ...
  [M2_Ahet_0.048|seed=1] checkpoint seg=170 ...
  [M2_Ahet_0.048|seed=1] checkpoint seg=180 ...
  [M2_Ahet_0.048|seed=1] checkpoint seg=190 ...
  [M2_Ahet_0.048|seed=1] checkpoint seg=200 ...
  [M2_Ahet_0.048|seed=1] checkpoint seg=210 ...
  [M2_Ahet_0.048|seed=1] checkpoint seg=220 ...
  [M2_Ahet_0.048|seed=1] checkpoint seg=230 ...
  [M2_Ahet_0.048|seed=1] checkpoint seg=240 ...
  [M2_Ahet_0.048|seed=1] checkpoint seg=250 ...
  [M2_Ahet_0.048|seed=1] checkpoint seg=260 ...
  [M2_Ahet_0.048|seed=1] checkpoint seg=270 ...
  [M2_Ahet_0.048|seed=1] checkpoint seg=280 ...
  [M2_Ahet_0.048|seed=1] checkpoint seg=290 ...
  [M2_Ahet_0.048|seed=1] checkpoint seg=300 ...
  [M2_Ahet_0.048|seed=1] done in 3260.9s  final_mean_osi=0.884
[M2_Ahet_0.048] seed=42
  [M2_Ahet_0.048|seed=42] checkpoint seg=0 ...
  [M2_Ahet_0.048|seed=42] checkpoint seg=10 ...
  [M2_Ahet_0.048|seed=42] checkpoint seg=20 ...
  [M2_Ahet_0.048|seed=42] checkpoint seg=30 ...
  [M2_Ahet_0.048|seed=42] checkpoint seg=40 ...
  [M2_Ahet_0.048|seed=42] checkpoint seg=50 ...
  [M2_Ahet_0.048|seed=42] checkpoint seg=60 ...
  [M2_Ahet_0.048|seed=42] checkpoint seg=70 ...
  [M2_Ahet_0.048|seed=42] checkpoint seg=80 ...
  [M2_Ahet_0.048|seed=42] checkpoint seg=90 ...
  [M2_Ahet_0.048|seed=42] checkpoint seg=100 ...
  [M2_Ahet_0.048|seed=42] checkpoint seg=110 ...
  [M2_Ahet_0.048|seed=42] checkpoint seg=120 ...
  [M2_Ahet_0.048|seed=42] checkpoint seg=130 ...
  [M2_Ahet_0.048|seed=42] checkpoint seg=140 ...
  [M2_Ahet_0.048|seed=42] checkpoint seg=150 ...
  [M2_Ahet_0.048|seed=42] checkpoint seg=160 ...
  [M2_Ahet_0.048|seed=42] checkpoint seg=170 ...
  [M2_Ahet_0.048|seed=42] checkpoint seg=180 ...
  [M2_Ahet_0.048|seed=42] checkpoint seg=190 ...
  [M2_Ahet_0.048|seed=42] checkpoint seg=200 ...
  [M2_Ahet_0.048|seed=42] checkpoint seg=210 ...
  [M2_Ahet_0.048|seed=42] checkpoint seg=220 ...
  [M2_Ahet_0.048|seed=42] checkpoint seg=230 ...
  [M2_Ahet_0.048|seed=42] checkpoint seg=240 ...
  [M2_Ahet_0.048|seed=42] checkpoint seg=250 ...
  [M2_Ahet_0.048|seed=42] checkpoint seg=260 ...
  [M2_Ahet_0.048|seed=42] checkpoint seg=270 ...
  [M2_Ahet_0.048|seed=42] checkpoint seg=280 ...
  [M2_Ahet_0.048|seed=42] checkpoint seg=290 ...
  [M2_Ahet_0.048|seed=42] checkpoint seg=300 ...
  [M2_Ahet_0.048|seed=42] done in 3673.3s  final_mean_osi=0.855
[M2_Ahet_0.048] seed=137
  [M2_Ahet_0.048|seed=137] checkpoint seg=0 ...
  [M2_Ahet_0.048|seed=137] checkpoint seg=10 ...
  [M2_Ahet_0.048|seed=137] checkpoint seg=20 ...
  [M2_Ahet_0.048|seed=137] checkpoint seg=30 ...
  [M2_Ahet_0.048|seed=137] checkpoint seg=40 ...
  [M2_Ahet_0.048|seed=137] checkpoint seg=50 ...
  [M2_Ahet_0.048|seed=137] checkpoint seg=60 ...
  [M2_Ahet_0.048|seed=137] checkpoint seg=70 ...
  [M2_Ahet_0.048|seed=137] checkpoint seg=80 ...
  [M2_Ahet_0.048|seed=137] checkpoint seg=90 ...
  [M2_Ahet_0.048|seed=137] checkpoint seg=100 ...
  [M2_Ahet_0.048|seed=137] checkpoint seg=110 ...
  [M2_Ahet_0.048|seed=137] checkpoint seg=120 ...
  [M2_Ahet_0.048|seed=137] checkpoint seg=130 ...
  [M2_Ahet_0.048|seed=137] checkpoint seg=140 ...
  [M2_Ahet_0.048|seed=137] checkpoint seg=150 ...
  [M2_Ahet_0.048|seed=137] checkpoint seg=160 ...
  [M2_Ahet_0.048|seed=137] checkpoint seg=170 ...
  [M2_Ahet_0.048|seed=137] checkpoint seg=180 ...
  [M2_Ahet_0.048|seed=137] checkpoint seg=190 ...
  [M2_Ahet_0.048|seed=137] checkpoint seg=200 ...
  [M2_Ahet_0.048|seed=137] checkpoint seg=210 ...
  [M2_Ahet_0.048|seed=137] checkpoint seg=220 ...
  [M2_Ahet_0.048|seed=137] checkpoint seg=230 ...
  [M2_Ahet_0.048|seed=137] checkpoint seg=240 ...
  [M2_Ahet_0.048|seed=137] checkpoint seg=250 ...
  [M2_Ahet_0.048|seed=137] checkpoint seg=260 ...
  [M2_Ahet_0.048|seed=137] checkpoint seg=270 ...
  [M2_Ahet_0.048|seed=137] checkpoint seg=280 ...
  [M2_Ahet_0.048|seed=137] checkpoint seg=290 ...
  [M2_Ahet_0.048|seed=137] checkpoint seg=300 ...
  [M2_Ahet_0.048|seed=137] done in 3251.2s  final_mean_osi=0.859
[M2_Ahet_0.048] SUMMARY: mean_osi=0.866 +/- 0.008
  [Elapsed: 757.5 min]

============================================================
Running condition 6/8: M2_Ahet_0.064
============================================================
[M2_Ahet_0.064] seed=1
  [M2_Ahet_0.064|seed=1] checkpoint seg=0 ...
  [M2_Ahet_0.064|seed=1] checkpoint seg=10 ...
  [M2_Ahet_0.064|seed=1] checkpoint seg=20 ...
  [M2_Ahet_0.064|seed=1] checkpoint seg=30 ...
  [M2_Ahet_0.064|seed=1] checkpoint seg=40 ...
  [M2_Ahet_0.064|seed=1] checkpoint seg=50 ...
  [M2_Ahet_0.064|seed=1] checkpoint seg=60 ...
  [M2_Ahet_0.064|seed=1] checkpoint seg=70 ...
  [M2_Ahet_0.064|seed=1] checkpoint seg=80 ...
  [M2_Ahet_0.064|seed=1] checkpoint seg=90 ...
  [M2_Ahet_0.064|seed=1] checkpoint seg=100 ...
  [M2_Ahet_0.064|seed=1] checkpoint seg=110 ...
  [M2_Ahet_0.064|seed=1] checkpoint seg=120 ...
  [M2_Ahet_0.064|seed=1] checkpoint seg=130 ...
  [M2_Ahet_0.064|seed=1] checkpoint seg=140 ...
  [M2_Ahet_0.064|seed=1] checkpoint seg=150 ...
  [M2_Ahet_0.064|seed=1] checkpoint seg=160 ...
  [M2_Ahet_0.064|seed=1] checkpoint seg=170 ...
  [M2_Ahet_0.064|seed=1] checkpoint seg=180 ...
  [M2_Ahet_0.064|seed=1] checkpoint seg=190 ...
  [M2_Ahet_0.064|seed=1] checkpoint seg=200 ...
  [M2_Ahet_0.064|seed=1] checkpoint seg=210 ...
  [M2_Ahet_0.064|seed=1] checkpoint seg=220 ...
  [M2_Ahet_0.064|seed=1] checkpoint seg=230 ...
  [M2_Ahet_0.064|seed=1] checkpoint seg=240 ...
  [M2_Ahet_0.064|seed=1] checkpoint seg=250 ...
  [M2_Ahet_0.064|seed=1] checkpoint seg=260 ...
  [M2_Ahet_0.064|seed=1] checkpoint seg=270 ...
  [M2_Ahet_0.064|seed=1] checkpoint seg=280 ...
  [M2_Ahet_0.064|seed=1] checkpoint seg=290 ...
  [M2_Ahet_0.064|seed=1] checkpoint seg=300 ...
  [M2_Ahet_0.064|seed=1] done in 3130.3s  final_mean_osi=0.913
[M2_Ahet_0.064] seed=42
  [M2_Ahet_0.064|seed=42] checkpoint seg=0 ...
  [M2_Ahet_0.064|seed=42] checkpoint seg=10 ...
  [M2_Ahet_0.064|seed=42] checkpoint seg=20 ...
  [M2_Ahet_0.064|seed=42] checkpoint seg=30 ...
  [M2_Ahet_0.064|seed=42] checkpoint seg=40 ...
  [M2_Ahet_0.064|seed=42] checkpoint seg=50 ...
  [M2_Ahet_0.064|seed=42] checkpoint seg=60 ...
  [M2_Ahet_0.064|seed=42] checkpoint seg=70 ...
  [M2_Ahet_0.064|seed=42] checkpoint seg=80 ...
  [M2_Ahet_0.064|seed=42] checkpoint seg=90 ...
  [M2_Ahet_0.064|seed=42] checkpoint seg=100 ...
  [M2_Ahet_0.064|seed=42] checkpoint seg=110 ...
  [M2_Ahet_0.064|seed=42] checkpoint seg=120 ...
  [M2_Ahet_0.064|seed=42] checkpoint seg=130 ...
  [M2_Ahet_0.064|seed=42] checkpoint seg=140 ...
  [M2_Ahet_0.064|seed=42] checkpoint seg=150 ...
  [M2_Ahet_0.064|seed=42] checkpoint seg=160 ...
  [M2_Ahet_0.064|seed=42] checkpoint seg=170 ...
  [M2_Ahet_0.064|seed=42] checkpoint seg=180 ...
  [M2_Ahet_0.064|seed=42] checkpoint seg=190 ...
  [M2_Ahet_0.064|seed=42] checkpoint seg=200 ...
  [M2_Ahet_0.064|seed=42] checkpoint seg=210 ...
  [M2_Ahet_0.064|seed=42] checkpoint seg=220 ...
  [M2_Ahet_0.064|seed=42] checkpoint seg=230 ...
  [M2_Ahet_0.064|seed=42] checkpoint seg=240 ...
  [M2_Ahet_0.064|seed=42] checkpoint seg=250 ...
  [M2_Ahet_0.064|seed=42] checkpoint seg=260 ...
  [M2_Ahet_0.064|seed=42] checkpoint seg=270 ...
  [M2_Ahet_0.064|seed=42] checkpoint seg=280 ...
  [M2_Ahet_0.064|seed=42] checkpoint seg=290 ...
  [M2_Ahet_0.064|seed=42] checkpoint seg=300 ...
  [M2_Ahet_0.064|seed=42] done in 2961.8s  final_mean_osi=0.907
[M2_Ahet_0.064] seed=137
  [M2_Ahet_0.064|seed=137] checkpoint seg=0 ...
  [M2_Ahet_0.064|seed=137] checkpoint seg=10 ...
  [M2_Ahet_0.064|seed=137] checkpoint seg=20 ...
  [M2_Ahet_0.064|seed=137] checkpoint seg=30 ...
  [M2_Ahet_0.064|seed=137] checkpoint seg=40 ...
  [M2_Ahet_0.064|seed=137] checkpoint seg=50 ...
  [M2_Ahet_0.064|seed=137] checkpoint seg=60 ...
  [M2_Ahet_0.064|seed=137] checkpoint seg=70 ...
  [M2_Ahet_0.064|seed=137] checkpoint seg=80 ...
  [M2_Ahet_0.064|seed=137] checkpoint seg=90 ...
  [M2_Ahet_0.064|seed=137] checkpoint seg=100 ...
  [M2_Ahet_0.064|seed=137] checkpoint seg=110 ...
  [M2_Ahet_0.064|seed=137] checkpoint seg=120 ...
  [M2_Ahet_0.064|seed=137] checkpoint seg=130 ...
  [M2_Ahet_0.064|seed=137] checkpoint seg=140 ...
  [M2_Ahet_0.064|seed=137] checkpoint seg=150 ...
  [M2_Ahet_0.064|seed=137] checkpoint seg=160 ...
  [M2_Ahet_0.064|seed=137] checkpoint seg=170 ...
  [M2_Ahet_0.064|seed=137] checkpoint seg=180 ...
  [M2_Ahet_0.064|seed=137] checkpoint seg=190 ...
  [M2_Ahet_0.064|seed=137] checkpoint seg=200 ...
  [M2_Ahet_0.064|seed=137] checkpoint seg=210 ...
  [M2_Ahet_0.064|seed=137] checkpoint seg=220 ...
  [M2_Ahet_0.064|seed=137] checkpoint seg=230 ...
  [M2_Ahet_0.064|seed=137] checkpoint seg=240 ...
  [M2_Ahet_0.064|seed=137] checkpoint seg=250 ...
  [M2_Ahet_0.064|seed=137] checkpoint seg=260 ...
  [M2_Ahet_0.064|seed=137] checkpoint seg=270 ...
  [M2_Ahet_0.064|seed=137] checkpoint seg=280 ...
  [M2_Ahet_0.064|seed=137] checkpoint seg=290 ...
  [M2_Ahet_0.064|seed=137] checkpoint seg=300 ...
  [M2_Ahet_0.064|seed=137] done in 2954.2s  final_mean_osi=0.914
[M2_Ahet_0.064] SUMMARY: mean_osi=0.911 +/- 0.002
  [Elapsed: 908.3 min]

============================================================
Running condition 7/8: M2_Ahet_0.096
============================================================
[M2_Ahet_0.096] seed=1
  [M2_Ahet_0.096|seed=1] checkpoint seg=0 ...
  [M2_Ahet_0.096|seed=1] checkpoint seg=10 ...
  [M2_Ahet_0.096|seed=1] checkpoint seg=20 ...
  [M2_Ahet_0.096|seed=1] checkpoint seg=30 ...
  [M2_Ahet_0.096|seed=1] checkpoint seg=40 ...
  [M2_Ahet_0.096|seed=1] checkpoint seg=50 ...
  [M2_Ahet_0.096|seed=1] checkpoint seg=60 ...
  [M2_Ahet_0.096|seed=1] checkpoint seg=70 ...
  [M2_Ahet_0.096|seed=1] checkpoint seg=80 ...
  [M2_Ahet_0.096|seed=1] checkpoint seg=90 ...
  [M2_Ahet_0.096|seed=1] checkpoint seg=100 ...
  [M2_Ahet_0.096|seed=1] checkpoint seg=110 ...
  [M2_Ahet_0.096|seed=1] checkpoint seg=120 ...
  [M2_Ahet_0.096|seed=1] checkpoint seg=130 ...
  [M2_Ahet_0.096|seed=1] checkpoint seg=140 ...
  [M2_Ahet_0.096|seed=1] checkpoint seg=150 ...
  [M2_Ahet_0.096|seed=1] checkpoint seg=160 ...
  [M2_Ahet_0.096|seed=1] checkpoint seg=170 ...
  [M2_Ahet_0.096|seed=1] checkpoint seg=180 ...
  [M2_Ahet_0.096|seed=1] checkpoint seg=190 ...
  [M2_Ahet_0.096|seed=1] checkpoint seg=200 ...
  [M2_Ahet_0.096|seed=1] checkpoint seg=210 ...
  [M2_Ahet_0.096|seed=1] checkpoint seg=220 ...
  [M2_Ahet_0.096|seed=1] checkpoint seg=230 ...
  [M2_Ahet_0.096|seed=1] checkpoint seg=240 ...
  [M2_Ahet_0.096|seed=1] checkpoint seg=250 ...
  [M2_Ahet_0.096|seed=1] checkpoint seg=260 ...
  [M2_Ahet_0.096|seed=1] checkpoint seg=270 ...
  [M2_Ahet_0.096|seed=1] checkpoint seg=280 ...
  [M2_Ahet_0.096|seed=1] checkpoint seg=290 ...
  [M2_Ahet_0.096|seed=1] checkpoint seg=300 ...
  [M2_Ahet_0.096|seed=1] done in 3577.2s  final_mean_osi=0.945
[M2_Ahet_0.096] seed=42
  [M2_Ahet_0.096|seed=42] checkpoint seg=0 ...
  [M2_Ahet_0.096|seed=42] checkpoint seg=10 ...
  [M2_Ahet_0.096|seed=42] checkpoint seg=20 ...
  [M2_Ahet_0.096|seed=42] checkpoint seg=30 ...
  [M2_Ahet_0.096|seed=42] checkpoint seg=40 ...
  [M2_Ahet_0.096|seed=42] checkpoint seg=50 ...
  [M2_Ahet_0.096|seed=42] checkpoint seg=60 ...
  [M2_Ahet_0.096|seed=42] checkpoint seg=70 ...
  [M2_Ahet_0.096|seed=42] checkpoint seg=80 ...
  [M2_Ahet_0.096|seed=42] checkpoint seg=90 ...
  [M2_Ahet_0.096|seed=42] checkpoint seg=100 ...
  [M2_Ahet_0.096|seed=42] checkpoint seg=110 ...
  [M2_Ahet_0.096|seed=42] checkpoint seg=120 ...
  [M2_Ahet_0.096|seed=42] checkpoint seg=130 ...
  [M2_Ahet_0.096|seed=42] checkpoint seg=140 ...
  [M2_Ahet_0.096|seed=42] checkpoint seg=150 ...
  [M2_Ahet_0.096|seed=42] checkpoint seg=160 ...
  [M2_Ahet_0.096|seed=42] checkpoint seg=170 ...
  [M2_Ahet_0.096|seed=42] checkpoint seg=180 ...
  [M2_Ahet_0.096|seed=42] checkpoint seg=190 ...
  [M2_Ahet_0.096|seed=42] checkpoint seg=200 ...
  [M2_Ahet_0.096|seed=42] checkpoint seg=210 ...
  [M2_Ahet_0.096|seed=42] checkpoint seg=220 ...
  [M2_Ahet_0.096|seed=42] checkpoint seg=230 ...
  [M2_Ahet_0.096|seed=42] checkpoint seg=240 ...
  [M2_Ahet_0.096|seed=42] checkpoint seg=250 ...
  [M2_Ahet_0.096|seed=42] checkpoint seg=260 ...
  [M2_Ahet_0.096|seed=42] checkpoint seg=270 ...
  [M2_Ahet_0.096|seed=42] checkpoint seg=280 ...
  [M2_Ahet_0.096|seed=42] checkpoint seg=290 ...
  [M2_Ahet_0.096|seed=42] checkpoint seg=300 ...
  [M2_Ahet_0.096|seed=42] done in 3853.3s  final_mean_osi=0.898
[M2_Ahet_0.096] seed=137
  [M2_Ahet_0.096|seed=137] checkpoint seg=0 ...
  [M2_Ahet_0.096|seed=137] checkpoint seg=10 ...
  [M2_Ahet_0.096|seed=137] checkpoint seg=20 ...
  [M2_Ahet_0.096|seed=137] checkpoint seg=30 ...
  [M2_Ahet_0.096|seed=137] checkpoint seg=40 ...
  [M2_Ahet_0.096|seed=137] checkpoint seg=50 ...
  [M2_Ahet_0.096|seed=137] checkpoint seg=60 ...
  [M2_Ahet_0.096|seed=137] checkpoint seg=70 ...
  [M2_Ahet_0.096|seed=137] checkpoint seg=80 ...
  [M2_Ahet_0.096|seed=137] checkpoint seg=90 ...
  [M2_Ahet_0.096|seed=137] checkpoint seg=100 ...
  [M2_Ahet_0.096|seed=137] checkpoint seg=110 ...
  [M2_Ahet_0.096|seed=137] checkpoint seg=120 ...
  [M2_Ahet_0.096|seed=137] checkpoint seg=130 ...
  [M2_Ahet_0.096|seed=137] checkpoint seg=140 ...
  [M2_Ahet_0.096|seed=137] checkpoint seg=150 ...
  [M2_Ahet_0.096|seed=137] checkpoint seg=160 ...
  [M2_Ahet_0.096|seed=137] checkpoint seg=170 ...
  [M2_Ahet_0.096|seed=137] checkpoint seg=180 ...
  [M2_Ahet_0.096|seed=137] checkpoint seg=190 ...
  [M2_Ahet_0.096|seed=137] checkpoint seg=200 ...
  [M2_Ahet_0.096|seed=137] checkpoint seg=210 ...
  [M2_Ahet_0.096|seed=137] checkpoint seg=220 ...
  [M2_Ahet_0.096|seed=137] checkpoint seg=230 ...
  [M2_Ahet_0.096|seed=137] checkpoint seg=240 ...
  [M2_Ahet_0.096|seed=137] checkpoint seg=250 ...
  [M2_Ahet_0.096|seed=137] checkpoint seg=260 ...
  [M2_Ahet_0.096|seed=137] checkpoint seg=270 ...
  [M2_Ahet_0.096|seed=137] checkpoint seg=280 ...
  [M2_Ahet_0.096|seed=137] checkpoint seg=290 ...
  [M2_Ahet_0.096|seed=137] checkpoint seg=300 ...
  [M2_Ahet_0.096|seed=137] done in 3233.5s  final_mean_osi=0.815
[M2_Ahet_0.096] SUMMARY: mean_osi=0.886 +/- 0.031
  [Elapsed: 1086.0 min]

============================================================
Running condition 8/8: M2_Ahet_0.128
============================================================
[M2_Ahet_0.128] seed=1
  [M2_Ahet_0.128|seed=1] checkpoint seg=0 ...
  [M2_Ahet_0.128|seed=1] checkpoint seg=10 ...
  [M2_Ahet_0.128|seed=1] checkpoint seg=20 ...
  [M2_Ahet_0.128|seed=1] checkpoint seg=30 ...
  [M2_Ahet_0.128|seed=1] checkpoint seg=40 ...
  [M2_Ahet_0.128|seed=1] checkpoint seg=50 ...
  [M2_Ahet_0.128|seed=1] checkpoint seg=60 ...
  [M2_Ahet_0.128|seed=1] checkpoint seg=70 ...
  [M2_Ahet_0.128|seed=1] checkpoint seg=80 ...
  [M2_Ahet_0.128|seed=1] checkpoint seg=90 ...
  [M2_Ahet_0.128|seed=1] checkpoint seg=100 ...
  [M2_Ahet_0.128|seed=1] checkpoint seg=110 ...
  [M2_Ahet_0.128|seed=1] checkpoint seg=120 ...
  [M2_Ahet_0.128|seed=1] checkpoint seg=130 ...
  [M2_Ahet_0.128|seed=1] checkpoint seg=140 ...
  [M2_Ahet_0.128|seed=1] checkpoint seg=150 ...
  [M2_Ahet_0.128|seed=1] checkpoint seg=160 ...
  [M2_Ahet_0.128|seed=1] checkpoint seg=170 ...
  [M2_Ahet_0.128|seed=1] checkpoint seg=180 ...
  [M2_Ahet_0.128|seed=1] checkpoint seg=190 ...
  [M2_Ahet_0.128|seed=1] checkpoint seg=200 ...
  [M2_Ahet_0.128|seed=1] checkpoint seg=210 ...
  [M2_Ahet_0.128|seed=1] checkpoint seg=220 ...
  [M2_Ahet_0.128|seed=1] checkpoint seg=230 ...
  [M2_Ahet_0.128|seed=1] checkpoint seg=240 ...
  [M2_Ahet_0.128|seed=1] checkpoint seg=250 ...
  [M2_Ahet_0.128|seed=1] checkpoint seg=260 ...
  [M2_Ahet_0.128|seed=1] checkpoint seg=270 ...
  [M2_Ahet_0.128|seed=1] checkpoint seg=280 ...
  [M2_Ahet_0.128|seed=1] checkpoint seg=290 ...
  [M2_Ahet_0.128|seed=1] checkpoint seg=300 ...
  [M2_Ahet_0.128|seed=1] done in 3361.7s  final_mean_osi=0.838
[M2_Ahet_0.128] seed=42
  [M2_Ahet_0.128|seed=42] checkpoint seg=0 ...
  [M2_Ahet_0.128|seed=42] checkpoint seg=10 ...
  [M2_Ahet_0.128|seed=42] checkpoint seg=20 ...
  [M2_Ahet_0.128|seed=42] checkpoint seg=30 ...
  [M2_Ahet_0.128|seed=42] checkpoint seg=40 ...
  [M2_Ahet_0.128|seed=42] checkpoint seg=50 ...
  [M2_Ahet_0.128|seed=42] checkpoint seg=60 ...
  [M2_Ahet_0.128|seed=42] checkpoint seg=70 ...
  [M2_Ahet_0.128|seed=42] checkpoint seg=80 ...
  [M2_Ahet_0.128|seed=42] checkpoint seg=90 ...
  [M2_Ahet_0.128|seed=42] checkpoint seg=100 ...
  [M2_Ahet_0.128|seed=42] checkpoint seg=110 ...
  [M2_Ahet_0.128|seed=42] checkpoint seg=120 ...
  [M2_Ahet_0.128|seed=42] checkpoint seg=130 ...
  [M2_Ahet_0.128|seed=42] checkpoint seg=140 ...
  [M2_Ahet_0.128|seed=42] checkpoint seg=150 ...
  [M2_Ahet_0.128|seed=42] checkpoint seg=160 ...
  [M2_Ahet_0.128|seed=42] checkpoint seg=170 ...
  [M2_Ahet_0.128|seed=42] checkpoint seg=180 ...
  [M2_Ahet_0.128|seed=42] checkpoint seg=190 ...
  [M2_Ahet_0.128|seed=42] checkpoint seg=200 ...
  [M2_Ahet_0.128|seed=42] checkpoint seg=210 ...
  [M2_Ahet_0.128|seed=42] checkpoint seg=220 ...
  [M2_Ahet_0.128|seed=42] checkpoint seg=230 ...
  [M2_Ahet_0.128|seed=42] checkpoint seg=240 ...
  [M2_Ahet_0.128|seed=42] checkpoint seg=250 ...
  [M2_Ahet_0.128|seed=42] checkpoint seg=260 ...
  [M2_Ahet_0.128|seed=42] checkpoint seg=270 ...
  [M2_Ahet_0.128|seed=42] checkpoint seg=280 ...
  [M2_Ahet_0.128|seed=42] checkpoint seg=290 ...
  [M2_Ahet_0.128|seed=42] checkpoint seg=300 ...
  [M2_Ahet_0.128|seed=42] done in 2391.0s  final_mean_osi=0.885
[M2_Ahet_0.128] seed=137
  [M2_Ahet_0.128|seed=137] checkpoint seg=0 ...
  [M2_Ahet_0.128|seed=137] checkpoint seg=10 ...
  [M2_Ahet_0.128|seed=137] checkpoint seg=20 ...
  [M2_Ahet_0.128|seed=137] checkpoint seg=30 ...
  [M2_Ahet_0.128|seed=137] checkpoint seg=40 ...
  [M2_Ahet_0.128|seed=137] checkpoint seg=50 ...
  [M2_Ahet_0.128|seed=137] checkpoint seg=60 ...
  [M2_Ahet_0.128|seed=137] checkpoint seg=70 ...
  [M2_Ahet_0.128|seed=137] checkpoint seg=80 ...
  [M2_Ahet_0.128|seed=137] checkpoint seg=90 ...
  [M2_Ahet_0.128|seed=137] checkpoint seg=100 ...
  [M2_Ahet_0.128|seed=137] checkpoint seg=110 ...
  [M2_Ahet_0.128|seed=137] checkpoint seg=120 ...
  [M2_Ahet_0.128|seed=137] checkpoint seg=130 ...
  [M2_Ahet_0.128|seed=137] checkpoint seg=140 ...
  [M2_Ahet_0.128|seed=137] checkpoint seg=150 ...
  [M2_Ahet_0.128|seed=137] checkpoint seg=160 ...
  [M2_Ahet_0.128|seed=137] checkpoint seg=170 ...
  [M2_Ahet_0.128|seed=137] checkpoint seg=180 ...
  [M2_Ahet_0.128|seed=137] checkpoint seg=190 ...
  [M2_Ahet_0.128|seed=137] checkpoint seg=200 ...
  [M2_Ahet_0.128|seed=137] checkpoint seg=210 ...
  [M2_Ahet_0.128|seed=137] checkpoint seg=220 ...
  [M2_Ahet_0.128|seed=137] checkpoint seg=230 ...
  [M2_Ahet_0.128|seed=137] checkpoint seg=240 ...
  [M2_Ahet_0.128|seed=137] checkpoint seg=250 ...
  [M2_Ahet_0.128|seed=137] checkpoint seg=260 ...
  [M2_Ahet_0.128|seed=137] checkpoint seg=270 ...
  [M2_Ahet_0.128|seed=137] checkpoint seg=280 ...
  [M2_Ahet_0.128|seed=137] checkpoint seg=290 ...
  [M2_Ahet_0.128|seed=137] checkpoint seg=300 ...
  [M2_Ahet_0.128|seed=137] done in 3193.5s  final_mean_osi=0.899
[M2_Ahet_0.128] SUMMARY: mean_osi=0.874 +/- 0.015
  [Elapsed: 1235.1 min]

============================================================
M2 INVESTIGATION SUMMARY
============================================================
Condition                   A_het   OSI mean   OSI SEM
-------------------------------------------------------
  M2_Ahet_OFF               0.000     0.7450    0.0135
  M2_Ahet_0.008             0.008     0.7617    0.0134
  M2_Ahet_0.016             0.016     0.7958    0.0048
  M2_Ahet_0.032             0.032     0.8463    0.0081
  M2_Ahet_0.048             0.048     0.8658    0.0076
  M2_Ahet_0.064             0.064     0.9113    0.0017
  M2_Ahet_0.096             0.096     0.8860    0.0310
  M2_Ahet_0.128             0.128     0.8739    0.0149

Ablation effect: baseline OSI = 0.8463, ablation OSI = 0.7450
  Drop = 0.1013 (12.0% of baseline)
  Verdict: FACILITATING — OSI degrades moderately but remains above 0.5

Total wall time: 1235.3 min
Results saved to investigation_results/M2_heterosynaptic/
