/home/vysoforlife/miniconda3/envs/habitat/lib/python3.9/site-packages/scipy/__init__.py:146: UserWarning: A NumPy version >=1.17.3 and <1.25.0 is required for this version of SciPy (detected version 1.26.4
  warnings.warn(f"A NumPy version >={np_minversion} and <{np_maxversion}"

============================================================
Running: M1_stdp_off
============================================================
[M1_stdp_off] seed=1
  [M1_stdp_off|seed=1] checkpoint seg=0 ...
  [M1_stdp_off|seed=1] checkpoint seg=10 ...
  [M1_stdp_off|seed=1] checkpoint seg=20 ...
  [M1_stdp_off|seed=1] checkpoint seg=30 ...
  [M1_stdp_off|seed=1] checkpoint seg=40 ...
  [M1_stdp_off|seed=1] checkpoint seg=50 ...
  [M1_stdp_off|seed=1] checkpoint seg=60 ...
  [M1_stdp_off|seed=1] checkpoint seg=70 ...
  [M1_stdp_off|seed=1] checkpoint seg=80 ...
  [M1_stdp_off|seed=1] checkpoint seg=90 ...
  [M1_stdp_off|seed=1] checkpoint seg=100 ...
  [M1_stdp_off|seed=1] checkpoint seg=110 ...
  [M1_stdp_off|seed=1] checkpoint seg=120 ...
  [M1_stdp_off|seed=1] checkpoint seg=130 ...
  [M1_stdp_off|seed=1] checkpoint seg=140 ...
  [M1_stdp_off|seed=1] checkpoint seg=150 ...
  [M1_stdp_off|seed=1] checkpoint seg=160 ...
  [M1_stdp_off|seed=1] checkpoint seg=170 ...
  [M1_stdp_off|seed=1] checkpoint seg=180 ...
  [M1_stdp_off|seed=1] checkpoint seg=190 ...
  [M1_stdp_off|seed=1] checkpoint seg=200 ...
  [M1_stdp_off|seed=1] checkpoint seg=210 ...
  [M1_stdp_off|seed=1] checkpoint seg=220 ...
  [M1_stdp_off|seed=1] checkpoint seg=230 ...
  [M1_stdp_off|seed=1] checkpoint seg=240 ...
  [M1_stdp_off|seed=1] checkpoint seg=250 ...
  [M1_stdp_off|seed=1] checkpoint seg=260 ...
  [M1_stdp_off|seed=1] checkpoint seg=270 ...
  [M1_stdp_off|seed=1] checkpoint seg=280 ...
  [M1_stdp_off|seed=1] checkpoint seg=290 ...
  [M1_stdp_off|seed=1] checkpoint seg=300 ...
  [M1_stdp_off|seed=1] done in 2593.1s  final_mean_osi=0.159
[M1_stdp_off] seed=42
  [M1_stdp_off|seed=42] checkpoint seg=0 ...
  [M1_stdp_off|seed=42] checkpoint seg=10 ...
  [M1_stdp_off|seed=42] checkpoint seg=20 ...
  [M1_stdp_off|seed=42] checkpoint seg=30 ...
  [M1_stdp_off|seed=42] checkpoint seg=40 ...
  [M1_stdp_off|seed=42] checkpoint seg=50 ...
  [M1_stdp_off|seed=42] checkpoint seg=60 ...
  [M1_stdp_off|seed=42] checkpoint seg=70 ...
  [M1_stdp_off|seed=42] checkpoint seg=80 ...
  [M1_stdp_off|seed=42] checkpoint seg=90 ...
  [M1_stdp_off|seed=42] checkpoint seg=100 ...
  [M1_stdp_off|seed=42] checkpoint seg=110 ...
  [M1_stdp_off|seed=42] checkpoint seg=120 ...
  [M1_stdp_off|seed=42] checkpoint seg=130 ...
  [M1_stdp_off|seed=42] checkpoint seg=140 ...
  [M1_stdp_off|seed=42] checkpoint seg=150 ...
  [M1_stdp_off|seed=42] checkpoint seg=160 ...
  [M1_stdp_off|seed=42] checkpoint seg=170 ...
  [M1_stdp_off|seed=42] checkpoint seg=180 ...
  [M1_stdp_off|seed=42] checkpoint seg=190 ...
  [M1_stdp_off|seed=42] checkpoint seg=200 ...
  [M1_stdp_off|seed=42] checkpoint seg=210 ...
  [M1_stdp_off|seed=42] checkpoint seg=220 ...
  [M1_stdp_off|seed=42] checkpoint seg=230 ...
  [M1_stdp_off|seed=42] checkpoint seg=240 ...
  [M1_stdp_off|seed=42] checkpoint seg=250 ...
  [M1_stdp_off|seed=42] checkpoint seg=260 ...
  [M1_stdp_off|seed=42] checkpoint seg=270 ...
  [M1_stdp_off|seed=42] checkpoint seg=280 ...
  [M1_stdp_off|seed=42] checkpoint seg=290 ...
  [M1_stdp_off|seed=42] checkpoint seg=300 ...
  [M1_stdp_off|seed=42] done in 2732.6s  final_mean_osi=0.254
[M1_stdp_off] seed=137
  [M1_stdp_off|seed=137] checkpoint seg=0 ...
  [M1_stdp_off|seed=137] checkpoint seg=10 ...
  [M1_stdp_off|seed=137] checkpoint seg=20 ...
  [M1_stdp_off|seed=137] checkpoint seg=30 ...
  [M1_stdp_off|seed=137] checkpoint seg=40 ...
  [M1_stdp_off|seed=137] checkpoint seg=50 ...
  [M1_stdp_off|seed=137] checkpoint seg=60 ...
  [M1_stdp_off|seed=137] checkpoint seg=70 ...
  [M1_stdp_off|seed=137] checkpoint seg=80 ...
  [M1_stdp_off|seed=137] checkpoint seg=90 ...
  [M1_stdp_off|seed=137] checkpoint seg=100 ...
  [M1_stdp_off|seed=137] checkpoint seg=110 ...
  [M1_stdp_off|seed=137] checkpoint seg=120 ...
  [M1_stdp_off|seed=137] checkpoint seg=130 ...
  [M1_stdp_off|seed=137] checkpoint seg=140 ...
  [M1_stdp_off|seed=137] checkpoint seg=150 ...
  [M1_stdp_off|seed=137] checkpoint seg=160 ...
  [M1_stdp_off|seed=137] checkpoint seg=170 ...
  [M1_stdp_off|seed=137] checkpoint seg=180 ...
  [M1_stdp_off|seed=137] checkpoint seg=190 ...
  [M1_stdp_off|seed=137] checkpoint seg=200 ...
  [M1_stdp_off|seed=137] checkpoint seg=210 ...
  [M1_stdp_off|seed=137] checkpoint seg=220 ...
  [M1_stdp_off|seed=137] checkpoint seg=230 ...
  [M1_stdp_off|seed=137] checkpoint seg=240 ...
  [M1_stdp_off|seed=137] checkpoint seg=250 ...
  [M1_stdp_off|seed=137] checkpoint seg=260 ...
  [M1_stdp_off|seed=137] checkpoint seg=270 ...
  [M1_stdp_off|seed=137] checkpoint seg=280 ...
  [M1_stdp_off|seed=137] checkpoint seg=290 ...
  [M1_stdp_off|seed=137] checkpoint seg=300 ...
  [M1_stdp_off|seed=137] done in 2572.0s  final_mean_osi=0.188
[M1_stdp_off] SUMMARY: mean_osi=0.200 +/- 0.023

============================================================
Running: M1_pair_only
============================================================
[M1_pair_only] seed=1
  [M1_pair_only|seed=1] checkpoint seg=0 ...
  [M1_pair_only|seed=1] checkpoint seg=10 ...
  [M1_pair_only|seed=1] checkpoint seg=20 ...
  [M1_pair_only|seed=1] checkpoint seg=30 ...
  [M1_pair_only|seed=1] checkpoint seg=40 ...
  [M1_pair_only|seed=1] checkpoint seg=50 ...
  [M1_pair_only|seed=1] checkpoint seg=60 ...
  [M1_pair_only|seed=1] checkpoint seg=70 ...
  [M1_pair_only|seed=1] checkpoint seg=80 ...
  [M1_pair_only|seed=1] checkpoint seg=90 ...
  [M1_pair_only|seed=1] checkpoint seg=100 ...
  [M1_pair_only|seed=1] checkpoint seg=110 ...
  [M1_pair_only|seed=1] checkpoint seg=120 ...
  [M1_pair_only|seed=1] checkpoint seg=130 ...
  [M1_pair_only|seed=1] checkpoint seg=140 ...
  [M1_pair_only|seed=1] checkpoint seg=150 ...
  [M1_pair_only|seed=1] checkpoint seg=160 ...
  [M1_pair_only|seed=1] checkpoint seg=170 ...
  [M1_pair_only|seed=1] checkpoint seg=180 ...
  [M1_pair_only|seed=1] checkpoint seg=190 ...
  [M1_pair_only|seed=1] checkpoint seg=200 ...
  [M1_pair_only|seed=1] checkpoint seg=210 ...
  [M1_pair_only|seed=1] checkpoint seg=220 ...
  [M1_pair_only|seed=1] checkpoint seg=230 ...
  [M1_pair_only|seed=1] checkpoint seg=240 ...
  [M1_pair_only|seed=1] checkpoint seg=250 ...
  [M1_pair_only|seed=1] checkpoint seg=260 ...
  [M1_pair_only|seed=1] checkpoint seg=270 ...
  [M1_pair_only|seed=1] checkpoint seg=280 ...
  [M1_pair_only|seed=1] checkpoint seg=290 ...
  [M1_pair_only|seed=1] checkpoint seg=300 ...
  [M1_pair_only|seed=1] done in 2403.0s  final_mean_osi=0.872
[M1_pair_only] seed=42
  [M1_pair_only|seed=42] checkpoint seg=0 ...
  [M1_pair_only|seed=42] checkpoint seg=10 ...
  [M1_pair_only|seed=42] checkpoint seg=20 ...
  [M1_pair_only|seed=42] checkpoint seg=30 ...
  [M1_pair_only|seed=42] checkpoint seg=40 ...
  [M1_pair_only|seed=42] checkpoint seg=50 ...
  [M1_pair_only|seed=42] checkpoint seg=60 ...
  [M1_pair_only|seed=42] checkpoint seg=70 ...
  [M1_pair_only|seed=42] checkpoint seg=80 ...
  [M1_pair_only|seed=42] checkpoint seg=90 ...
  [M1_pair_only|seed=42] checkpoint seg=100 ...
  [M1_pair_only|seed=42] checkpoint seg=110 ...
  [M1_pair_only|seed=42] checkpoint seg=120 ...
  [M1_pair_only|seed=42] checkpoint seg=130 ...
  [M1_pair_only|seed=42] checkpoint seg=140 ...
  [M1_pair_only|seed=42] checkpoint seg=150 ...
  [M1_pair_only|seed=42] checkpoint seg=160 ...
  [M1_pair_only|seed=42] checkpoint seg=170 ...
  [M1_pair_only|seed=42] checkpoint seg=180 ...
  [M1_pair_only|seed=42] checkpoint seg=190 ...
  [M1_pair_only|seed=42] checkpoint seg=200 ...
  [M1_pair_only|seed=42] checkpoint seg=210 ...
  [M1_pair_only|seed=42] checkpoint seg=220 ...
  [M1_pair_only|seed=42] checkpoint seg=230 ...
  [M1_pair_only|seed=42] checkpoint seg=240 ...
  [M1_pair_only|seed=42] checkpoint seg=250 ...
  [M1_pair_only|seed=42] checkpoint seg=260 ...
  [M1_pair_only|seed=42] checkpoint seg=270 ...
  [M1_pair_only|seed=42] checkpoint seg=280 ...
  [M1_pair_only|seed=42] checkpoint seg=290 ...
  [M1_pair_only|seed=42] checkpoint seg=300 ...
  [M1_pair_only|seed=42] done in 2105.1s  final_mean_osi=0.837
[M1_pair_only] seed=137
  [M1_pair_only|seed=137] checkpoint seg=0 ...
  [M1_pair_only|seed=137] checkpoint seg=10 ...
  [M1_pair_only|seed=137] checkpoint seg=20 ...
  [M1_pair_only|seed=137] checkpoint seg=30 ...
  [M1_pair_only|seed=137] checkpoint seg=40 ...
  [M1_pair_only|seed=137] checkpoint seg=50 ...
  [M1_pair_only|seed=137] checkpoint seg=60 ...
  [M1_pair_only|seed=137] checkpoint seg=70 ...
  [M1_pair_only|seed=137] checkpoint seg=80 ...
  [M1_pair_only|seed=137] checkpoint seg=90 ...
  [M1_pair_only|seed=137] checkpoint seg=100 ...
  [M1_pair_only|seed=137] checkpoint seg=110 ...
  [M1_pair_only|seed=137] checkpoint seg=120 ...
  [M1_pair_only|seed=137] checkpoint seg=130 ...
  [M1_pair_only|seed=137] checkpoint seg=140 ...
  [M1_pair_only|seed=137] checkpoint seg=150 ...
  [M1_pair_only|seed=137] checkpoint seg=160 ...
  [M1_pair_only|seed=137] checkpoint seg=170 ...
  [M1_pair_only|seed=137] checkpoint seg=180 ...
  [M1_pair_only|seed=137] checkpoint seg=190 ...
  [M1_pair_only|seed=137] checkpoint seg=200 ...
  [M1_pair_only|seed=137] checkpoint seg=210 ...
  [M1_pair_only|seed=137] checkpoint seg=220 ...
  [M1_pair_only|seed=137] checkpoint seg=230 ...
  [M1_pair_only|seed=137] checkpoint seg=240 ...
  [M1_pair_only|seed=137] checkpoint seg=250 ...
  [M1_pair_only|seed=137] checkpoint seg=260 ...
  [M1_pair_only|seed=137] checkpoint seg=270 ...
  [M1_pair_only|seed=137] checkpoint seg=280 ...
  [M1_pair_only|seed=137] checkpoint seg=290 ...
  [M1_pair_only|seed=137] checkpoint seg=300 ...
  [M1_pair_only|seed=137] done in 2637.5s  final_mean_osi=0.846
[M1_pair_only] SUMMARY: mean_osi=0.852 +/- 0.009

============================================================
Running: M1_A2m_0.004
============================================================
[M1_A2m_0.004] seed=1
  [M1_A2m_0.004|seed=1] checkpoint seg=0 ...
  [M1_A2m_0.004|seed=1] checkpoint seg=10 ...
  [M1_A2m_0.004|seed=1] checkpoint seg=20 ...
  [M1_A2m_0.004|seed=1] checkpoint seg=30 ...
  [M1_A2m_0.004|seed=1] checkpoint seg=40 ...
  [M1_A2m_0.004|seed=1] checkpoint seg=50 ...
  [M1_A2m_0.004|seed=1] checkpoint seg=60 ...
  [M1_A2m_0.004|seed=1] checkpoint seg=70 ...
  [M1_A2m_0.004|seed=1] checkpoint seg=80 ...
  [M1_A2m_0.004|seed=1] checkpoint seg=90 ...
  [M1_A2m_0.004|seed=1] checkpoint seg=100 ...
  [M1_A2m_0.004|seed=1] checkpoint seg=110 ...
  [M1_A2m_0.004|seed=1] checkpoint seg=120 ...
  [M1_A2m_0.004|seed=1] checkpoint seg=130 ...
  [M1_A2m_0.004|seed=1] checkpoint seg=140 ...
  [M1_A2m_0.004|seed=1] checkpoint seg=150 ...
  [M1_A2m_0.004|seed=1] checkpoint seg=160 ...
  [M1_A2m_0.004|seed=1] checkpoint seg=170 ...
  [M1_A2m_0.004|seed=1] checkpoint seg=180 ...
  [M1_A2m_0.004|seed=1] checkpoint seg=190 ...
  [M1_A2m_0.004|seed=1] checkpoint seg=200 ...
  [M1_A2m_0.004|seed=1] checkpoint seg=210 ...
  [M1_A2m_0.004|seed=1] checkpoint seg=220 ...
  [M1_A2m_0.004|seed=1] checkpoint seg=230 ...
  [M1_A2m_0.004|seed=1] checkpoint seg=240 ...
  [M1_A2m_0.004|seed=1] checkpoint seg=250 ...
  [M1_A2m_0.004|seed=1] checkpoint seg=260 ...
  [M1_A2m_0.004|seed=1] checkpoint seg=270 ...
  [M1_A2m_0.004|seed=1] checkpoint seg=280 ...
  [M1_A2m_0.004|seed=1] checkpoint seg=290 ...
  [M1_A2m_0.004|seed=1] checkpoint seg=300 ...
  [M1_A2m_0.004|seed=1] done in 3181.0s  final_mean_osi=0.827
[M1_A2m_0.004] seed=42
  [M1_A2m_0.004|seed=42] checkpoint seg=0 ...
  [M1_A2m_0.004|seed=42] checkpoint seg=10 ...
  [M1_A2m_0.004|seed=42] checkpoint seg=20 ...
  [M1_A2m_0.004|seed=42] checkpoint seg=30 ...
  [M1_A2m_0.004|seed=42] checkpoint seg=40 ...
  [M1_A2m_0.004|seed=42] checkpoint seg=50 ...
  [M1_A2m_0.004|seed=42] checkpoint seg=60 ...
  [M1_A2m_0.004|seed=42] checkpoint seg=70 ...
  [M1_A2m_0.004|seed=42] checkpoint seg=80 ...
  [M1_A2m_0.004|seed=42] checkpoint seg=90 ...
  [M1_A2m_0.004|seed=42] checkpoint seg=100 ...
  [M1_A2m_0.004|seed=42] checkpoint seg=110 ...
  [M1_A2m_0.004|seed=42] checkpoint seg=120 ...
  [M1_A2m_0.004|seed=42] checkpoint seg=130 ...
  [M1_A2m_0.004|seed=42] checkpoint seg=140 ...
  [M1_A2m_0.004|seed=42] checkpoint seg=150 ...
  [M1_A2m_0.004|seed=42] checkpoint seg=160 ...
  [M1_A2m_0.004|seed=42] checkpoint seg=170 ...
  [M1_A2m_0.004|seed=42] checkpoint seg=180 ...
  [M1_A2m_0.004|seed=42] checkpoint seg=190 ...
  [M1_A2m_0.004|seed=42] checkpoint seg=200 ...
  [M1_A2m_0.004|seed=42] checkpoint seg=210 ...
  [M1_A2m_0.004|seed=42] checkpoint seg=220 ...
  [M1_A2m_0.004|seed=42] checkpoint seg=230 ...
  [M1_A2m_0.004|seed=42] checkpoint seg=240 ...
  [M1_A2m_0.004|seed=42] checkpoint seg=250 ...
  [M1_A2m_0.004|seed=42] checkpoint seg=260 ...
  [M1_A2m_0.004|seed=42] checkpoint seg=270 ...
  [M1_A2m_0.004|seed=42] checkpoint seg=280 ...
  [M1_A2m_0.004|seed=42] checkpoint seg=290 ...
  [M1_A2m_0.004|seed=42] checkpoint seg=300 ...
  [M1_A2m_0.004|seed=42] done in 3227.7s  final_mean_osi=0.835
[M1_A2m_0.004] seed=137
  [M1_A2m_0.004|seed=137] checkpoint seg=0 ...
  [M1_A2m_0.004|seed=137] checkpoint seg=10 ...
  [M1_A2m_0.004|seed=137] checkpoint seg=20 ...
  [M1_A2m_0.004|seed=137] checkpoint seg=30 ...
  [M1_A2m_0.004|seed=137] checkpoint seg=40 ...
  [M1_A2m_0.004|seed=137] checkpoint seg=50 ...
  [M1_A2m_0.004|seed=137] checkpoint seg=60 ...
  [M1_A2m_0.004|seed=137] checkpoint seg=70 ...
  [M1_A2m_0.004|seed=137] checkpoint seg=80 ...
  [M1_A2m_0.004|seed=137] checkpoint seg=90 ...
  [M1_A2m_0.004|seed=137] checkpoint seg=100 ...
  [M1_A2m_0.004|seed=137] checkpoint seg=110 ...
  [M1_A2m_0.004|seed=137] checkpoint seg=120 ...
  [M1_A2m_0.004|seed=137] checkpoint seg=130 ...
  [M1_A2m_0.004|seed=137] checkpoint seg=140 ...
  [M1_A2m_0.004|seed=137] checkpoint seg=150 ...
  [M1_A2m_0.004|seed=137] checkpoint seg=160 ...
  [M1_A2m_0.004|seed=137] checkpoint seg=170 ...
  [M1_A2m_0.004|seed=137] checkpoint seg=180 ...
  [M1_A2m_0.004|seed=137] checkpoint seg=190 ...
  [M1_A2m_0.004|seed=137] checkpoint seg=200 ...
  [M1_A2m_0.004|seed=137] checkpoint seg=210 ...
  [M1_A2m_0.004|seed=137] checkpoint seg=220 ...
  [M1_A2m_0.004|seed=137] checkpoint seg=230 ...
  [M1_A2m_0.004|seed=137] checkpoint seg=240 ...
  [M1_A2m_0.004|seed=137] checkpoint seg=250 ...
  [M1_A2m_0.004|seed=137] checkpoint seg=260 ...
  [M1_A2m_0.004|seed=137] checkpoint seg=270 ...
  [M1_A2m_0.004|seed=137] checkpoint seg=280 ...
  [M1_A2m_0.004|seed=137] checkpoint seg=290 ...
  [M1_A2m_0.004|seed=137] checkpoint seg=300 ...
  [M1_A2m_0.004|seed=137] done in 2907.0s  final_mean_osi=0.853
[M1_A2m_0.004] SUMMARY: mean_osi=0.838 +/- 0.006

============================================================
Running: M1_A2m_0.006
============================================================
[M1_A2m_0.006] seed=1
  [M1_A2m_0.006|seed=1] checkpoint seg=0 ...
  [M1_A2m_0.006|seed=1] checkpoint seg=10 ...
  [M1_A2m_0.006|seed=1] checkpoint seg=20 ...
  [M1_A2m_0.006|seed=1] checkpoint seg=30 ...
  [M1_A2m_0.006|seed=1] checkpoint seg=40 ...
  [M1_A2m_0.006|seed=1] checkpoint seg=50 ...
  [M1_A2m_0.006|seed=1] checkpoint seg=60 ...
  [M1_A2m_0.006|seed=1] checkpoint seg=70 ...
  [M1_A2m_0.006|seed=1] checkpoint seg=80 ...
  [M1_A2m_0.006|seed=1] checkpoint seg=90 ...
  [M1_A2m_0.006|seed=1] checkpoint seg=100 ...
  [M1_A2m_0.006|seed=1] checkpoint seg=110 ...
  [M1_A2m_0.006|seed=1] checkpoint seg=120 ...
  [M1_A2m_0.006|seed=1] checkpoint seg=130 ...
  [M1_A2m_0.006|seed=1] checkpoint seg=140 ...
  [M1_A2m_0.006|seed=1] checkpoint seg=150 ...
  [M1_A2m_0.006|seed=1] checkpoint seg=160 ...
  [M1_A2m_0.006|seed=1] checkpoint seg=170 ...
  [M1_A2m_0.006|seed=1] checkpoint seg=180 ...
  [M1_A2m_0.006|seed=1] checkpoint seg=190 ...
  [M1_A2m_0.006|seed=1] checkpoint seg=200 ...
  [M1_A2m_0.006|seed=1] checkpoint seg=210 ...
  [M1_A2m_0.006|seed=1] checkpoint seg=220 ...
  [M1_A2m_0.006|seed=1] checkpoint seg=230 ...
  [M1_A2m_0.006|seed=1] checkpoint seg=240 ...
  [M1_A2m_0.006|seed=1] checkpoint seg=250 ...
  [M1_A2m_0.006|seed=1] checkpoint seg=260 ...
  [M1_A2m_0.006|seed=1] checkpoint seg=270 ...
  [M1_A2m_0.006|seed=1] checkpoint seg=280 ...
  [M1_A2m_0.006|seed=1] checkpoint seg=290 ...
  [M1_A2m_0.006|seed=1] checkpoint seg=300 ...
  [M1_A2m_0.006|seed=1] done in 2636.2s  final_mean_osi=0.869
[M1_A2m_0.006] seed=42
  [M1_A2m_0.006|seed=42] checkpoint seg=0 ...
  [M1_A2m_0.006|seed=42] checkpoint seg=10 ...
  [M1_A2m_0.006|seed=42] checkpoint seg=20 ...
  [M1_A2m_0.006|seed=42] checkpoint seg=30 ...
  [M1_A2m_0.006|seed=42] checkpoint seg=40 ...
  [M1_A2m_0.006|seed=42] checkpoint seg=50 ...
  [M1_A2m_0.006|seed=42] checkpoint seg=60 ...
  [M1_A2m_0.006|seed=42] checkpoint seg=70 ...
  [M1_A2m_0.006|seed=42] checkpoint seg=80 ...
  [M1_A2m_0.006|seed=42] checkpoint seg=90 ...
  [M1_A2m_0.006|seed=42] checkpoint seg=100 ...
  [M1_A2m_0.006|seed=42] checkpoint seg=110 ...
  [M1_A2m_0.006|seed=42] checkpoint seg=120 ...
  [M1_A2m_0.006|seed=42] checkpoint seg=130 ...
  [M1_A2m_0.006|seed=42] checkpoint seg=140 ...
  [M1_A2m_0.006|seed=42] checkpoint seg=150 ...
  [M1_A2m_0.006|seed=42] checkpoint seg=160 ...
  [M1_A2m_0.006|seed=42] checkpoint seg=170 ...
  [M1_A2m_0.006|seed=42] checkpoint seg=180 ...
  [M1_A2m_0.006|seed=42] checkpoint seg=190 ...
  [M1_A2m_0.006|seed=42] checkpoint seg=200 ...
  [M1_A2m_0.006|seed=42] checkpoint seg=210 ...
  [M1_A2m_0.006|seed=42] checkpoint seg=220 ...
  [M1_A2m_0.006|seed=42] checkpoint seg=230 ...
  [M1_A2m_0.006|seed=42] checkpoint seg=240 ...
  [M1_A2m_0.006|seed=42] checkpoint seg=250 ...
  [M1_A2m_0.006|seed=42] checkpoint seg=260 ...
  [M1_A2m_0.006|seed=42] checkpoint seg=270 ...
  [M1_A2m_0.006|seed=42] checkpoint seg=280 ...
  [M1_A2m_0.006|seed=42] checkpoint seg=290 ...
  [M1_A2m_0.006|seed=42] checkpoint seg=300 ...
  [M1_A2m_0.006|seed=42] done in 2976.2s  final_mean_osi=0.841
[M1_A2m_0.006] seed=137
  [M1_A2m_0.006|seed=137] checkpoint seg=0 ...
  [M1_A2m_0.006|seed=137] checkpoint seg=10 ...
  [M1_A2m_0.006|seed=137] checkpoint seg=20 ...
  [M1_A2m_0.006|seed=137] checkpoint seg=30 ...
  [M1_A2m_0.006|seed=137] checkpoint seg=40 ...
  [M1_A2m_0.006|seed=137] checkpoint seg=50 ...
  [M1_A2m_0.006|seed=137] checkpoint seg=60 ...
  [M1_A2m_0.006|seed=137] checkpoint seg=70 ...
  [M1_A2m_0.006|seed=137] checkpoint seg=80 ...
  [M1_A2m_0.006|seed=137] checkpoint seg=90 ...
  [M1_A2m_0.006|seed=137] checkpoint seg=100 ...
  [M1_A2m_0.006|seed=137] checkpoint seg=110 ...
  [M1_A2m_0.006|seed=137] checkpoint seg=120 ...
  [M1_A2m_0.006|seed=137] checkpoint seg=130 ...
  [M1_A2m_0.006|seed=137] checkpoint seg=140 ...
  [M1_A2m_0.006|seed=137] checkpoint seg=150 ...
  [M1_A2m_0.006|seed=137] checkpoint seg=160 ...
  [M1_A2m_0.006|seed=137] checkpoint seg=170 ...
  [M1_A2m_0.006|seed=137] checkpoint seg=180 ...
  [M1_A2m_0.006|seed=137] checkpoint seg=190 ...
  [M1_A2m_0.006|seed=137] checkpoint seg=200 ...
  [M1_A2m_0.006|seed=137] checkpoint seg=210 ...
  [M1_A2m_0.006|seed=137] checkpoint seg=220 ...
  [M1_A2m_0.006|seed=137] checkpoint seg=230 ...
  [M1_A2m_0.006|seed=137] checkpoint seg=240 ...
  [M1_A2m_0.006|seed=137] checkpoint seg=250 ...
  [M1_A2m_0.006|seed=137] checkpoint seg=260 ...
  [M1_A2m_0.006|seed=137] checkpoint seg=270 ...
  [M1_A2m_0.006|seed=137] checkpoint seg=280 ...
  [M1_A2m_0.006|seed=137] checkpoint seg=290 ...
  [M1_A2m_0.006|seed=137] checkpoint seg=300 ...
  [M1_A2m_0.006|seed=137] done in 2556.2s  final_mean_osi=0.860
[M1_A2m_0.006] SUMMARY: mean_osi=0.857 +/- 0.007

============================================================
Running: M1_A2m_0.008
============================================================
[M1_A2m_0.008] seed=1
  [M1_A2m_0.008|seed=1] checkpoint seg=0 ...
  [M1_A2m_0.008|seed=1] checkpoint seg=10 ...
  [M1_A2m_0.008|seed=1] checkpoint seg=20 ...
  [M1_A2m_0.008|seed=1] checkpoint seg=30 ...
  [M1_A2m_0.008|seed=1] checkpoint seg=40 ...
  [M1_A2m_0.008|seed=1] checkpoint seg=50 ...
  [M1_A2m_0.008|seed=1] checkpoint seg=60 ...
  [M1_A2m_0.008|seed=1] checkpoint seg=70 ...
  [M1_A2m_0.008|seed=1] checkpoint seg=80 ...
  [M1_A2m_0.008|seed=1] checkpoint seg=90 ...
  [M1_A2m_0.008|seed=1] checkpoint seg=100 ...
  [M1_A2m_0.008|seed=1] checkpoint seg=110 ...
  [M1_A2m_0.008|seed=1] checkpoint seg=120 ...
  [M1_A2m_0.008|seed=1] checkpoint seg=130 ...
  [M1_A2m_0.008|seed=1] checkpoint seg=140 ...
  [M1_A2m_0.008|seed=1] checkpoint seg=150 ...
  [M1_A2m_0.008|seed=1] checkpoint seg=160 ...
  [M1_A2m_0.008|seed=1] checkpoint seg=170 ...
  [M1_A2m_0.008|seed=1] checkpoint seg=180 ...
  [M1_A2m_0.008|seed=1] checkpoint seg=190 ...
  [M1_A2m_0.008|seed=1] checkpoint seg=200 ...
  [M1_A2m_0.008|seed=1] checkpoint seg=210 ...
  [M1_A2m_0.008|seed=1] checkpoint seg=220 ...
  [M1_A2m_0.008|seed=1] checkpoint seg=230 ...
  [M1_A2m_0.008|seed=1] checkpoint seg=240 ...
  [M1_A2m_0.008|seed=1] checkpoint seg=250 ...
  [M1_A2m_0.008|seed=1] checkpoint seg=260 ...
  [M1_A2m_0.008|seed=1] checkpoint seg=270 ...
  [M1_A2m_0.008|seed=1] checkpoint seg=280 ...
  [M1_A2m_0.008|seed=1] checkpoint seg=290 ...
  [M1_A2m_0.008|seed=1] checkpoint seg=300 ...
  [M1_A2m_0.008|seed=1] done in 2104.0s  final_mean_osi=0.852
[M1_A2m_0.008] seed=42
  [M1_A2m_0.008|seed=42] checkpoint seg=0 ...
  [M1_A2m_0.008|seed=42] checkpoint seg=10 ...
  [M1_A2m_0.008|seed=42] checkpoint seg=20 ...
  [M1_A2m_0.008|seed=42] checkpoint seg=30 ...
  [M1_A2m_0.008|seed=42] checkpoint seg=40 ...
  [M1_A2m_0.008|seed=42] checkpoint seg=50 ...
  [M1_A2m_0.008|seed=42] checkpoint seg=60 ...
  [M1_A2m_0.008|seed=42] checkpoint seg=70 ...
  [M1_A2m_0.008|seed=42] checkpoint seg=80 ...
  [M1_A2m_0.008|seed=42] checkpoint seg=90 ...
  [M1_A2m_0.008|seed=42] checkpoint seg=100 ...
  [M1_A2m_0.008|seed=42] checkpoint seg=110 ...
  [M1_A2m_0.008|seed=42] checkpoint seg=120 ...
  [M1_A2m_0.008|seed=42] checkpoint seg=130 ...
  [M1_A2m_0.008|seed=42] checkpoint seg=140 ...
  [M1_A2m_0.008|seed=42] checkpoint seg=150 ...
  [M1_A2m_0.008|seed=42] checkpoint seg=160 ...
  [M1_A2m_0.008|seed=42] checkpoint seg=170 ...
  [M1_A2m_0.008|seed=42] checkpoint seg=180 ...
  [M1_A2m_0.008|seed=42] checkpoint seg=190 ...
  [M1_A2m_0.008|seed=42] checkpoint seg=200 ...
  [M1_A2m_0.008|seed=42] checkpoint seg=210 ...
  [M1_A2m_0.008|seed=42] checkpoint seg=220 ...
  [M1_A2m_0.008|seed=42] checkpoint seg=230 ...
  [M1_A2m_0.008|seed=42] checkpoint seg=240 ...
  [M1_A2m_0.008|seed=42] checkpoint seg=250 ...
  [M1_A2m_0.008|seed=42] checkpoint seg=260 ...
  [M1_A2m_0.008|seed=42] checkpoint seg=270 ...
  [M1_A2m_0.008|seed=42] checkpoint seg=280 ...
  [M1_A2m_0.008|seed=42] checkpoint seg=290 ...
  [M1_A2m_0.008|seed=42] checkpoint seg=300 ...
  [M1_A2m_0.008|seed=42] done in 2861.4s  final_mean_osi=0.836
[M1_A2m_0.008] seed=137
  [M1_A2m_0.008|seed=137] checkpoint seg=0 ...
  [M1_A2m_0.008|seed=137] checkpoint seg=10 ...
  [M1_A2m_0.008|seed=137] checkpoint seg=20 ...
  [M1_A2m_0.008|seed=137] checkpoint seg=30 ...
  [M1_A2m_0.008|seed=137] checkpoint seg=40 ...
  [M1_A2m_0.008|seed=137] checkpoint seg=50 ...
  [M1_A2m_0.008|seed=137] checkpoint seg=60 ...
  [M1_A2m_0.008|seed=137] checkpoint seg=70 ...
  [M1_A2m_0.008|seed=137] checkpoint seg=80 ...
  [M1_A2m_0.008|seed=137] checkpoint seg=90 ...
  [M1_A2m_0.008|seed=137] checkpoint seg=100 ...
  [M1_A2m_0.008|seed=137] checkpoint seg=110 ...
  [M1_A2m_0.008|seed=137] checkpoint seg=120 ...
  [M1_A2m_0.008|seed=137] checkpoint seg=130 ...
  [M1_A2m_0.008|seed=137] checkpoint seg=140 ...
  [M1_A2m_0.008|seed=137] checkpoint seg=150 ...
  [M1_A2m_0.008|seed=137] checkpoint seg=160 ...
  [M1_A2m_0.008|seed=137] checkpoint seg=170 ...
  [M1_A2m_0.008|seed=137] checkpoint seg=180 ...
  [M1_A2m_0.008|seed=137] checkpoint seg=190 ...
  [M1_A2m_0.008|seed=137] checkpoint seg=200 ...
  [M1_A2m_0.008|seed=137] checkpoint seg=210 ...
  [M1_A2m_0.008|seed=137] checkpoint seg=220 ...
  [M1_A2m_0.008|seed=137] checkpoint seg=230 ...
  [M1_A2m_0.008|seed=137] checkpoint seg=240 ...
  [M1_A2m_0.008|seed=137] checkpoint seg=250 ...
  [M1_A2m_0.008|seed=137] checkpoint seg=260 ...
  [M1_A2m_0.008|seed=137] checkpoint seg=270 ...
  [M1_A2m_0.008|seed=137] checkpoint seg=280 ...
  [M1_A2m_0.008|seed=137] checkpoint seg=290 ...
  [M1_A2m_0.008|seed=137] checkpoint seg=300 ...
  [M1_A2m_0.008|seed=137] done in 2709.6s  final_mean_osi=0.850
[M1_A2m_0.008] SUMMARY: mean_osi=0.846 +/- 0.004

============================================================
Running: M1_A2m_0.010
============================================================
[M1_A2m_0.010] seed=1
  [M1_A2m_0.010|seed=1] checkpoint seg=0 ...
  [M1_A2m_0.010|seed=1] checkpoint seg=10 ...
  [M1_A2m_0.010|seed=1] checkpoint seg=20 ...
  [M1_A2m_0.010|seed=1] checkpoint seg=30 ...
  [M1_A2m_0.010|seed=1] checkpoint seg=40 ...
  [M1_A2m_0.010|seed=1] checkpoint seg=50 ...
  [M1_A2m_0.010|seed=1] checkpoint seg=60 ...
  [M1_A2m_0.010|seed=1] checkpoint seg=70 ...
  [M1_A2m_0.010|seed=1] checkpoint seg=80 ...
  [M1_A2m_0.010|seed=1] checkpoint seg=90 ...
  [M1_A2m_0.010|seed=1] checkpoint seg=100 ...
  [M1_A2m_0.010|seed=1] checkpoint seg=110 ...
  [M1_A2m_0.010|seed=1] checkpoint seg=120 ...
  [M1_A2m_0.010|seed=1] checkpoint seg=130 ...
  [M1_A2m_0.010|seed=1] checkpoint seg=140 ...
  [M1_A2m_0.010|seed=1] checkpoint seg=150 ...
  [M1_A2m_0.010|seed=1] checkpoint seg=160 ...
  [M1_A2m_0.010|seed=1] checkpoint seg=170 ...
  [M1_A2m_0.010|seed=1] checkpoint seg=180 ...
  [M1_A2m_0.010|seed=1] checkpoint seg=190 ...
  [M1_A2m_0.010|seed=1] checkpoint seg=200 ...
  [M1_A2m_0.010|seed=1] checkpoint seg=210 ...
  [M1_A2m_0.010|seed=1] checkpoint seg=220 ...
  [M1_A2m_0.010|seed=1] checkpoint seg=230 ...
  [M1_A2m_0.010|seed=1] checkpoint seg=240 ...
  [M1_A2m_0.010|seed=1] checkpoint seg=250 ...
  [M1_A2m_0.010|seed=1] checkpoint seg=260 ...
  [M1_A2m_0.010|seed=1] checkpoint seg=270 ...
  [M1_A2m_0.010|seed=1] checkpoint seg=280 ...
  [M1_A2m_0.010|seed=1] checkpoint seg=290 ...
  [M1_A2m_0.010|seed=1] checkpoint seg=300 ...
  [M1_A2m_0.010|seed=1] done in 2488.2s  final_mean_osi=0.845
[M1_A2m_0.010] seed=42
  [M1_A2m_0.010|seed=42] checkpoint seg=0 ...
  [M1_A2m_0.010|seed=42] checkpoint seg=10 ...
  [M1_A2m_0.010|seed=42] checkpoint seg=20 ...
  [M1_A2m_0.010|seed=42] checkpoint seg=30 ...
  [M1_A2m_0.010|seed=42] checkpoint seg=40 ...
  [M1_A2m_0.010|seed=42] checkpoint seg=50 ...
  [M1_A2m_0.010|seed=42] checkpoint seg=60 ...
  [M1_A2m_0.010|seed=42] checkpoint seg=70 ...
  [M1_A2m_0.010|seed=42] checkpoint seg=80 ...
  [M1_A2m_0.010|seed=42] checkpoint seg=90 ...
  [M1_A2m_0.010|seed=42] checkpoint seg=100 ...
  [M1_A2m_0.010|seed=42] checkpoint seg=110 ...
  [M1_A2m_0.010|seed=42] checkpoint seg=120 ...
  [M1_A2m_0.010|seed=42] checkpoint seg=130 ...
  [M1_A2m_0.010|seed=42] checkpoint seg=140 ...
  [M1_A2m_0.010|seed=42] checkpoint seg=150 ...
  [M1_A2m_0.010|seed=42] checkpoint seg=160 ...
  [M1_A2m_0.010|seed=42] checkpoint seg=170 ...
  [M1_A2m_0.010|seed=42] checkpoint seg=180 ...
  [M1_A2m_0.010|seed=42] checkpoint seg=190 ...
  [M1_A2m_0.010|seed=42] checkpoint seg=200 ...
  [M1_A2m_0.010|seed=42] checkpoint seg=210 ...
  [M1_A2m_0.010|seed=42] checkpoint seg=220 ...
  [M1_A2m_0.010|seed=42] checkpoint seg=230 ...
  [M1_A2m_0.010|seed=42] checkpoint seg=240 ...
  [M1_A2m_0.010|seed=42] checkpoint seg=250 ...
  [M1_A2m_0.010|seed=42] checkpoint seg=260 ...
  [M1_A2m_0.010|seed=42] checkpoint seg=270 ...
  [M1_A2m_0.010|seed=42] checkpoint seg=280 ...
  [M1_A2m_0.010|seed=42] checkpoint seg=290 ...
  [M1_A2m_0.010|seed=42] checkpoint seg=300 ...
  [M1_A2m_0.010|seed=42] done in 2988.9s  final_mean_osi=0.830
[M1_A2m_0.010] seed=137
  [M1_A2m_0.010|seed=137] checkpoint seg=0 ...
  [M1_A2m_0.010|seed=137] checkpoint seg=10 ...
  [M1_A2m_0.010|seed=137] checkpoint seg=20 ...
  [M1_A2m_0.010|seed=137] checkpoint seg=30 ...
  [M1_A2m_0.010|seed=137] checkpoint seg=40 ...
  [M1_A2m_0.010|seed=137] checkpoint seg=50 ...
  [M1_A2m_0.010|seed=137] checkpoint seg=60 ...
  [M1_A2m_0.010|seed=137] checkpoint seg=70 ...
  [M1_A2m_0.010|seed=137] checkpoint seg=80 ...
  [M1_A2m_0.010|seed=137] checkpoint seg=90 ...
  [M1_A2m_0.010|seed=137] checkpoint seg=100 ...
  [M1_A2m_0.010|seed=137] checkpoint seg=110 ...
  [M1_A2m_0.010|seed=137] checkpoint seg=120 ...
  [M1_A2m_0.010|seed=137] checkpoint seg=130 ...
  [M1_A2m_0.010|seed=137] checkpoint seg=140 ...
  [M1_A2m_0.010|seed=137] checkpoint seg=150 ...
  [M1_A2m_0.010|seed=137] checkpoint seg=160 ...
  [M1_A2m_0.010|seed=137] checkpoint seg=170 ...
  [M1_A2m_0.010|seed=137] checkpoint seg=180 ...
  [M1_A2m_0.010|seed=137] checkpoint seg=190 ...
  [M1_A2m_0.010|seed=137] checkpoint seg=200 ...
  [M1_A2m_0.010|seed=137] checkpoint seg=210 ...
  [M1_A2m_0.010|seed=137] checkpoint seg=220 ...
  [M1_A2m_0.010|seed=137] checkpoint seg=230 ...
  [M1_A2m_0.010|seed=137] checkpoint seg=240 ...
  [M1_A2m_0.010|seed=137] checkpoint seg=250 ...
  [M1_A2m_0.010|seed=137] checkpoint seg=260 ...
  [M1_A2m_0.010|seed=137] checkpoint seg=270 ...
  [M1_A2m_0.010|seed=137] checkpoint seg=280 ...
  [M1_A2m_0.010|seed=137] checkpoint seg=290 ...
  [M1_A2m_0.010|seed=137] checkpoint seg=300 ...
  [M1_A2m_0.010|seed=137] done in 2929.1s  final_mean_osi=0.864
[M1_A2m_0.010] SUMMARY: mean_osi=0.846 +/- 0.008

============================================================
Running: M1_A2m_0.014
============================================================
[M1_A2m_0.014] seed=1
  [M1_A2m_0.014|seed=1] checkpoint seg=0 ...
  [M1_A2m_0.014|seed=1] checkpoint seg=10 ...
  [M1_A2m_0.014|seed=1] checkpoint seg=20 ...
  [M1_A2m_0.014|seed=1] checkpoint seg=30 ...
  [M1_A2m_0.014|seed=1] checkpoint seg=40 ...
  [M1_A2m_0.014|seed=1] checkpoint seg=50 ...
  [M1_A2m_0.014|seed=1] checkpoint seg=60 ...
  [M1_A2m_0.014|seed=1] checkpoint seg=70 ...
  [M1_A2m_0.014|seed=1] checkpoint seg=80 ...
  [M1_A2m_0.014|seed=1] checkpoint seg=90 ...
  [M1_A2m_0.014|seed=1] checkpoint seg=100 ...
  [M1_A2m_0.014|seed=1] checkpoint seg=110 ...
  [M1_A2m_0.014|seed=1] checkpoint seg=120 ...
  [M1_A2m_0.014|seed=1] checkpoint seg=130 ...
  [M1_A2m_0.014|seed=1] checkpoint seg=140 ...
  [M1_A2m_0.014|seed=1] checkpoint seg=150 ...
  [M1_A2m_0.014|seed=1] checkpoint seg=160 ...
  [M1_A2m_0.014|seed=1] checkpoint seg=170 ...
  [M1_A2m_0.014|seed=1] checkpoint seg=180 ...
  [M1_A2m_0.014|seed=1] checkpoint seg=190 ...
  [M1_A2m_0.014|seed=1] checkpoint seg=200 ...
  [M1_A2m_0.014|seed=1] checkpoint seg=210 ...
  [M1_A2m_0.014|seed=1] checkpoint seg=220 ...
  [M1_A2m_0.014|seed=1] checkpoint seg=230 ...
  [M1_A2m_0.014|seed=1] checkpoint seg=240 ...
  [M1_A2m_0.014|seed=1] checkpoint seg=250 ...
  [M1_A2m_0.014|seed=1] checkpoint seg=260 ...
  [M1_A2m_0.014|seed=1] checkpoint seg=270 ...
  [M1_A2m_0.014|seed=1] checkpoint seg=280 ...
  [M1_A2m_0.014|seed=1] checkpoint seg=290 ...
  [M1_A2m_0.014|seed=1] checkpoint seg=300 ...
  [M1_A2m_0.014|seed=1] done in 2733.9s  final_mean_osi=0.870
[M1_A2m_0.014] seed=42
  [M1_A2m_0.014|seed=42] checkpoint seg=0 ...
  [M1_A2m_0.014|seed=42] checkpoint seg=10 ...
  [M1_A2m_0.014|seed=42] checkpoint seg=20 ...
  [M1_A2m_0.014|seed=42] checkpoint seg=30 ...
  [M1_A2m_0.014|seed=42] checkpoint seg=40 ...
  [M1_A2m_0.014|seed=42] checkpoint seg=50 ...
  [M1_A2m_0.014|seed=42] checkpoint seg=60 ...
  [M1_A2m_0.014|seed=42] checkpoint seg=70 ...
  [M1_A2m_0.014|seed=42] checkpoint seg=80 ...
  [M1_A2m_0.014|seed=42] checkpoint seg=90 ...
  [M1_A2m_0.014|seed=42] checkpoint seg=100 ...
  [M1_A2m_0.014|seed=42] checkpoint seg=110 ...
  [M1_A2m_0.014|seed=42] checkpoint seg=120 ...
  [M1_A2m_0.014|seed=42] checkpoint seg=130 ...
  [M1_A2m_0.014|seed=42] checkpoint seg=140 ...
  [M1_A2m_0.014|seed=42] checkpoint seg=150 ...
  [M1_A2m_0.014|seed=42] checkpoint seg=160 ...
  [M1_A2m_0.014|seed=42] checkpoint seg=170 ...
  [M1_A2m_0.014|seed=42] checkpoint seg=180 ...
  [M1_A2m_0.014|seed=42] checkpoint seg=190 ...
  [M1_A2m_0.014|seed=42] checkpoint seg=200 ...
  [M1_A2m_0.014|seed=42] checkpoint seg=210 ...
  [M1_A2m_0.014|seed=42] checkpoint seg=220 ...
  [M1_A2m_0.014|seed=42] checkpoint seg=230 ...
  [M1_A2m_0.014|seed=42] checkpoint seg=240 ...
  [M1_A2m_0.014|seed=42] checkpoint seg=250 ...
  [M1_A2m_0.014|seed=42] checkpoint seg=260 ...
  [M1_A2m_0.014|seed=42] checkpoint seg=270 ...
  [M1_A2m_0.014|seed=42] checkpoint seg=280 ...
  [M1_A2m_0.014|seed=42] checkpoint seg=290 ...
  [M1_A2m_0.014|seed=42] checkpoint seg=300 ...
  [M1_A2m_0.014|seed=42] done in 2914.7s  final_mean_osi=0.840
[M1_A2m_0.014] seed=137
  [M1_A2m_0.014|seed=137] checkpoint seg=0 ...
  [M1_A2m_0.014|seed=137] checkpoint seg=10 ...
  [M1_A2m_0.014|seed=137] checkpoint seg=20 ...
  [M1_A2m_0.014|seed=137] checkpoint seg=30 ...
  [M1_A2m_0.014|seed=137] checkpoint seg=40 ...
  [M1_A2m_0.014|seed=137] checkpoint seg=50 ...
  [M1_A2m_0.014|seed=137] checkpoint seg=60 ...
  [M1_A2m_0.014|seed=137] checkpoint seg=70 ...
  [M1_A2m_0.014|seed=137] checkpoint seg=80 ...
  [M1_A2m_0.014|seed=137] checkpoint seg=90 ...
  [M1_A2m_0.014|seed=137] checkpoint seg=100 ...
  [M1_A2m_0.014|seed=137] checkpoint seg=110 ...
  [M1_A2m_0.014|seed=137] checkpoint seg=120 ...
  [M1_A2m_0.014|seed=137] checkpoint seg=130 ...
  [M1_A2m_0.014|seed=137] checkpoint seg=140 ...
  [M1_A2m_0.014|seed=137] checkpoint seg=150 ...
  [M1_A2m_0.014|seed=137] checkpoint seg=160 ...
  [M1_A2m_0.014|seed=137] checkpoint seg=170 ...
  [M1_A2m_0.014|seed=137] checkpoint seg=180 ...
  [M1_A2m_0.014|seed=137] checkpoint seg=190 ...
  [M1_A2m_0.014|seed=137] checkpoint seg=200 ...
  [M1_A2m_0.014|seed=137] checkpoint seg=210 ...
  [M1_A2m_0.014|seed=137] checkpoint seg=220 ...
  [M1_A2m_0.014|seed=137] checkpoint seg=230 ...
  [M1_A2m_0.014|seed=137] checkpoint seg=240 ...
  [M1_A2m_0.014|seed=137] checkpoint seg=250 ...
  [M1_A2m_0.014|seed=137] checkpoint seg=260 ...
  [M1_A2m_0.014|seed=137] checkpoint seg=270 ...
  [M1_A2m_0.014|seed=137] checkpoint seg=280 ...
  [M1_A2m_0.014|seed=137] checkpoint seg=290 ...
  [M1_A2m_0.014|seed=137] checkpoint seg=300 ...
  [M1_A2m_0.014|seed=137] done in 3232.5s  final_mean_osi=0.872
[M1_A2m_0.014] SUMMARY: mean_osi=0.861 +/- 0.008

============================================================
Running: M1_A2m_0.020
============================================================
[M1_A2m_0.020] seed=1
  [M1_A2m_0.020|seed=1] checkpoint seg=0 ...
  [M1_A2m_0.020|seed=1] checkpoint seg=10 ...
  [M1_A2m_0.020|seed=1] checkpoint seg=20 ...
  [M1_A2m_0.020|seed=1] checkpoint seg=30 ...
  [M1_A2m_0.020|seed=1] checkpoint seg=40 ...
  [M1_A2m_0.020|seed=1] checkpoint seg=50 ...
  [M1_A2m_0.020|seed=1] checkpoint seg=60 ...
  [M1_A2m_0.020|seed=1] checkpoint seg=70 ...
  [M1_A2m_0.020|seed=1] checkpoint seg=80 ...
  [M1_A2m_0.020|seed=1] checkpoint seg=90 ...
  [M1_A2m_0.020|seed=1] checkpoint seg=100 ...
  [M1_A2m_0.020|seed=1] checkpoint seg=110 ...
  [M1_A2m_0.020|seed=1] checkpoint seg=120 ...
  [M1_A2m_0.020|seed=1] checkpoint seg=130 ...
  [M1_A2m_0.020|seed=1] checkpoint seg=140 ...
  [M1_A2m_0.020|seed=1] checkpoint seg=150 ...
  [M1_A2m_0.020|seed=1] checkpoint seg=160 ...
  [M1_A2m_0.020|seed=1] checkpoint seg=170 ...
  [M1_A2m_0.020|seed=1] checkpoint seg=180 ...
  [M1_A2m_0.020|seed=1] checkpoint seg=190 ...
  [M1_A2m_0.020|seed=1] checkpoint seg=200 ...
  [M1_A2m_0.020|seed=1] checkpoint seg=210 ...
  [M1_A2m_0.020|seed=1] checkpoint seg=220 ...
  [M1_A2m_0.020|seed=1] checkpoint seg=230 ...
  [M1_A2m_0.020|seed=1] checkpoint seg=240 ...
  [M1_A2m_0.020|seed=1] checkpoint seg=250 ...
  [M1_A2m_0.020|seed=1] checkpoint seg=260 ...
  [M1_A2m_0.020|seed=1] checkpoint seg=270 ...
  [M1_A2m_0.020|seed=1] checkpoint seg=280 ...
  [M1_A2m_0.020|seed=1] checkpoint seg=290 ...
  [M1_A2m_0.020|seed=1] checkpoint seg=300 ...
  [M1_A2m_0.020|seed=1] done in 3113.8s  final_mean_osi=0.848
[M1_A2m_0.020] seed=42
  [M1_A2m_0.020|seed=42] checkpoint seg=0 ...
  [M1_A2m_0.020|seed=42] checkpoint seg=10 ...
  [M1_A2m_0.020|seed=42] checkpoint seg=20 ...
  [M1_A2m_0.020|seed=42] checkpoint seg=30 ...
  [M1_A2m_0.020|seed=42] checkpoint seg=40 ...
  [M1_A2m_0.020|seed=42] checkpoint seg=50 ...
  [M1_A2m_0.020|seed=42] checkpoint seg=60 ...
  [M1_A2m_0.020|seed=42] checkpoint seg=70 ...
  [M1_A2m_0.020|seed=42] checkpoint seg=80 ...
  [M1_A2m_0.020|seed=42] checkpoint seg=90 ...
  [M1_A2m_0.020|seed=42] checkpoint seg=100 ...
  [M1_A2m_0.020|seed=42] checkpoint seg=110 ...
  [M1_A2m_0.020|seed=42] checkpoint seg=120 ...
  [M1_A2m_0.020|seed=42] checkpoint seg=130 ...
  [M1_A2m_0.020|seed=42] checkpoint seg=140 ...
  [M1_A2m_0.020|seed=42] checkpoint seg=150 ...
  [M1_A2m_0.020|seed=42] checkpoint seg=160 ...
  [M1_A2m_0.020|seed=42] checkpoint seg=170 ...
  [M1_A2m_0.020|seed=42] checkpoint seg=180 ...
  [M1_A2m_0.020|seed=42] checkpoint seg=190 ...
  [M1_A2m_0.020|seed=42] checkpoint seg=200 ...
  [M1_A2m_0.020|seed=42] checkpoint seg=210 ...
  [M1_A2m_0.020|seed=42] checkpoint seg=220 ...
  [M1_A2m_0.020|seed=42] checkpoint seg=230 ...
  [M1_A2m_0.020|seed=42] checkpoint seg=240 ...
  [M1_A2m_0.020|seed=42] checkpoint seg=250 ...
  [M1_A2m_0.020|seed=42] checkpoint seg=260 ...
  [M1_A2m_0.020|seed=42] checkpoint seg=270 ...
  [M1_A2m_0.020|seed=42] checkpoint seg=280 ...
  [M1_A2m_0.020|seed=42] checkpoint seg=290 ...
  [M1_A2m_0.020|seed=42] checkpoint seg=300 ...
  [M1_A2m_0.020|seed=42] done in 2995.6s  final_mean_osi=0.847
[M1_A2m_0.020] seed=137
  [M1_A2m_0.020|seed=137] checkpoint seg=0 ...
  [M1_A2m_0.020|seed=137] checkpoint seg=10 ...
  [M1_A2m_0.020|seed=137] checkpoint seg=20 ...
  [M1_A2m_0.020|seed=137] checkpoint seg=30 ...
  [M1_A2m_0.020|seed=137] checkpoint seg=40 ...
  [M1_A2m_0.020|seed=137] checkpoint seg=50 ...
  [M1_A2m_0.020|seed=137] checkpoint seg=60 ...
  [M1_A2m_0.020|seed=137] checkpoint seg=70 ...
  [M1_A2m_0.020|seed=137] checkpoint seg=80 ...
  [M1_A2m_0.020|seed=137] checkpoint seg=90 ...
  [M1_A2m_0.020|seed=137] checkpoint seg=100 ...
  [M1_A2m_0.020|seed=137] checkpoint seg=110 ...
  [M1_A2m_0.020|seed=137] checkpoint seg=120 ...
  [M1_A2m_0.020|seed=137] checkpoint seg=130 ...
  [M1_A2m_0.020|seed=137] checkpoint seg=140 ...
  [M1_A2m_0.020|seed=137] checkpoint seg=150 ...
  [M1_A2m_0.020|seed=137] checkpoint seg=160 ...
  [M1_A2m_0.020|seed=137] checkpoint seg=170 ...
  [M1_A2m_0.020|seed=137] checkpoint seg=180 ...
  [M1_A2m_0.020|seed=137] checkpoint seg=190 ...
  [M1_A2m_0.020|seed=137] checkpoint seg=200 ...
  [M1_A2m_0.020|seed=137] checkpoint seg=210 ...
  [M1_A2m_0.020|seed=137] checkpoint seg=220 ...
  [M1_A2m_0.020|seed=137] checkpoint seg=230 ...
  [M1_A2m_0.020|seed=137] checkpoint seg=240 ...
  [M1_A2m_0.020|seed=137] checkpoint seg=250 ...
  [M1_A2m_0.020|seed=137] checkpoint seg=260 ...
  [M1_A2m_0.020|seed=137] checkpoint seg=270 ...
  [M1_A2m_0.020|seed=137] checkpoint seg=280 ...
  [M1_A2m_0.020|seed=137] checkpoint seg=290 ...
  [M1_A2m_0.020|seed=137] checkpoint seg=300 ...
  [M1_A2m_0.020|seed=137] done in 2573.7s  final_mean_osi=0.885
[M1_A2m_0.020] SUMMARY: mean_osi=0.860 +/- 0.010

============================================================
Running: M1_A3p_0.001
============================================================
[M1_A3p_0.001] seed=1
  [M1_A3p_0.001|seed=1] checkpoint seg=0 ...
  [M1_A3p_0.001|seed=1] checkpoint seg=10 ...
  [M1_A3p_0.001|seed=1] checkpoint seg=20 ...
  [M1_A3p_0.001|seed=1] checkpoint seg=30 ...
  [M1_A3p_0.001|seed=1] checkpoint seg=40 ...
  [M1_A3p_0.001|seed=1] checkpoint seg=50 ...
  [M1_A3p_0.001|seed=1] checkpoint seg=60 ...
  [M1_A3p_0.001|seed=1] checkpoint seg=70 ...
  [M1_A3p_0.001|seed=1] checkpoint seg=80 ...
  [M1_A3p_0.001|seed=1] checkpoint seg=90 ...
  [M1_A3p_0.001|seed=1] checkpoint seg=100 ...
  [M1_A3p_0.001|seed=1] checkpoint seg=110 ...
  [M1_A3p_0.001|seed=1] checkpoint seg=120 ...
  [M1_A3p_0.001|seed=1] checkpoint seg=130 ...
  [M1_A3p_0.001|seed=1] checkpoint seg=140 ...
  [M1_A3p_0.001|seed=1] checkpoint seg=150 ...
  [M1_A3p_0.001|seed=1] checkpoint seg=160 ...
  [M1_A3p_0.001|seed=1] checkpoint seg=170 ...
  [M1_A3p_0.001|seed=1] checkpoint seg=180 ...
  [M1_A3p_0.001|seed=1] checkpoint seg=190 ...
  [M1_A3p_0.001|seed=1] checkpoint seg=200 ...
  [M1_A3p_0.001|seed=1] checkpoint seg=210 ...
  [M1_A3p_0.001|seed=1] checkpoint seg=220 ...
  [M1_A3p_0.001|seed=1] checkpoint seg=230 ...
  [M1_A3p_0.001|seed=1] checkpoint seg=240 ...
  [M1_A3p_0.001|seed=1] checkpoint seg=250 ...
  [M1_A3p_0.001|seed=1] checkpoint seg=260 ...
  [M1_A3p_0.001|seed=1] checkpoint seg=270 ...
  [M1_A3p_0.001|seed=1] checkpoint seg=280 ...
  [M1_A3p_0.001|seed=1] checkpoint seg=290 ...
  [M1_A3p_0.001|seed=1] checkpoint seg=300 ...
  [M1_A3p_0.001|seed=1] done in 2828.7s  final_mean_osi=0.821
[M1_A3p_0.001] seed=42
  [M1_A3p_0.001|seed=42] checkpoint seg=0 ...
  [M1_A3p_0.001|seed=42] checkpoint seg=10 ...
  [M1_A3p_0.001|seed=42] checkpoint seg=20 ...
  [M1_A3p_0.001|seed=42] checkpoint seg=30 ...
  [M1_A3p_0.001|seed=42] checkpoint seg=40 ...
  [M1_A3p_0.001|seed=42] checkpoint seg=50 ...
  [M1_A3p_0.001|seed=42] checkpoint seg=60 ...
  [M1_A3p_0.001|seed=42] checkpoint seg=70 ...
  [M1_A3p_0.001|seed=42] checkpoint seg=80 ...
  [M1_A3p_0.001|seed=42] checkpoint seg=90 ...
  [M1_A3p_0.001|seed=42] checkpoint seg=100 ...
  [M1_A3p_0.001|seed=42] checkpoint seg=110 ...
  [M1_A3p_0.001|seed=42] checkpoint seg=120 ...
  [M1_A3p_0.001|seed=42] checkpoint seg=130 ...
  [M1_A3p_0.001|seed=42] checkpoint seg=140 ...
  [M1_A3p_0.001|seed=42] checkpoint seg=150 ...
  [M1_A3p_0.001|seed=42] checkpoint seg=160 ...
  [M1_A3p_0.001|seed=42] checkpoint seg=170 ...
  [M1_A3p_0.001|seed=42] checkpoint seg=180 ...
  [M1_A3p_0.001|seed=42] checkpoint seg=190 ...
  [M1_A3p_0.001|seed=42] checkpoint seg=200 ...
  [M1_A3p_0.001|seed=42] checkpoint seg=210 ...
  [M1_A3p_0.001|seed=42] checkpoint seg=220 ...
  [M1_A3p_0.001|seed=42] checkpoint seg=230 ...
  [M1_A3p_0.001|seed=42] checkpoint seg=240 ...
  [M1_A3p_0.001|seed=42] checkpoint seg=250 ...
  [M1_A3p_0.001|seed=42] checkpoint seg=260 ...
  [M1_A3p_0.001|seed=42] checkpoint seg=270 ...
  [M1_A3p_0.001|seed=42] checkpoint seg=280 ...
  [M1_A3p_0.001|seed=42] checkpoint seg=290 ...
  [M1_A3p_0.001|seed=42] checkpoint seg=300 ...
  [M1_A3p_0.001|seed=42] done in 3499.8s  final_mean_osi=0.827
[M1_A3p_0.001] seed=137
  [M1_A3p_0.001|seed=137] checkpoint seg=0 ...
  [M1_A3p_0.001|seed=137] checkpoint seg=10 ...
  [M1_A3p_0.001|seed=137] checkpoint seg=20 ...
  [M1_A3p_0.001|seed=137] checkpoint seg=30 ...
  [M1_A3p_0.001|seed=137] checkpoint seg=40 ...
  [M1_A3p_0.001|seed=137] checkpoint seg=50 ...
  [M1_A3p_0.001|seed=137] checkpoint seg=60 ...
  [M1_A3p_0.001|seed=137] checkpoint seg=70 ...
  [M1_A3p_0.001|seed=137] checkpoint seg=80 ...
  [M1_A3p_0.001|seed=137] checkpoint seg=90 ...
  [M1_A3p_0.001|seed=137] checkpoint seg=100 ...
  [M1_A3p_0.001|seed=137] checkpoint seg=110 ...
  [M1_A3p_0.001|seed=137] checkpoint seg=120 ...
  [M1_A3p_0.001|seed=137] checkpoint seg=130 ...
  [M1_A3p_0.001|seed=137] checkpoint seg=140 ...
  [M1_A3p_0.001|seed=137] checkpoint seg=150 ...
  [M1_A3p_0.001|seed=137] checkpoint seg=160 ...
  [M1_A3p_0.001|seed=137] checkpoint seg=170 ...
  [M1_A3p_0.001|seed=137] checkpoint seg=180 ...
  [M1_A3p_0.001|seed=137] checkpoint seg=190 ...
  [M1_A3p_0.001|seed=137] checkpoint seg=200 ...
  [M1_A3p_0.001|seed=137] checkpoint seg=210 ...
  [M1_A3p_0.001|seed=137] checkpoint seg=220 ...
  [M1_A3p_0.001|seed=137] checkpoint seg=230 ...
  [M1_A3p_0.001|seed=137] checkpoint seg=240 ...
  [M1_A3p_0.001|seed=137] checkpoint seg=250 ...
  [M1_A3p_0.001|seed=137] checkpoint seg=260 ...
  [M1_A3p_0.001|seed=137] checkpoint seg=270 ...
  [M1_A3p_0.001|seed=137] checkpoint seg=280 ...
  [M1_A3p_0.001|seed=137] checkpoint seg=290 ...
  [M1_A3p_0.001|seed=137] checkpoint seg=300 ...
  [M1_A3p_0.001|seed=137] done in 2634.5s  final_mean_osi=0.861
[M1_A3p_0.001] SUMMARY: mean_osi=0.837 +/- 0.010

============================================================
Running: M1_A3p_0.002
============================================================
[M1_A3p_0.002] seed=1
  [M1_A3p_0.002|seed=1] checkpoint seg=0 ...
  [M1_A3p_0.002|seed=1] checkpoint seg=10 ...
  [M1_A3p_0.002|seed=1] checkpoint seg=20 ...
  [M1_A3p_0.002|seed=1] checkpoint seg=30 ...
  [M1_A3p_0.002|seed=1] checkpoint seg=40 ...
  [M1_A3p_0.002|seed=1] checkpoint seg=50 ...
  [M1_A3p_0.002|seed=1] checkpoint seg=60 ...
  [M1_A3p_0.002|seed=1] checkpoint seg=70 ...
  [M1_A3p_0.002|seed=1] checkpoint seg=80 ...
  [M1_A3p_0.002|seed=1] checkpoint seg=90 ...
  [M1_A3p_0.002|seed=1] checkpoint seg=100 ...
  [M1_A3p_0.002|seed=1] checkpoint seg=110 ...
  [M1_A3p_0.002|seed=1] checkpoint seg=120 ...
  [M1_A3p_0.002|seed=1] checkpoint seg=130 ...
  [M1_A3p_0.002|seed=1] checkpoint seg=140 ...
  [M1_A3p_0.002|seed=1] checkpoint seg=150 ...
  [M1_A3p_0.002|seed=1] checkpoint seg=160 ...
  [M1_A3p_0.002|seed=1] checkpoint seg=170 ...
  [M1_A3p_0.002|seed=1] checkpoint seg=180 ...
  [M1_A3p_0.002|seed=1] checkpoint seg=190 ...
  [M1_A3p_0.002|seed=1] checkpoint seg=200 ...
  [M1_A3p_0.002|seed=1] checkpoint seg=210 ...
  [M1_A3p_0.002|seed=1] checkpoint seg=220 ...
  [M1_A3p_0.002|seed=1] checkpoint seg=230 ...
  [M1_A3p_0.002|seed=1] checkpoint seg=240 ...
  [M1_A3p_0.002|seed=1] checkpoint seg=250 ...
  [M1_A3p_0.002|seed=1] checkpoint seg=260 ...
  [M1_A3p_0.002|seed=1] checkpoint seg=270 ...
  [M1_A3p_0.002|seed=1] checkpoint seg=280 ...
  [M1_A3p_0.002|seed=1] checkpoint seg=290 ...
  [M1_A3p_0.002|seed=1] checkpoint seg=300 ...
  [M1_A3p_0.002|seed=1] done in 1649.6s  final_mean_osi=0.845
[M1_A3p_0.002] seed=42
  [M1_A3p_0.002|seed=42] checkpoint seg=0 ...
  [M1_A3p_0.002|seed=42] checkpoint seg=10 ...
  [M1_A3p_0.002|seed=42] checkpoint seg=20 ...
  [M1_A3p_0.002|seed=42] checkpoint seg=30 ...
  [M1_A3p_0.002|seed=42] checkpoint seg=40 ...
  [M1_A3p_0.002|seed=42] checkpoint seg=50 ...
  [M1_A3p_0.002|seed=42] checkpoint seg=60 ...
  [M1_A3p_0.002|seed=42] checkpoint seg=70 ...
  [M1_A3p_0.002|seed=42] checkpoint seg=80 ...
  [M1_A3p_0.002|seed=42] checkpoint seg=90 ...
  [M1_A3p_0.002|seed=42] checkpoint seg=100 ...
  [M1_A3p_0.002|seed=42] checkpoint seg=110 ...
  [M1_A3p_0.002|seed=42] checkpoint seg=120 ...
  [M1_A3p_0.002|seed=42] checkpoint seg=130 ...
  [M1_A3p_0.002|seed=42] checkpoint seg=140 ...
  [M1_A3p_0.002|seed=42] checkpoint seg=150 ...
  [M1_A3p_0.002|seed=42] checkpoint seg=160 ...
  [M1_A3p_0.002|seed=42] checkpoint seg=170 ...
  [M1_A3p_0.002|seed=42] checkpoint seg=180 ...
  [M1_A3p_0.002|seed=42] checkpoint seg=190 ...
  [M1_A3p_0.002|seed=42] checkpoint seg=200 ...
  [M1_A3p_0.002|seed=42] checkpoint seg=210 ...
  [M1_A3p_0.002|seed=42] checkpoint seg=220 ...
  [M1_A3p_0.002|seed=42] checkpoint seg=230 ...
  [M1_A3p_0.002|seed=42] checkpoint seg=240 ...
  [M1_A3p_0.002|seed=42] checkpoint seg=250 ...
  [M1_A3p_0.002|seed=42] checkpoint seg=260 ...
  [M1_A3p_0.002|seed=42] checkpoint seg=270 ...
  [M1_A3p_0.002|seed=42] checkpoint seg=280 ...
  [M1_A3p_0.002|seed=42] checkpoint seg=290 ...
  [M1_A3p_0.002|seed=42] checkpoint seg=300 ...
  [M1_A3p_0.002|seed=42] done in 732.9s  final_mean_osi=0.830
[M1_A3p_0.002] seed=137
  [M1_A3p_0.002|seed=137] checkpoint seg=0 ...
  [M1_A3p_0.002|seed=137] checkpoint seg=10 ...
  [M1_A3p_0.002|seed=137] checkpoint seg=20 ...
  [M1_A3p_0.002|seed=137] checkpoint seg=30 ...
  [M1_A3p_0.002|seed=137] checkpoint seg=40 ...
  [M1_A3p_0.002|seed=137] checkpoint seg=50 ...
  [M1_A3p_0.002|seed=137] checkpoint seg=60 ...
  [M1_A3p_0.002|seed=137] checkpoint seg=70 ...
  [M1_A3p_0.002|seed=137] checkpoint seg=80 ...
  [M1_A3p_0.002|seed=137] checkpoint seg=90 ...
  [M1_A3p_0.002|seed=137] checkpoint seg=100 ...
  [M1_A3p_0.002|seed=137] checkpoint seg=110 ...
  [M1_A3p_0.002|seed=137] checkpoint seg=120 ...
  [M1_A3p_0.002|seed=137] checkpoint seg=130 ...
  [M1_A3p_0.002|seed=137] checkpoint seg=140 ...
  [M1_A3p_0.002|seed=137] checkpoint seg=150 ...
  [M1_A3p_0.002|seed=137] checkpoint seg=160 ...
  [M1_A3p_0.002|seed=137] checkpoint seg=170 ...
  [M1_A3p_0.002|seed=137] checkpoint seg=180 ...
  [M1_A3p_0.002|seed=137] checkpoint seg=190 ...
  [M1_A3p_0.002|seed=137] checkpoint seg=200 ...
  [M1_A3p_0.002|seed=137] checkpoint seg=210 ...
  [M1_A3p_0.002|seed=137] checkpoint seg=220 ...
  [M1_A3p_0.002|seed=137] checkpoint seg=230 ...
  [M1_A3p_0.002|seed=137] checkpoint seg=240 ...
  [M1_A3p_0.002|seed=137] checkpoint seg=250 ...
  [M1_A3p_0.002|seed=137] checkpoint seg=260 ...
  [M1_A3p_0.002|seed=137] checkpoint seg=270 ...
  [M1_A3p_0.002|seed=137] checkpoint seg=280 ...
  [M1_A3p_0.002|seed=137] checkpoint seg=290 ...
  [M1_A3p_0.002|seed=137] checkpoint seg=300 ...
  [M1_A3p_0.002|seed=137] done in 1094.9s  final_mean_osi=0.864
[M1_A3p_0.002] SUMMARY: mean_osi=0.846 +/- 0.008

============================================================
Running: M1_A3p_0.004
============================================================
[M1_A3p_0.004] seed=1
  [M1_A3p_0.004|seed=1] checkpoint seg=0 ...
  [M1_A3p_0.004|seed=1] checkpoint seg=10 ...
  [M1_A3p_0.004|seed=1] checkpoint seg=20 ...
  [M1_A3p_0.004|seed=1] checkpoint seg=30 ...
  [M1_A3p_0.004|seed=1] checkpoint seg=40 ...
  [M1_A3p_0.004|seed=1] checkpoint seg=50 ...
  [M1_A3p_0.004|seed=1] checkpoint seg=60 ...
  [M1_A3p_0.004|seed=1] checkpoint seg=70 ...
  [M1_A3p_0.004|seed=1] checkpoint seg=80 ...
  [M1_A3p_0.004|seed=1] checkpoint seg=90 ...
  [M1_A3p_0.004|seed=1] checkpoint seg=100 ...
  [M1_A3p_0.004|seed=1] checkpoint seg=110 ...
  [M1_A3p_0.004|seed=1] checkpoint seg=120 ...
  [M1_A3p_0.004|seed=1] checkpoint seg=130 ...
  [M1_A3p_0.004|seed=1] checkpoint seg=140 ...
  [M1_A3p_0.004|seed=1] checkpoint seg=150 ...
  [M1_A3p_0.004|seed=1] checkpoint seg=160 ...
  [M1_A3p_0.004|seed=1] checkpoint seg=170 ...
  [M1_A3p_0.004|seed=1] checkpoint seg=180 ...
  [M1_A3p_0.004|seed=1] checkpoint seg=190 ...
  [M1_A3p_0.004|seed=1] checkpoint seg=200 ...
  [M1_A3p_0.004|seed=1] checkpoint seg=210 ...
  [M1_A3p_0.004|seed=1] checkpoint seg=220 ...
  [M1_A3p_0.004|seed=1] checkpoint seg=230 ...
  [M1_A3p_0.004|seed=1] checkpoint seg=240 ...
  [M1_A3p_0.004|seed=1] checkpoint seg=250 ...
  [M1_A3p_0.004|seed=1] checkpoint seg=260 ...
  [M1_A3p_0.004|seed=1] checkpoint seg=270 ...
  [M1_A3p_0.004|seed=1] checkpoint seg=280 ...
  [M1_A3p_0.004|seed=1] checkpoint seg=290 ...
  [M1_A3p_0.004|seed=1] checkpoint seg=300 ...
  [M1_A3p_0.004|seed=1] done in 1333.1s  final_mean_osi=0.858
[M1_A3p_0.004] seed=42
  [M1_A3p_0.004|seed=42] checkpoint seg=0 ...
  [M1_A3p_0.004|seed=42] checkpoint seg=10 ...
  [M1_A3p_0.004|seed=42] checkpoint seg=20 ...
  [M1_A3p_0.004|seed=42] checkpoint seg=30 ...
  [M1_A3p_0.004|seed=42] checkpoint seg=40 ...
  [M1_A3p_0.004|seed=42] checkpoint seg=50 ...
  [M1_A3p_0.004|seed=42] checkpoint seg=60 ...
  [M1_A3p_0.004|seed=42] checkpoint seg=70 ...
  [M1_A3p_0.004|seed=42] checkpoint seg=80 ...
  [M1_A3p_0.004|seed=42] checkpoint seg=90 ...
  [M1_A3p_0.004|seed=42] checkpoint seg=100 ...
  [M1_A3p_0.004|seed=42] checkpoint seg=110 ...
  [M1_A3p_0.004|seed=42] checkpoint seg=120 ...
  [M1_A3p_0.004|seed=42] checkpoint seg=130 ...
  [M1_A3p_0.004|seed=42] checkpoint seg=140 ...
  [M1_A3p_0.004|seed=42] checkpoint seg=150 ...
  [M1_A3p_0.004|seed=42] checkpoint seg=160 ...
  [M1_A3p_0.004|seed=42] checkpoint seg=170 ...
  [M1_A3p_0.004|seed=42] checkpoint seg=180 ...
  [M1_A3p_0.004|seed=42] checkpoint seg=190 ...
  [M1_A3p_0.004|seed=42] checkpoint seg=200 ...
  [M1_A3p_0.004|seed=42] checkpoint seg=210 ...
  [M1_A3p_0.004|seed=42] checkpoint seg=220 ...
  [M1_A3p_0.004|seed=42] checkpoint seg=230 ...
  [M1_A3p_0.004|seed=42] checkpoint seg=240 ...
  [M1_A3p_0.004|seed=42] checkpoint seg=250 ...
  [M1_A3p_0.004|seed=42] checkpoint seg=260 ...
  [M1_A3p_0.004|seed=42] checkpoint seg=270 ...
  [M1_A3p_0.004|seed=42] checkpoint seg=280 ...
  [M1_A3p_0.004|seed=42] checkpoint seg=290 ...
  [M1_A3p_0.004|seed=42] checkpoint seg=300 ...
  [M1_A3p_0.004|seed=42] done in 1420.3s  final_mean_osi=0.838
[M1_A3p_0.004] seed=137
  [M1_A3p_0.004|seed=137] checkpoint seg=0 ...
  [M1_A3p_0.004|seed=137] checkpoint seg=10 ...
  [M1_A3p_0.004|seed=137] checkpoint seg=20 ...
  [M1_A3p_0.004|seed=137] checkpoint seg=30 ...
  [M1_A3p_0.004|seed=137] checkpoint seg=40 ...
  [M1_A3p_0.004|seed=137] checkpoint seg=50 ...
  [M1_A3p_0.004|seed=137] checkpoint seg=60 ...
  [M1_A3p_0.004|seed=137] checkpoint seg=70 ...
  [M1_A3p_0.004|seed=137] checkpoint seg=80 ...
  [M1_A3p_0.004|seed=137] checkpoint seg=90 ...
  [M1_A3p_0.004|seed=137] checkpoint seg=100 ...
  [M1_A3p_0.004|seed=137] checkpoint seg=110 ...
  [M1_A3p_0.004|seed=137] checkpoint seg=120 ...
  [M1_A3p_0.004|seed=137] checkpoint seg=130 ...
  [M1_A3p_0.004|seed=137] checkpoint seg=140 ...
  [M1_A3p_0.004|seed=137] checkpoint seg=150 ...
  [M1_A3p_0.004|seed=137] checkpoint seg=160 ...
  [M1_A3p_0.004|seed=137] checkpoint seg=170 ...
  [M1_A3p_0.004|seed=137] checkpoint seg=180 ...
  [M1_A3p_0.004|seed=137] checkpoint seg=190 ...
  [M1_A3p_0.004|seed=137] checkpoint seg=200 ...
  [M1_A3p_0.004|seed=137] checkpoint seg=210 ...
  [M1_A3p_0.004|seed=137] checkpoint seg=220 ...
  [M1_A3p_0.004|seed=137] checkpoint seg=230 ...
  [M1_A3p_0.004|seed=137] checkpoint seg=240 ...
  [M1_A3p_0.004|seed=137] checkpoint seg=250 ...
  [M1_A3p_0.004|seed=137] checkpoint seg=260 ...
  [M1_A3p_0.004|seed=137] checkpoint seg=270 ...
  [M1_A3p_0.004|seed=137] checkpoint seg=280 ...
  [M1_A3p_0.004|seed=137] checkpoint seg=290 ...
  [M1_A3p_0.004|seed=137] checkpoint seg=300 ...
  [M1_A3p_0.004|seed=137] done in 1166.8s  final_mean_osi=0.810
[M1_A3p_0.004] SUMMARY: mean_osi=0.836 +/- 0.011

============================================================
M1 SUMMARY
============================================================
  M1_stdp_off                OSI = 0.200 +/- 0.023
  M1_pair_only               OSI = 0.852 +/- 0.009
  M1_A2m_0.004               OSI = 0.838 +/- 0.006
  M1_A2m_0.006               OSI = 0.857 +/- 0.007
  M1_A2m_0.008               OSI = 0.846 +/- 0.004
  M1_A2m_0.010               OSI = 0.846 +/- 0.008
  M1_A2m_0.014               OSI = 0.861 +/- 0.008
  M1_A2m_0.020               OSI = 0.860 +/- 0.010
  M1_A3p_0.001               OSI = 0.837 +/- 0.010
  M1_A3p_0.002               OSI = 0.846 +/- 0.008
  M1_A3p_0.004               OSI = 0.836 +/- 0.011

Results saved to investigation_results/M1_triplet_stdp/
