/home/vysoforlife/miniconda3/envs/habitat/lib/python3.9/site-packages/scipy/__init__.py:146: UserWarning: A NumPy version >=1.17.3 and <1.25.0 is required for this version of SciPy (detected version 1.26.4
  warnings.warn(f"A NumPy version >={np_minversion} and <{np_maxversion}"
======================================================================
PART 1: ADDITIVE KNOCK-IN EXPERIMENT
======================================================================

============================================================
Knock-in: KI_1_stdp_only
============================================================
[KI_1_stdp_only] seed=1
  [KI_1_stdp_only|seed=1] checkpoint seg=0 ...
  [KI_1_stdp_only|seed=1] checkpoint seg=10 ...
  [KI_1_stdp_only|seed=1] checkpoint seg=20 ...
  [KI_1_stdp_only|seed=1] checkpoint seg=30 ...
  [KI_1_stdp_only|seed=1] checkpoint seg=40 ...
  [KI_1_stdp_only|seed=1] checkpoint seg=50 ...
  [KI_1_stdp_only|seed=1] checkpoint seg=60 ...
  [KI_1_stdp_only|seed=1] checkpoint seg=70 ...
  [KI_1_stdp_only|seed=1] checkpoint seg=80 ...
  [KI_1_stdp_only|seed=1] checkpoint seg=90 ...
  [KI_1_stdp_only|seed=1] checkpoint seg=100 ...
  [KI_1_stdp_only|seed=1] checkpoint seg=110 ...
  [KI_1_stdp_only|seed=1] checkpoint seg=120 ...
  [KI_1_stdp_only|seed=1] checkpoint seg=130 ...
  [KI_1_stdp_only|seed=1] checkpoint seg=140 ...
  [KI_1_stdp_only|seed=1] checkpoint seg=150 ...
  [KI_1_stdp_only|seed=1] checkpoint seg=160 ...
  [KI_1_stdp_only|seed=1] checkpoint seg=170 ...
  [KI_1_stdp_only|seed=1] checkpoint seg=180 ...
  [KI_1_stdp_only|seed=1] checkpoint seg=190 ...
  [KI_1_stdp_only|seed=1] checkpoint seg=200 ...
  [KI_1_stdp_only|seed=1] checkpoint seg=210 ...
  [KI_1_stdp_only|seed=1] checkpoint seg=220 ...
  [KI_1_stdp_only|seed=1] checkpoint seg=230 ...
  [KI_1_stdp_only|seed=1] checkpoint seg=240 ...
  [KI_1_stdp_only|seed=1] checkpoint seg=250 ...
  [KI_1_stdp_only|seed=1] checkpoint seg=260 ...
  [KI_1_stdp_only|seed=1] checkpoint seg=270 ...
  [KI_1_stdp_only|seed=1] checkpoint seg=280 ...
  [KI_1_stdp_only|seed=1] checkpoint seg=290 ...
  [KI_1_stdp_only|seed=1] checkpoint seg=300 ...
  [KI_1_stdp_only|seed=1] done in 956.6s  final_mean_osi=0.012
[KI_1_stdp_only] seed=42
  [KI_1_stdp_only|seed=42] checkpoint seg=0 ...
  [KI_1_stdp_only|seed=42] checkpoint seg=10 ...
  [KI_1_stdp_only|seed=42] checkpoint seg=20 ...
  [KI_1_stdp_only|seed=42] checkpoint seg=30 ...
  [KI_1_stdp_only|seed=42] checkpoint seg=40 ...
  [KI_1_stdp_only|seed=42] checkpoint seg=50 ...
  [KI_1_stdp_only|seed=42] checkpoint seg=60 ...
  [KI_1_stdp_only|seed=42] checkpoint seg=70 ...
  [KI_1_stdp_only|seed=42] checkpoint seg=80 ...
  [KI_1_stdp_only|seed=42] checkpoint seg=90 ...
  [KI_1_stdp_only|seed=42] checkpoint seg=100 ...
  [KI_1_stdp_only|seed=42] checkpoint seg=110 ...
  [KI_1_stdp_only|seed=42] checkpoint seg=120 ...
  [KI_1_stdp_only|seed=42] checkpoint seg=130 ...
  [KI_1_stdp_only|seed=42] checkpoint seg=140 ...
  [KI_1_stdp_only|seed=42] checkpoint seg=150 ...
  [KI_1_stdp_only|seed=42] checkpoint seg=160 ...
  [KI_1_stdp_only|seed=42] checkpoint seg=170 ...
  [KI_1_stdp_only|seed=42] checkpoint seg=180 ...
  [KI_1_stdp_only|seed=42] checkpoint seg=190 ...
  [KI_1_stdp_only|seed=42] checkpoint seg=200 ...
  [KI_1_stdp_only|seed=42] checkpoint seg=210 ...
  [KI_1_stdp_only|seed=42] checkpoint seg=220 ...
  [KI_1_stdp_only|seed=42] checkpoint seg=230 ...
  [KI_1_stdp_only|seed=42] checkpoint seg=240 ...
  [KI_1_stdp_only|seed=42] checkpoint seg=250 ...
  [KI_1_stdp_only|seed=42] checkpoint seg=260 ...
  [KI_1_stdp_only|seed=42] checkpoint seg=270 ...
  [KI_1_stdp_only|seed=42] checkpoint seg=280 ...
  [KI_1_stdp_only|seed=42] checkpoint seg=290 ...
  [KI_1_stdp_only|seed=42] checkpoint seg=300 ...
  [KI_1_stdp_only|seed=42] done in 963.0s  final_mean_osi=0.013
[KI_1_stdp_only] seed=137
  [KI_1_stdp_only|seed=137] checkpoint seg=0 ...
  [KI_1_stdp_only|seed=137] checkpoint seg=10 ...
  [KI_1_stdp_only|seed=137] checkpoint seg=20 ...
  [KI_1_stdp_only|seed=137] checkpoint seg=30 ...
  [KI_1_stdp_only|seed=137] checkpoint seg=40 ...
  [KI_1_stdp_only|seed=137] checkpoint seg=50 ...
  [KI_1_stdp_only|seed=137] checkpoint seg=60 ...
  [KI_1_stdp_only|seed=137] checkpoint seg=70 ...
  [KI_1_stdp_only|seed=137] checkpoint seg=80 ...
  [KI_1_stdp_only|seed=137] checkpoint seg=90 ...
  [KI_1_stdp_only|seed=137] checkpoint seg=100 ...
  [KI_1_stdp_only|seed=137] checkpoint seg=110 ...
  [KI_1_stdp_only|seed=137] checkpoint seg=120 ...
  [KI_1_stdp_only|seed=137] checkpoint seg=130 ...
  [KI_1_stdp_only|seed=137] checkpoint seg=140 ...
  [KI_1_stdp_only|seed=137] checkpoint seg=150 ...
  [KI_1_stdp_only|seed=137] checkpoint seg=160 ...
  [KI_1_stdp_only|seed=137] checkpoint seg=170 ...
  [KI_1_stdp_only|seed=137] checkpoint seg=180 ...
  [KI_1_stdp_only|seed=137] checkpoint seg=190 ...
  [KI_1_stdp_only|seed=137] checkpoint seg=200 ...
  [KI_1_stdp_only|seed=137] checkpoint seg=210 ...
  [KI_1_stdp_only|seed=137] checkpoint seg=220 ...
  [KI_1_stdp_only|seed=137] checkpoint seg=230 ...
  [KI_1_stdp_only|seed=137] checkpoint seg=240 ...
  [KI_1_stdp_only|seed=137] checkpoint seg=250 ...
  [KI_1_stdp_only|seed=137] checkpoint seg=260 ...
  [KI_1_stdp_only|seed=137] checkpoint seg=270 ...
  [KI_1_stdp_only|seed=137] checkpoint seg=280 ...
  [KI_1_stdp_only|seed=137] checkpoint seg=290 ...
  [KI_1_stdp_only|seed=137] checkpoint seg=300 ...
  [KI_1_stdp_only|seed=137] done in 948.0s  final_mean_osi=0.016
[KI_1_stdp_only] SUMMARY: mean_osi=0.014 +/- 0.001

============================================================
Knock-in: KI_2_plus_het
============================================================
[KI_2_plus_het] seed=1
  [KI_2_plus_het|seed=1] checkpoint seg=0 ...
  [KI_2_plus_het|seed=1] checkpoint seg=10 ...
  [KI_2_plus_het|seed=1] checkpoint seg=20 ...
  [KI_2_plus_het|seed=1] checkpoint seg=30 ...
  [KI_2_plus_het|seed=1] checkpoint seg=40 ...
  [KI_2_plus_het|seed=1] checkpoint seg=50 ...
  [KI_2_plus_het|seed=1] checkpoint seg=60 ...
  [KI_2_plus_het|seed=1] checkpoint seg=70 ...
  [KI_2_plus_het|seed=1] checkpoint seg=80 ...
  [KI_2_plus_het|seed=1] checkpoint seg=90 ...
  [KI_2_plus_het|seed=1] checkpoint seg=100 ...
  [KI_2_plus_het|seed=1] checkpoint seg=110 ...
  [KI_2_plus_het|seed=1] checkpoint seg=120 ...
  [KI_2_plus_het|seed=1] checkpoint seg=130 ...
  [KI_2_plus_het|seed=1] checkpoint seg=140 ...
  [KI_2_plus_het|seed=1] checkpoint seg=150 ...
  [KI_2_plus_het|seed=1] checkpoint seg=160 ...
  [KI_2_plus_het|seed=1] checkpoint seg=170 ...
  [KI_2_plus_het|seed=1] checkpoint seg=180 ...
  [KI_2_plus_het|seed=1] checkpoint seg=190 ...
  [KI_2_plus_het|seed=1] checkpoint seg=200 ...
  [KI_2_plus_het|seed=1] checkpoint seg=210 ...
  [KI_2_plus_het|seed=1] checkpoint seg=220 ...
  [KI_2_plus_het|seed=1] checkpoint seg=230 ...
  [KI_2_plus_het|seed=1] checkpoint seg=240 ...
  [KI_2_plus_het|seed=1] checkpoint seg=250 ...
  [KI_2_plus_het|seed=1] checkpoint seg=260 ...
  [KI_2_plus_het|seed=1] checkpoint seg=270 ...
  [KI_2_plus_het|seed=1] checkpoint seg=280 ...
  [KI_2_plus_het|seed=1] checkpoint seg=290 ...
  [KI_2_plus_het|seed=1] checkpoint seg=300 ...
  [KI_2_plus_het|seed=1] done in 953.9s  final_mean_osi=0.815
[KI_2_plus_het] seed=42
  [KI_2_plus_het|seed=42] checkpoint seg=0 ...
  [KI_2_plus_het|seed=42] checkpoint seg=10 ...
  [KI_2_plus_het|seed=42] checkpoint seg=20 ...
  [KI_2_plus_het|seed=42] checkpoint seg=30 ...
  [KI_2_plus_het|seed=42] checkpoint seg=40 ...
  [KI_2_plus_het|seed=42] checkpoint seg=50 ...
  [KI_2_plus_het|seed=42] checkpoint seg=60 ...
  [KI_2_plus_het|seed=42] checkpoint seg=70 ...
  [KI_2_plus_het|seed=42] checkpoint seg=80 ...
  [KI_2_plus_het|seed=42] checkpoint seg=90 ...
  [KI_2_plus_het|seed=42] checkpoint seg=100 ...
  [KI_2_plus_het|seed=42] checkpoint seg=110 ...
  [KI_2_plus_het|seed=42] checkpoint seg=120 ...
  [KI_2_plus_het|seed=42] checkpoint seg=130 ...
  [KI_2_plus_het|seed=42] checkpoint seg=140 ...
  [KI_2_plus_het|seed=42] checkpoint seg=150 ...
  [KI_2_plus_het|seed=42] checkpoint seg=160 ...
  [KI_2_plus_het|seed=42] checkpoint seg=170 ...
  [KI_2_plus_het|seed=42] checkpoint seg=180 ...
  [KI_2_plus_het|seed=42] checkpoint seg=190 ...
  [KI_2_plus_het|seed=42] checkpoint seg=200 ...
  [KI_2_plus_het|seed=42] checkpoint seg=210 ...
  [KI_2_plus_het|seed=42] checkpoint seg=220 ...
  [KI_2_plus_het|seed=42] checkpoint seg=230 ...
  [KI_2_plus_het|seed=42] checkpoint seg=240 ...
  [KI_2_plus_het|seed=42] checkpoint seg=250 ...
  [KI_2_plus_het|seed=42] checkpoint seg=260 ...
  [KI_2_plus_het|seed=42] checkpoint seg=270 ...
  [KI_2_plus_het|seed=42] checkpoint seg=280 ...
  [KI_2_plus_het|seed=42] checkpoint seg=290 ...
  [KI_2_plus_het|seed=42] checkpoint seg=300 ...
  [KI_2_plus_het|seed=42] done in 1129.8s  final_mean_osi=0.734
[KI_2_plus_het] seed=137
  [KI_2_plus_het|seed=137] checkpoint seg=0 ...
  [KI_2_plus_het|seed=137] checkpoint seg=10 ...
  [KI_2_plus_het|seed=137] checkpoint seg=20 ...
  [KI_2_plus_het|seed=137] checkpoint seg=30 ...
  [KI_2_plus_het|seed=137] checkpoint seg=40 ...
  [KI_2_plus_het|seed=137] checkpoint seg=50 ...
  [KI_2_plus_het|seed=137] checkpoint seg=60 ...
  [KI_2_plus_het|seed=137] checkpoint seg=70 ...
  [KI_2_plus_het|seed=137] checkpoint seg=80 ...
  [KI_2_plus_het|seed=137] checkpoint seg=90 ...
  [KI_2_plus_het|seed=137] checkpoint seg=100 ...
  [KI_2_plus_het|seed=137] checkpoint seg=110 ...
  [KI_2_plus_het|seed=137] checkpoint seg=120 ...
  [KI_2_plus_het|seed=137] checkpoint seg=130 ...
  [KI_2_plus_het|seed=137] checkpoint seg=140 ...
  [KI_2_plus_het|seed=137] checkpoint seg=150 ...
  [KI_2_plus_het|seed=137] checkpoint seg=160 ...
  [KI_2_plus_het|seed=137] checkpoint seg=170 ...
  [KI_2_plus_het|seed=137] checkpoint seg=180 ...
  [KI_2_plus_het|seed=137] checkpoint seg=190 ...
  [KI_2_plus_het|seed=137] checkpoint seg=200 ...
  [KI_2_plus_het|seed=137] checkpoint seg=210 ...
  [KI_2_plus_het|seed=137] checkpoint seg=220 ...
  [KI_2_plus_het|seed=137] checkpoint seg=230 ...
  [KI_2_plus_het|seed=137] checkpoint seg=240 ...
  [KI_2_plus_het|seed=137] checkpoint seg=250 ...
  [KI_2_plus_het|seed=137] checkpoint seg=260 ...
  [KI_2_plus_het|seed=137] checkpoint seg=270 ...
  [KI_2_plus_het|seed=137] checkpoint seg=280 ...
  [KI_2_plus_het|seed=137] checkpoint seg=290 ...
  [KI_2_plus_het|seed=137] checkpoint seg=300 ...
  [KI_2_plus_het|seed=137] done in 587.2s  final_mean_osi=0.828
[KI_2_plus_het] SUMMARY: mean_osi=0.792 +/- 0.024

============================================================
Knock-in: KI_3_plus_split
============================================================
[KI_3_plus_split] seed=1
  [KI_3_plus_split|seed=1] checkpoint seg=0 ...
  [KI_3_plus_split|seed=1] checkpoint seg=10 ...
  [KI_3_plus_split|seed=1] checkpoint seg=20 ...
  [KI_3_plus_split|seed=1] checkpoint seg=30 ...
  [KI_3_plus_split|seed=1] checkpoint seg=40 ...
  [KI_3_plus_split|seed=1] checkpoint seg=50 ...
  [KI_3_plus_split|seed=1] checkpoint seg=60 ...
  [KI_3_plus_split|seed=1] checkpoint seg=70 ...
  [KI_3_plus_split|seed=1] checkpoint seg=80 ...
  [KI_3_plus_split|seed=1] checkpoint seg=90 ...
  [KI_3_plus_split|seed=1] checkpoint seg=100 ...
  [KI_3_plus_split|seed=1] checkpoint seg=110 ...
  [KI_3_plus_split|seed=1] checkpoint seg=120 ...
  [KI_3_plus_split|seed=1] checkpoint seg=130 ...
  [KI_3_plus_split|seed=1] checkpoint seg=140 ...
  [KI_3_plus_split|seed=1] checkpoint seg=150 ...
  [KI_3_plus_split|seed=1] checkpoint seg=160 ...
  [KI_3_plus_split|seed=1] checkpoint seg=170 ...
  [KI_3_plus_split|seed=1] checkpoint seg=180 ...
  [KI_3_plus_split|seed=1] checkpoint seg=190 ...
  [KI_3_plus_split|seed=1] checkpoint seg=200 ...
  [KI_3_plus_split|seed=1] checkpoint seg=210 ...
  [KI_3_plus_split|seed=1] checkpoint seg=220 ...
  [KI_3_plus_split|seed=1] checkpoint seg=230 ...
  [KI_3_plus_split|seed=1] checkpoint seg=240 ...
  [KI_3_plus_split|seed=1] checkpoint seg=250 ...
  [KI_3_plus_split|seed=1] checkpoint seg=260 ...
  [KI_3_plus_split|seed=1] checkpoint seg=270 ...
  [KI_3_plus_split|seed=1] checkpoint seg=280 ...
  [KI_3_plus_split|seed=1] checkpoint seg=290 ...
  [KI_3_plus_split|seed=1] checkpoint seg=300 ...
  [KI_3_plus_split|seed=1] done in 466.0s  final_mean_osi=0.798
[KI_3_plus_split] seed=42
  [KI_3_plus_split|seed=42] checkpoint seg=0 ...
  [KI_3_plus_split|seed=42] checkpoint seg=10 ...
  [KI_3_plus_split|seed=42] checkpoint seg=20 ...
  [KI_3_plus_split|seed=42] checkpoint seg=30 ...
  [KI_3_plus_split|seed=42] checkpoint seg=40 ...
  [KI_3_plus_split|seed=42] checkpoint seg=50 ...
  [KI_3_plus_split|seed=42] checkpoint seg=60 ...
  [KI_3_plus_split|seed=42] checkpoint seg=70 ...
  [KI_3_plus_split|seed=42] checkpoint seg=80 ...
  [KI_3_plus_split|seed=42] checkpoint seg=90 ...
  [KI_3_plus_split|seed=42] checkpoint seg=100 ...
  [KI_3_plus_split|seed=42] checkpoint seg=110 ...
  [KI_3_plus_split|seed=42] checkpoint seg=120 ...
  [KI_3_plus_split|seed=42] checkpoint seg=130 ...
  [KI_3_plus_split|seed=42] checkpoint seg=140 ...
  [KI_3_plus_split|seed=42] checkpoint seg=150 ...
  [KI_3_plus_split|seed=42] checkpoint seg=160 ...
  [KI_3_plus_split|seed=42] checkpoint seg=170 ...
  [KI_3_plus_split|seed=42] checkpoint seg=180 ...
  [KI_3_plus_split|seed=42] checkpoint seg=190 ...
  [KI_3_plus_split|seed=42] checkpoint seg=200 ...
  [KI_3_plus_split|seed=42] checkpoint seg=210 ...
  [KI_3_plus_split|seed=42] checkpoint seg=220 ...
  [KI_3_plus_split|seed=42] checkpoint seg=230 ...
  [KI_3_plus_split|seed=42] checkpoint seg=240 ...
  [KI_3_plus_split|seed=42] checkpoint seg=250 ...
  [KI_3_plus_split|seed=42] checkpoint seg=260 ...
  [KI_3_plus_split|seed=42] checkpoint seg=270 ...
  [KI_3_plus_split|seed=42] checkpoint seg=280 ...
  [KI_3_plus_split|seed=42] checkpoint seg=290 ...
  [KI_3_plus_split|seed=42] checkpoint seg=300 ...
  [KI_3_plus_split|seed=42] done in 471.9s  final_mean_osi=0.825
[KI_3_plus_split] seed=137
  [KI_3_plus_split|seed=137] checkpoint seg=0 ...
  [KI_3_plus_split|seed=137] checkpoint seg=10 ...
  [KI_3_plus_split|seed=137] checkpoint seg=20 ...
  [KI_3_plus_split|seed=137] checkpoint seg=30 ...
  [KI_3_plus_split|seed=137] checkpoint seg=40 ...
  [KI_3_plus_split|seed=137] checkpoint seg=50 ...
  [KI_3_plus_split|seed=137] checkpoint seg=60 ...
  [KI_3_plus_split|seed=137] checkpoint seg=70 ...
  [KI_3_plus_split|seed=137] checkpoint seg=80 ...
  [KI_3_plus_split|seed=137] checkpoint seg=90 ...
  [KI_3_plus_split|seed=137] checkpoint seg=100 ...
  [KI_3_plus_split|seed=137] checkpoint seg=110 ...
  [KI_3_plus_split|seed=137] checkpoint seg=120 ...
  [KI_3_plus_split|seed=137] checkpoint seg=130 ...
  [KI_3_plus_split|seed=137] checkpoint seg=140 ...
  [KI_3_plus_split|seed=137] checkpoint seg=150 ...
  [KI_3_plus_split|seed=137] checkpoint seg=160 ...
  [KI_3_plus_split|seed=137] checkpoint seg=170 ...
  [KI_3_plus_split|seed=137] checkpoint seg=180 ...
  [KI_3_plus_split|seed=137] checkpoint seg=190 ...
  [KI_3_plus_split|seed=137] checkpoint seg=200 ...
  [KI_3_plus_split|seed=137] checkpoint seg=210 ...
  [KI_3_plus_split|seed=137] checkpoint seg=220 ...
  [KI_3_plus_split|seed=137] checkpoint seg=230 ...
  [KI_3_plus_split|seed=137] checkpoint seg=240 ...
  [KI_3_plus_split|seed=137] checkpoint seg=250 ...
  [KI_3_plus_split|seed=137] checkpoint seg=260 ...
  [KI_3_plus_split|seed=137] checkpoint seg=270 ...
  [KI_3_plus_split|seed=137] checkpoint seg=280 ...
  [KI_3_plus_split|seed=137] checkpoint seg=290 ...
  [KI_3_plus_split|seed=137] checkpoint seg=300 ...
  [KI_3_plus_split|seed=137] done in 452.3s  final_mean_osi=0.773
[KI_3_plus_split] SUMMARY: mean_osi=0.798 +/- 0.012

============================================================
Knock-in: KI_4_plus_pv
============================================================
[KI_4_plus_pv] seed=1
  [KI_4_plus_pv|seed=1] checkpoint seg=0 ...
  [KI_4_plus_pv|seed=1] checkpoint seg=10 ...
  [KI_4_plus_pv|seed=1] checkpoint seg=20 ...
  [KI_4_plus_pv|seed=1] checkpoint seg=30 ...
  [KI_4_plus_pv|seed=1] checkpoint seg=40 ...
  [KI_4_plus_pv|seed=1] checkpoint seg=50 ...
  [KI_4_plus_pv|seed=1] checkpoint seg=60 ...
  [KI_4_plus_pv|seed=1] checkpoint seg=70 ...
  [KI_4_plus_pv|seed=1] checkpoint seg=80 ...
  [KI_4_plus_pv|seed=1] checkpoint seg=90 ...
  [KI_4_plus_pv|seed=1] checkpoint seg=100 ...
  [KI_4_plus_pv|seed=1] checkpoint seg=110 ...
  [KI_4_plus_pv|seed=1] checkpoint seg=120 ...
  [KI_4_plus_pv|seed=1] checkpoint seg=130 ...
  [KI_4_plus_pv|seed=1] checkpoint seg=140 ...
  [KI_4_plus_pv|seed=1] checkpoint seg=150 ...
  [KI_4_plus_pv|seed=1] checkpoint seg=160 ...
  [KI_4_plus_pv|seed=1] checkpoint seg=170 ...
  [KI_4_plus_pv|seed=1] checkpoint seg=180 ...
  [KI_4_plus_pv|seed=1] checkpoint seg=190 ...
  [KI_4_plus_pv|seed=1] checkpoint seg=200 ...
  [KI_4_plus_pv|seed=1] checkpoint seg=210 ...
  [KI_4_plus_pv|seed=1] checkpoint seg=220 ...
  [KI_4_plus_pv|seed=1] checkpoint seg=230 ...
  [KI_4_plus_pv|seed=1] checkpoint seg=240 ...
  [KI_4_plus_pv|seed=1] checkpoint seg=250 ...
  [KI_4_plus_pv|seed=1] checkpoint seg=260 ...
  [KI_4_plus_pv|seed=1] checkpoint seg=270 ...
  [KI_4_plus_pv|seed=1] checkpoint seg=280 ...
  [KI_4_plus_pv|seed=1] checkpoint seg=290 ...
  [KI_4_plus_pv|seed=1] checkpoint seg=300 ...
  [KI_4_plus_pv|seed=1] done in 469.5s  final_mean_osi=0.846
[KI_4_plus_pv] seed=42
  [KI_4_plus_pv|seed=42] checkpoint seg=0 ...
  [KI_4_plus_pv|seed=42] checkpoint seg=10 ...
  [KI_4_plus_pv|seed=42] checkpoint seg=20 ...
  [KI_4_plus_pv|seed=42] checkpoint seg=30 ...
  [KI_4_plus_pv|seed=42] checkpoint seg=40 ...
  [KI_4_plus_pv|seed=42] checkpoint seg=50 ...
  [KI_4_plus_pv|seed=42] checkpoint seg=60 ...
  [KI_4_plus_pv|seed=42] checkpoint seg=70 ...
  [KI_4_plus_pv|seed=42] checkpoint seg=80 ...
  [KI_4_plus_pv|seed=42] checkpoint seg=90 ...
  [KI_4_plus_pv|seed=42] checkpoint seg=100 ...
  [KI_4_plus_pv|seed=42] checkpoint seg=110 ...
  [KI_4_plus_pv|seed=42] checkpoint seg=120 ...
  [KI_4_plus_pv|seed=42] checkpoint seg=130 ...
  [KI_4_plus_pv|seed=42] checkpoint seg=140 ...
  [KI_4_plus_pv|seed=42] checkpoint seg=150 ...
  [KI_4_plus_pv|seed=42] checkpoint seg=160 ...
  [KI_4_plus_pv|seed=42] checkpoint seg=170 ...
  [KI_4_plus_pv|seed=42] checkpoint seg=180 ...
  [KI_4_plus_pv|seed=42] checkpoint seg=190 ...
  [KI_4_plus_pv|seed=42] checkpoint seg=200 ...
  [KI_4_plus_pv|seed=42] checkpoint seg=210 ...
  [KI_4_plus_pv|seed=42] checkpoint seg=220 ...
  [KI_4_plus_pv|seed=42] checkpoint seg=230 ...
  [KI_4_plus_pv|seed=42] checkpoint seg=240 ...
  [KI_4_plus_pv|seed=42] checkpoint seg=250 ...
  [KI_4_plus_pv|seed=42] checkpoint seg=260 ...
  [KI_4_plus_pv|seed=42] checkpoint seg=270 ...
  [KI_4_plus_pv|seed=42] checkpoint seg=280 ...
  [KI_4_plus_pv|seed=42] checkpoint seg=290 ...
  [KI_4_plus_pv|seed=42] checkpoint seg=300 ...
  [KI_4_plus_pv|seed=42] done in 462.5s  final_mean_osi=0.821
[KI_4_plus_pv] seed=137
  [KI_4_plus_pv|seed=137] checkpoint seg=0 ...
  [KI_4_plus_pv|seed=137] checkpoint seg=10 ...
  [KI_4_plus_pv|seed=137] checkpoint seg=20 ...
  [KI_4_plus_pv|seed=137] checkpoint seg=30 ...
  [KI_4_plus_pv|seed=137] checkpoint seg=40 ...
  [KI_4_plus_pv|seed=137] checkpoint seg=50 ...
  [KI_4_plus_pv|seed=137] checkpoint seg=60 ...
  [KI_4_plus_pv|seed=137] checkpoint seg=70 ...
  [KI_4_plus_pv|seed=137] checkpoint seg=80 ...
  [KI_4_plus_pv|seed=137] checkpoint seg=90 ...
  [KI_4_plus_pv|seed=137] checkpoint seg=100 ...
  [KI_4_plus_pv|seed=137] checkpoint seg=110 ...
  [KI_4_plus_pv|seed=137] checkpoint seg=120 ...
  [KI_4_plus_pv|seed=137] checkpoint seg=130 ...
  [KI_4_plus_pv|seed=137] checkpoint seg=140 ...
  [KI_4_plus_pv|seed=137] checkpoint seg=150 ...
  [KI_4_plus_pv|seed=137] checkpoint seg=160 ...
  [KI_4_plus_pv|seed=137] checkpoint seg=170 ...
  [KI_4_plus_pv|seed=137] checkpoint seg=180 ...
  [KI_4_plus_pv|seed=137] checkpoint seg=190 ...
  [KI_4_plus_pv|seed=137] checkpoint seg=200 ...
  [KI_4_plus_pv|seed=137] checkpoint seg=210 ...
  [KI_4_plus_pv|seed=137] checkpoint seg=220 ...
  [KI_4_plus_pv|seed=137] checkpoint seg=230 ...
  [KI_4_plus_pv|seed=137] checkpoint seg=240 ...
  [KI_4_plus_pv|seed=137] checkpoint seg=250 ...
  [KI_4_plus_pv|seed=137] checkpoint seg=260 ...
  [KI_4_plus_pv|seed=137] checkpoint seg=270 ...
  [KI_4_plus_pv|seed=137] checkpoint seg=280 ...
  [KI_4_plus_pv|seed=137] checkpoint seg=290 ...
  [KI_4_plus_pv|seed=137] checkpoint seg=300 ...
  [KI_4_plus_pv|seed=137] done in 454.0s  final_mean_osi=0.821
[KI_4_plus_pv] SUMMARY: mean_osi=0.829 +/- 0.007

============================================================
Knock-in: KI_5_plus_som
============================================================
[KI_5_plus_som] seed=1
  [KI_5_plus_som|seed=1] checkpoint seg=0 ...
  [KI_5_plus_som|seed=1] checkpoint seg=10 ...
  [KI_5_plus_som|seed=1] checkpoint seg=20 ...
  [KI_5_plus_som|seed=1] checkpoint seg=30 ...
  [KI_5_plus_som|seed=1] checkpoint seg=40 ...
  [KI_5_plus_som|seed=1] checkpoint seg=50 ...
  [KI_5_plus_som|seed=1] checkpoint seg=60 ...
  [KI_5_plus_som|seed=1] checkpoint seg=70 ...
  [KI_5_plus_som|seed=1] checkpoint seg=80 ...
  [KI_5_plus_som|seed=1] checkpoint seg=90 ...
  [KI_5_plus_som|seed=1] checkpoint seg=100 ...
  [KI_5_plus_som|seed=1] checkpoint seg=110 ...
  [KI_5_plus_som|seed=1] checkpoint seg=120 ...
  [KI_5_plus_som|seed=1] checkpoint seg=130 ...
  [KI_5_plus_som|seed=1] checkpoint seg=140 ...
  [KI_5_plus_som|seed=1] checkpoint seg=150 ...
  [KI_5_plus_som|seed=1] checkpoint seg=160 ...
  [KI_5_plus_som|seed=1] checkpoint seg=170 ...
  [KI_5_plus_som|seed=1] checkpoint seg=180 ...
  [KI_5_plus_som|seed=1] checkpoint seg=190 ...
  [KI_5_plus_som|seed=1] checkpoint seg=200 ...
  [KI_5_plus_som|seed=1] checkpoint seg=210 ...
  [KI_5_plus_som|seed=1] checkpoint seg=220 ...
  [KI_5_plus_som|seed=1] checkpoint seg=230 ...
  [KI_5_plus_som|seed=1] checkpoint seg=240 ...
  [KI_5_plus_som|seed=1] checkpoint seg=250 ...
  [KI_5_plus_som|seed=1] checkpoint seg=260 ...
  [KI_5_plus_som|seed=1] checkpoint seg=270 ...
  [KI_5_plus_som|seed=1] checkpoint seg=280 ...
  [KI_5_plus_som|seed=1] checkpoint seg=290 ...
  [KI_5_plus_som|seed=1] checkpoint seg=300 ...
  [KI_5_plus_som|seed=1] done in 452.3s  final_mean_osi=0.855
[KI_5_plus_som] seed=42
  [KI_5_plus_som|seed=42] checkpoint seg=0 ...
  [KI_5_plus_som|seed=42] checkpoint seg=10 ...
  [KI_5_plus_som|seed=42] checkpoint seg=20 ...
  [KI_5_plus_som|seed=42] checkpoint seg=30 ...
  [KI_5_plus_som|seed=42] checkpoint seg=40 ...
  [KI_5_plus_som|seed=42] checkpoint seg=50 ...
  [KI_5_plus_som|seed=42] checkpoint seg=60 ...
  [KI_5_plus_som|seed=42] checkpoint seg=70 ...
  [KI_5_plus_som|seed=42] checkpoint seg=80 ...
  [KI_5_plus_som|seed=42] checkpoint seg=90 ...
  [KI_5_plus_som|seed=42] checkpoint seg=100 ...
  [KI_5_plus_som|seed=42] checkpoint seg=110 ...
  [KI_5_plus_som|seed=42] checkpoint seg=120 ...
  [KI_5_plus_som|seed=42] checkpoint seg=130 ...
  [KI_5_plus_som|seed=42] checkpoint seg=140 ...
  [KI_5_plus_som|seed=42] checkpoint seg=150 ...
  [KI_5_plus_som|seed=42] checkpoint seg=160 ...
  [KI_5_plus_som|seed=42] checkpoint seg=170 ...
  [KI_5_plus_som|seed=42] checkpoint seg=180 ...
  [KI_5_plus_som|seed=42] checkpoint seg=190 ...
  [KI_5_plus_som|seed=42] checkpoint seg=200 ...
  [KI_5_plus_som|seed=42] checkpoint seg=210 ...
  [KI_5_plus_som|seed=42] checkpoint seg=220 ...
  [KI_5_plus_som|seed=42] checkpoint seg=230 ...
  [KI_5_plus_som|seed=42] checkpoint seg=240 ...
  [KI_5_plus_som|seed=42] checkpoint seg=250 ...
  [KI_5_plus_som|seed=42] checkpoint seg=260 ...
  [KI_5_plus_som|seed=42] checkpoint seg=270 ...
  [KI_5_plus_som|seed=42] checkpoint seg=280 ...
  [KI_5_plus_som|seed=42] checkpoint seg=290 ...
  [KI_5_plus_som|seed=42] checkpoint seg=300 ...
  [KI_5_plus_som|seed=42] done in 454.1s  final_mean_osi=0.844
[KI_5_plus_som] seed=137
  [KI_5_plus_som|seed=137] checkpoint seg=0 ...
  [KI_5_plus_som|seed=137] checkpoint seg=10 ...
  [KI_5_plus_som|seed=137] checkpoint seg=20 ...
  [KI_5_plus_som|seed=137] checkpoint seg=30 ...
  [KI_5_plus_som|seed=137] checkpoint seg=40 ...
  [KI_5_plus_som|seed=137] checkpoint seg=50 ...
  [KI_5_plus_som|seed=137] checkpoint seg=60 ...
  [KI_5_plus_som|seed=137] checkpoint seg=70 ...
  [KI_5_plus_som|seed=137] checkpoint seg=80 ...
  [KI_5_plus_som|seed=137] checkpoint seg=90 ...
  [KI_5_plus_som|seed=137] checkpoint seg=100 ...
  [KI_5_plus_som|seed=137] checkpoint seg=110 ...
  [KI_5_plus_som|seed=137] checkpoint seg=120 ...
  [KI_5_plus_som|seed=137] checkpoint seg=130 ...
  [KI_5_plus_som|seed=137] checkpoint seg=140 ...
  [KI_5_plus_som|seed=137] checkpoint seg=150 ...
  [KI_5_plus_som|seed=137] checkpoint seg=160 ...
  [KI_5_plus_som|seed=137] checkpoint seg=170 ...
  [KI_5_plus_som|seed=137] checkpoint seg=180 ...
  [KI_5_plus_som|seed=137] checkpoint seg=190 ...
  [KI_5_plus_som|seed=137] checkpoint seg=200 ...
  [KI_5_plus_som|seed=137] checkpoint seg=210 ...
  [KI_5_plus_som|seed=137] checkpoint seg=220 ...
  [KI_5_plus_som|seed=137] checkpoint seg=230 ...
  [KI_5_plus_som|seed=137] checkpoint seg=240 ...
  [KI_5_plus_som|seed=137] checkpoint seg=250 ...
  [KI_5_plus_som|seed=137] checkpoint seg=260 ...
  [KI_5_plus_som|seed=137] checkpoint seg=270 ...
  [KI_5_plus_som|seed=137] checkpoint seg=280 ...
  [KI_5_plus_som|seed=137] checkpoint seg=290 ...
  [KI_5_plus_som|seed=137] checkpoint seg=300 ...
  [KI_5_plus_som|seed=137] done in 457.0s  final_mean_osi=0.835
[KI_5_plus_som] SUMMARY: mean_osi=0.844 +/- 0.005

============================================================
Knock-in: KI_6_full_model
============================================================
[KI_6_full_model] seed=1
  [KI_6_full_model|seed=1] checkpoint seg=0 ...
  [KI_6_full_model|seed=1] checkpoint seg=10 ...
  [KI_6_full_model|seed=1] checkpoint seg=20 ...
  [KI_6_full_model|seed=1] checkpoint seg=30 ...
  [KI_6_full_model|seed=1] checkpoint seg=40 ...
  [KI_6_full_model|seed=1] checkpoint seg=50 ...
  [KI_6_full_model|seed=1] checkpoint seg=60 ...
  [KI_6_full_model|seed=1] checkpoint seg=70 ...
  [KI_6_full_model|seed=1] checkpoint seg=80 ...
  [KI_6_full_model|seed=1] checkpoint seg=90 ...
  [KI_6_full_model|seed=1] checkpoint seg=100 ...
  [KI_6_full_model|seed=1] checkpoint seg=110 ...
  [KI_6_full_model|seed=1] checkpoint seg=120 ...
  [KI_6_full_model|seed=1] checkpoint seg=130 ...
  [KI_6_full_model|seed=1] checkpoint seg=140 ...
  [KI_6_full_model|seed=1] checkpoint seg=150 ...
  [KI_6_full_model|seed=1] checkpoint seg=160 ...
  [KI_6_full_model|seed=1] checkpoint seg=170 ...
  [KI_6_full_model|seed=1] checkpoint seg=180 ...
  [KI_6_full_model|seed=1] checkpoint seg=190 ...
  [KI_6_full_model|seed=1] checkpoint seg=200 ...
  [KI_6_full_model|seed=1] checkpoint seg=210 ...
  [KI_6_full_model|seed=1] checkpoint seg=220 ...
  [KI_6_full_model|seed=1] checkpoint seg=230 ...
  [KI_6_full_model|seed=1] checkpoint seg=240 ...
  [KI_6_full_model|seed=1] checkpoint seg=250 ...
  [KI_6_full_model|seed=1] checkpoint seg=260 ...
  [KI_6_full_model|seed=1] checkpoint seg=270 ...
  [KI_6_full_model|seed=1] checkpoint seg=280 ...
  [KI_6_full_model|seed=1] checkpoint seg=290 ...
  [KI_6_full_model|seed=1] checkpoint seg=300 ...
  [KI_6_full_model|seed=1] done in 485.1s  final_mean_osi=0.845
[KI_6_full_model] seed=42
  [KI_6_full_model|seed=42] checkpoint seg=0 ...
  [KI_6_full_model|seed=42] checkpoint seg=10 ...
  [KI_6_full_model|seed=42] checkpoint seg=20 ...
  [KI_6_full_model|seed=42] checkpoint seg=30 ...
  [KI_6_full_model|seed=42] checkpoint seg=40 ...
  [KI_6_full_model|seed=42] checkpoint seg=50 ...
  [KI_6_full_model|seed=42] checkpoint seg=60 ...
  [KI_6_full_model|seed=42] checkpoint seg=70 ...
  [KI_6_full_model|seed=42] checkpoint seg=80 ...
  [KI_6_full_model|seed=42] checkpoint seg=90 ...
  [KI_6_full_model|seed=42] checkpoint seg=100 ...
  [KI_6_full_model|seed=42] checkpoint seg=110 ...
  [KI_6_full_model|seed=42] checkpoint seg=120 ...
  [KI_6_full_model|seed=42] checkpoint seg=130 ...
  [KI_6_full_model|seed=42] checkpoint seg=140 ...
  [KI_6_full_model|seed=42] checkpoint seg=150 ...
  [KI_6_full_model|seed=42] checkpoint seg=160 ...
  [KI_6_full_model|seed=42] checkpoint seg=170 ...
  [KI_6_full_model|seed=42] checkpoint seg=180 ...
  [KI_6_full_model|seed=42] checkpoint seg=190 ...
  [KI_6_full_model|seed=42] checkpoint seg=200 ...
  [KI_6_full_model|seed=42] checkpoint seg=210 ...
  [KI_6_full_model|seed=42] checkpoint seg=220 ...
  [KI_6_full_model|seed=42] checkpoint seg=230 ...
  [KI_6_full_model|seed=42] checkpoint seg=240 ...
  [KI_6_full_model|seed=42] checkpoint seg=250 ...
  [KI_6_full_model|seed=42] checkpoint seg=260 ...
  [KI_6_full_model|seed=42] checkpoint seg=270 ...
  [KI_6_full_model|seed=42] checkpoint seg=280 ...
  [KI_6_full_model|seed=42] checkpoint seg=290 ...
  [KI_6_full_model|seed=42] checkpoint seg=300 ...
  [KI_6_full_model|seed=42] done in 477.8s  final_mean_osi=0.830
[KI_6_full_model] seed=137
  [KI_6_full_model|seed=137] checkpoint seg=0 ...
  [KI_6_full_model|seed=137] checkpoint seg=10 ...
  [KI_6_full_model|seed=137] checkpoint seg=20 ...
  [KI_6_full_model|seed=137] checkpoint seg=30 ...
  [KI_6_full_model|seed=137] checkpoint seg=40 ...
  [KI_6_full_model|seed=137] checkpoint seg=50 ...
  [KI_6_full_model|seed=137] checkpoint seg=60 ...
  [KI_6_full_model|seed=137] checkpoint seg=70 ...
  [KI_6_full_model|seed=137] checkpoint seg=80 ...
  [KI_6_full_model|seed=137] checkpoint seg=90 ...
  [KI_6_full_model|seed=137] checkpoint seg=100 ...
  [KI_6_full_model|seed=137] checkpoint seg=110 ...
  [KI_6_full_model|seed=137] checkpoint seg=120 ...
  [KI_6_full_model|seed=137] checkpoint seg=130 ...
  [KI_6_full_model|seed=137] checkpoint seg=140 ...
  [KI_6_full_model|seed=137] checkpoint seg=150 ...
  [KI_6_full_model|seed=137] checkpoint seg=160 ...
  [KI_6_full_model|seed=137] checkpoint seg=170 ...
  [KI_6_full_model|seed=137] checkpoint seg=180 ...
  [KI_6_full_model|seed=137] checkpoint seg=190 ...
  [KI_6_full_model|seed=137] checkpoint seg=200 ...
  [KI_6_full_model|seed=137] checkpoint seg=210 ...
  [KI_6_full_model|seed=137] checkpoint seg=220 ...
  [KI_6_full_model|seed=137] checkpoint seg=230 ...
  [KI_6_full_model|seed=137] checkpoint seg=240 ...
  [KI_6_full_model|seed=137] checkpoint seg=250 ...
  [KI_6_full_model|seed=137] checkpoint seg=260 ...
  [KI_6_full_model|seed=137] checkpoint seg=270 ...
  [KI_6_full_model|seed=137] checkpoint seg=280 ...
  [KI_6_full_model|seed=137] checkpoint seg=290 ...
  [KI_6_full_model|seed=137] checkpoint seg=300 ...
  [KI_6_full_model|seed=137] done in 510.8s  final_mean_osi=0.864
[KI_6_full_model] SUMMARY: mean_osi=0.846 +/- 0.008

============================================================
KNOCK-IN SUMMARY
============================================================
  KI_1_stdp_only             OSI = 0.014 +/- 0.001
  KI_2_plus_het              OSI = 0.792 +/- 0.024  (delta = +0.779)
  KI_3_plus_split            OSI = 0.798 +/- 0.012  (delta = +0.006)
  KI_4_plus_pv               OSI = 0.829 +/- 0.007  (delta = +0.031)
  KI_5_plus_som              OSI = 0.844 +/- 0.005  (delta = +0.015)
  KI_6_full_model            OSI = 0.846 +/- 0.008  (delta = +0.002)

======================================================================
PART 2: PAIRWISE INTERACTION MATRIX
======================================================================

============================================================
Interaction: IX_Het_only
============================================================
[IX_Het_only] seed=1
  [IX_Het_only|seed=1] checkpoint seg=0 ...
  [IX_Het_only|seed=1] checkpoint seg=10 ...
  [IX_Het_only|seed=1] checkpoint seg=20 ...
  [IX_Het_only|seed=1] checkpoint seg=30 ...
  [IX_Het_only|seed=1] checkpoint seg=40 ...
  [IX_Het_only|seed=1] checkpoint seg=50 ...
  [IX_Het_only|seed=1] checkpoint seg=60 ...
  [IX_Het_only|seed=1] checkpoint seg=70 ...
  [IX_Het_only|seed=1] checkpoint seg=80 ...
  [IX_Het_only|seed=1] checkpoint seg=90 ...
  [IX_Het_only|seed=1] checkpoint seg=100 ...
  [IX_Het_only|seed=1] checkpoint seg=110 ...
  [IX_Het_only|seed=1] checkpoint seg=120 ...
  [IX_Het_only|seed=1] checkpoint seg=130 ...
  [IX_Het_only|seed=1] checkpoint seg=140 ...
  [IX_Het_only|seed=1] checkpoint seg=150 ...
  [IX_Het_only|seed=1] checkpoint seg=160 ...
  [IX_Het_only|seed=1] checkpoint seg=170 ...
  [IX_Het_only|seed=1] checkpoint seg=180 ...
  [IX_Het_only|seed=1] checkpoint seg=190 ...
  [IX_Het_only|seed=1] checkpoint seg=200 ...
  [IX_Het_only|seed=1] checkpoint seg=210 ...
  [IX_Het_only|seed=1] checkpoint seg=220 ...
  [IX_Het_only|seed=1] checkpoint seg=230 ...
  [IX_Het_only|seed=1] checkpoint seg=240 ...
  [IX_Het_only|seed=1] checkpoint seg=250 ...
  [IX_Het_only|seed=1] checkpoint seg=260 ...
  [IX_Het_only|seed=1] checkpoint seg=270 ...
  [IX_Het_only|seed=1] checkpoint seg=280 ...
  [IX_Het_only|seed=1] checkpoint seg=290 ...
  [IX_Het_only|seed=1] checkpoint seg=300 ...
  [IX_Het_only|seed=1] done in 443.1s  final_mean_osi=0.815
[IX_Het_only] seed=42
  [IX_Het_only|seed=42] checkpoint seg=0 ...
  [IX_Het_only|seed=42] checkpoint seg=10 ...
  [IX_Het_only|seed=42] checkpoint seg=20 ...
  [IX_Het_only|seed=42] checkpoint seg=30 ...
  [IX_Het_only|seed=42] checkpoint seg=40 ...
  [IX_Het_only|seed=42] checkpoint seg=50 ...
  [IX_Het_only|seed=42] checkpoint seg=60 ...
  [IX_Het_only|seed=42] checkpoint seg=70 ...
  [IX_Het_only|seed=42] checkpoint seg=80 ...
  [IX_Het_only|seed=42] checkpoint seg=90 ...
  [IX_Het_only|seed=42] checkpoint seg=100 ...
  [IX_Het_only|seed=42] checkpoint seg=110 ...
  [IX_Het_only|seed=42] checkpoint seg=120 ...
  [IX_Het_only|seed=42] checkpoint seg=130 ...
  [IX_Het_only|seed=42] checkpoint seg=140 ...
  [IX_Het_only|seed=42] checkpoint seg=150 ...
  [IX_Het_only|seed=42] checkpoint seg=160 ...
  [IX_Het_only|seed=42] checkpoint seg=170 ...
  [IX_Het_only|seed=42] checkpoint seg=180 ...
  [IX_Het_only|seed=42] checkpoint seg=190 ...
  [IX_Het_only|seed=42] checkpoint seg=200 ...
  [IX_Het_only|seed=42] checkpoint seg=210 ...
  [IX_Het_only|seed=42] checkpoint seg=220 ...
  [IX_Het_only|seed=42] checkpoint seg=230 ...
  [IX_Het_only|seed=42] checkpoint seg=240 ...
  [IX_Het_only|seed=42] checkpoint seg=250 ...
  [IX_Het_only|seed=42] checkpoint seg=260 ...
  [IX_Het_only|seed=42] checkpoint seg=270 ...
  [IX_Het_only|seed=42] checkpoint seg=280 ...
  [IX_Het_only|seed=42] checkpoint seg=290 ...
  [IX_Het_only|seed=42] checkpoint seg=300 ...
  [IX_Het_only|seed=42] done in 455.7s  final_mean_osi=0.734
[IX_Het_only] seed=137
  [IX_Het_only|seed=137] checkpoint seg=0 ...
  [IX_Het_only|seed=137] checkpoint seg=10 ...
  [IX_Het_only|seed=137] checkpoint seg=20 ...
  [IX_Het_only|seed=137] checkpoint seg=30 ...
  [IX_Het_only|seed=137] checkpoint seg=40 ...
  [IX_Het_only|seed=137] checkpoint seg=50 ...
  [IX_Het_only|seed=137] checkpoint seg=60 ...
  [IX_Het_only|seed=137] checkpoint seg=70 ...
  [IX_Het_only|seed=137] checkpoint seg=80 ...
  [IX_Het_only|seed=137] checkpoint seg=90 ...
  [IX_Het_only|seed=137] checkpoint seg=100 ...
  [IX_Het_only|seed=137] checkpoint seg=110 ...
  [IX_Het_only|seed=137] checkpoint seg=120 ...
  [IX_Het_only|seed=137] checkpoint seg=130 ...
  [IX_Het_only|seed=137] checkpoint seg=140 ...
  [IX_Het_only|seed=137] checkpoint seg=150 ...
  [IX_Het_only|seed=137] checkpoint seg=160 ...
  [IX_Het_only|seed=137] checkpoint seg=170 ...
  [IX_Het_only|seed=137] checkpoint seg=180 ...
  [IX_Het_only|seed=137] checkpoint seg=190 ...
  [IX_Het_only|seed=137] checkpoint seg=200 ...
  [IX_Het_only|seed=137] checkpoint seg=210 ...
  [IX_Het_only|seed=137] checkpoint seg=220 ...
  [IX_Het_only|seed=137] checkpoint seg=230 ...
  [IX_Het_only|seed=137] checkpoint seg=240 ...
  [IX_Het_only|seed=137] checkpoint seg=250 ...
  [IX_Het_only|seed=137] checkpoint seg=260 ...
  [IX_Het_only|seed=137] checkpoint seg=270 ...
  [IX_Het_only|seed=137] checkpoint seg=280 ...
  [IX_Het_only|seed=137] checkpoint seg=290 ...
  [IX_Het_only|seed=137] checkpoint seg=300 ...
  [IX_Het_only|seed=137] done in 455.2s  final_mean_osi=0.828
[IX_Het_only] SUMMARY: mean_osi=0.792 +/- 0.024

============================================================
Interaction: IX_Split_only
============================================================
[IX_Split_only] seed=1
  [IX_Split_only|seed=1] checkpoint seg=0 ...
  [IX_Split_only|seed=1] checkpoint seg=10 ...
  [IX_Split_only|seed=1] checkpoint seg=20 ...
  [IX_Split_only|seed=1] checkpoint seg=30 ...
  [IX_Split_only|seed=1] checkpoint seg=40 ...
  [IX_Split_only|seed=1] checkpoint seg=50 ...
  [IX_Split_only|seed=1] checkpoint seg=60 ...
  [IX_Split_only|seed=1] checkpoint seg=70 ...
  [IX_Split_only|seed=1] checkpoint seg=80 ...
  [IX_Split_only|seed=1] checkpoint seg=90 ...
  [IX_Split_only|seed=1] checkpoint seg=100 ...
  [IX_Split_only|seed=1] checkpoint seg=110 ...
  [IX_Split_only|seed=1] checkpoint seg=120 ...
  [IX_Split_only|seed=1] checkpoint seg=130 ...
  [IX_Split_only|seed=1] checkpoint seg=140 ...
  [IX_Split_only|seed=1] checkpoint seg=150 ...
  [IX_Split_only|seed=1] checkpoint seg=160 ...
  [IX_Split_only|seed=1] checkpoint seg=170 ...
  [IX_Split_only|seed=1] checkpoint seg=180 ...
  [IX_Split_only|seed=1] checkpoint seg=190 ...
  [IX_Split_only|seed=1] checkpoint seg=200 ...
  [IX_Split_only|seed=1] checkpoint seg=210 ...
  [IX_Split_only|seed=1] checkpoint seg=220 ...
  [IX_Split_only|seed=1] checkpoint seg=230 ...
  [IX_Split_only|seed=1] checkpoint seg=240 ...
  [IX_Split_only|seed=1] checkpoint seg=250 ...
  [IX_Split_only|seed=1] checkpoint seg=260 ...
  [IX_Split_only|seed=1] checkpoint seg=270 ...
  [IX_Split_only|seed=1] checkpoint seg=280 ...
  [IX_Split_only|seed=1] checkpoint seg=290 ...
  [IX_Split_only|seed=1] checkpoint seg=300 ...
  [IX_Split_only|seed=1] done in 455.4s  final_mean_osi=0.690
[IX_Split_only] seed=42
  [IX_Split_only|seed=42] checkpoint seg=0 ...
  [IX_Split_only|seed=42] checkpoint seg=10 ...
  [IX_Split_only|seed=42] checkpoint seg=20 ...
  [IX_Split_only|seed=42] checkpoint seg=30 ...
  [IX_Split_only|seed=42] checkpoint seg=40 ...
  [IX_Split_only|seed=42] checkpoint seg=50 ...
  [IX_Split_only|seed=42] checkpoint seg=60 ...
  [IX_Split_only|seed=42] checkpoint seg=70 ...
  [IX_Split_only|seed=42] checkpoint seg=80 ...
  [IX_Split_only|seed=42] checkpoint seg=90 ...
  [IX_Split_only|seed=42] checkpoint seg=100 ...
  [IX_Split_only|seed=42] checkpoint seg=110 ...
  [IX_Split_only|seed=42] checkpoint seg=120 ...
  [IX_Split_only|seed=42] checkpoint seg=130 ...
  [IX_Split_only|seed=42] checkpoint seg=140 ...
  [IX_Split_only|seed=42] checkpoint seg=150 ...
  [IX_Split_only|seed=42] checkpoint seg=160 ...
  [IX_Split_only|seed=42] checkpoint seg=170 ...
  [IX_Split_only|seed=42] checkpoint seg=180 ...
  [IX_Split_only|seed=42] checkpoint seg=190 ...
  [IX_Split_only|seed=42] checkpoint seg=200 ...
  [IX_Split_only|seed=42] checkpoint seg=210 ...
  [IX_Split_only|seed=42] checkpoint seg=220 ...
  [IX_Split_only|seed=42] checkpoint seg=230 ...
  [IX_Split_only|seed=42] checkpoint seg=240 ...
  [IX_Split_only|seed=42] checkpoint seg=250 ...
  [IX_Split_only|seed=42] checkpoint seg=260 ...
  [IX_Split_only|seed=42] checkpoint seg=270 ...
  [IX_Split_only|seed=42] checkpoint seg=280 ...
  [IX_Split_only|seed=42] checkpoint seg=290 ...
  [IX_Split_only|seed=42] checkpoint seg=300 ...
  [IX_Split_only|seed=42] done in 463.4s  final_mean_osi=0.662
[IX_Split_only] seed=137
  [IX_Split_only|seed=137] checkpoint seg=0 ...
  [IX_Split_only|seed=137] checkpoint seg=10 ...
  [IX_Split_only|seed=137] checkpoint seg=20 ...
  [IX_Split_only|seed=137] checkpoint seg=30 ...
  [IX_Split_only|seed=137] checkpoint seg=40 ...
  [IX_Split_only|seed=137] checkpoint seg=50 ...
  [IX_Split_only|seed=137] checkpoint seg=60 ...
  [IX_Split_only|seed=137] checkpoint seg=70 ...
  [IX_Split_only|seed=137] checkpoint seg=80 ...
  [IX_Split_only|seed=137] checkpoint seg=90 ...
  [IX_Split_only|seed=137] checkpoint seg=100 ...
  [IX_Split_only|seed=137] checkpoint seg=110 ...
  [IX_Split_only|seed=137] checkpoint seg=120 ...
  [IX_Split_only|seed=137] checkpoint seg=130 ...
  [IX_Split_only|seed=137] checkpoint seg=140 ...
  [IX_Split_only|seed=137] checkpoint seg=150 ...
  [IX_Split_only|seed=137] checkpoint seg=160 ...
  [IX_Split_only|seed=137] checkpoint seg=170 ...
  [IX_Split_only|seed=137] checkpoint seg=180 ...
  [IX_Split_only|seed=137] checkpoint seg=190 ...
  [IX_Split_only|seed=137] checkpoint seg=200 ...
  [IX_Split_only|seed=137] checkpoint seg=210 ...
  [IX_Split_only|seed=137] checkpoint seg=220 ...
  [IX_Split_only|seed=137] checkpoint seg=230 ...
  [IX_Split_only|seed=137] checkpoint seg=240 ...
  [IX_Split_only|seed=137] checkpoint seg=250 ...
  [IX_Split_only|seed=137] checkpoint seg=260 ...
  [IX_Split_only|seed=137] checkpoint seg=270 ...
  [IX_Split_only|seed=137] checkpoint seg=280 ...
  [IX_Split_only|seed=137] checkpoint seg=290 ...
  [IX_Split_only|seed=137] checkpoint seg=300 ...
  [IX_Split_only|seed=137] done in 469.2s  final_mean_osi=0.665
[IX_Split_only] SUMMARY: mean_osi=0.673 +/- 0.007

============================================================
Interaction: IX_PV_only
============================================================
[IX_PV_only] seed=1
  [IX_PV_only|seed=1] checkpoint seg=0 ...
  [IX_PV_only|seed=1] checkpoint seg=10 ...
  [IX_PV_only|seed=1] checkpoint seg=20 ...
  [IX_PV_only|seed=1] checkpoint seg=30 ...
  [IX_PV_only|seed=1] checkpoint seg=40 ...
  [IX_PV_only|seed=1] checkpoint seg=50 ...
  [IX_PV_only|seed=1] checkpoint seg=60 ...
  [IX_PV_only|seed=1] checkpoint seg=70 ...
  [IX_PV_only|seed=1] checkpoint seg=80 ...
  [IX_PV_only|seed=1] checkpoint seg=90 ...
  [IX_PV_only|seed=1] checkpoint seg=100 ...
  [IX_PV_only|seed=1] checkpoint seg=110 ...
  [IX_PV_only|seed=1] checkpoint seg=120 ...
  [IX_PV_only|seed=1] checkpoint seg=130 ...
  [IX_PV_only|seed=1] checkpoint seg=140 ...
  [IX_PV_only|seed=1] checkpoint seg=150 ...
  [IX_PV_only|seed=1] checkpoint seg=160 ...
  [IX_PV_only|seed=1] checkpoint seg=170 ...
  [IX_PV_only|seed=1] checkpoint seg=180 ...
  [IX_PV_only|seed=1] checkpoint seg=190 ...
  [IX_PV_only|seed=1] checkpoint seg=200 ...
  [IX_PV_only|seed=1] checkpoint seg=210 ...
  [IX_PV_only|seed=1] checkpoint seg=220 ...
  [IX_PV_only|seed=1] checkpoint seg=230 ...
  [IX_PV_only|seed=1] checkpoint seg=240 ...
  [IX_PV_only|seed=1] checkpoint seg=250 ...
  [IX_PV_only|seed=1] checkpoint seg=260 ...
  [IX_PV_only|seed=1] checkpoint seg=270 ...
  [IX_PV_only|seed=1] checkpoint seg=280 ...
  [IX_PV_only|seed=1] checkpoint seg=290 ...
  [IX_PV_only|seed=1] checkpoint seg=300 ...
  [IX_PV_only|seed=1] done in 453.5s  final_mean_osi=0.014
[IX_PV_only] seed=42
  [IX_PV_only|seed=42] checkpoint seg=0 ...
  [IX_PV_only|seed=42] checkpoint seg=10 ...
  [IX_PV_only|seed=42] checkpoint seg=20 ...
  [IX_PV_only|seed=42] checkpoint seg=30 ...
  [IX_PV_only|seed=42] checkpoint seg=40 ...
  [IX_PV_only|seed=42] checkpoint seg=50 ...
  [IX_PV_only|seed=42] checkpoint seg=60 ...
  [IX_PV_only|seed=42] checkpoint seg=70 ...
  [IX_PV_only|seed=42] checkpoint seg=80 ...
  [IX_PV_only|seed=42] checkpoint seg=90 ...
  [IX_PV_only|seed=42] checkpoint seg=100 ...
  [IX_PV_only|seed=42] checkpoint seg=110 ...
  [IX_PV_only|seed=42] checkpoint seg=120 ...
  [IX_PV_only|seed=42] checkpoint seg=130 ...
  [IX_PV_only|seed=42] checkpoint seg=140 ...
  [IX_PV_only|seed=42] checkpoint seg=150 ...
  [IX_PV_only|seed=42] checkpoint seg=160 ...
  [IX_PV_only|seed=42] checkpoint seg=170 ...
  [IX_PV_only|seed=42] checkpoint seg=180 ...
  [IX_PV_only|seed=42] checkpoint seg=190 ...
  [IX_PV_only|seed=42] checkpoint seg=200 ...
  [IX_PV_only|seed=42] checkpoint seg=210 ...
  [IX_PV_only|seed=42] checkpoint seg=220 ...
  [IX_PV_only|seed=42] checkpoint seg=230 ...
  [IX_PV_only|seed=42] checkpoint seg=240 ...
  [IX_PV_only|seed=42] checkpoint seg=250 ...
  [IX_PV_only|seed=42] checkpoint seg=260 ...
  [IX_PV_only|seed=42] checkpoint seg=270 ...
  [IX_PV_only|seed=42] checkpoint seg=280 ...
  [IX_PV_only|seed=42] checkpoint seg=290 ...
  [IX_PV_only|seed=42] checkpoint seg=300 ...
  [IX_PV_only|seed=42] done in 453.6s  final_mean_osi=0.011
[IX_PV_only] seed=137
  [IX_PV_only|seed=137] checkpoint seg=0 ...
  [IX_PV_only|seed=137] checkpoint seg=10 ...
  [IX_PV_only|seed=137] checkpoint seg=20 ...
  [IX_PV_only|seed=137] checkpoint seg=30 ...
  [IX_PV_only|seed=137] checkpoint seg=40 ...
  [IX_PV_only|seed=137] checkpoint seg=50 ...
  [IX_PV_only|seed=137] checkpoint seg=60 ...
  [IX_PV_only|seed=137] checkpoint seg=70 ...
  [IX_PV_only|seed=137] checkpoint seg=80 ...
  [IX_PV_only|seed=137] checkpoint seg=90 ...
  [IX_PV_only|seed=137] checkpoint seg=100 ...
  [IX_PV_only|seed=137] checkpoint seg=110 ...
  [IX_PV_only|seed=137] checkpoint seg=120 ...
  [IX_PV_only|seed=137] checkpoint seg=130 ...
  [IX_PV_only|seed=137] checkpoint seg=140 ...
  [IX_PV_only|seed=137] checkpoint seg=150 ...
  [IX_PV_only|seed=137] checkpoint seg=160 ...
  [IX_PV_only|seed=137] checkpoint seg=170 ...
  [IX_PV_only|seed=137] checkpoint seg=180 ...
  [IX_PV_only|seed=137] checkpoint seg=190 ...
  [IX_PV_only|seed=137] checkpoint seg=200 ...
  [IX_PV_only|seed=137] checkpoint seg=210 ...
  [IX_PV_only|seed=137] checkpoint seg=220 ...
  [IX_PV_only|seed=137] checkpoint seg=230 ...
  [IX_PV_only|seed=137] checkpoint seg=240 ...
  [IX_PV_only|seed=137] checkpoint seg=250 ...
  [IX_PV_only|seed=137] checkpoint seg=260 ...
  [IX_PV_only|seed=137] checkpoint seg=270 ...
  [IX_PV_only|seed=137] checkpoint seg=280 ...
  [IX_PV_only|seed=137] checkpoint seg=290 ...
  [IX_PV_only|seed=137] checkpoint seg=300 ...
  [IX_PV_only|seed=137] done in 462.4s  final_mean_osi=0.015
[IX_PV_only] SUMMARY: mean_osi=0.013 +/- 0.001

============================================================
Interaction: IX_Het_Split
============================================================
[IX_Het_Split] seed=1
  [IX_Het_Split|seed=1] checkpoint seg=0 ...
  [IX_Het_Split|seed=1] checkpoint seg=10 ...
  [IX_Het_Split|seed=1] checkpoint seg=20 ...
  [IX_Het_Split|seed=1] checkpoint seg=30 ...
  [IX_Het_Split|seed=1] checkpoint seg=40 ...
  [IX_Het_Split|seed=1] checkpoint seg=50 ...
  [IX_Het_Split|seed=1] checkpoint seg=60 ...
  [IX_Het_Split|seed=1] checkpoint seg=70 ...
  [IX_Het_Split|seed=1] checkpoint seg=80 ...
  [IX_Het_Split|seed=1] checkpoint seg=90 ...
  [IX_Het_Split|seed=1] checkpoint seg=100 ...
  [IX_Het_Split|seed=1] checkpoint seg=110 ...
  [IX_Het_Split|seed=1] checkpoint seg=120 ...
  [IX_Het_Split|seed=1] checkpoint seg=130 ...
  [IX_Het_Split|seed=1] checkpoint seg=140 ...
  [IX_Het_Split|seed=1] checkpoint seg=150 ...
  [IX_Het_Split|seed=1] checkpoint seg=160 ...
  [IX_Het_Split|seed=1] checkpoint seg=170 ...
  [IX_Het_Split|seed=1] checkpoint seg=180 ...
  [IX_Het_Split|seed=1] checkpoint seg=190 ...
  [IX_Het_Split|seed=1] checkpoint seg=200 ...
  [IX_Het_Split|seed=1] checkpoint seg=210 ...
  [IX_Het_Split|seed=1] checkpoint seg=220 ...
  [IX_Het_Split|seed=1] checkpoint seg=230 ...
  [IX_Het_Split|seed=1] checkpoint seg=240 ...
  [IX_Het_Split|seed=1] checkpoint seg=250 ...
  [IX_Het_Split|seed=1] checkpoint seg=260 ...
  [IX_Het_Split|seed=1] checkpoint seg=270 ...
  [IX_Het_Split|seed=1] checkpoint seg=280 ...
  [IX_Het_Split|seed=1] checkpoint seg=290 ...
  [IX_Het_Split|seed=1] checkpoint seg=300 ...
  [IX_Het_Split|seed=1] done in 467.4s  final_mean_osi=0.798
[IX_Het_Split] seed=42
  [IX_Het_Split|seed=42] checkpoint seg=0 ...
  [IX_Het_Split|seed=42] checkpoint seg=10 ...
  [IX_Het_Split|seed=42] checkpoint seg=20 ...
  [IX_Het_Split|seed=42] checkpoint seg=30 ...
  [IX_Het_Split|seed=42] checkpoint seg=40 ...
  [IX_Het_Split|seed=42] checkpoint seg=50 ...
  [IX_Het_Split|seed=42] checkpoint seg=60 ...
  [IX_Het_Split|seed=42] checkpoint seg=70 ...
  [IX_Het_Split|seed=42] checkpoint seg=80 ...
  [IX_Het_Split|seed=42] checkpoint seg=90 ...
  [IX_Het_Split|seed=42] checkpoint seg=100 ...
  [IX_Het_Split|seed=42] checkpoint seg=110 ...
  [IX_Het_Split|seed=42] checkpoint seg=120 ...
  [IX_Het_Split|seed=42] checkpoint seg=130 ...
  [IX_Het_Split|seed=42] checkpoint seg=140 ...
  [IX_Het_Split|seed=42] checkpoint seg=150 ...
  [IX_Het_Split|seed=42] checkpoint seg=160 ...
  [IX_Het_Split|seed=42] checkpoint seg=170 ...
  [IX_Het_Split|seed=42] checkpoint seg=180 ...
  [IX_Het_Split|seed=42] checkpoint seg=190 ...
  [IX_Het_Split|seed=42] checkpoint seg=200 ...
  [IX_Het_Split|seed=42] checkpoint seg=210 ...
  [IX_Het_Split|seed=42] checkpoint seg=220 ...
  [IX_Het_Split|seed=42] checkpoint seg=230 ...
  [IX_Het_Split|seed=42] checkpoint seg=240 ...
  [IX_Het_Split|seed=42] checkpoint seg=250 ...
  [IX_Het_Split|seed=42] checkpoint seg=260 ...
  [IX_Het_Split|seed=42] checkpoint seg=270 ...
  [IX_Het_Split|seed=42] checkpoint seg=280 ...
  [IX_Het_Split|seed=42] checkpoint seg=290 ...
  [IX_Het_Split|seed=42] checkpoint seg=300 ...
  [IX_Het_Split|seed=42] done in 475.1s  final_mean_osi=0.825
[IX_Het_Split] seed=137
  [IX_Het_Split|seed=137] checkpoint seg=0 ...
  [IX_Het_Split|seed=137] checkpoint seg=10 ...
  [IX_Het_Split|seed=137] checkpoint seg=20 ...
  [IX_Het_Split|seed=137] checkpoint seg=30 ...
  [IX_Het_Split|seed=137] checkpoint seg=40 ...
  [IX_Het_Split|seed=137] checkpoint seg=50 ...
  [IX_Het_Split|seed=137] checkpoint seg=60 ...
  [IX_Het_Split|seed=137] checkpoint seg=70 ...
  [IX_Het_Split|seed=137] checkpoint seg=80 ...
  [IX_Het_Split|seed=137] checkpoint seg=90 ...
  [IX_Het_Split|seed=137] checkpoint seg=100 ...
  [IX_Het_Split|seed=137] checkpoint seg=110 ...
  [IX_Het_Split|seed=137] checkpoint seg=120 ...
  [IX_Het_Split|seed=137] checkpoint seg=130 ...
  [IX_Het_Split|seed=137] checkpoint seg=140 ...
  [IX_Het_Split|seed=137] checkpoint seg=150 ...
  [IX_Het_Split|seed=137] checkpoint seg=160 ...
  [IX_Het_Split|seed=137] checkpoint seg=170 ...
  [IX_Het_Split|seed=137] checkpoint seg=180 ...
  [IX_Het_Split|seed=137] checkpoint seg=190 ...
  [IX_Het_Split|seed=137] checkpoint seg=200 ...
  [IX_Het_Split|seed=137] checkpoint seg=210 ...
  [IX_Het_Split|seed=137] checkpoint seg=220 ...
  [IX_Het_Split|seed=137] checkpoint seg=230 ...
  [IX_Het_Split|seed=137] checkpoint seg=240 ...
  [IX_Het_Split|seed=137] checkpoint seg=250 ...
  [IX_Het_Split|seed=137] checkpoint seg=260 ...
  [IX_Het_Split|seed=137] checkpoint seg=270 ...
  [IX_Het_Split|seed=137] checkpoint seg=280 ...
  [IX_Het_Split|seed=137] checkpoint seg=290 ...
  [IX_Het_Split|seed=137] checkpoint seg=300 ...
  [IX_Het_Split|seed=137] done in 455.8s  final_mean_osi=0.773
[IX_Het_Split] SUMMARY: mean_osi=0.798 +/- 0.012

============================================================
Interaction: IX_Het_PV
============================================================
[IX_Het_PV] seed=1
  [IX_Het_PV|seed=1] checkpoint seg=0 ...
  [IX_Het_PV|seed=1] checkpoint seg=10 ...
  [IX_Het_PV|seed=1] checkpoint seg=20 ...
  [IX_Het_PV|seed=1] checkpoint seg=30 ...
  [IX_Het_PV|seed=1] checkpoint seg=40 ...
  [IX_Het_PV|seed=1] checkpoint seg=50 ...
  [IX_Het_PV|seed=1] checkpoint seg=60 ...
  [IX_Het_PV|seed=1] checkpoint seg=70 ...
  [IX_Het_PV|seed=1] checkpoint seg=80 ...
  [IX_Het_PV|seed=1] checkpoint seg=90 ...
  [IX_Het_PV|seed=1] checkpoint seg=100 ...
  [IX_Het_PV|seed=1] checkpoint seg=110 ...
  [IX_Het_PV|seed=1] checkpoint seg=120 ...
  [IX_Het_PV|seed=1] checkpoint seg=130 ...
  [IX_Het_PV|seed=1] checkpoint seg=140 ...
  [IX_Het_PV|seed=1] checkpoint seg=150 ...
  [IX_Het_PV|seed=1] checkpoint seg=160 ...
  [IX_Het_PV|seed=1] checkpoint seg=170 ...
  [IX_Het_PV|seed=1] checkpoint seg=180 ...
  [IX_Het_PV|seed=1] checkpoint seg=190 ...
  [IX_Het_PV|seed=1] checkpoint seg=200 ...
  [IX_Het_PV|seed=1] checkpoint seg=210 ...
  [IX_Het_PV|seed=1] checkpoint seg=220 ...
  [IX_Het_PV|seed=1] checkpoint seg=230 ...
  [IX_Het_PV|seed=1] checkpoint seg=240 ...
  [IX_Het_PV|seed=1] checkpoint seg=250 ...
  [IX_Het_PV|seed=1] checkpoint seg=260 ...
  [IX_Het_PV|seed=1] checkpoint seg=270 ...
  [IX_Het_PV|seed=1] checkpoint seg=280 ...
  [IX_Het_PV|seed=1] checkpoint seg=290 ...
  [IX_Het_PV|seed=1] checkpoint seg=300 ...
  [IX_Het_PV|seed=1] done in 449.0s  final_mean_osi=0.452
[IX_Het_PV] seed=42
  [IX_Het_PV|seed=42] checkpoint seg=0 ...
  [IX_Het_PV|seed=42] checkpoint seg=10 ...
  [IX_Het_PV|seed=42] checkpoint seg=20 ...
  [IX_Het_PV|seed=42] checkpoint seg=30 ...
  [IX_Het_PV|seed=42] checkpoint seg=40 ...
  [IX_Het_PV|seed=42] checkpoint seg=50 ...
  [IX_Het_PV|seed=42] checkpoint seg=60 ...
  [IX_Het_PV|seed=42] checkpoint seg=70 ...
  [IX_Het_PV|seed=42] checkpoint seg=80 ...
  [IX_Het_PV|seed=42] checkpoint seg=90 ...
  [IX_Het_PV|seed=42] checkpoint seg=100 ...
  [IX_Het_PV|seed=42] checkpoint seg=110 ...
  [IX_Het_PV|seed=42] checkpoint seg=120 ...
  [IX_Het_PV|seed=42] checkpoint seg=130 ...
  [IX_Het_PV|seed=42] checkpoint seg=140 ...
  [IX_Het_PV|seed=42] checkpoint seg=150 ...
  [IX_Het_PV|seed=42] checkpoint seg=160 ...
  [IX_Het_PV|seed=42] checkpoint seg=170 ...
  [IX_Het_PV|seed=42] checkpoint seg=180 ...
  [IX_Het_PV|seed=42] checkpoint seg=190 ...
  [IX_Het_PV|seed=42] checkpoint seg=200 ...
  [IX_Het_PV|seed=42] checkpoint seg=210 ...
  [IX_Het_PV|seed=42] checkpoint seg=220 ...
  [IX_Het_PV|seed=42] checkpoint seg=230 ...
  [IX_Het_PV|seed=42] checkpoint seg=240 ...
  [IX_Het_PV|seed=42] checkpoint seg=250 ...
  [IX_Het_PV|seed=42] checkpoint seg=260 ...
  [IX_Het_PV|seed=42] checkpoint seg=270 ...
  [IX_Het_PV|seed=42] checkpoint seg=280 ...
  [IX_Het_PV|seed=42] checkpoint seg=290 ...
  [IX_Het_PV|seed=42] checkpoint seg=300 ...
  [IX_Het_PV|seed=42] done in 471.4s  final_mean_osi=0.742
[IX_Het_PV] seed=137
  [IX_Het_PV|seed=137] checkpoint seg=0 ...
  [IX_Het_PV|seed=137] checkpoint seg=10 ...
  [IX_Het_PV|seed=137] checkpoint seg=20 ...
  [IX_Het_PV|seed=137] checkpoint seg=30 ...
  [IX_Het_PV|seed=137] checkpoint seg=40 ...
  [IX_Het_PV|seed=137] checkpoint seg=50 ...
  [IX_Het_PV|seed=137] checkpoint seg=60 ...
  [IX_Het_PV|seed=137] checkpoint seg=70 ...
  [IX_Het_PV|seed=137] checkpoint seg=80 ...
  [IX_Het_PV|seed=137] checkpoint seg=90 ...
  [IX_Het_PV|seed=137] checkpoint seg=100 ...
  [IX_Het_PV|seed=137] checkpoint seg=110 ...
  [IX_Het_PV|seed=137] checkpoint seg=120 ...
  [IX_Het_PV|seed=137] checkpoint seg=130 ...
  [IX_Het_PV|seed=137] checkpoint seg=140 ...
  [IX_Het_PV|seed=137] checkpoint seg=150 ...
  [IX_Het_PV|seed=137] checkpoint seg=160 ...
  [IX_Het_PV|seed=137] checkpoint seg=170 ...
  [IX_Het_PV|seed=137] checkpoint seg=180 ...
  [IX_Het_PV|seed=137] checkpoint seg=190 ...
  [IX_Het_PV|seed=137] checkpoint seg=200 ...
  [IX_Het_PV|seed=137] checkpoint seg=210 ...
  [IX_Het_PV|seed=137] checkpoint seg=220 ...
  [IX_Het_PV|seed=137] checkpoint seg=230 ...
  [IX_Het_PV|seed=137] checkpoint seg=240 ...
  [IX_Het_PV|seed=137] checkpoint seg=250 ...
  [IX_Het_PV|seed=137] checkpoint seg=260 ...
  [IX_Het_PV|seed=137] checkpoint seg=270 ...
  [IX_Het_PV|seed=137] checkpoint seg=280 ...
  [IX_Het_PV|seed=137] checkpoint seg=290 ...
  [IX_Het_PV|seed=137] checkpoint seg=300 ...
  [IX_Het_PV|seed=137] done in 462.3s  final_mean_osi=0.560
[IX_Het_PV] SUMMARY: mean_osi=0.585 +/- 0.069

============================================================
Interaction: IX_Split_PV
============================================================
[IX_Split_PV] seed=1
  [IX_Split_PV|seed=1] checkpoint seg=0 ...
  [IX_Split_PV|seed=1] checkpoint seg=10 ...
  [IX_Split_PV|seed=1] checkpoint seg=20 ...
  [IX_Split_PV|seed=1] checkpoint seg=30 ...
  [IX_Split_PV|seed=1] checkpoint seg=40 ...
  [IX_Split_PV|seed=1] checkpoint seg=50 ...
  [IX_Split_PV|seed=1] checkpoint seg=60 ...
  [IX_Split_PV|seed=1] checkpoint seg=70 ...
  [IX_Split_PV|seed=1] checkpoint seg=80 ...
  [IX_Split_PV|seed=1] checkpoint seg=90 ...
  [IX_Split_PV|seed=1] checkpoint seg=100 ...
  [IX_Split_PV|seed=1] checkpoint seg=110 ...
  [IX_Split_PV|seed=1] checkpoint seg=120 ...
  [IX_Split_PV|seed=1] checkpoint seg=130 ...
  [IX_Split_PV|seed=1] checkpoint seg=140 ...
  [IX_Split_PV|seed=1] checkpoint seg=150 ...
  [IX_Split_PV|seed=1] checkpoint seg=160 ...
  [IX_Split_PV|seed=1] checkpoint seg=170 ...
  [IX_Split_PV|seed=1] checkpoint seg=180 ...
  [IX_Split_PV|seed=1] checkpoint seg=190 ...
  [IX_Split_PV|seed=1] checkpoint seg=200 ...
  [IX_Split_PV|seed=1] checkpoint seg=210 ...
  [IX_Split_PV|seed=1] checkpoint seg=220 ...
  [IX_Split_PV|seed=1] checkpoint seg=230 ...
  [IX_Split_PV|seed=1] checkpoint seg=240 ...
  [IX_Split_PV|seed=1] checkpoint seg=250 ...
  [IX_Split_PV|seed=1] checkpoint seg=260 ...
  [IX_Split_PV|seed=1] checkpoint seg=270 ...
  [IX_Split_PV|seed=1] checkpoint seg=280 ...
  [IX_Split_PV|seed=1] checkpoint seg=290 ...
  [IX_Split_PV|seed=1] checkpoint seg=300 ...
  [IX_Split_PV|seed=1] done in 437.6s  final_mean_osi=0.713
[IX_Split_PV] seed=42
  [IX_Split_PV|seed=42] checkpoint seg=0 ...
  [IX_Split_PV|seed=42] checkpoint seg=10 ...
  [IX_Split_PV|seed=42] checkpoint seg=20 ...
  [IX_Split_PV|seed=42] checkpoint seg=30 ...
  [IX_Split_PV|seed=42] checkpoint seg=40 ...
  [IX_Split_PV|seed=42] checkpoint seg=50 ...
  [IX_Split_PV|seed=42] checkpoint seg=60 ...
  [IX_Split_PV|seed=42] checkpoint seg=70 ...
  [IX_Split_PV|seed=42] checkpoint seg=80 ...
  [IX_Split_PV|seed=42] checkpoint seg=90 ...
  [IX_Split_PV|seed=42] checkpoint seg=100 ...
  [IX_Split_PV|seed=42] checkpoint seg=110 ...
  [IX_Split_PV|seed=42] checkpoint seg=120 ...
  [IX_Split_PV|seed=42] checkpoint seg=130 ...
  [IX_Split_PV|seed=42] checkpoint seg=140 ...
  [IX_Split_PV|seed=42] checkpoint seg=150 ...
  [IX_Split_PV|seed=42] checkpoint seg=160 ...
  [IX_Split_PV|seed=42] checkpoint seg=170 ...
  [IX_Split_PV|seed=42] checkpoint seg=180 ...
  [IX_Split_PV|seed=42] checkpoint seg=190 ...
  [IX_Split_PV|seed=42] checkpoint seg=200 ...
  [IX_Split_PV|seed=42] checkpoint seg=210 ...
  [IX_Split_PV|seed=42] checkpoint seg=220 ...
  [IX_Split_PV|seed=42] checkpoint seg=230 ...
  [IX_Split_PV|seed=42] checkpoint seg=240 ...
  [IX_Split_PV|seed=42] checkpoint seg=250 ...
  [IX_Split_PV|seed=42] checkpoint seg=260 ...
  [IX_Split_PV|seed=42] checkpoint seg=270 ...
  [IX_Split_PV|seed=42] checkpoint seg=280 ...
  [IX_Split_PV|seed=42] checkpoint seg=290 ...
  [IX_Split_PV|seed=42] checkpoint seg=300 ...
  [IX_Split_PV|seed=42] done in 448.5s  final_mean_osi=0.728
[IX_Split_PV] seed=137
  [IX_Split_PV|seed=137] checkpoint seg=0 ...
  [IX_Split_PV|seed=137] checkpoint seg=10 ...
  [IX_Split_PV|seed=137] checkpoint seg=20 ...
  [IX_Split_PV|seed=137] checkpoint seg=30 ...
  [IX_Split_PV|seed=137] checkpoint seg=40 ...
  [IX_Split_PV|seed=137] checkpoint seg=50 ...
  [IX_Split_PV|seed=137] checkpoint seg=60 ...
  [IX_Split_PV|seed=137] checkpoint seg=70 ...
  [IX_Split_PV|seed=137] checkpoint seg=80 ...
  [IX_Split_PV|seed=137] checkpoint seg=90 ...
  [IX_Split_PV|seed=137] checkpoint seg=100 ...
  [IX_Split_PV|seed=137] checkpoint seg=110 ...
  [IX_Split_PV|seed=137] checkpoint seg=120 ...
  [IX_Split_PV|seed=137] checkpoint seg=130 ...
  [IX_Split_PV|seed=137] checkpoint seg=140 ...
  [IX_Split_PV|seed=137] checkpoint seg=150 ...
  [IX_Split_PV|seed=137] checkpoint seg=160 ...
  [IX_Split_PV|seed=137] checkpoint seg=170 ...
  [IX_Split_PV|seed=137] checkpoint seg=180 ...
  [IX_Split_PV|seed=137] checkpoint seg=190 ...
  [IX_Split_PV|seed=137] checkpoint seg=200 ...
  [IX_Split_PV|seed=137] checkpoint seg=210 ...
  [IX_Split_PV|seed=137] checkpoint seg=220 ...
  [IX_Split_PV|seed=137] checkpoint seg=230 ...
  [IX_Split_PV|seed=137] checkpoint seg=240 ...
  [IX_Split_PV|seed=137] checkpoint seg=250 ...
  [IX_Split_PV|seed=137] checkpoint seg=260 ...
  [IX_Split_PV|seed=137] checkpoint seg=270 ...
  [IX_Split_PV|seed=137] checkpoint seg=280 ...
  [IX_Split_PV|seed=137] checkpoint seg=290 ...
  [IX_Split_PV|seed=137] checkpoint seg=300 ...
  [IX_Split_PV|seed=137] done in 446.2s  final_mean_osi=0.702
[IX_Split_PV] SUMMARY: mean_osi=0.715 +/- 0.006

============================================================
PAIRWISE INTERACTION TERMS
============================================================
I(A,B) = OSI(both) - OSI(A_only) - OSI(B_only) + OSI(neither)
Positive = synergistic, Negative = redundant

  I(Het,Split) = 0.798 - 0.792 - 0.673 + 0.014 = -0.653
    REDUNDANT

  I(Het,PV) = 0.585 - 0.792 - 0.013 + 0.014 = -0.208
    REDUNDANT

  I(Split,PV) = 0.715 - 0.673 - 0.013 + 0.014 = +0.042
    SYNERGISTIC


======================================================================
PART 3: FINAL REPORT
======================================================================

Final report written to investigation_results/synthesis/FINAL_REPORT.md
Synthesis data saved to investigation_results/synthesis/synthesis_data.json

=== SYNTHESIS COMPLETE ===
