/home/vysoforlife/miniconda3/envs/habitat/lib/python3.9/site-packages/scipy/__init__.py:146: UserWarning: A NumPy version >=1.17.3 and <1.25.0 is required for this version of SciPy (detected version 1.26.4
  warnings.warn(f"A NumPy version >={np_minversion} and <{np_maxversion}"

============================================================
Running: M5_som_OFF
============================================================
[M5_som_OFF] seed=1
  [M5_som_OFF|seed=1] checkpoint seg=0 ...
  [M5_som_OFF|seed=1] checkpoint seg=10 ...
  [M5_som_OFF|seed=1] checkpoint seg=20 ...
  [M5_som_OFF|seed=1] checkpoint seg=30 ...
  [M5_som_OFF|seed=1] checkpoint seg=40 ...
  [M5_som_OFF|seed=1] checkpoint seg=50 ...
  [M5_som_OFF|seed=1] checkpoint seg=60 ...
  [M5_som_OFF|seed=1] checkpoint seg=70 ...
  [M5_som_OFF|seed=1] checkpoint seg=80 ...
  [M5_som_OFF|seed=1] checkpoint seg=90 ...
  [M5_som_OFF|seed=1] checkpoint seg=100 ...
  [M5_som_OFF|seed=1] checkpoint seg=110 ...
  [M5_som_OFF|seed=1] checkpoint seg=120 ...
  [M5_som_OFF|seed=1] checkpoint seg=130 ...
  [M5_som_OFF|seed=1] checkpoint seg=140 ...
  [M5_som_OFF|seed=1] checkpoint seg=150 ...
  [M5_som_OFF|seed=1] checkpoint seg=160 ...
  [M5_som_OFF|seed=1] checkpoint seg=170 ...
  [M5_som_OFF|seed=1] checkpoint seg=180 ...
  [M5_som_OFF|seed=1] checkpoint seg=190 ...
  [M5_som_OFF|seed=1] checkpoint seg=200 ...
  [M5_som_OFF|seed=1] checkpoint seg=210 ...
  [M5_som_OFF|seed=1] checkpoint seg=220 ...
  [M5_som_OFF|seed=1] checkpoint seg=230 ...
  [M5_som_OFF|seed=1] checkpoint seg=240 ...
  [M5_som_OFF|seed=1] checkpoint seg=250 ...
  [M5_som_OFF|seed=1] checkpoint seg=260 ...
  [M5_som_OFF|seed=1] checkpoint seg=270 ...
  [M5_som_OFF|seed=1] checkpoint seg=280 ...
  [M5_som_OFF|seed=1] checkpoint seg=290 ...
  [M5_som_OFF|seed=1] checkpoint seg=300 ...
  [M5_som_OFF|seed=1] done in 3542.6s  final_mean_osi=0.848
[M5_som_OFF] seed=42
  [M5_som_OFF|seed=42] checkpoint seg=0 ...
  [M5_som_OFF|seed=42] checkpoint seg=10 ...
  [M5_som_OFF|seed=42] checkpoint seg=20 ...
  [M5_som_OFF|seed=42] checkpoint seg=30 ...
  [M5_som_OFF|seed=42] checkpoint seg=40 ...
  [M5_som_OFF|seed=42] checkpoint seg=50 ...
  [M5_som_OFF|seed=42] checkpoint seg=60 ...
  [M5_som_OFF|seed=42] checkpoint seg=70 ...
  [M5_som_OFF|seed=42] checkpoint seg=80 ...
  [M5_som_OFF|seed=42] checkpoint seg=90 ...
  [M5_som_OFF|seed=42] checkpoint seg=100 ...
  [M5_som_OFF|seed=42] checkpoint seg=110 ...
  [M5_som_OFF|seed=42] checkpoint seg=120 ...
  [M5_som_OFF|seed=42] checkpoint seg=130 ...
  [M5_som_OFF|seed=42] checkpoint seg=140 ...
  [M5_som_OFF|seed=42] checkpoint seg=150 ...
  [M5_som_OFF|seed=42] checkpoint seg=160 ...
  [M5_som_OFF|seed=42] checkpoint seg=170 ...
  [M5_som_OFF|seed=42] checkpoint seg=180 ...
  [M5_som_OFF|seed=42] checkpoint seg=190 ...
  [M5_som_OFF|seed=42] checkpoint seg=200 ...
  [M5_som_OFF|seed=42] checkpoint seg=210 ...
  [M5_som_OFF|seed=42] checkpoint seg=220 ...
  [M5_som_OFF|seed=42] checkpoint seg=230 ...
  [M5_som_OFF|seed=42] checkpoint seg=240 ...
  [M5_som_OFF|seed=42] checkpoint seg=250 ...
  [M5_som_OFF|seed=42] checkpoint seg=260 ...
  [M5_som_OFF|seed=42] checkpoint seg=270 ...
  [M5_som_OFF|seed=42] checkpoint seg=280 ...
  [M5_som_OFF|seed=42] checkpoint seg=290 ...
  [M5_som_OFF|seed=42] checkpoint seg=300 ...
  [M5_som_OFF|seed=42] done in 3628.5s  final_mean_osi=0.810
[M5_som_OFF] seed=137
  [M5_som_OFF|seed=137] checkpoint seg=0 ...
  [M5_som_OFF|seed=137] checkpoint seg=10 ...
  [M5_som_OFF|seed=137] checkpoint seg=20 ...
  [M5_som_OFF|seed=137] checkpoint seg=30 ...
  [M5_som_OFF|seed=137] checkpoint seg=40 ...
  [M5_som_OFF|seed=137] checkpoint seg=50 ...
  [M5_som_OFF|seed=137] checkpoint seg=60 ...
  [M5_som_OFF|seed=137] checkpoint seg=70 ...
  [M5_som_OFF|seed=137] checkpoint seg=80 ...
  [M5_som_OFF|seed=137] checkpoint seg=90 ...
  [M5_som_OFF|seed=137] checkpoint seg=100 ...
  [M5_som_OFF|seed=137] checkpoint seg=110 ...
  [M5_som_OFF|seed=137] checkpoint seg=120 ...
  [M5_som_OFF|seed=137] checkpoint seg=130 ...
  [M5_som_OFF|seed=137] checkpoint seg=140 ...
  [M5_som_OFF|seed=137] checkpoint seg=150 ...
  [M5_som_OFF|seed=137] checkpoint seg=160 ...
  [M5_som_OFF|seed=137] checkpoint seg=170 ...
  [M5_som_OFF|seed=137] checkpoint seg=180 ...
  [M5_som_OFF|seed=137] checkpoint seg=190 ...
  [M5_som_OFF|seed=137] checkpoint seg=200 ...
  [M5_som_OFF|seed=137] checkpoint seg=210 ...
  [M5_som_OFF|seed=137] checkpoint seg=220 ...
  [M5_som_OFF|seed=137] checkpoint seg=230 ...
  [M5_som_OFF|seed=137] checkpoint seg=240 ...
  [M5_som_OFF|seed=137] checkpoint seg=250 ...
  [M5_som_OFF|seed=137] checkpoint seg=260 ...
  [M5_som_OFF|seed=137] checkpoint seg=270 ...
  [M5_som_OFF|seed=137] checkpoint seg=280 ...
  [M5_som_OFF|seed=137] checkpoint seg=290 ...
  [M5_som_OFF|seed=137] checkpoint seg=300 ...
  [M5_som_OFF|seed=137] done in 3351.7s  final_mean_osi=0.853
[M5_som_OFF] SUMMARY: mean_osi=0.837 +/- 0.011

============================================================
Running: M5_narrow_som
============================================================
[M5_narrow_som] seed=1
  [M5_narrow_som|seed=1] checkpoint seg=0 ...
  [M5_narrow_som|seed=1] checkpoint seg=10 ...
  [M5_narrow_som|seed=1] checkpoint seg=20 ...
  [M5_narrow_som|seed=1] checkpoint seg=30 ...
  [M5_narrow_som|seed=1] checkpoint seg=40 ...
  [M5_narrow_som|seed=1] checkpoint seg=50 ...
  [M5_narrow_som|seed=1] checkpoint seg=60 ...
  [M5_narrow_som|seed=1] checkpoint seg=70 ...
  [M5_narrow_som|seed=1] checkpoint seg=80 ...
  [M5_narrow_som|seed=1] checkpoint seg=90 ...
  [M5_narrow_som|seed=1] checkpoint seg=100 ...
  [M5_narrow_som|seed=1] checkpoint seg=110 ...
  [M5_narrow_som|seed=1] checkpoint seg=120 ...
  [M5_narrow_som|seed=1] checkpoint seg=130 ...
  [M5_narrow_som|seed=1] checkpoint seg=140 ...
  [M5_narrow_som|seed=1] checkpoint seg=150 ...
  [M5_narrow_som|seed=1] checkpoint seg=160 ...
  [M5_narrow_som|seed=1] checkpoint seg=170 ...
  [M5_narrow_som|seed=1] checkpoint seg=180 ...
  [M5_narrow_som|seed=1] checkpoint seg=190 ...
  [M5_narrow_som|seed=1] checkpoint seg=200 ...
  [M5_narrow_som|seed=1] checkpoint seg=210 ...
  [M5_narrow_som|seed=1] checkpoint seg=220 ...
  [M5_narrow_som|seed=1] checkpoint seg=230 ...
  [M5_narrow_som|seed=1] checkpoint seg=240 ...
  [M5_narrow_som|seed=1] checkpoint seg=250 ...
  [M5_narrow_som|seed=1] checkpoint seg=260 ...
  [M5_narrow_som|seed=1] checkpoint seg=270 ...
  [M5_narrow_som|seed=1] checkpoint seg=280 ...
  [M5_narrow_som|seed=1] checkpoint seg=290 ...
  [M5_narrow_som|seed=1] checkpoint seg=300 ...
  [M5_narrow_som|seed=1] done in 2269.6s  final_mean_osi=0.876
[M5_narrow_som] seed=42
  [M5_narrow_som|seed=42] checkpoint seg=0 ...
  [M5_narrow_som|seed=42] checkpoint seg=10 ...
  [M5_narrow_som|seed=42] checkpoint seg=20 ...
  [M5_narrow_som|seed=42] checkpoint seg=30 ...
  [M5_narrow_som|seed=42] checkpoint seg=40 ...
  [M5_narrow_som|seed=42] checkpoint seg=50 ...
  [M5_narrow_som|seed=42] checkpoint seg=60 ...
  [M5_narrow_som|seed=42] checkpoint seg=70 ...
  [M5_narrow_som|seed=42] checkpoint seg=80 ...
  [M5_narrow_som|seed=42] checkpoint seg=90 ...
  [M5_narrow_som|seed=42] checkpoint seg=100 ...
  [M5_narrow_som|seed=42] checkpoint seg=110 ...
  [M5_narrow_som|seed=42] checkpoint seg=120 ...
  [M5_narrow_som|seed=42] checkpoint seg=130 ...
  [M5_narrow_som|seed=42] checkpoint seg=140 ...
  [M5_narrow_som|seed=42] checkpoint seg=150 ...
  [M5_narrow_som|seed=42] checkpoint seg=160 ...
  [M5_narrow_som|seed=42] checkpoint seg=170 ...
  [M5_narrow_som|seed=42] checkpoint seg=180 ...
  [M5_narrow_som|seed=42] checkpoint seg=190 ...
  [M5_narrow_som|seed=42] checkpoint seg=200 ...
  [M5_narrow_som|seed=42] checkpoint seg=210 ...
  [M5_narrow_som|seed=42] checkpoint seg=220 ...
  [M5_narrow_som|seed=42] checkpoint seg=230 ...
  [M5_narrow_som|seed=42] checkpoint seg=240 ...
  [M5_narrow_som|seed=42] checkpoint seg=250 ...
  [M5_narrow_som|seed=42] checkpoint seg=260 ...
  [M5_narrow_som|seed=42] checkpoint seg=270 ...
  [M5_narrow_som|seed=42] checkpoint seg=280 ...
  [M5_narrow_som|seed=42] checkpoint seg=290 ...
  [M5_narrow_som|seed=42] checkpoint seg=300 ...
  [M5_narrow_som|seed=42] done in 2307.6s  final_mean_osi=0.855
[M5_narrow_som] seed=137
  [M5_narrow_som|seed=137] checkpoint seg=0 ...
  [M5_narrow_som|seed=137] checkpoint seg=10 ...
  [M5_narrow_som|seed=137] checkpoint seg=20 ...
  [M5_narrow_som|seed=137] checkpoint seg=30 ...
  [M5_narrow_som|seed=137] checkpoint seg=40 ...
  [M5_narrow_som|seed=137] checkpoint seg=50 ...
  [M5_narrow_som|seed=137] checkpoint seg=60 ...
  [M5_narrow_som|seed=137] checkpoint seg=70 ...
  [M5_narrow_som|seed=137] checkpoint seg=80 ...
  [M5_narrow_som|seed=137] checkpoint seg=90 ...
  [M5_narrow_som|seed=137] checkpoint seg=100 ...
  [M5_narrow_som|seed=137] checkpoint seg=110 ...
  [M5_narrow_som|seed=137] checkpoint seg=120 ...
  [M5_narrow_som|seed=137] checkpoint seg=130 ...
  [M5_narrow_som|seed=137] checkpoint seg=140 ...
  [M5_narrow_som|seed=137] checkpoint seg=150 ...
  [M5_narrow_som|seed=137] checkpoint seg=160 ...
  [M5_narrow_som|seed=137] checkpoint seg=170 ...
  [M5_narrow_som|seed=137] checkpoint seg=180 ...
  [M5_narrow_som|seed=137] checkpoint seg=190 ...
  [M5_narrow_som|seed=137] checkpoint seg=200 ...
  [M5_narrow_som|seed=137] checkpoint seg=210 ...
  [M5_narrow_som|seed=137] checkpoint seg=220 ...
  [M5_narrow_som|seed=137] checkpoint seg=230 ...
  [M5_narrow_som|seed=137] checkpoint seg=240 ...
  [M5_narrow_som|seed=137] checkpoint seg=250 ...
  [M5_narrow_som|seed=137] checkpoint seg=260 ...
  [M5_narrow_som|seed=137] checkpoint seg=270 ...
  [M5_narrow_som|seed=137] checkpoint seg=280 ...
  [M5_narrow_som|seed=137] checkpoint seg=290 ...
  [M5_narrow_som|seed=137] checkpoint seg=300 ...
  [M5_narrow_som|seed=137] done in 2293.2s  final_mean_osi=0.855
[M5_narrow_som] SUMMARY: mean_osi=0.862 +/- 0.006

============================================================
Running: M5_broad_som
============================================================
[M5_broad_som] seed=1
  [M5_broad_som|seed=1] checkpoint seg=0 ...
  [M5_broad_som|seed=1] checkpoint seg=10 ...
  [M5_broad_som|seed=1] checkpoint seg=20 ...
  [M5_broad_som|seed=1] checkpoint seg=30 ...
  [M5_broad_som|seed=1] checkpoint seg=40 ...
  [M5_broad_som|seed=1] checkpoint seg=50 ...
  [M5_broad_som|seed=1] checkpoint seg=60 ...
  [M5_broad_som|seed=1] checkpoint seg=70 ...
  [M5_broad_som|seed=1] checkpoint seg=80 ...
  [M5_broad_som|seed=1] checkpoint seg=90 ...
  [M5_broad_som|seed=1] checkpoint seg=100 ...
  [M5_broad_som|seed=1] checkpoint seg=110 ...
  [M5_broad_som|seed=1] checkpoint seg=120 ...
  [M5_broad_som|seed=1] checkpoint seg=130 ...
  [M5_broad_som|seed=1] checkpoint seg=140 ...
  [M5_broad_som|seed=1] checkpoint seg=150 ...
  [M5_broad_som|seed=1] checkpoint seg=160 ...
  [M5_broad_som|seed=1] checkpoint seg=170 ...
  [M5_broad_som|seed=1] checkpoint seg=180 ...
  [M5_broad_som|seed=1] checkpoint seg=190 ...
  [M5_broad_som|seed=1] checkpoint seg=200 ...
  [M5_broad_som|seed=1] checkpoint seg=210 ...
  [M5_broad_som|seed=1] checkpoint seg=220 ...
  [M5_broad_som|seed=1] checkpoint seg=230 ...
  [M5_broad_som|seed=1] checkpoint seg=240 ...
  [M5_broad_som|seed=1] checkpoint seg=250 ...
  [M5_broad_som|seed=1] checkpoint seg=260 ...
  [M5_broad_som|seed=1] checkpoint seg=270 ...
  [M5_broad_som|seed=1] checkpoint seg=280 ...
  [M5_broad_som|seed=1] checkpoint seg=290 ...
  [M5_broad_som|seed=1] checkpoint seg=300 ...
  [M5_broad_som|seed=1] done in 2600.1s  final_mean_osi=0.875
[M5_broad_som] seed=42
  [M5_broad_som|seed=42] checkpoint seg=0 ...
  [M5_broad_som|seed=42] checkpoint seg=10 ...
  [M5_broad_som|seed=42] checkpoint seg=20 ...
  [M5_broad_som|seed=42] checkpoint seg=30 ...
  [M5_broad_som|seed=42] checkpoint seg=40 ...
  [M5_broad_som|seed=42] checkpoint seg=50 ...
  [M5_broad_som|seed=42] checkpoint seg=60 ...
  [M5_broad_som|seed=42] checkpoint seg=70 ...
  [M5_broad_som|seed=42] checkpoint seg=80 ...
  [M5_broad_som|seed=42] checkpoint seg=90 ...
  [M5_broad_som|seed=42] checkpoint seg=100 ...
  [M5_broad_som|seed=42] checkpoint seg=110 ...
  [M5_broad_som|seed=42] checkpoint seg=120 ...
  [M5_broad_som|seed=42] checkpoint seg=130 ...
  [M5_broad_som|seed=42] checkpoint seg=140 ...
  [M5_broad_som|seed=42] checkpoint seg=150 ...
  [M5_broad_som|seed=42] checkpoint seg=160 ...
  [M5_broad_som|seed=42] checkpoint seg=170 ...
  [M5_broad_som|seed=42] checkpoint seg=180 ...
  [M5_broad_som|seed=42] checkpoint seg=190 ...
  [M5_broad_som|seed=42] checkpoint seg=200 ...
  [M5_broad_som|seed=42] checkpoint seg=210 ...
  [M5_broad_som|seed=42] checkpoint seg=220 ...
  [M5_broad_som|seed=42] checkpoint seg=230 ...
  [M5_broad_som|seed=42] checkpoint seg=240 ...
  [M5_broad_som|seed=42] checkpoint seg=250 ...
  [M5_broad_som|seed=42] checkpoint seg=260 ...
  [M5_broad_som|seed=42] checkpoint seg=270 ...
  [M5_broad_som|seed=42] checkpoint seg=280 ...
  [M5_broad_som|seed=42] checkpoint seg=290 ...
  [M5_broad_som|seed=42] checkpoint seg=300 ...
  [M5_broad_som|seed=42] done in 2742.2s  final_mean_osi=0.834
[M5_broad_som] seed=137
  [M5_broad_som|seed=137] checkpoint seg=0 ...
  [M5_broad_som|seed=137] checkpoint seg=10 ...
  [M5_broad_som|seed=137] checkpoint seg=20 ...
  [M5_broad_som|seed=137] checkpoint seg=30 ...
  [M5_broad_som|seed=137] checkpoint seg=40 ...
  [M5_broad_som|seed=137] checkpoint seg=50 ...
  [M5_broad_som|seed=137] checkpoint seg=60 ...
  [M5_broad_som|seed=137] checkpoint seg=70 ...
  [M5_broad_som|seed=137] checkpoint seg=80 ...
  [M5_broad_som|seed=137] checkpoint seg=90 ...
  [M5_broad_som|seed=137] checkpoint seg=100 ...
  [M5_broad_som|seed=137] checkpoint seg=110 ...
  [M5_broad_som|seed=137] checkpoint seg=120 ...
  [M5_broad_som|seed=137] checkpoint seg=130 ...
  [M5_broad_som|seed=137] checkpoint seg=140 ...
  [M5_broad_som|seed=137] checkpoint seg=150 ...
  [M5_broad_som|seed=137] checkpoint seg=160 ...
  [M5_broad_som|seed=137] checkpoint seg=170 ...
  [M5_broad_som|seed=137] checkpoint seg=180 ...
  [M5_broad_som|seed=137] checkpoint seg=190 ...
  [M5_broad_som|seed=137] checkpoint seg=200 ...
  [M5_broad_som|seed=137] checkpoint seg=210 ...
  [M5_broad_som|seed=137] checkpoint seg=220 ...
  [M5_broad_som|seed=137] checkpoint seg=230 ...
  [M5_broad_som|seed=137] checkpoint seg=240 ...
  [M5_broad_som|seed=137] checkpoint seg=250 ...
  [M5_broad_som|seed=137] checkpoint seg=260 ...
  [M5_broad_som|seed=137] checkpoint seg=270 ...
  [M5_broad_som|seed=137] checkpoint seg=280 ...
  [M5_broad_som|seed=137] checkpoint seg=290 ...
  [M5_broad_som|seed=137] checkpoint seg=300 ...
  [M5_broad_som|seed=137] done in 2770.3s  final_mean_osi=0.832
[M5_broad_som] SUMMARY: mean_osi=0.847 +/- 0.012

============================================================
Running: M5_wsom_0.000
============================================================
[M5_wsom_0.000] seed=1
  [M5_wsom_0.000|seed=1] checkpoint seg=0 ...
  [M5_wsom_0.000|seed=1] checkpoint seg=10 ...
  [M5_wsom_0.000|seed=1] checkpoint seg=20 ...
  [M5_wsom_0.000|seed=1] checkpoint seg=30 ...
  [M5_wsom_0.000|seed=1] checkpoint seg=40 ...
  [M5_wsom_0.000|seed=1] checkpoint seg=50 ...
  [M5_wsom_0.000|seed=1] checkpoint seg=60 ...
  [M5_wsom_0.000|seed=1] checkpoint seg=70 ...
  [M5_wsom_0.000|seed=1] checkpoint seg=80 ...
  [M5_wsom_0.000|seed=1] checkpoint seg=90 ...
  [M5_wsom_0.000|seed=1] checkpoint seg=100 ...
  [M5_wsom_0.000|seed=1] checkpoint seg=110 ...
  [M5_wsom_0.000|seed=1] checkpoint seg=120 ...
  [M5_wsom_0.000|seed=1] checkpoint seg=130 ...
  [M5_wsom_0.000|seed=1] checkpoint seg=140 ...
  [M5_wsom_0.000|seed=1] checkpoint seg=150 ...
  [M5_wsom_0.000|seed=1] checkpoint seg=160 ...
  [M5_wsom_0.000|seed=1] checkpoint seg=170 ...
  [M5_wsom_0.000|seed=1] checkpoint seg=180 ...
  [M5_wsom_0.000|seed=1] checkpoint seg=190 ...
  [M5_wsom_0.000|seed=1] checkpoint seg=200 ...
  [M5_wsom_0.000|seed=1] checkpoint seg=210 ...
  [M5_wsom_0.000|seed=1] checkpoint seg=220 ...
  [M5_wsom_0.000|seed=1] checkpoint seg=230 ...
  [M5_wsom_0.000|seed=1] checkpoint seg=240 ...
  [M5_wsom_0.000|seed=1] checkpoint seg=250 ...
  [M5_wsom_0.000|seed=1] checkpoint seg=260 ...
  [M5_wsom_0.000|seed=1] checkpoint seg=270 ...
  [M5_wsom_0.000|seed=1] checkpoint seg=280 ...
  [M5_wsom_0.000|seed=1] checkpoint seg=290 ...
  [M5_wsom_0.000|seed=1] checkpoint seg=300 ...
  [M5_wsom_0.000|seed=1] done in 2986.2s  final_mean_osi=0.848
[M5_wsom_0.000] seed=42
  [M5_wsom_0.000|seed=42] checkpoint seg=0 ...
  [M5_wsom_0.000|seed=42] checkpoint seg=10 ...
  [M5_wsom_0.000|seed=42] checkpoint seg=20 ...
  [M5_wsom_0.000|seed=42] checkpoint seg=30 ...
  [M5_wsom_0.000|seed=42] checkpoint seg=40 ...
  [M5_wsom_0.000|seed=42] checkpoint seg=50 ...
  [M5_wsom_0.000|seed=42] checkpoint seg=60 ...
  [M5_wsom_0.000|seed=42] checkpoint seg=70 ...
  [M5_wsom_0.000|seed=42] checkpoint seg=80 ...
  [M5_wsom_0.000|seed=42] checkpoint seg=90 ...
  [M5_wsom_0.000|seed=42] checkpoint seg=100 ...
  [M5_wsom_0.000|seed=42] checkpoint seg=110 ...
  [M5_wsom_0.000|seed=42] checkpoint seg=120 ...
  [M5_wsom_0.000|seed=42] checkpoint seg=130 ...
  [M5_wsom_0.000|seed=42] checkpoint seg=140 ...
  [M5_wsom_0.000|seed=42] checkpoint seg=150 ...
  [M5_wsom_0.000|seed=42] checkpoint seg=160 ...
  [M5_wsom_0.000|seed=42] checkpoint seg=170 ...
  [M5_wsom_0.000|seed=42] checkpoint seg=180 ...
  [M5_wsom_0.000|seed=42] checkpoint seg=190 ...
  [M5_wsom_0.000|seed=42] checkpoint seg=200 ...
  [M5_wsom_0.000|seed=42] checkpoint seg=210 ...
  [M5_wsom_0.000|seed=42] checkpoint seg=220 ...
  [M5_wsom_0.000|seed=42] checkpoint seg=230 ...
  [M5_wsom_0.000|seed=42] checkpoint seg=240 ...
  [M5_wsom_0.000|seed=42] checkpoint seg=250 ...
  [M5_wsom_0.000|seed=42] checkpoint seg=260 ...
  [M5_wsom_0.000|seed=42] checkpoint seg=270 ...
  [M5_wsom_0.000|seed=42] checkpoint seg=280 ...
  [M5_wsom_0.000|seed=42] checkpoint seg=290 ...
  [M5_wsom_0.000|seed=42] checkpoint seg=300 ...
  [M5_wsom_0.000|seed=42] done in 2708.3s  final_mean_osi=0.810
[M5_wsom_0.000] seed=137
  [M5_wsom_0.000|seed=137] checkpoint seg=0 ...
  [M5_wsom_0.000|seed=137] checkpoint seg=10 ...
  [M5_wsom_0.000|seed=137] checkpoint seg=20 ...
  [M5_wsom_0.000|seed=137] checkpoint seg=30 ...
  [M5_wsom_0.000|seed=137] checkpoint seg=40 ...
  [M5_wsom_0.000|seed=137] checkpoint seg=50 ...
  [M5_wsom_0.000|seed=137] checkpoint seg=60 ...
  [M5_wsom_0.000|seed=137] checkpoint seg=70 ...
  [M5_wsom_0.000|seed=137] checkpoint seg=80 ...
  [M5_wsom_0.000|seed=137] checkpoint seg=90 ...
  [M5_wsom_0.000|seed=137] checkpoint seg=100 ...
  [M5_wsom_0.000|seed=137] checkpoint seg=110 ...
  [M5_wsom_0.000|seed=137] checkpoint seg=120 ...
  [M5_wsom_0.000|seed=137] checkpoint seg=130 ...
  [M5_wsom_0.000|seed=137] checkpoint seg=140 ...
  [M5_wsom_0.000|seed=137] checkpoint seg=150 ...
  [M5_wsom_0.000|seed=137] checkpoint seg=160 ...
  [M5_wsom_0.000|seed=137] checkpoint seg=170 ...
  [M5_wsom_0.000|seed=137] checkpoint seg=180 ...
  [M5_wsom_0.000|seed=137] checkpoint seg=190 ...
  [M5_wsom_0.000|seed=137] checkpoint seg=200 ...
  [M5_wsom_0.000|seed=137] checkpoint seg=210 ...
  [M5_wsom_0.000|seed=137] checkpoint seg=220 ...
  [M5_wsom_0.000|seed=137] checkpoint seg=230 ...
  [M5_wsom_0.000|seed=137] checkpoint seg=240 ...
  [M5_wsom_0.000|seed=137] checkpoint seg=250 ...
  [M5_wsom_0.000|seed=137] checkpoint seg=260 ...
  [M5_wsom_0.000|seed=137] checkpoint seg=270 ...
  [M5_wsom_0.000|seed=137] checkpoint seg=280 ...
  [M5_wsom_0.000|seed=137] checkpoint seg=290 ...
  [M5_wsom_0.000|seed=137] checkpoint seg=300 ...
  [M5_wsom_0.000|seed=137] done in 2629.0s  final_mean_osi=0.853
[M5_wsom_0.000] SUMMARY: mean_osi=0.837 +/- 0.011

============================================================
Running: M5_wsom_0.010
============================================================
[M5_wsom_0.010] seed=1
  [M5_wsom_0.010|seed=1] checkpoint seg=0 ...
  [M5_wsom_0.010|seed=1] checkpoint seg=10 ...
  [M5_wsom_0.010|seed=1] checkpoint seg=20 ...
  [M5_wsom_0.010|seed=1] checkpoint seg=30 ...
  [M5_wsom_0.010|seed=1] checkpoint seg=40 ...
  [M5_wsom_0.010|seed=1] checkpoint seg=50 ...
  [M5_wsom_0.010|seed=1] checkpoint seg=60 ...
  [M5_wsom_0.010|seed=1] checkpoint seg=70 ...
  [M5_wsom_0.010|seed=1] checkpoint seg=80 ...
  [M5_wsom_0.010|seed=1] checkpoint seg=90 ...
  [M5_wsom_0.010|seed=1] checkpoint seg=100 ...
  [M5_wsom_0.010|seed=1] checkpoint seg=110 ...
  [M5_wsom_0.010|seed=1] checkpoint seg=120 ...
  [M5_wsom_0.010|seed=1] checkpoint seg=130 ...
  [M5_wsom_0.010|seed=1] checkpoint seg=140 ...
  [M5_wsom_0.010|seed=1] checkpoint seg=150 ...
  [M5_wsom_0.010|seed=1] checkpoint seg=160 ...
  [M5_wsom_0.010|seed=1] checkpoint seg=170 ...
  [M5_wsom_0.010|seed=1] checkpoint seg=180 ...
  [M5_wsom_0.010|seed=1] checkpoint seg=190 ...
  [M5_wsom_0.010|seed=1] checkpoint seg=200 ...
  [M5_wsom_0.010|seed=1] checkpoint seg=210 ...
  [M5_wsom_0.010|seed=1] checkpoint seg=220 ...
  [M5_wsom_0.010|seed=1] checkpoint seg=230 ...
  [M5_wsom_0.010|seed=1] checkpoint seg=240 ...
  [M5_wsom_0.010|seed=1] checkpoint seg=250 ...
  [M5_wsom_0.010|seed=1] checkpoint seg=260 ...
  [M5_wsom_0.010|seed=1] checkpoint seg=270 ...
  [M5_wsom_0.010|seed=1] checkpoint seg=280 ...
  [M5_wsom_0.010|seed=1] checkpoint seg=290 ...
  [M5_wsom_0.010|seed=1] checkpoint seg=300 ...
  [M5_wsom_0.010|seed=1] done in 2739.4s  final_mean_osi=0.875
[M5_wsom_0.010] seed=42
  [M5_wsom_0.010|seed=42] checkpoint seg=0 ...
  [M5_wsom_0.010|seed=42] checkpoint seg=10 ...
  [M5_wsom_0.010|seed=42] checkpoint seg=20 ...
  [M5_wsom_0.010|seed=42] checkpoint seg=30 ...
  [M5_wsom_0.010|seed=42] checkpoint seg=40 ...
  [M5_wsom_0.010|seed=42] checkpoint seg=50 ...
  [M5_wsom_0.010|seed=42] checkpoint seg=60 ...
  [M5_wsom_0.010|seed=42] checkpoint seg=70 ...
  [M5_wsom_0.010|seed=42] checkpoint seg=80 ...
  [M5_wsom_0.010|seed=42] checkpoint seg=90 ...
  [M5_wsom_0.010|seed=42] checkpoint seg=100 ...
  [M5_wsom_0.010|seed=42] checkpoint seg=110 ...
  [M5_wsom_0.010|seed=42] checkpoint seg=120 ...
  [M5_wsom_0.010|seed=42] checkpoint seg=130 ...
  [M5_wsom_0.010|seed=42] checkpoint seg=140 ...
  [M5_wsom_0.010|seed=42] checkpoint seg=150 ...
  [M5_wsom_0.010|seed=42] checkpoint seg=160 ...
  [M5_wsom_0.010|seed=42] checkpoint seg=170 ...
  [M5_wsom_0.010|seed=42] checkpoint seg=180 ...
  [M5_wsom_0.010|seed=42] checkpoint seg=190 ...
  [M5_wsom_0.010|seed=42] checkpoint seg=200 ...
  [M5_wsom_0.010|seed=42] checkpoint seg=210 ...
  [M5_wsom_0.010|seed=42] checkpoint seg=220 ...
  [M5_wsom_0.010|seed=42] checkpoint seg=230 ...
  [M5_wsom_0.010|seed=42] checkpoint seg=240 ...
  [M5_wsom_0.010|seed=42] checkpoint seg=250 ...
  [M5_wsom_0.010|seed=42] checkpoint seg=260 ...
  [M5_wsom_0.010|seed=42] checkpoint seg=270 ...
  [M5_wsom_0.010|seed=42] checkpoint seg=280 ...
  [M5_wsom_0.010|seed=42] checkpoint seg=290 ...
  [M5_wsom_0.010|seed=42] checkpoint seg=300 ...
  [M5_wsom_0.010|seed=42] done in 2356.3s  final_mean_osi=0.839
[M5_wsom_0.010] seed=137
  [M5_wsom_0.010|seed=137] checkpoint seg=0 ...
  [M5_wsom_0.010|seed=137] checkpoint seg=10 ...
  [M5_wsom_0.010|seed=137] checkpoint seg=20 ...
  [M5_wsom_0.010|seed=137] checkpoint seg=30 ...
  [M5_wsom_0.010|seed=137] checkpoint seg=40 ...
  [M5_wsom_0.010|seed=137] checkpoint seg=50 ...
  [M5_wsom_0.010|seed=137] checkpoint seg=60 ...
  [M5_wsom_0.010|seed=137] checkpoint seg=70 ...
  [M5_wsom_0.010|seed=137] checkpoint seg=80 ...
  [M5_wsom_0.010|seed=137] checkpoint seg=90 ...
  [M5_wsom_0.010|seed=137] checkpoint seg=100 ...
  [M5_wsom_0.010|seed=137] checkpoint seg=110 ...
  [M5_wsom_0.010|seed=137] checkpoint seg=120 ...
  [M5_wsom_0.010|seed=137] checkpoint seg=130 ...
  [M5_wsom_0.010|seed=137] checkpoint seg=140 ...
  [M5_wsom_0.010|seed=137] checkpoint seg=150 ...
  [M5_wsom_0.010|seed=137] checkpoint seg=160 ...
  [M5_wsom_0.010|seed=137] checkpoint seg=170 ...
  [M5_wsom_0.010|seed=137] checkpoint seg=180 ...
  [M5_wsom_0.010|seed=137] checkpoint seg=190 ...
  [M5_wsom_0.010|seed=137] checkpoint seg=200 ...
  [M5_wsom_0.010|seed=137] checkpoint seg=210 ...
  [M5_wsom_0.010|seed=137] checkpoint seg=220 ...
  [M5_wsom_0.010|seed=137] checkpoint seg=230 ...
  [M5_wsom_0.010|seed=137] checkpoint seg=240 ...
  [M5_wsom_0.010|seed=137] checkpoint seg=250 ...
  [M5_wsom_0.010|seed=137] checkpoint seg=260 ...
  [M5_wsom_0.010|seed=137] checkpoint seg=270 ...
  [M5_wsom_0.010|seed=137] checkpoint seg=280 ...
  [M5_wsom_0.010|seed=137] checkpoint seg=290 ...
  [M5_wsom_0.010|seed=137] checkpoint seg=300 ...
  [M5_wsom_0.010|seed=137] done in 2869.8s  final_mean_osi=0.801
[M5_wsom_0.010] SUMMARY: mean_osi=0.839 +/- 0.018

============================================================
Running: M5_wsom_0.025
============================================================
[M5_wsom_0.025] seed=1
  [M5_wsom_0.025|seed=1] checkpoint seg=0 ...
  [M5_wsom_0.025|seed=1] checkpoint seg=10 ...
  [M5_wsom_0.025|seed=1] checkpoint seg=20 ...
  [M5_wsom_0.025|seed=1] checkpoint seg=30 ...
  [M5_wsom_0.025|seed=1] checkpoint seg=40 ...
  [M5_wsom_0.025|seed=1] checkpoint seg=50 ...
  [M5_wsom_0.025|seed=1] checkpoint seg=60 ...
  [M5_wsom_0.025|seed=1] checkpoint seg=70 ...
  [M5_wsom_0.025|seed=1] checkpoint seg=80 ...
  [M5_wsom_0.025|seed=1] checkpoint seg=90 ...
  [M5_wsom_0.025|seed=1] checkpoint seg=100 ...
  [M5_wsom_0.025|seed=1] checkpoint seg=110 ...
  [M5_wsom_0.025|seed=1] checkpoint seg=120 ...
  [M5_wsom_0.025|seed=1] checkpoint seg=130 ...
  [M5_wsom_0.025|seed=1] checkpoint seg=140 ...
  [M5_wsom_0.025|seed=1] checkpoint seg=150 ...
  [M5_wsom_0.025|seed=1] checkpoint seg=160 ...
  [M5_wsom_0.025|seed=1] checkpoint seg=170 ...
  [M5_wsom_0.025|seed=1] checkpoint seg=180 ...
  [M5_wsom_0.025|seed=1] checkpoint seg=190 ...
  [M5_wsom_0.025|seed=1] checkpoint seg=200 ...
  [M5_wsom_0.025|seed=1] checkpoint seg=210 ...
  [M5_wsom_0.025|seed=1] checkpoint seg=220 ...
  [M5_wsom_0.025|seed=1] checkpoint seg=230 ...
  [M5_wsom_0.025|seed=1] checkpoint seg=240 ...
  [M5_wsom_0.025|seed=1] checkpoint seg=250 ...
  [M5_wsom_0.025|seed=1] checkpoint seg=260 ...
  [M5_wsom_0.025|seed=1] checkpoint seg=270 ...
  [M5_wsom_0.025|seed=1] checkpoint seg=280 ...
  [M5_wsom_0.025|seed=1] checkpoint seg=290 ...
  [M5_wsom_0.025|seed=1] checkpoint seg=300 ...
  [M5_wsom_0.025|seed=1] done in 3225.2s  final_mean_osi=0.844
[M5_wsom_0.025] seed=42
  [M5_wsom_0.025|seed=42] checkpoint seg=0 ...
  [M5_wsom_0.025|seed=42] checkpoint seg=10 ...
  [M5_wsom_0.025|seed=42] checkpoint seg=20 ...
  [M5_wsom_0.025|seed=42] checkpoint seg=30 ...
  [M5_wsom_0.025|seed=42] checkpoint seg=40 ...
  [M5_wsom_0.025|seed=42] checkpoint seg=50 ...
  [M5_wsom_0.025|seed=42] checkpoint seg=60 ...
  [M5_wsom_0.025|seed=42] checkpoint seg=70 ...
  [M5_wsom_0.025|seed=42] checkpoint seg=80 ...
  [M5_wsom_0.025|seed=42] checkpoint seg=90 ...
  [M5_wsom_0.025|seed=42] checkpoint seg=100 ...
  [M5_wsom_0.025|seed=42] checkpoint seg=110 ...
  [M5_wsom_0.025|seed=42] checkpoint seg=120 ...
  [M5_wsom_0.025|seed=42] checkpoint seg=130 ...
  [M5_wsom_0.025|seed=42] checkpoint seg=140 ...
  [M5_wsom_0.025|seed=42] checkpoint seg=150 ...
  [M5_wsom_0.025|seed=42] checkpoint seg=160 ...
  [M5_wsom_0.025|seed=42] checkpoint seg=170 ...
  [M5_wsom_0.025|seed=42] checkpoint seg=180 ...
  [M5_wsom_0.025|seed=42] checkpoint seg=190 ...
  [M5_wsom_0.025|seed=42] checkpoint seg=200 ...
  [M5_wsom_0.025|seed=42] checkpoint seg=210 ...
  [M5_wsom_0.025|seed=42] checkpoint seg=220 ...
  [M5_wsom_0.025|seed=42] checkpoint seg=230 ...
  [M5_wsom_0.025|seed=42] checkpoint seg=240 ...
  [M5_wsom_0.025|seed=42] checkpoint seg=250 ...
  [M5_wsom_0.025|seed=42] checkpoint seg=260 ...
  [M5_wsom_0.025|seed=42] checkpoint seg=270 ...
  [M5_wsom_0.025|seed=42] checkpoint seg=280 ...
  [M5_wsom_0.025|seed=42] checkpoint seg=290 ...
  [M5_wsom_0.025|seed=42] checkpoint seg=300 ...
  [M5_wsom_0.025|seed=42] done in 3072.6s  final_mean_osi=0.831
[M5_wsom_0.025] seed=137
  [M5_wsom_0.025|seed=137] checkpoint seg=0 ...
  [M5_wsom_0.025|seed=137] checkpoint seg=10 ...
  [M5_wsom_0.025|seed=137] checkpoint seg=20 ...
  [M5_wsom_0.025|seed=137] checkpoint seg=30 ...
  [M5_wsom_0.025|seed=137] checkpoint seg=40 ...
  [M5_wsom_0.025|seed=137] checkpoint seg=50 ...
  [M5_wsom_0.025|seed=137] checkpoint seg=60 ...
  [M5_wsom_0.025|seed=137] checkpoint seg=70 ...
  [M5_wsom_0.025|seed=137] checkpoint seg=80 ...
  [M5_wsom_0.025|seed=137] checkpoint seg=90 ...
  [M5_wsom_0.025|seed=137] checkpoint seg=100 ...
  [M5_wsom_0.025|seed=137] checkpoint seg=110 ...
  [M5_wsom_0.025|seed=137] checkpoint seg=120 ...
  [M5_wsom_0.025|seed=137] checkpoint seg=130 ...
  [M5_wsom_0.025|seed=137] checkpoint seg=140 ...
  [M5_wsom_0.025|seed=137] checkpoint seg=150 ...
  [M5_wsom_0.025|seed=137] checkpoint seg=160 ...
  [M5_wsom_0.025|seed=137] checkpoint seg=170 ...
  [M5_wsom_0.025|seed=137] checkpoint seg=180 ...
  [M5_wsom_0.025|seed=137] checkpoint seg=190 ...
  [M5_wsom_0.025|seed=137] checkpoint seg=200 ...
  [M5_wsom_0.025|seed=137] checkpoint seg=210 ...
  [M5_wsom_0.025|seed=137] checkpoint seg=220 ...
  [M5_wsom_0.025|seed=137] checkpoint seg=230 ...
  [M5_wsom_0.025|seed=137] checkpoint seg=240 ...
  [M5_wsom_0.025|seed=137] checkpoint seg=250 ...
  [M5_wsom_0.025|seed=137] checkpoint seg=260 ...
  [M5_wsom_0.025|seed=137] checkpoint seg=270 ...
  [M5_wsom_0.025|seed=137] checkpoint seg=280 ...
  [M5_wsom_0.025|seed=137] checkpoint seg=290 ...
  [M5_wsom_0.025|seed=137] checkpoint seg=300 ...
  [M5_wsom_0.025|seed=137] done in 2790.4s  final_mean_osi=0.854
[M5_wsom_0.025] SUMMARY: mean_osi=0.843 +/- 0.005

============================================================
Running: M5_wsom_0.050
============================================================
[M5_wsom_0.050] seed=1
  [M5_wsom_0.050|seed=1] checkpoint seg=0 ...
  [M5_wsom_0.050|seed=1] checkpoint seg=10 ...
  [M5_wsom_0.050|seed=1] checkpoint seg=20 ...
  [M5_wsom_0.050|seed=1] checkpoint seg=30 ...
  [M5_wsom_0.050|seed=1] checkpoint seg=40 ...
  [M5_wsom_0.050|seed=1] checkpoint seg=50 ...
  [M5_wsom_0.050|seed=1] checkpoint seg=60 ...
  [M5_wsom_0.050|seed=1] checkpoint seg=70 ...
  [M5_wsom_0.050|seed=1] checkpoint seg=80 ...
  [M5_wsom_0.050|seed=1] checkpoint seg=90 ...
  [M5_wsom_0.050|seed=1] checkpoint seg=100 ...
  [M5_wsom_0.050|seed=1] checkpoint seg=110 ...
  [M5_wsom_0.050|seed=1] checkpoint seg=120 ...
  [M5_wsom_0.050|seed=1] checkpoint seg=130 ...
  [M5_wsom_0.050|seed=1] checkpoint seg=140 ...
  [M5_wsom_0.050|seed=1] checkpoint seg=150 ...
  [M5_wsom_0.050|seed=1] checkpoint seg=160 ...
  [M5_wsom_0.050|seed=1] checkpoint seg=170 ...
  [M5_wsom_0.050|seed=1] checkpoint seg=180 ...
  [M5_wsom_0.050|seed=1] checkpoint seg=190 ...
  [M5_wsom_0.050|seed=1] checkpoint seg=200 ...
  [M5_wsom_0.050|seed=1] checkpoint seg=210 ...
  [M5_wsom_0.050|seed=1] checkpoint seg=220 ...
  [M5_wsom_0.050|seed=1] checkpoint seg=230 ...
  [M5_wsom_0.050|seed=1] checkpoint seg=240 ...
  [M5_wsom_0.050|seed=1] checkpoint seg=250 ...
  [M5_wsom_0.050|seed=1] checkpoint seg=260 ...
  [M5_wsom_0.050|seed=1] checkpoint seg=270 ...
  [M5_wsom_0.050|seed=1] checkpoint seg=280 ...
  [M5_wsom_0.050|seed=1] checkpoint seg=290 ...
  [M5_wsom_0.050|seed=1] checkpoint seg=300 ...
  [M5_wsom_0.050|seed=1] done in 2836.9s  final_mean_osi=0.845
[M5_wsom_0.050] seed=42
  [M5_wsom_0.050|seed=42] checkpoint seg=0 ...
  [M5_wsom_0.050|seed=42] checkpoint seg=10 ...
  [M5_wsom_0.050|seed=42] checkpoint seg=20 ...
  [M5_wsom_0.050|seed=42] checkpoint seg=30 ...
  [M5_wsom_0.050|seed=42] checkpoint seg=40 ...
  [M5_wsom_0.050|seed=42] checkpoint seg=50 ...
  [M5_wsom_0.050|seed=42] checkpoint seg=60 ...
  [M5_wsom_0.050|seed=42] checkpoint seg=70 ...
  [M5_wsom_0.050|seed=42] checkpoint seg=80 ...
  [M5_wsom_0.050|seed=42] checkpoint seg=90 ...
  [M5_wsom_0.050|seed=42] checkpoint seg=100 ...
  [M5_wsom_0.050|seed=42] checkpoint seg=110 ...
  [M5_wsom_0.050|seed=42] checkpoint seg=120 ...
  [M5_wsom_0.050|seed=42] checkpoint seg=130 ...
  [M5_wsom_0.050|seed=42] checkpoint seg=140 ...
  [M5_wsom_0.050|seed=42] checkpoint seg=150 ...
  [M5_wsom_0.050|seed=42] checkpoint seg=160 ...
  [M5_wsom_0.050|seed=42] checkpoint seg=170 ...
  [M5_wsom_0.050|seed=42] checkpoint seg=180 ...
  [M5_wsom_0.050|seed=42] checkpoint seg=190 ...
  [M5_wsom_0.050|seed=42] checkpoint seg=200 ...
  [M5_wsom_0.050|seed=42] checkpoint seg=210 ...
  [M5_wsom_0.050|seed=42] checkpoint seg=220 ...
  [M5_wsom_0.050|seed=42] checkpoint seg=230 ...
  [M5_wsom_0.050|seed=42] checkpoint seg=240 ...
  [M5_wsom_0.050|seed=42] checkpoint seg=250 ...
  [M5_wsom_0.050|seed=42] checkpoint seg=260 ...
  [M5_wsom_0.050|seed=42] checkpoint seg=270 ...
  [M5_wsom_0.050|seed=42] checkpoint seg=280 ...
  [M5_wsom_0.050|seed=42] checkpoint seg=290 ...
  [M5_wsom_0.050|seed=42] checkpoint seg=300 ...
  [M5_wsom_0.050|seed=42] done in 3029.2s  final_mean_osi=0.830
[M5_wsom_0.050] seed=137
  [M5_wsom_0.050|seed=137] checkpoint seg=0 ...
  [M5_wsom_0.050|seed=137] checkpoint seg=10 ...
  [M5_wsom_0.050|seed=137] checkpoint seg=20 ...
  [M5_wsom_0.050|seed=137] checkpoint seg=30 ...
  [M5_wsom_0.050|seed=137] checkpoint seg=40 ...
  [M5_wsom_0.050|seed=137] checkpoint seg=50 ...
  [M5_wsom_0.050|seed=137] checkpoint seg=60 ...
  [M5_wsom_0.050|seed=137] checkpoint seg=70 ...
  [M5_wsom_0.050|seed=137] checkpoint seg=80 ...
  [M5_wsom_0.050|seed=137] checkpoint seg=90 ...
  [M5_wsom_0.050|seed=137] checkpoint seg=100 ...
  [M5_wsom_0.050|seed=137] checkpoint seg=110 ...
  [M5_wsom_0.050|seed=137] checkpoint seg=120 ...
  [M5_wsom_0.050|seed=137] checkpoint seg=130 ...
  [M5_wsom_0.050|seed=137] checkpoint seg=140 ...
  [M5_wsom_0.050|seed=137] checkpoint seg=150 ...
  [M5_wsom_0.050|seed=137] checkpoint seg=160 ...
  [M5_wsom_0.050|seed=137] checkpoint seg=170 ...
  [M5_wsom_0.050|seed=137] checkpoint seg=180 ...
  [M5_wsom_0.050|seed=137] checkpoint seg=190 ...
  [M5_wsom_0.050|seed=137] checkpoint seg=200 ...
  [M5_wsom_0.050|seed=137] checkpoint seg=210 ...
  [M5_wsom_0.050|seed=137] checkpoint seg=220 ...
  [M5_wsom_0.050|seed=137] checkpoint seg=230 ...
  [M5_wsom_0.050|seed=137] checkpoint seg=240 ...
  [M5_wsom_0.050|seed=137] checkpoint seg=250 ...
  [M5_wsom_0.050|seed=137] checkpoint seg=260 ...
  [M5_wsom_0.050|seed=137] checkpoint seg=270 ...
  [M5_wsom_0.050|seed=137] checkpoint seg=280 ...
  [M5_wsom_0.050|seed=137] checkpoint seg=290 ...
  [M5_wsom_0.050|seed=137] checkpoint seg=300 ...
  [M5_wsom_0.050|seed=137] done in 3241.0s  final_mean_osi=0.864
[M5_wsom_0.050] SUMMARY: mean_osi=0.846 +/- 0.008

============================================================
Running: M5_wsom_0.100
============================================================
[M5_wsom_0.100] seed=1
  [M5_wsom_0.100|seed=1] checkpoint seg=0 ...
  [M5_wsom_0.100|seed=1] checkpoint seg=10 ...
  [M5_wsom_0.100|seed=1] checkpoint seg=20 ...
  [M5_wsom_0.100|seed=1] checkpoint seg=30 ...
  [M5_wsom_0.100|seed=1] checkpoint seg=40 ...
  [M5_wsom_0.100|seed=1] checkpoint seg=50 ...
  [M5_wsom_0.100|seed=1] checkpoint seg=60 ...
  [M5_wsom_0.100|seed=1] checkpoint seg=70 ...
  [M5_wsom_0.100|seed=1] checkpoint seg=80 ...
  [M5_wsom_0.100|seed=1] checkpoint seg=90 ...
  [M5_wsom_0.100|seed=1] checkpoint seg=100 ...
  [M5_wsom_0.100|seed=1] checkpoint seg=110 ...
  [M5_wsom_0.100|seed=1] checkpoint seg=120 ...
  [M5_wsom_0.100|seed=1] checkpoint seg=130 ...
  [M5_wsom_0.100|seed=1] checkpoint seg=140 ...
  [M5_wsom_0.100|seed=1] checkpoint seg=150 ...
  [M5_wsom_0.100|seed=1] checkpoint seg=160 ...
  [M5_wsom_0.100|seed=1] checkpoint seg=170 ...
  [M5_wsom_0.100|seed=1] checkpoint seg=180 ...
  [M5_wsom_0.100|seed=1] checkpoint seg=190 ...
  [M5_wsom_0.100|seed=1] checkpoint seg=200 ...
  [M5_wsom_0.100|seed=1] checkpoint seg=210 ...
  [M5_wsom_0.100|seed=1] checkpoint seg=220 ...
  [M5_wsom_0.100|seed=1] checkpoint seg=230 ...
  [M5_wsom_0.100|seed=1] checkpoint seg=240 ...
  [M5_wsom_0.100|seed=1] checkpoint seg=250 ...
  [M5_wsom_0.100|seed=1] checkpoint seg=260 ...
  [M5_wsom_0.100|seed=1] checkpoint seg=270 ...
  [M5_wsom_0.100|seed=1] checkpoint seg=280 ...
  [M5_wsom_0.100|seed=1] checkpoint seg=290 ...
  [M5_wsom_0.100|seed=1] checkpoint seg=300 ...
  [M5_wsom_0.100|seed=1] done in 3055.2s  final_mean_osi=0.863
[M5_wsom_0.100] seed=42
  [M5_wsom_0.100|seed=42] checkpoint seg=0 ...
  [M5_wsom_0.100|seed=42] checkpoint seg=10 ...
  [M5_wsom_0.100|seed=42] checkpoint seg=20 ...
  [M5_wsom_0.100|seed=42] checkpoint seg=30 ...
  [M5_wsom_0.100|seed=42] checkpoint seg=40 ...
  [M5_wsom_0.100|seed=42] checkpoint seg=50 ...
  [M5_wsom_0.100|seed=42] checkpoint seg=60 ...
  [M5_wsom_0.100|seed=42] checkpoint seg=70 ...
  [M5_wsom_0.100|seed=42] checkpoint seg=80 ...
  [M5_wsom_0.100|seed=42] checkpoint seg=90 ...
  [M5_wsom_0.100|seed=42] checkpoint seg=100 ...
  [M5_wsom_0.100|seed=42] checkpoint seg=110 ...
  [M5_wsom_0.100|seed=42] checkpoint seg=120 ...
  [M5_wsom_0.100|seed=42] checkpoint seg=130 ...
  [M5_wsom_0.100|seed=42] checkpoint seg=140 ...
  [M5_wsom_0.100|seed=42] checkpoint seg=150 ...
  [M5_wsom_0.100|seed=42] checkpoint seg=160 ...
  [M5_wsom_0.100|seed=42] checkpoint seg=170 ...
  [M5_wsom_0.100|seed=42] checkpoint seg=180 ...
  [M5_wsom_0.100|seed=42] checkpoint seg=190 ...
  [M5_wsom_0.100|seed=42] checkpoint seg=200 ...
  [M5_wsom_0.100|seed=42] checkpoint seg=210 ...
  [M5_wsom_0.100|seed=42] checkpoint seg=220 ...
  [M5_wsom_0.100|seed=42] checkpoint seg=230 ...
  [M5_wsom_0.100|seed=42] checkpoint seg=240 ...
  [M5_wsom_0.100|seed=42] checkpoint seg=250 ...
  [M5_wsom_0.100|seed=42] checkpoint seg=260 ...
  [M5_wsom_0.100|seed=42] checkpoint seg=270 ...
  [M5_wsom_0.100|seed=42] checkpoint seg=280 ...
  [M5_wsom_0.100|seed=42] checkpoint seg=290 ...
  [M5_wsom_0.100|seed=42] checkpoint seg=300 ...
  [M5_wsom_0.100|seed=42] done in 3803.9s  final_mean_osi=0.830
[M5_wsom_0.100] seed=137
  [M5_wsom_0.100|seed=137] checkpoint seg=0 ...
  [M5_wsom_0.100|seed=137] checkpoint seg=10 ...
  [M5_wsom_0.100|seed=137] checkpoint seg=20 ...
  [M5_wsom_0.100|seed=137] checkpoint seg=30 ...
  [M5_wsom_0.100|seed=137] checkpoint seg=40 ...
  [M5_wsom_0.100|seed=137] checkpoint seg=50 ...
  [M5_wsom_0.100|seed=137] checkpoint seg=60 ...
  [M5_wsom_0.100|seed=137] checkpoint seg=70 ...
  [M5_wsom_0.100|seed=137] checkpoint seg=80 ...
  [M5_wsom_0.100|seed=137] checkpoint seg=90 ...
  [M5_wsom_0.100|seed=137] checkpoint seg=100 ...
  [M5_wsom_0.100|seed=137] checkpoint seg=110 ...
  [M5_wsom_0.100|seed=137] checkpoint seg=120 ...
  [M5_wsom_0.100|seed=137] checkpoint seg=130 ...
  [M5_wsom_0.100|seed=137] checkpoint seg=140 ...
  [M5_wsom_0.100|seed=137] checkpoint seg=150 ...
  [M5_wsom_0.100|seed=137] checkpoint seg=160 ...
  [M5_wsom_0.100|seed=137] checkpoint seg=170 ...
  [M5_wsom_0.100|seed=137] checkpoint seg=180 ...
  [M5_wsom_0.100|seed=137] checkpoint seg=190 ...
  [M5_wsom_0.100|seed=137] checkpoint seg=200 ...
  [M5_wsom_0.100|seed=137] checkpoint seg=210 ...
  [M5_wsom_0.100|seed=137] checkpoint seg=220 ...
  [M5_wsom_0.100|seed=137] checkpoint seg=230 ...
  [M5_wsom_0.100|seed=137] checkpoint seg=240 ...
  [M5_wsom_0.100|seed=137] checkpoint seg=250 ...
  [M5_wsom_0.100|seed=137] checkpoint seg=260 ...
  [M5_wsom_0.100|seed=137] checkpoint seg=270 ...
  [M5_wsom_0.100|seed=137] checkpoint seg=280 ...
  [M5_wsom_0.100|seed=137] checkpoint seg=290 ...
  [M5_wsom_0.100|seed=137] checkpoint seg=300 ...
  [M5_wsom_0.100|seed=137] done in 2559.5s  final_mean_osi=0.866
[M5_wsom_0.100] SUMMARY: mean_osi=0.853 +/- 0.009

============================================================
Running: M5_wsom_0.200
============================================================
[M5_wsom_0.200] seed=1
  [M5_wsom_0.200|seed=1] checkpoint seg=0 ...
  [M5_wsom_0.200|seed=1] checkpoint seg=10 ...
  [M5_wsom_0.200|seed=1] checkpoint seg=20 ...
  [M5_wsom_0.200|seed=1] checkpoint seg=30 ...
  [M5_wsom_0.200|seed=1] checkpoint seg=40 ...
  [M5_wsom_0.200|seed=1] checkpoint seg=50 ...
  [M5_wsom_0.200|seed=1] checkpoint seg=60 ...
  [M5_wsom_0.200|seed=1] checkpoint seg=70 ...
  [M5_wsom_0.200|seed=1] checkpoint seg=80 ...
  [M5_wsom_0.200|seed=1] checkpoint seg=90 ...
  [M5_wsom_0.200|seed=1] checkpoint seg=100 ...
  [M5_wsom_0.200|seed=1] checkpoint seg=110 ...
  [M5_wsom_0.200|seed=1] checkpoint seg=120 ...
  [M5_wsom_0.200|seed=1] checkpoint seg=130 ...
  [M5_wsom_0.200|seed=1] checkpoint seg=140 ...
  [M5_wsom_0.200|seed=1] checkpoint seg=150 ...
  [M5_wsom_0.200|seed=1] checkpoint seg=160 ...
  [M5_wsom_0.200|seed=1] checkpoint seg=170 ...
  [M5_wsom_0.200|seed=1] checkpoint seg=180 ...
  [M5_wsom_0.200|seed=1] checkpoint seg=190 ...
  [M5_wsom_0.200|seed=1] checkpoint seg=200 ...
  [M5_wsom_0.200|seed=1] checkpoint seg=210 ...
  [M5_wsom_0.200|seed=1] checkpoint seg=220 ...
  [M5_wsom_0.200|seed=1] checkpoint seg=230 ...
  [M5_wsom_0.200|seed=1] checkpoint seg=240 ...
  [M5_wsom_0.200|seed=1] checkpoint seg=250 ...
  [M5_wsom_0.200|seed=1] checkpoint seg=260 ...
  [M5_wsom_0.200|seed=1] checkpoint seg=270 ...
  [M5_wsom_0.200|seed=1] checkpoint seg=280 ...
  [M5_wsom_0.200|seed=1] checkpoint seg=290 ...
  [M5_wsom_0.200|seed=1] checkpoint seg=300 ...
  [M5_wsom_0.200|seed=1] done in 2881.7s  final_mean_osi=0.867
[M5_wsom_0.200] seed=42
  [M5_wsom_0.200|seed=42] checkpoint seg=0 ...
  [M5_wsom_0.200|seed=42] checkpoint seg=10 ...
  [M5_wsom_0.200|seed=42] checkpoint seg=20 ...
  [M5_wsom_0.200|seed=42] checkpoint seg=30 ...
  [M5_wsom_0.200|seed=42] checkpoint seg=40 ...
  [M5_wsom_0.200|seed=42] checkpoint seg=50 ...
  [M5_wsom_0.200|seed=42] checkpoint seg=60 ...
  [M5_wsom_0.200|seed=42] checkpoint seg=70 ...
  [M5_wsom_0.200|seed=42] checkpoint seg=80 ...
  [M5_wsom_0.200|seed=42] checkpoint seg=90 ...
  [M5_wsom_0.200|seed=42] checkpoint seg=100 ...
  [M5_wsom_0.200|seed=42] checkpoint seg=110 ...
  [M5_wsom_0.200|seed=42] checkpoint seg=120 ...
  [M5_wsom_0.200|seed=42] checkpoint seg=130 ...
  [M5_wsom_0.200|seed=42] checkpoint seg=140 ...
  [M5_wsom_0.200|seed=42] checkpoint seg=150 ...
  [M5_wsom_0.200|seed=42] checkpoint seg=160 ...
  [M5_wsom_0.200|seed=42] checkpoint seg=170 ...
  [M5_wsom_0.200|seed=42] checkpoint seg=180 ...
  [M5_wsom_0.200|seed=42] checkpoint seg=190 ...
  [M5_wsom_0.200|seed=42] checkpoint seg=200 ...
  [M5_wsom_0.200|seed=42] checkpoint seg=210 ...
  [M5_wsom_0.200|seed=42] checkpoint seg=220 ...
  [M5_wsom_0.200|seed=42] checkpoint seg=230 ...
  [M5_wsom_0.200|seed=42] checkpoint seg=240 ...
  [M5_wsom_0.200|seed=42] checkpoint seg=250 ...
  [M5_wsom_0.200|seed=42] checkpoint seg=260 ...
  [M5_wsom_0.200|seed=42] checkpoint seg=270 ...
  [M5_wsom_0.200|seed=42] checkpoint seg=280 ...
  [M5_wsom_0.200|seed=42] checkpoint seg=290 ...
  [M5_wsom_0.200|seed=42] checkpoint seg=300 ...
  [M5_wsom_0.200|seed=42] done in 2797.2s  final_mean_osi=0.825
[M5_wsom_0.200] seed=137
  [M5_wsom_0.200|seed=137] checkpoint seg=0 ...
  [M5_wsom_0.200|seed=137] checkpoint seg=10 ...
  [M5_wsom_0.200|seed=137] checkpoint seg=20 ...
  [M5_wsom_0.200|seed=137] checkpoint seg=30 ...
  [M5_wsom_0.200|seed=137] checkpoint seg=40 ...
  [M5_wsom_0.200|seed=137] checkpoint seg=50 ...
  [M5_wsom_0.200|seed=137] checkpoint seg=60 ...
  [M5_wsom_0.200|seed=137] checkpoint seg=70 ...
  [M5_wsom_0.200|seed=137] checkpoint seg=80 ...
  [M5_wsom_0.200|seed=137] checkpoint seg=90 ...
  [M5_wsom_0.200|seed=137] checkpoint seg=100 ...
  [M5_wsom_0.200|seed=137] checkpoint seg=110 ...
  [M5_wsom_0.200|seed=137] checkpoint seg=120 ...
  [M5_wsom_0.200|seed=137] checkpoint seg=130 ...
  [M5_wsom_0.200|seed=137] checkpoint seg=140 ...
  [M5_wsom_0.200|seed=137] checkpoint seg=150 ...
  [M5_wsom_0.200|seed=137] checkpoint seg=160 ...
  [M5_wsom_0.200|seed=137] checkpoint seg=170 ...
  [M5_wsom_0.200|seed=137] checkpoint seg=180 ...
  [M5_wsom_0.200|seed=137] checkpoint seg=190 ...
  [M5_wsom_0.200|seed=137] checkpoint seg=200 ...
  [M5_wsom_0.200|seed=137] checkpoint seg=210 ...
  [M5_wsom_0.200|seed=137] checkpoint seg=220 ...
  [M5_wsom_0.200|seed=137] checkpoint seg=230 ...
  [M5_wsom_0.200|seed=137] checkpoint seg=240 ...
  [M5_wsom_0.200|seed=137] checkpoint seg=250 ...
  [M5_wsom_0.200|seed=137] checkpoint seg=260 ...
  [M5_wsom_0.200|seed=137] checkpoint seg=270 ...
  [M5_wsom_0.200|seed=137] checkpoint seg=280 ...
  [M5_wsom_0.200|seed=137] checkpoint seg=290 ...
  [M5_wsom_0.200|seed=137] checkpoint seg=300 ...
  [M5_wsom_0.200|seed=137] done in 1460.3s  final_mean_osi=0.874
[M5_wsom_0.200] SUMMARY: mean_osi=0.855 +/- 0.013

============================================================
M5 SUMMARY
============================================================
  M5_som_OFF                 OSI = 0.837 +/- 0.011  R=0.102
  M5_narrow_som              OSI = 0.862 +/- 0.006  R=0.134
  M5_broad_som               OSI = 0.847 +/- 0.012  R=0.124
  M5_wsom_0.000              OSI = 0.837 +/- 0.011  R=0.102
  M5_wsom_0.010              OSI = 0.839 +/- 0.018  R=0.131
  M5_wsom_0.025              OSI = 0.843 +/- 0.005  R=0.151
  M5_wsom_0.050              OSI = 0.846 +/- 0.008  R=0.155
  M5_wsom_0.100              OSI = 0.853 +/- 0.009  R=0.126
  M5_wsom_0.200              OSI = 0.855 +/- 0.013  R=0.155

Results saved to investigation_results/M5_som_inhibition/
