/home/vysoforlife/miniconda3/envs/habitat/lib/python3.9/site-packages/scipy/__init__.py:146: UserWarning: A NumPy version >=1.17.3 and <1.25.0 is required for this version of SciPy (detected version 1.26.4
  warnings.warn(f"A NumPy version >={np_minversion} and <{np_maxversion}"

============================================================
Running: M4_pv_OFF
============================================================
[M4_pv_OFF] seed=1
  [M4_pv_OFF|seed=1] checkpoint seg=0 ...
  [M4_pv_OFF|seed=1] checkpoint seg=10 ...
  [M4_pv_OFF|seed=1] checkpoint seg=20 ...
  [M4_pv_OFF|seed=1] checkpoint seg=30 ...
  [M4_pv_OFF|seed=1] checkpoint seg=40 ...
  [M4_pv_OFF|seed=1] checkpoint seg=50 ...
  [M4_pv_OFF|seed=1] checkpoint seg=60 ...
  [M4_pv_OFF|seed=1] checkpoint seg=70 ...
  [M4_pv_OFF|seed=1] checkpoint seg=80 ...
  [M4_pv_OFF|seed=1] checkpoint seg=90 ...
  [M4_pv_OFF|seed=1] checkpoint seg=100 ...
  [M4_pv_OFF|seed=1] checkpoint seg=110 ...
  [M4_pv_OFF|seed=1] checkpoint seg=120 ...
  [M4_pv_OFF|seed=1] checkpoint seg=130 ...
  [M4_pv_OFF|seed=1] checkpoint seg=140 ...
  [M4_pv_OFF|seed=1] checkpoint seg=150 ...
  [M4_pv_OFF|seed=1] checkpoint seg=160 ...
  [M4_pv_OFF|seed=1] checkpoint seg=170 ...
  [M4_pv_OFF|seed=1] checkpoint seg=180 ...
  [M4_pv_OFF|seed=1] checkpoint seg=190 ...
  [M4_pv_OFF|seed=1] checkpoint seg=200 ...
  [M4_pv_OFF|seed=1] checkpoint seg=210 ...
  [M4_pv_OFF|seed=1] checkpoint seg=220 ...
  [M4_pv_OFF|seed=1] checkpoint seg=230 ...
  [M4_pv_OFF|seed=1] checkpoint seg=240 ...
  [M4_pv_OFF|seed=1] checkpoint seg=250 ...
  [M4_pv_OFF|seed=1] checkpoint seg=260 ...
  [M4_pv_OFF|seed=1] checkpoint seg=270 ...
  [M4_pv_OFF|seed=1] checkpoint seg=280 ...
  [M4_pv_OFF|seed=1] checkpoint seg=290 ...
  [M4_pv_OFF|seed=1] checkpoint seg=300 ...
  [M4_pv_OFF|seed=1] done in 3436.8s  final_mean_osi=0.800
[M4_pv_OFF] seed=42
  [M4_pv_OFF|seed=42] checkpoint seg=0 ...
  [M4_pv_OFF|seed=42] checkpoint seg=10 ...
  [M4_pv_OFF|seed=42] checkpoint seg=20 ...
  [M4_pv_OFF|seed=42] checkpoint seg=30 ...
  [M4_pv_OFF|seed=42] checkpoint seg=40 ...
  [M4_pv_OFF|seed=42] checkpoint seg=50 ...
  [M4_pv_OFF|seed=42] checkpoint seg=60 ...
  [M4_pv_OFF|seed=42] checkpoint seg=70 ...
  [M4_pv_OFF|seed=42] checkpoint seg=80 ...
  [M4_pv_OFF|seed=42] checkpoint seg=90 ...
  [M4_pv_OFF|seed=42] checkpoint seg=100 ...
  [M4_pv_OFF|seed=42] checkpoint seg=110 ...
  [M4_pv_OFF|seed=42] checkpoint seg=120 ...
  [M4_pv_OFF|seed=42] checkpoint seg=130 ...
  [M4_pv_OFF|seed=42] checkpoint seg=140 ...
  [M4_pv_OFF|seed=42] checkpoint seg=150 ...
  [M4_pv_OFF|seed=42] checkpoint seg=160 ...
  [M4_pv_OFF|seed=42] checkpoint seg=170 ...
  [M4_pv_OFF|seed=42] checkpoint seg=180 ...
  [M4_pv_OFF|seed=42] checkpoint seg=190 ...
  [M4_pv_OFF|seed=42] checkpoint seg=200 ...
  [M4_pv_OFF|seed=42] checkpoint seg=210 ...
  [M4_pv_OFF|seed=42] checkpoint seg=220 ...
  [M4_pv_OFF|seed=42] checkpoint seg=230 ...
  [M4_pv_OFF|seed=42] checkpoint seg=240 ...
  [M4_pv_OFF|seed=42] checkpoint seg=250 ...
  [M4_pv_OFF|seed=42] checkpoint seg=260 ...
  [M4_pv_OFF|seed=42] checkpoint seg=270 ...
  [M4_pv_OFF|seed=42] checkpoint seg=280 ...
  [M4_pv_OFF|seed=42] checkpoint seg=290 ...
  [M4_pv_OFF|seed=42] checkpoint seg=300 ...
  [M4_pv_OFF|seed=42] done in 3349.5s  final_mean_osi=0.819
[M4_pv_OFF] seed=137
  [M4_pv_OFF|seed=137] checkpoint seg=0 ...
  [M4_pv_OFF|seed=137] checkpoint seg=10 ...
  [M4_pv_OFF|seed=137] checkpoint seg=20 ...
  [M4_pv_OFF|seed=137] checkpoint seg=30 ...
  [M4_pv_OFF|seed=137] checkpoint seg=40 ...
  [M4_pv_OFF|seed=137] checkpoint seg=50 ...
  [M4_pv_OFF|seed=137] checkpoint seg=60 ...
  [M4_pv_OFF|seed=137] checkpoint seg=70 ...
  [M4_pv_OFF|seed=137] checkpoint seg=80 ...
  [M4_pv_OFF|seed=137] checkpoint seg=90 ...
  [M4_pv_OFF|seed=137] checkpoint seg=100 ...
  [M4_pv_OFF|seed=137] checkpoint seg=110 ...
  [M4_pv_OFF|seed=137] checkpoint seg=120 ...
  [M4_pv_OFF|seed=137] checkpoint seg=130 ...
  [M4_pv_OFF|seed=137] checkpoint seg=140 ...
  [M4_pv_OFF|seed=137] checkpoint seg=150 ...
  [M4_pv_OFF|seed=137] checkpoint seg=160 ...
  [M4_pv_OFF|seed=137] checkpoint seg=170 ...
  [M4_pv_OFF|seed=137] checkpoint seg=180 ...
  [M4_pv_OFF|seed=137] checkpoint seg=190 ...
  [M4_pv_OFF|seed=137] checkpoint seg=200 ...
  [M4_pv_OFF|seed=137] checkpoint seg=210 ...
  [M4_pv_OFF|seed=137] checkpoint seg=220 ...
  [M4_pv_OFF|seed=137] checkpoint seg=230 ...
  [M4_pv_OFF|seed=137] checkpoint seg=240 ...
  [M4_pv_OFF|seed=137] checkpoint seg=250 ...
  [M4_pv_OFF|seed=137] checkpoint seg=260 ...
  [M4_pv_OFF|seed=137] checkpoint seg=270 ...
  [M4_pv_OFF|seed=137] checkpoint seg=280 ...
  [M4_pv_OFF|seed=137] checkpoint seg=290 ...
  [M4_pv_OFF|seed=137] checkpoint seg=300 ...
  [M4_pv_OFF|seed=137] done in 2948.2s  final_mean_osi=0.854
[M4_pv_OFF] SUMMARY: mean_osi=0.824 +/- 0.013

============================================================
Running: M4_fixed_pv
============================================================
[M4_fixed_pv] seed=1
  [M4_fixed_pv|seed=1] checkpoint seg=0 ...
  [M4_fixed_pv|seed=1] checkpoint seg=10 ...
  [M4_fixed_pv|seed=1] checkpoint seg=20 ...
  [M4_fixed_pv|seed=1] checkpoint seg=30 ...
  [M4_fixed_pv|seed=1] checkpoint seg=40 ...
  [M4_fixed_pv|seed=1] checkpoint seg=50 ...
  [M4_fixed_pv|seed=1] checkpoint seg=60 ...
  [M4_fixed_pv|seed=1] checkpoint seg=70 ...
  [M4_fixed_pv|seed=1] checkpoint seg=80 ...
  [M4_fixed_pv|seed=1] checkpoint seg=90 ...
  [M4_fixed_pv|seed=1] checkpoint seg=100 ...
  [M4_fixed_pv|seed=1] checkpoint seg=110 ...
  [M4_fixed_pv|seed=1] checkpoint seg=120 ...
  [M4_fixed_pv|seed=1] checkpoint seg=130 ...
  [M4_fixed_pv|seed=1] checkpoint seg=140 ...
  [M4_fixed_pv|seed=1] checkpoint seg=150 ...
  [M4_fixed_pv|seed=1] checkpoint seg=160 ...
  [M4_fixed_pv|seed=1] checkpoint seg=170 ...
  [M4_fixed_pv|seed=1] checkpoint seg=180 ...
  [M4_fixed_pv|seed=1] checkpoint seg=190 ...
  [M4_fixed_pv|seed=1] checkpoint seg=200 ...
  [M4_fixed_pv|seed=1] checkpoint seg=210 ...
  [M4_fixed_pv|seed=1] checkpoint seg=220 ...
  [M4_fixed_pv|seed=1] checkpoint seg=230 ...
  [M4_fixed_pv|seed=1] checkpoint seg=240 ...
  [M4_fixed_pv|seed=1] checkpoint seg=250 ...
  [M4_fixed_pv|seed=1] checkpoint seg=260 ...
  [M4_fixed_pv|seed=1] checkpoint seg=270 ...
  [M4_fixed_pv|seed=1] checkpoint seg=280 ...
  [M4_fixed_pv|seed=1] checkpoint seg=290 ...
  [M4_fixed_pv|seed=1] checkpoint seg=300 ...
  [M4_fixed_pv|seed=1] done in 3061.0s  final_mean_osi=0.865
[M4_fixed_pv] seed=42
  [M4_fixed_pv|seed=42] checkpoint seg=0 ...
  [M4_fixed_pv|seed=42] checkpoint seg=10 ...
  [M4_fixed_pv|seed=42] checkpoint seg=20 ...
  [M4_fixed_pv|seed=42] checkpoint seg=30 ...
  [M4_fixed_pv|seed=42] checkpoint seg=40 ...
  [M4_fixed_pv|seed=42] checkpoint seg=50 ...
  [M4_fixed_pv|seed=42] checkpoint seg=60 ...
  [M4_fixed_pv|seed=42] checkpoint seg=70 ...
  [M4_fixed_pv|seed=42] checkpoint seg=80 ...
  [M4_fixed_pv|seed=42] checkpoint seg=90 ...
  [M4_fixed_pv|seed=42] checkpoint seg=100 ...
  [M4_fixed_pv|seed=42] checkpoint seg=110 ...
  [M4_fixed_pv|seed=42] checkpoint seg=120 ...
  [M4_fixed_pv|seed=42] checkpoint seg=130 ...
  [M4_fixed_pv|seed=42] checkpoint seg=140 ...
  [M4_fixed_pv|seed=42] checkpoint seg=150 ...
  [M4_fixed_pv|seed=42] checkpoint seg=160 ...
  [M4_fixed_pv|seed=42] checkpoint seg=170 ...
  [M4_fixed_pv|seed=42] checkpoint seg=180 ...
  [M4_fixed_pv|seed=42] checkpoint seg=190 ...
  [M4_fixed_pv|seed=42] checkpoint seg=200 ...
  [M4_fixed_pv|seed=42] checkpoint seg=210 ...
  [M4_fixed_pv|seed=42] checkpoint seg=220 ...
  [M4_fixed_pv|seed=42] checkpoint seg=230 ...
  [M4_fixed_pv|seed=42] checkpoint seg=240 ...
  [M4_fixed_pv|seed=42] checkpoint seg=250 ...
  [M4_fixed_pv|seed=42] checkpoint seg=260 ...
  [M4_fixed_pv|seed=42] checkpoint seg=270 ...
  [M4_fixed_pv|seed=42] checkpoint seg=280 ...
  [M4_fixed_pv|seed=42] checkpoint seg=290 ...
  [M4_fixed_pv|seed=42] checkpoint seg=300 ...
  [M4_fixed_pv|seed=42] done in 3063.4s  final_mean_osi=0.807
[M4_fixed_pv] seed=137
  [M4_fixed_pv|seed=137] checkpoint seg=0 ...
  [M4_fixed_pv|seed=137] checkpoint seg=10 ...
  [M4_fixed_pv|seed=137] checkpoint seg=20 ...
  [M4_fixed_pv|seed=137] checkpoint seg=30 ...
  [M4_fixed_pv|seed=137] checkpoint seg=40 ...
  [M4_fixed_pv|seed=137] checkpoint seg=50 ...
  [M4_fixed_pv|seed=137] checkpoint seg=60 ...
  [M4_fixed_pv|seed=137] checkpoint seg=70 ...
  [M4_fixed_pv|seed=137] checkpoint seg=80 ...
  [M4_fixed_pv|seed=137] checkpoint seg=90 ...
  [M4_fixed_pv|seed=137] checkpoint seg=100 ...
  [M4_fixed_pv|seed=137] checkpoint seg=110 ...
  [M4_fixed_pv|seed=137] checkpoint seg=120 ...
  [M4_fixed_pv|seed=137] checkpoint seg=130 ...
  [M4_fixed_pv|seed=137] checkpoint seg=140 ...
  [M4_fixed_pv|seed=137] checkpoint seg=150 ...
  [M4_fixed_pv|seed=137] checkpoint seg=160 ...
  [M4_fixed_pv|seed=137] checkpoint seg=170 ...
  [M4_fixed_pv|seed=137] checkpoint seg=180 ...
  [M4_fixed_pv|seed=137] checkpoint seg=190 ...
  [M4_fixed_pv|seed=137] checkpoint seg=200 ...
  [M4_fixed_pv|seed=137] checkpoint seg=210 ...
  [M4_fixed_pv|seed=137] checkpoint seg=220 ...
  [M4_fixed_pv|seed=137] checkpoint seg=230 ...
  [M4_fixed_pv|seed=137] checkpoint seg=240 ...
  [M4_fixed_pv|seed=137] checkpoint seg=250 ...
  [M4_fixed_pv|seed=137] checkpoint seg=260 ...
  [M4_fixed_pv|seed=137] checkpoint seg=270 ...
  [M4_fixed_pv|seed=137] checkpoint seg=280 ...
  [M4_fixed_pv|seed=137] checkpoint seg=290 ...
  [M4_fixed_pv|seed=137] checkpoint seg=300 ...
  [M4_fixed_pv|seed=137] done in 3031.8s  final_mean_osi=0.836
[M4_fixed_pv] SUMMARY: mean_osi=0.836 +/- 0.014

============================================================
Running: M4_plastic_low
============================================================
[M4_plastic_low] seed=1
  [M4_plastic_low|seed=1] checkpoint seg=0 ...
  [M4_plastic_low|seed=1] checkpoint seg=10 ...
  [M4_plastic_low|seed=1] checkpoint seg=20 ...
  [M4_plastic_low|seed=1] checkpoint seg=30 ...
  [M4_plastic_low|seed=1] checkpoint seg=40 ...
  [M4_plastic_low|seed=1] checkpoint seg=50 ...
  [M4_plastic_low|seed=1] checkpoint seg=60 ...
  [M4_plastic_low|seed=1] checkpoint seg=70 ...
  [M4_plastic_low|seed=1] checkpoint seg=80 ...
  [M4_plastic_low|seed=1] checkpoint seg=90 ...
  [M4_plastic_low|seed=1] checkpoint seg=100 ...
  [M4_plastic_low|seed=1] checkpoint seg=110 ...
  [M4_plastic_low|seed=1] checkpoint seg=120 ...
  [M4_plastic_low|seed=1] checkpoint seg=130 ...
  [M4_plastic_low|seed=1] checkpoint seg=140 ...
  [M4_plastic_low|seed=1] checkpoint seg=150 ...
  [M4_plastic_low|seed=1] checkpoint seg=160 ...
  [M4_plastic_low|seed=1] checkpoint seg=170 ...
  [M4_plastic_low|seed=1] checkpoint seg=180 ...
  [M4_plastic_low|seed=1] checkpoint seg=190 ...
  [M4_plastic_low|seed=1] checkpoint seg=200 ...
  [M4_plastic_low|seed=1] checkpoint seg=210 ...
  [M4_plastic_low|seed=1] checkpoint seg=220 ...
  [M4_plastic_low|seed=1] checkpoint seg=230 ...
  [M4_plastic_low|seed=1] checkpoint seg=240 ...
  [M4_plastic_low|seed=1] checkpoint seg=250 ...
  [M4_plastic_low|seed=1] checkpoint seg=260 ...
  [M4_plastic_low|seed=1] checkpoint seg=270 ...
  [M4_plastic_low|seed=1] checkpoint seg=280 ...
  [M4_plastic_low|seed=1] checkpoint seg=290 ...
  [M4_plastic_low|seed=1] checkpoint seg=300 ...
  [M4_plastic_low|seed=1] done in 2548.3s  final_mean_osi=0.820
[M4_plastic_low] seed=42
  [M4_plastic_low|seed=42] checkpoint seg=0 ...
  [M4_plastic_low|seed=42] checkpoint seg=10 ...
  [M4_plastic_low|seed=42] checkpoint seg=20 ...
  [M4_plastic_low|seed=42] checkpoint seg=30 ...
  [M4_plastic_low|seed=42] checkpoint seg=40 ...
  [M4_plastic_low|seed=42] checkpoint seg=50 ...
  [M4_plastic_low|seed=42] checkpoint seg=60 ...
  [M4_plastic_low|seed=42] checkpoint seg=70 ...
  [M4_plastic_low|seed=42] checkpoint seg=80 ...
  [M4_plastic_low|seed=42] checkpoint seg=90 ...
  [M4_plastic_low|seed=42] checkpoint seg=100 ...
  [M4_plastic_low|seed=42] checkpoint seg=110 ...
  [M4_plastic_low|seed=42] checkpoint seg=120 ...
  [M4_plastic_low|seed=42] checkpoint seg=130 ...
  [M4_plastic_low|seed=42] checkpoint seg=140 ...
  [M4_plastic_low|seed=42] checkpoint seg=150 ...
  [M4_plastic_low|seed=42] checkpoint seg=160 ...
  [M4_plastic_low|seed=42] checkpoint seg=170 ...
  [M4_plastic_low|seed=42] checkpoint seg=180 ...
  [M4_plastic_low|seed=42] checkpoint seg=190 ...
  [M4_plastic_low|seed=42] checkpoint seg=200 ...
  [M4_plastic_low|seed=42] checkpoint seg=210 ...
  [M4_plastic_low|seed=42] checkpoint seg=220 ...
  [M4_plastic_low|seed=42] checkpoint seg=230 ...
  [M4_plastic_low|seed=42] checkpoint seg=240 ...
  [M4_plastic_low|seed=42] checkpoint seg=250 ...
  [M4_plastic_low|seed=42] checkpoint seg=260 ...
  [M4_plastic_low|seed=42] checkpoint seg=270 ...
  [M4_plastic_low|seed=42] checkpoint seg=280 ...
  [M4_plastic_low|seed=42] checkpoint seg=290 ...
  [M4_plastic_low|seed=42] checkpoint seg=300 ...
  [M4_plastic_low|seed=42] done in 2444.5s  final_mean_osi=0.821
[M4_plastic_low] seed=137
  [M4_plastic_low|seed=137] checkpoint seg=0 ...
  [M4_plastic_low|seed=137] checkpoint seg=10 ...
  [M4_plastic_low|seed=137] checkpoint seg=20 ...
  [M4_plastic_low|seed=137] checkpoint seg=30 ...
  [M4_plastic_low|seed=137] checkpoint seg=40 ...
  [M4_plastic_low|seed=137] checkpoint seg=50 ...
  [M4_plastic_low|seed=137] checkpoint seg=60 ...
  [M4_plastic_low|seed=137] checkpoint seg=70 ...
  [M4_plastic_low|seed=137] checkpoint seg=80 ...
  [M4_plastic_low|seed=137] checkpoint seg=90 ...
  [M4_plastic_low|seed=137] checkpoint seg=100 ...
  [M4_plastic_low|seed=137] checkpoint seg=110 ...
  [M4_plastic_low|seed=137] checkpoint seg=120 ...
  [M4_plastic_low|seed=137] checkpoint seg=130 ...
  [M4_plastic_low|seed=137] checkpoint seg=140 ...
  [M4_plastic_low|seed=137] checkpoint seg=150 ...
  [M4_plastic_low|seed=137] checkpoint seg=160 ...
  [M4_plastic_low|seed=137] checkpoint seg=170 ...
  [M4_plastic_low|seed=137] checkpoint seg=180 ...
  [M4_plastic_low|seed=137] checkpoint seg=190 ...
  [M4_plastic_low|seed=137] checkpoint seg=200 ...
  [M4_plastic_low|seed=137] checkpoint seg=210 ...
  [M4_plastic_low|seed=137] checkpoint seg=220 ...
  [M4_plastic_low|seed=137] checkpoint seg=230 ...
  [M4_plastic_low|seed=137] checkpoint seg=240 ...
  [M4_plastic_low|seed=137] checkpoint seg=250 ...
  [M4_plastic_low|seed=137] checkpoint seg=260 ...
  [M4_plastic_low|seed=137] checkpoint seg=270 ...
  [M4_plastic_low|seed=137] checkpoint seg=280 ...
  [M4_plastic_low|seed=137] checkpoint seg=290 ...
  [M4_plastic_low|seed=137] checkpoint seg=300 ...
  [M4_plastic_low|seed=137] done in 2680.8s  final_mean_osi=0.851
[M4_plastic_low] SUMMARY: mean_osi=0.831 +/- 0.008

============================================================
Running: M4_wpv_0.00
============================================================
[M4_wpv_0.00] seed=1
  [M4_wpv_0.00|seed=1] checkpoint seg=0 ...
  [M4_wpv_0.00|seed=1] checkpoint seg=10 ...
  [M4_wpv_0.00|seed=1] checkpoint seg=20 ...
  [M4_wpv_0.00|seed=1] checkpoint seg=30 ...
  [M4_wpv_0.00|seed=1] checkpoint seg=40 ...
  [M4_wpv_0.00|seed=1] checkpoint seg=50 ...
  [M4_wpv_0.00|seed=1] checkpoint seg=60 ...
  [M4_wpv_0.00|seed=1] checkpoint seg=70 ...
  [M4_wpv_0.00|seed=1] checkpoint seg=80 ...
  [M4_wpv_0.00|seed=1] checkpoint seg=90 ...
  [M4_wpv_0.00|seed=1] checkpoint seg=100 ...
  [M4_wpv_0.00|seed=1] checkpoint seg=110 ...
  [M4_wpv_0.00|seed=1] checkpoint seg=120 ...
  [M4_wpv_0.00|seed=1] checkpoint seg=130 ...
  [M4_wpv_0.00|seed=1] checkpoint seg=140 ...
  [M4_wpv_0.00|seed=1] checkpoint seg=150 ...
  [M4_wpv_0.00|seed=1] checkpoint seg=160 ...
  [M4_wpv_0.00|seed=1] checkpoint seg=170 ...
  [M4_wpv_0.00|seed=1] checkpoint seg=180 ...
  [M4_wpv_0.00|seed=1] checkpoint seg=190 ...
  [M4_wpv_0.00|seed=1] checkpoint seg=200 ...
  [M4_wpv_0.00|seed=1] checkpoint seg=210 ...
  [M4_wpv_0.00|seed=1] checkpoint seg=220 ...
  [M4_wpv_0.00|seed=1] checkpoint seg=230 ...
  [M4_wpv_0.00|seed=1] checkpoint seg=240 ...
  [M4_wpv_0.00|seed=1] checkpoint seg=250 ...
  [M4_wpv_0.00|seed=1] checkpoint seg=260 ...
  [M4_wpv_0.00|seed=1] checkpoint seg=270 ...
  [M4_wpv_0.00|seed=1] checkpoint seg=280 ...
  [M4_wpv_0.00|seed=1] checkpoint seg=290 ...
  [M4_wpv_0.00|seed=1] checkpoint seg=300 ...
  [M4_wpv_0.00|seed=1] done in 2903.9s  final_mean_osi=0.800
[M4_wpv_0.00] seed=42
  [M4_wpv_0.00|seed=42] checkpoint seg=0 ...
  [M4_wpv_0.00|seed=42] checkpoint seg=10 ...
  [M4_wpv_0.00|seed=42] checkpoint seg=20 ...
  [M4_wpv_0.00|seed=42] checkpoint seg=30 ...
  [M4_wpv_0.00|seed=42] checkpoint seg=40 ...
  [M4_wpv_0.00|seed=42] checkpoint seg=50 ...
  [M4_wpv_0.00|seed=42] checkpoint seg=60 ...
  [M4_wpv_0.00|seed=42] checkpoint seg=70 ...
  [M4_wpv_0.00|seed=42] checkpoint seg=80 ...
  [M4_wpv_0.00|seed=42] checkpoint seg=90 ...
  [M4_wpv_0.00|seed=42] checkpoint seg=100 ...
  [M4_wpv_0.00|seed=42] checkpoint seg=110 ...
  [M4_wpv_0.00|seed=42] checkpoint seg=120 ...
  [M4_wpv_0.00|seed=42] checkpoint seg=130 ...
  [M4_wpv_0.00|seed=42] checkpoint seg=140 ...
  [M4_wpv_0.00|seed=42] checkpoint seg=150 ...
  [M4_wpv_0.00|seed=42] checkpoint seg=160 ...
  [M4_wpv_0.00|seed=42] checkpoint seg=170 ...
  [M4_wpv_0.00|seed=42] checkpoint seg=180 ...
  [M4_wpv_0.00|seed=42] checkpoint seg=190 ...
  [M4_wpv_0.00|seed=42] checkpoint seg=200 ...
  [M4_wpv_0.00|seed=42] checkpoint seg=210 ...
  [M4_wpv_0.00|seed=42] checkpoint seg=220 ...
  [M4_wpv_0.00|seed=42] checkpoint seg=230 ...
  [M4_wpv_0.00|seed=42] checkpoint seg=240 ...
  [M4_wpv_0.00|seed=42] checkpoint seg=250 ...
  [M4_wpv_0.00|seed=42] checkpoint seg=260 ...
  [M4_wpv_0.00|seed=42] checkpoint seg=270 ...
  [M4_wpv_0.00|seed=42] checkpoint seg=280 ...
  [M4_wpv_0.00|seed=42] checkpoint seg=290 ...
  [M4_wpv_0.00|seed=42] checkpoint seg=300 ...
  [M4_wpv_0.00|seed=42] done in 2697.0s  final_mean_osi=0.819
[M4_wpv_0.00] seed=137
  [M4_wpv_0.00|seed=137] checkpoint seg=0 ...
  [M4_wpv_0.00|seed=137] checkpoint seg=10 ...
  [M4_wpv_0.00|seed=137] checkpoint seg=20 ...
  [M4_wpv_0.00|seed=137] checkpoint seg=30 ...
  [M4_wpv_0.00|seed=137] checkpoint seg=40 ...
  [M4_wpv_0.00|seed=137] checkpoint seg=50 ...
  [M4_wpv_0.00|seed=137] checkpoint seg=60 ...
  [M4_wpv_0.00|seed=137] checkpoint seg=70 ...
  [M4_wpv_0.00|seed=137] checkpoint seg=80 ...
  [M4_wpv_0.00|seed=137] checkpoint seg=90 ...
  [M4_wpv_0.00|seed=137] checkpoint seg=100 ...
  [M4_wpv_0.00|seed=137] checkpoint seg=110 ...
  [M4_wpv_0.00|seed=137] checkpoint seg=120 ...
  [M4_wpv_0.00|seed=137] checkpoint seg=130 ...
  [M4_wpv_0.00|seed=137] checkpoint seg=140 ...
  [M4_wpv_0.00|seed=137] checkpoint seg=150 ...
  [M4_wpv_0.00|seed=137] checkpoint seg=160 ...
  [M4_wpv_0.00|seed=137] checkpoint seg=170 ...
  [M4_wpv_0.00|seed=137] checkpoint seg=180 ...
  [M4_wpv_0.00|seed=137] checkpoint seg=190 ...
  [M4_wpv_0.00|seed=137] checkpoint seg=200 ...
  [M4_wpv_0.00|seed=137] checkpoint seg=210 ...
  [M4_wpv_0.00|seed=137] checkpoint seg=220 ...
  [M4_wpv_0.00|seed=137] checkpoint seg=230 ...
  [M4_wpv_0.00|seed=137] checkpoint seg=240 ...
  [M4_wpv_0.00|seed=137] checkpoint seg=250 ...
  [M4_wpv_0.00|seed=137] checkpoint seg=260 ...
  [M4_wpv_0.00|seed=137] checkpoint seg=270 ...
  [M4_wpv_0.00|seed=137] checkpoint seg=280 ...
  [M4_wpv_0.00|seed=137] checkpoint seg=290 ...
  [M4_wpv_0.00|seed=137] checkpoint seg=300 ...
  [M4_wpv_0.00|seed=137] done in 2837.1s  final_mean_osi=0.854
[M4_wpv_0.00] SUMMARY: mean_osi=0.824 +/- 0.013

============================================================
Running: M4_wpv_0.25
============================================================
[M4_wpv_0.25] seed=1
  [M4_wpv_0.25|seed=1] checkpoint seg=0 ...
  [M4_wpv_0.25|seed=1] checkpoint seg=10 ...
  [M4_wpv_0.25|seed=1] checkpoint seg=20 ...
  [M4_wpv_0.25|seed=1] checkpoint seg=30 ...
  [M4_wpv_0.25|seed=1] checkpoint seg=40 ...
  [M4_wpv_0.25|seed=1] checkpoint seg=50 ...
  [M4_wpv_0.25|seed=1] checkpoint seg=60 ...
  [M4_wpv_0.25|seed=1] checkpoint seg=70 ...
  [M4_wpv_0.25|seed=1] checkpoint seg=80 ...
  [M4_wpv_0.25|seed=1] checkpoint seg=90 ...
  [M4_wpv_0.25|seed=1] checkpoint seg=100 ...
  [M4_wpv_0.25|seed=1] checkpoint seg=110 ...
  [M4_wpv_0.25|seed=1] checkpoint seg=120 ...
  [M4_wpv_0.25|seed=1] checkpoint seg=130 ...
  [M4_wpv_0.25|seed=1] checkpoint seg=140 ...
  [M4_wpv_0.25|seed=1] checkpoint seg=150 ...
  [M4_wpv_0.25|seed=1] checkpoint seg=160 ...
  [M4_wpv_0.25|seed=1] checkpoint seg=170 ...
  [M4_wpv_0.25|seed=1] checkpoint seg=180 ...
  [M4_wpv_0.25|seed=1] checkpoint seg=190 ...
  [M4_wpv_0.25|seed=1] checkpoint seg=200 ...
  [M4_wpv_0.25|seed=1] checkpoint seg=210 ...
  [M4_wpv_0.25|seed=1] checkpoint seg=220 ...
  [M4_wpv_0.25|seed=1] checkpoint seg=230 ...
  [M4_wpv_0.25|seed=1] checkpoint seg=240 ...
  [M4_wpv_0.25|seed=1] checkpoint seg=250 ...
  [M4_wpv_0.25|seed=1] checkpoint seg=260 ...
  [M4_wpv_0.25|seed=1] checkpoint seg=270 ...
  [M4_wpv_0.25|seed=1] checkpoint seg=280 ...
  [M4_wpv_0.25|seed=1] checkpoint seg=290 ...
  [M4_wpv_0.25|seed=1] checkpoint seg=300 ...
  [M4_wpv_0.25|seed=1] done in 2924.1s  final_mean_osi=0.827
[M4_wpv_0.25] seed=42
  [M4_wpv_0.25|seed=42] checkpoint seg=0 ...
  [M4_wpv_0.25|seed=42] checkpoint seg=10 ...
  [M4_wpv_0.25|seed=42] checkpoint seg=20 ...
  [M4_wpv_0.25|seed=42] checkpoint seg=30 ...
  [M4_wpv_0.25|seed=42] checkpoint seg=40 ...
  [M4_wpv_0.25|seed=42] checkpoint seg=50 ...
  [M4_wpv_0.25|seed=42] checkpoint seg=60 ...
  [M4_wpv_0.25|seed=42] checkpoint seg=70 ...
  [M4_wpv_0.25|seed=42] checkpoint seg=80 ...
  [M4_wpv_0.25|seed=42] checkpoint seg=90 ...
  [M4_wpv_0.25|seed=42] checkpoint seg=100 ...
  [M4_wpv_0.25|seed=42] checkpoint seg=110 ...
  [M4_wpv_0.25|seed=42] checkpoint seg=120 ...
  [M4_wpv_0.25|seed=42] checkpoint seg=130 ...
  [M4_wpv_0.25|seed=42] checkpoint seg=140 ...
  [M4_wpv_0.25|seed=42] checkpoint seg=150 ...
  [M4_wpv_0.25|seed=42] checkpoint seg=160 ...
  [M4_wpv_0.25|seed=42] checkpoint seg=170 ...
  [M4_wpv_0.25|seed=42] checkpoint seg=180 ...
  [M4_wpv_0.25|seed=42] checkpoint seg=190 ...
  [M4_wpv_0.25|seed=42] checkpoint seg=200 ...
  [M4_wpv_0.25|seed=42] checkpoint seg=210 ...
  [M4_wpv_0.25|seed=42] checkpoint seg=220 ...
  [M4_wpv_0.25|seed=42] checkpoint seg=230 ...
  [M4_wpv_0.25|seed=42] checkpoint seg=240 ...
  [M4_wpv_0.25|seed=42] checkpoint seg=250 ...
  [M4_wpv_0.25|seed=42] checkpoint seg=260 ...
  [M4_wpv_0.25|seed=42] checkpoint seg=270 ...
  [M4_wpv_0.25|seed=42] checkpoint seg=280 ...
  [M4_wpv_0.25|seed=42] checkpoint seg=290 ...
  [M4_wpv_0.25|seed=42] checkpoint seg=300 ...
  [M4_wpv_0.25|seed=42] done in 2792.5s  final_mean_osi=0.858
[M4_wpv_0.25] seed=137
  [M4_wpv_0.25|seed=137] checkpoint seg=0 ...
  [M4_wpv_0.25|seed=137] checkpoint seg=10 ...
  [M4_wpv_0.25|seed=137] checkpoint seg=20 ...
  [M4_wpv_0.25|seed=137] checkpoint seg=30 ...
  [M4_wpv_0.25|seed=137] checkpoint seg=40 ...
  [M4_wpv_0.25|seed=137] checkpoint seg=50 ...
  [M4_wpv_0.25|seed=137] checkpoint seg=60 ...
  [M4_wpv_0.25|seed=137] checkpoint seg=70 ...
  [M4_wpv_0.25|seed=137] checkpoint seg=80 ...
  [M4_wpv_0.25|seed=137] checkpoint seg=90 ...
  [M4_wpv_0.25|seed=137] checkpoint seg=100 ...
  [M4_wpv_0.25|seed=137] checkpoint seg=110 ...
  [M4_wpv_0.25|seed=137] checkpoint seg=120 ...
  [M4_wpv_0.25|seed=137] checkpoint seg=130 ...
  [M4_wpv_0.25|seed=137] checkpoint seg=140 ...
  [M4_wpv_0.25|seed=137] checkpoint seg=150 ...
  [M4_wpv_0.25|seed=137] checkpoint seg=160 ...
  [M4_wpv_0.25|seed=137] checkpoint seg=170 ...
  [M4_wpv_0.25|seed=137] checkpoint seg=180 ...
  [M4_wpv_0.25|seed=137] checkpoint seg=190 ...
  [M4_wpv_0.25|seed=137] checkpoint seg=200 ...
  [M4_wpv_0.25|seed=137] checkpoint seg=210 ...
  [M4_wpv_0.25|seed=137] checkpoint seg=220 ...
  [M4_wpv_0.25|seed=137] checkpoint seg=230 ...
  [M4_wpv_0.25|seed=137] checkpoint seg=240 ...
  [M4_wpv_0.25|seed=137] checkpoint seg=250 ...
  [M4_wpv_0.25|seed=137] checkpoint seg=260 ...
  [M4_wpv_0.25|seed=137] checkpoint seg=270 ...
  [M4_wpv_0.25|seed=137] checkpoint seg=280 ...
  [M4_wpv_0.25|seed=137] checkpoint seg=290 ...
  [M4_wpv_0.25|seed=137] checkpoint seg=300 ...
  [M4_wpv_0.25|seed=137] done in 3212.4s  final_mean_osi=0.866
[M4_wpv_0.25] SUMMARY: mean_osi=0.851 +/- 0.010

============================================================
Running: M4_wpv_0.50
============================================================
[M4_wpv_0.50] seed=1
  [M4_wpv_0.50|seed=1] checkpoint seg=0 ...
  [M4_wpv_0.50|seed=1] checkpoint seg=10 ...
  [M4_wpv_0.50|seed=1] checkpoint seg=20 ...
  [M4_wpv_0.50|seed=1] checkpoint seg=30 ...
  [M4_wpv_0.50|seed=1] checkpoint seg=40 ...
  [M4_wpv_0.50|seed=1] checkpoint seg=50 ...
  [M4_wpv_0.50|seed=1] checkpoint seg=60 ...
  [M4_wpv_0.50|seed=1] checkpoint seg=70 ...
  [M4_wpv_0.50|seed=1] checkpoint seg=80 ...
  [M4_wpv_0.50|seed=1] checkpoint seg=90 ...
  [M4_wpv_0.50|seed=1] checkpoint seg=100 ...
  [M4_wpv_0.50|seed=1] checkpoint seg=110 ...
  [M4_wpv_0.50|seed=1] checkpoint seg=120 ...
  [M4_wpv_0.50|seed=1] checkpoint seg=130 ...
  [M4_wpv_0.50|seed=1] checkpoint seg=140 ...
  [M4_wpv_0.50|seed=1] checkpoint seg=150 ...
  [M4_wpv_0.50|seed=1] checkpoint seg=160 ...
  [M4_wpv_0.50|seed=1] checkpoint seg=170 ...
  [M4_wpv_0.50|seed=1] checkpoint seg=180 ...
  [M4_wpv_0.50|seed=1] checkpoint seg=190 ...
  [M4_wpv_0.50|seed=1] checkpoint seg=200 ...
  [M4_wpv_0.50|seed=1] checkpoint seg=210 ...
  [M4_wpv_0.50|seed=1] checkpoint seg=220 ...
  [M4_wpv_0.50|seed=1] checkpoint seg=230 ...
  [M4_wpv_0.50|seed=1] checkpoint seg=240 ...
  [M4_wpv_0.50|seed=1] checkpoint seg=250 ...
  [M4_wpv_0.50|seed=1] checkpoint seg=260 ...
  [M4_wpv_0.50|seed=1] checkpoint seg=270 ...
  [M4_wpv_0.50|seed=1] checkpoint seg=280 ...
  [M4_wpv_0.50|seed=1] checkpoint seg=290 ...
  [M4_wpv_0.50|seed=1] checkpoint seg=300 ...
  [M4_wpv_0.50|seed=1] done in 3129.6s  final_mean_osi=0.849
[M4_wpv_0.50] seed=42
  [M4_wpv_0.50|seed=42] checkpoint seg=0 ...
  [M4_wpv_0.50|seed=42] checkpoint seg=10 ...
  [M4_wpv_0.50|seed=42] checkpoint seg=20 ...
  [M4_wpv_0.50|seed=42] checkpoint seg=30 ...
  [M4_wpv_0.50|seed=42] checkpoint seg=40 ...
  [M4_wpv_0.50|seed=42] checkpoint seg=50 ...
  [M4_wpv_0.50|seed=42] checkpoint seg=60 ...
  [M4_wpv_0.50|seed=42] checkpoint seg=70 ...
  [M4_wpv_0.50|seed=42] checkpoint seg=80 ...
  [M4_wpv_0.50|seed=42] checkpoint seg=90 ...
  [M4_wpv_0.50|seed=42] checkpoint seg=100 ...
  [M4_wpv_0.50|seed=42] checkpoint seg=110 ...
  [M4_wpv_0.50|seed=42] checkpoint seg=120 ...
  [M4_wpv_0.50|seed=42] checkpoint seg=130 ...
  [M4_wpv_0.50|seed=42] checkpoint seg=140 ...
  [M4_wpv_0.50|seed=42] checkpoint seg=150 ...
  [M4_wpv_0.50|seed=42] checkpoint seg=160 ...
  [M4_wpv_0.50|seed=42] checkpoint seg=170 ...
  [M4_wpv_0.50|seed=42] checkpoint seg=180 ...
  [M4_wpv_0.50|seed=42] checkpoint seg=190 ...
  [M4_wpv_0.50|seed=42] checkpoint seg=200 ...
  [M4_wpv_0.50|seed=42] checkpoint seg=210 ...
  [M4_wpv_0.50|seed=42] checkpoint seg=220 ...
  [M4_wpv_0.50|seed=42] checkpoint seg=230 ...
  [M4_wpv_0.50|seed=42] checkpoint seg=240 ...
  [M4_wpv_0.50|seed=42] checkpoint seg=250 ...
  [M4_wpv_0.50|seed=42] checkpoint seg=260 ...
  [M4_wpv_0.50|seed=42] checkpoint seg=270 ...
  [M4_wpv_0.50|seed=42] checkpoint seg=280 ...
  [M4_wpv_0.50|seed=42] checkpoint seg=290 ...
  [M4_wpv_0.50|seed=42] checkpoint seg=300 ...
  [M4_wpv_0.50|seed=42] done in 2624.4s  final_mean_osi=0.843
[M4_wpv_0.50] seed=137
  [M4_wpv_0.50|seed=137] checkpoint seg=0 ...
  [M4_wpv_0.50|seed=137] checkpoint seg=10 ...
  [M4_wpv_0.50|seed=137] checkpoint seg=20 ...
  [M4_wpv_0.50|seed=137] checkpoint seg=30 ...
  [M4_wpv_0.50|seed=137] checkpoint seg=40 ...
  [M4_wpv_0.50|seed=137] checkpoint seg=50 ...
  [M4_wpv_0.50|seed=137] checkpoint seg=60 ...
  [M4_wpv_0.50|seed=137] checkpoint seg=70 ...
  [M4_wpv_0.50|seed=137] checkpoint seg=80 ...
  [M4_wpv_0.50|seed=137] checkpoint seg=90 ...
  [M4_wpv_0.50|seed=137] checkpoint seg=100 ...
  [M4_wpv_0.50|seed=137] checkpoint seg=110 ...
  [M4_wpv_0.50|seed=137] checkpoint seg=120 ...
  [M4_wpv_0.50|seed=137] checkpoint seg=130 ...
  [M4_wpv_0.50|seed=137] checkpoint seg=140 ...
  [M4_wpv_0.50|seed=137] checkpoint seg=150 ...
  [M4_wpv_0.50|seed=137] checkpoint seg=160 ...
  [M4_wpv_0.50|seed=137] checkpoint seg=170 ...
  [M4_wpv_0.50|seed=137] checkpoint seg=180 ...
  [M4_wpv_0.50|seed=137] checkpoint seg=190 ...
  [M4_wpv_0.50|seed=137] checkpoint seg=200 ...
  [M4_wpv_0.50|seed=137] checkpoint seg=210 ...
  [M4_wpv_0.50|seed=137] checkpoint seg=220 ...
  [M4_wpv_0.50|seed=137] checkpoint seg=230 ...
  [M4_wpv_0.50|seed=137] checkpoint seg=240 ...
  [M4_wpv_0.50|seed=137] checkpoint seg=250 ...
  [M4_wpv_0.50|seed=137] checkpoint seg=260 ...
  [M4_wpv_0.50|seed=137] checkpoint seg=270 ...
  [M4_wpv_0.50|seed=137] checkpoint seg=280 ...
  [M4_wpv_0.50|seed=137] checkpoint seg=290 ...
  [M4_wpv_0.50|seed=137] checkpoint seg=300 ...
  [M4_wpv_0.50|seed=137] done in 3040.3s  final_mean_osi=0.826
[M4_wpv_0.50] SUMMARY: mean_osi=0.839 +/- 0.006

============================================================
Running: M4_wpv_1.00
============================================================
[M4_wpv_1.00] seed=1
  [M4_wpv_1.00|seed=1] checkpoint seg=0 ...
  [M4_wpv_1.00|seed=1] checkpoint seg=10 ...
  [M4_wpv_1.00|seed=1] checkpoint seg=20 ...
  [M4_wpv_1.00|seed=1] checkpoint seg=30 ...
  [M4_wpv_1.00|seed=1] checkpoint seg=40 ...
  [M4_wpv_1.00|seed=1] checkpoint seg=50 ...
  [M4_wpv_1.00|seed=1] checkpoint seg=60 ...
  [M4_wpv_1.00|seed=1] checkpoint seg=70 ...
  [M4_wpv_1.00|seed=1] checkpoint seg=80 ...
  [M4_wpv_1.00|seed=1] checkpoint seg=90 ...
  [M4_wpv_1.00|seed=1] checkpoint seg=100 ...
  [M4_wpv_1.00|seed=1] checkpoint seg=110 ...
  [M4_wpv_1.00|seed=1] checkpoint seg=120 ...
  [M4_wpv_1.00|seed=1] checkpoint seg=130 ...
  [M4_wpv_1.00|seed=1] checkpoint seg=140 ...
  [M4_wpv_1.00|seed=1] checkpoint seg=150 ...
  [M4_wpv_1.00|seed=1] checkpoint seg=160 ...
  [M4_wpv_1.00|seed=1] checkpoint seg=170 ...
  [M4_wpv_1.00|seed=1] checkpoint seg=180 ...
  [M4_wpv_1.00|seed=1] checkpoint seg=190 ...
  [M4_wpv_1.00|seed=1] checkpoint seg=200 ...
  [M4_wpv_1.00|seed=1] checkpoint seg=210 ...
  [M4_wpv_1.00|seed=1] checkpoint seg=220 ...
  [M4_wpv_1.00|seed=1] checkpoint seg=230 ...
  [M4_wpv_1.00|seed=1] checkpoint seg=240 ...
  [M4_wpv_1.00|seed=1] checkpoint seg=250 ...
  [M4_wpv_1.00|seed=1] checkpoint seg=260 ...
  [M4_wpv_1.00|seed=1] checkpoint seg=270 ...
  [M4_wpv_1.00|seed=1] checkpoint seg=280 ...
  [M4_wpv_1.00|seed=1] checkpoint seg=290 ...
  [M4_wpv_1.00|seed=1] checkpoint seg=300 ...
  [M4_wpv_1.00|seed=1] done in 3587.4s  final_mean_osi=0.865
[M4_wpv_1.00] seed=42
  [M4_wpv_1.00|seed=42] checkpoint seg=0 ...
  [M4_wpv_1.00|seed=42] checkpoint seg=10 ...
  [M4_wpv_1.00|seed=42] checkpoint seg=20 ...
  [M4_wpv_1.00|seed=42] checkpoint seg=30 ...
  [M4_wpv_1.00|seed=42] checkpoint seg=40 ...
  [M4_wpv_1.00|seed=42] checkpoint seg=50 ...
  [M4_wpv_1.00|seed=42] checkpoint seg=60 ...
  [M4_wpv_1.00|seed=42] checkpoint seg=70 ...
  [M4_wpv_1.00|seed=42] checkpoint seg=80 ...
  [M4_wpv_1.00|seed=42] checkpoint seg=90 ...
  [M4_wpv_1.00|seed=42] checkpoint seg=100 ...
  [M4_wpv_1.00|seed=42] checkpoint seg=110 ...
  [M4_wpv_1.00|seed=42] checkpoint seg=120 ...
  [M4_wpv_1.00|seed=42] checkpoint seg=130 ...
  [M4_wpv_1.00|seed=42] checkpoint seg=140 ...
  [M4_wpv_1.00|seed=42] checkpoint seg=150 ...
  [M4_wpv_1.00|seed=42] checkpoint seg=160 ...
  [M4_wpv_1.00|seed=42] checkpoint seg=170 ...
  [M4_wpv_1.00|seed=42] checkpoint seg=180 ...
  [M4_wpv_1.00|seed=42] checkpoint seg=190 ...
  [M4_wpv_1.00|seed=42] checkpoint seg=200 ...
  [M4_wpv_1.00|seed=42] checkpoint seg=210 ...
  [M4_wpv_1.00|seed=42] checkpoint seg=220 ...
  [M4_wpv_1.00|seed=42] checkpoint seg=230 ...
  [M4_wpv_1.00|seed=42] checkpoint seg=240 ...
  [M4_wpv_1.00|seed=42] checkpoint seg=250 ...
  [M4_wpv_1.00|seed=42] checkpoint seg=260 ...
  [M4_wpv_1.00|seed=42] checkpoint seg=270 ...
  [M4_wpv_1.00|seed=42] checkpoint seg=280 ...
  [M4_wpv_1.00|seed=42] checkpoint seg=290 ...
  [M4_wpv_1.00|seed=42] checkpoint seg=300 ...
  [M4_wpv_1.00|seed=42] done in 2996.9s  final_mean_osi=0.807
[M4_wpv_1.00] seed=137
  [M4_wpv_1.00|seed=137] checkpoint seg=0 ...
  [M4_wpv_1.00|seed=137] checkpoint seg=10 ...
  [M4_wpv_1.00|seed=137] checkpoint seg=20 ...
  [M4_wpv_1.00|seed=137] checkpoint seg=30 ...
  [M4_wpv_1.00|seed=137] checkpoint seg=40 ...
  [M4_wpv_1.00|seed=137] checkpoint seg=50 ...
  [M4_wpv_1.00|seed=137] checkpoint seg=60 ...
  [M4_wpv_1.00|seed=137] checkpoint seg=70 ...
  [M4_wpv_1.00|seed=137] checkpoint seg=80 ...
  [M4_wpv_1.00|seed=137] checkpoint seg=90 ...
  [M4_wpv_1.00|seed=137] checkpoint seg=100 ...
  [M4_wpv_1.00|seed=137] checkpoint seg=110 ...
  [M4_wpv_1.00|seed=137] checkpoint seg=120 ...
  [M4_wpv_1.00|seed=137] checkpoint seg=130 ...
  [M4_wpv_1.00|seed=137] checkpoint seg=140 ...
  [M4_wpv_1.00|seed=137] checkpoint seg=150 ...
  [M4_wpv_1.00|seed=137] checkpoint seg=160 ...
  [M4_wpv_1.00|seed=137] checkpoint seg=170 ...
  [M4_wpv_1.00|seed=137] checkpoint seg=180 ...
  [M4_wpv_1.00|seed=137] checkpoint seg=190 ...
  [M4_wpv_1.00|seed=137] checkpoint seg=200 ...
  [M4_wpv_1.00|seed=137] checkpoint seg=210 ...
  [M4_wpv_1.00|seed=137] checkpoint seg=220 ...
  [M4_wpv_1.00|seed=137] checkpoint seg=230 ...
  [M4_wpv_1.00|seed=137] checkpoint seg=240 ...
  [M4_wpv_1.00|seed=137] checkpoint seg=250 ...
  [M4_wpv_1.00|seed=137] checkpoint seg=260 ...
  [M4_wpv_1.00|seed=137] checkpoint seg=270 ...
  [M4_wpv_1.00|seed=137] checkpoint seg=280 ...
  [M4_wpv_1.00|seed=137] checkpoint seg=290 ...
  [M4_wpv_1.00|seed=137] checkpoint seg=300 ...
  [M4_wpv_1.00|seed=137] done in 2612.3s  final_mean_osi=0.836
[M4_wpv_1.00] SUMMARY: mean_osi=0.836 +/- 0.014

============================================================
Running: M4_wpv_2.00
============================================================
[M4_wpv_2.00] seed=1
  [M4_wpv_2.00|seed=1] checkpoint seg=0 ...
  [M4_wpv_2.00|seed=1] checkpoint seg=10 ...
  [M4_wpv_2.00|seed=1] checkpoint seg=20 ...
  [M4_wpv_2.00|seed=1] checkpoint seg=30 ...
  [M4_wpv_2.00|seed=1] checkpoint seg=40 ...
  [M4_wpv_2.00|seed=1] checkpoint seg=50 ...
  [M4_wpv_2.00|seed=1] checkpoint seg=60 ...
  [M4_wpv_2.00|seed=1] checkpoint seg=70 ...
  [M4_wpv_2.00|seed=1] checkpoint seg=80 ...
  [M4_wpv_2.00|seed=1] checkpoint seg=90 ...
  [M4_wpv_2.00|seed=1] checkpoint seg=100 ...
  [M4_wpv_2.00|seed=1] checkpoint seg=110 ...
  [M4_wpv_2.00|seed=1] checkpoint seg=120 ...
  [M4_wpv_2.00|seed=1] checkpoint seg=130 ...
  [M4_wpv_2.00|seed=1] checkpoint seg=140 ...
  [M4_wpv_2.00|seed=1] checkpoint seg=150 ...
  [M4_wpv_2.00|seed=1] checkpoint seg=160 ...
  [M4_wpv_2.00|seed=1] checkpoint seg=170 ...
  [M4_wpv_2.00|seed=1] checkpoint seg=180 ...
  [M4_wpv_2.00|seed=1] checkpoint seg=190 ...
  [M4_wpv_2.00|seed=1] checkpoint seg=200 ...
  [M4_wpv_2.00|seed=1] checkpoint seg=210 ...
  [M4_wpv_2.00|seed=1] checkpoint seg=220 ...
  [M4_wpv_2.00|seed=1] checkpoint seg=230 ...
  [M4_wpv_2.00|seed=1] checkpoint seg=240 ...
  [M4_wpv_2.00|seed=1] checkpoint seg=250 ...
  [M4_wpv_2.00|seed=1] checkpoint seg=260 ...
  [M4_wpv_2.00|seed=1] checkpoint seg=270 ...
  [M4_wpv_2.00|seed=1] checkpoint seg=280 ...
  [M4_wpv_2.00|seed=1] checkpoint seg=290 ...
  [M4_wpv_2.00|seed=1] checkpoint seg=300 ...
  [M4_wpv_2.00|seed=1] done in 3038.2s  final_mean_osi=0.838
[M4_wpv_2.00] seed=42
  [M4_wpv_2.00|seed=42] checkpoint seg=0 ...
  [M4_wpv_2.00|seed=42] checkpoint seg=10 ...
  [M4_wpv_2.00|seed=42] checkpoint seg=20 ...
  [M4_wpv_2.00|seed=42] checkpoint seg=30 ...
  [M4_wpv_2.00|seed=42] checkpoint seg=40 ...
  [M4_wpv_2.00|seed=42] checkpoint seg=50 ...
  [M4_wpv_2.00|seed=42] checkpoint seg=60 ...
  [M4_wpv_2.00|seed=42] checkpoint seg=70 ...
  [M4_wpv_2.00|seed=42] checkpoint seg=80 ...
  [M4_wpv_2.00|seed=42] checkpoint seg=90 ...
  [M4_wpv_2.00|seed=42] checkpoint seg=100 ...
  [M4_wpv_2.00|seed=42] checkpoint seg=110 ...
  [M4_wpv_2.00|seed=42] checkpoint seg=120 ...
  [M4_wpv_2.00|seed=42] checkpoint seg=130 ...
  [M4_wpv_2.00|seed=42] checkpoint seg=140 ...
  [M4_wpv_2.00|seed=42] checkpoint seg=150 ...
  [M4_wpv_2.00|seed=42] checkpoint seg=160 ...
  [M4_wpv_2.00|seed=42] checkpoint seg=170 ...
  [M4_wpv_2.00|seed=42] checkpoint seg=180 ...
  [M4_wpv_2.00|seed=42] checkpoint seg=190 ...
  [M4_wpv_2.00|seed=42] checkpoint seg=200 ...
  [M4_wpv_2.00|seed=42] checkpoint seg=210 ...
  [M4_wpv_2.00|seed=42] checkpoint seg=220 ...
  [M4_wpv_2.00|seed=42] checkpoint seg=230 ...
  [M4_wpv_2.00|seed=42] checkpoint seg=240 ...
  [M4_wpv_2.00|seed=42] checkpoint seg=250 ...
  [M4_wpv_2.00|seed=42] checkpoint seg=260 ...
  [M4_wpv_2.00|seed=42] checkpoint seg=270 ...
  [M4_wpv_2.00|seed=42] checkpoint seg=280 ...
  [M4_wpv_2.00|seed=42] checkpoint seg=290 ...
  [M4_wpv_2.00|seed=42] checkpoint seg=300 ...
  [M4_wpv_2.00|seed=42] done in 2280.3s  final_mean_osi=0.826
[M4_wpv_2.00] seed=137
  [M4_wpv_2.00|seed=137] checkpoint seg=0 ...
  [M4_wpv_2.00|seed=137] checkpoint seg=10 ...
  [M4_wpv_2.00|seed=137] checkpoint seg=20 ...
  [M4_wpv_2.00|seed=137] checkpoint seg=30 ...
  [M4_wpv_2.00|seed=137] checkpoint seg=40 ...
  [M4_wpv_2.00|seed=137] checkpoint seg=50 ...
  [M4_wpv_2.00|seed=137] checkpoint seg=60 ...
  [M4_wpv_2.00|seed=137] checkpoint seg=70 ...
  [M4_wpv_2.00|seed=137] checkpoint seg=80 ...
  [M4_wpv_2.00|seed=137] checkpoint seg=90 ...
  [M4_wpv_2.00|seed=137] checkpoint seg=100 ...
  [M4_wpv_2.00|seed=137] checkpoint seg=110 ...
  [M4_wpv_2.00|seed=137] checkpoint seg=120 ...
  [M4_wpv_2.00|seed=137] checkpoint seg=130 ...
  [M4_wpv_2.00|seed=137] checkpoint seg=140 ...
  [M4_wpv_2.00|seed=137] checkpoint seg=150 ...
  [M4_wpv_2.00|seed=137] checkpoint seg=160 ...
  [M4_wpv_2.00|seed=137] checkpoint seg=170 ...
  [M4_wpv_2.00|seed=137] checkpoint seg=180 ...
  [M4_wpv_2.00|seed=137] checkpoint seg=190 ...
  [M4_wpv_2.00|seed=137] checkpoint seg=200 ...
  [M4_wpv_2.00|seed=137] checkpoint seg=210 ...
  [M4_wpv_2.00|seed=137] checkpoint seg=220 ...
  [M4_wpv_2.00|seed=137] checkpoint seg=230 ...
  [M4_wpv_2.00|seed=137] checkpoint seg=240 ...
  [M4_wpv_2.00|seed=137] checkpoint seg=250 ...
  [M4_wpv_2.00|seed=137] checkpoint seg=260 ...
  [M4_wpv_2.00|seed=137] checkpoint seg=270 ...
  [M4_wpv_2.00|seed=137] checkpoint seg=280 ...
  [M4_wpv_2.00|seed=137] checkpoint seg=290 ...
  [M4_wpv_2.00|seed=137] checkpoint seg=300 ...
  [M4_wpv_2.00|seed=137] done in 2805.8s  final_mean_osi=0.868
[M4_wpv_2.00] SUMMARY: mean_osi=0.844 +/- 0.010

============================================================
Running: M4_wpv_4.00
============================================================
[M4_wpv_4.00] seed=1
  [M4_wpv_4.00|seed=1] checkpoint seg=0 ...
  [M4_wpv_4.00|seed=1] checkpoint seg=10 ...
  [M4_wpv_4.00|seed=1] checkpoint seg=20 ...
  [M4_wpv_4.00|seed=1] checkpoint seg=30 ...
  [M4_wpv_4.00|seed=1] checkpoint seg=40 ...
  [M4_wpv_4.00|seed=1] checkpoint seg=50 ...
  [M4_wpv_4.00|seed=1] checkpoint seg=60 ...
  [M4_wpv_4.00|seed=1] checkpoint seg=70 ...
  [M4_wpv_4.00|seed=1] checkpoint seg=80 ...
  [M4_wpv_4.00|seed=1] checkpoint seg=90 ...
  [M4_wpv_4.00|seed=1] checkpoint seg=100 ...
  [M4_wpv_4.00|seed=1] checkpoint seg=110 ...
  [M4_wpv_4.00|seed=1] checkpoint seg=120 ...
  [M4_wpv_4.00|seed=1] checkpoint seg=130 ...
  [M4_wpv_4.00|seed=1] checkpoint seg=140 ...
  [M4_wpv_4.00|seed=1] checkpoint seg=150 ...
  [M4_wpv_4.00|seed=1] checkpoint seg=160 ...
  [M4_wpv_4.00|seed=1] checkpoint seg=170 ...
  [M4_wpv_4.00|seed=1] checkpoint seg=180 ...
  [M4_wpv_4.00|seed=1] checkpoint seg=190 ...
  [M4_wpv_4.00|seed=1] checkpoint seg=200 ...
  [M4_wpv_4.00|seed=1] checkpoint seg=210 ...
  [M4_wpv_4.00|seed=1] checkpoint seg=220 ...
  [M4_wpv_4.00|seed=1] checkpoint seg=230 ...
  [M4_wpv_4.00|seed=1] checkpoint seg=240 ...
  [M4_wpv_4.00|seed=1] checkpoint seg=250 ...
  [M4_wpv_4.00|seed=1] checkpoint seg=260 ...
  [M4_wpv_4.00|seed=1] checkpoint seg=270 ...
  [M4_wpv_4.00|seed=1] checkpoint seg=280 ...
  [M4_wpv_4.00|seed=1] checkpoint seg=290 ...
  [M4_wpv_4.00|seed=1] checkpoint seg=300 ...
  [M4_wpv_4.00|seed=1] done in 2422.1s  final_mean_osi=0.830
[M4_wpv_4.00] seed=42
  [M4_wpv_4.00|seed=42] checkpoint seg=0 ...
  [M4_wpv_4.00|seed=42] checkpoint seg=10 ...
  [M4_wpv_4.00|seed=42] checkpoint seg=20 ...
  [M4_wpv_4.00|seed=42] checkpoint seg=30 ...
  [M4_wpv_4.00|seed=42] checkpoint seg=40 ...
  [M4_wpv_4.00|seed=42] checkpoint seg=50 ...
  [M4_wpv_4.00|seed=42] checkpoint seg=60 ...
  [M4_wpv_4.00|seed=42] checkpoint seg=70 ...
  [M4_wpv_4.00|seed=42] checkpoint seg=80 ...
  [M4_wpv_4.00|seed=42] checkpoint seg=90 ...
  [M4_wpv_4.00|seed=42] checkpoint seg=100 ...
  [M4_wpv_4.00|seed=42] checkpoint seg=110 ...
  [M4_wpv_4.00|seed=42] checkpoint seg=120 ...
  [M4_wpv_4.00|seed=42] checkpoint seg=130 ...
  [M4_wpv_4.00|seed=42] checkpoint seg=140 ...
  [M4_wpv_4.00|seed=42] checkpoint seg=150 ...
  [M4_wpv_4.00|seed=42] checkpoint seg=160 ...
  [M4_wpv_4.00|seed=42] checkpoint seg=170 ...
  [M4_wpv_4.00|seed=42] checkpoint seg=180 ...
  [M4_wpv_4.00|seed=42] checkpoint seg=190 ...
  [M4_wpv_4.00|seed=42] checkpoint seg=200 ...
  [M4_wpv_4.00|seed=42] checkpoint seg=210 ...
  [M4_wpv_4.00|seed=42] checkpoint seg=220 ...
  [M4_wpv_4.00|seed=42] checkpoint seg=230 ...
  [M4_wpv_4.00|seed=42] checkpoint seg=240 ...
  [M4_wpv_4.00|seed=42] checkpoint seg=250 ...
  [M4_wpv_4.00|seed=42] checkpoint seg=260 ...
  [M4_wpv_4.00|seed=42] checkpoint seg=270 ...
  [M4_wpv_4.00|seed=42] checkpoint seg=280 ...
  [M4_wpv_4.00|seed=42] checkpoint seg=290 ...
  [M4_wpv_4.00|seed=42] checkpoint seg=300 ...
  [M4_wpv_4.00|seed=42] done in 1975.8s  final_mean_osi=0.806
[M4_wpv_4.00] seed=137
  [M4_wpv_4.00|seed=137] checkpoint seg=0 ...
  [M4_wpv_4.00|seed=137] checkpoint seg=10 ...
  [M4_wpv_4.00|seed=137] checkpoint seg=20 ...
  [M4_wpv_4.00|seed=137] checkpoint seg=30 ...
  [M4_wpv_4.00|seed=137] checkpoint seg=40 ...
  [M4_wpv_4.00|seed=137] checkpoint seg=50 ...
  [M4_wpv_4.00|seed=137] checkpoint seg=60 ...
  [M4_wpv_4.00|seed=137] checkpoint seg=70 ...
  [M4_wpv_4.00|seed=137] checkpoint seg=80 ...
  [M4_wpv_4.00|seed=137] checkpoint seg=90 ...
  [M4_wpv_4.00|seed=137] checkpoint seg=100 ...
  [M4_wpv_4.00|seed=137] checkpoint seg=110 ...
  [M4_wpv_4.00|seed=137] checkpoint seg=120 ...
  [M4_wpv_4.00|seed=137] checkpoint seg=130 ...
  [M4_wpv_4.00|seed=137] checkpoint seg=140 ...
  [M4_wpv_4.00|seed=137] checkpoint seg=150 ...
  [M4_wpv_4.00|seed=137] checkpoint seg=160 ...
  [M4_wpv_4.00|seed=137] checkpoint seg=170 ...
  [M4_wpv_4.00|seed=137] checkpoint seg=180 ...
  [M4_wpv_4.00|seed=137] checkpoint seg=190 ...
  [M4_wpv_4.00|seed=137] checkpoint seg=200 ...
  [M4_wpv_4.00|seed=137] checkpoint seg=210 ...
  [M4_wpv_4.00|seed=137] checkpoint seg=220 ...
  [M4_wpv_4.00|seed=137] checkpoint seg=230 ...
  [M4_wpv_4.00|seed=137] checkpoint seg=240 ...
  [M4_wpv_4.00|seed=137] checkpoint seg=250 ...
  [M4_wpv_4.00|seed=137] checkpoint seg=260 ...
  [M4_wpv_4.00|seed=137] checkpoint seg=270 ...
  [M4_wpv_4.00|seed=137] checkpoint seg=280 ...
  [M4_wpv_4.00|seed=137] checkpoint seg=290 ...
  [M4_wpv_4.00|seed=137] checkpoint seg=300 ...
  [M4_wpv_4.00|seed=137] done in 1877.0s  final_mean_osi=0.767
[M4_wpv_4.00] SUMMARY: mean_osi=0.801 +/- 0.015

============================================================
M4 SUMMARY
============================================================
  M4_pv_OFF                  OSI = 0.824 +/- 0.013
  M4_fixed_pv                OSI = 0.836 +/- 0.014
  M4_plastic_low             OSI = 0.831 +/- 0.008
  M4_wpv_0.00                OSI = 0.824 +/- 0.013
  M4_wpv_0.25                OSI = 0.851 +/- 0.010
  M4_wpv_0.50                OSI = 0.839 +/- 0.006
  M4_wpv_1.00                OSI = 0.836 +/- 0.014
  M4_wpv_2.00                OSI = 0.844 +/- 0.010
  M4_wpv_4.00                OSI = 0.801 +/- 0.015

Results saved to investigation_results/M4_pv_inhibition/
